RUN	20151106134757	basicexamplesimulation	basicexamplesimulation
SCENARIO	Main Registration Page	1	START	1446839278471
SCENARIO	Company List Page	31	START	1446839278471
SCENARIO	Find Participant or Team Page	21	START	1446839278471
SCENARIO	Join or Form a Team Page with TR Dropdown	51	START	1446839278471
SCENARIO	Search for Participant or Team Page	41	START	1446839278471
SCENARIO	Individual Registration Page 1	11	START	1446839278471
ACTION	Main Registration Page	1	Hit Main Registration Page	1446839279644	1446839279740	1446839279817	1446839279869	OK	 
SCENARIO	Main Registration Page	1	END	1446839279882
ACTION	Company List Page	31	Hit Company List Page	1446839279644	1446839279740	1446839280047	1446839280094	OK	 
SCENARIO	Company List Page	31	END	1446839280095
ACTION	Individual Registration Page 1	11	Hit Individual Registration Page 1	1446839279644	1446839280252	1446839280306	1446839280306	OK	 
ACTION	Find Participant or Team Page	21	Hit Find Participant or Team Page	1446839279644	1446839279813	1446839280302	1446839280366	OK	 
SCENARIO	Find Participant or Team Page	21	END	1446839280366
ACTION	Search for Participant or Team Page	41	Search for Participant or Team Page	1446839279655	1446839279814	1446839280307	1446839280409	OK	 
SCENARIO	Search for Participant or Team Page	41	END	1446839280409
SCENARIO	Search for Participant or Team Page	42	START	1446839281770
SCENARIO	Main Registration Page	2	START	1446839281770
SCENARIO	Individual Registration Page 1	12	START	1446839281770
SCENARIO	Join or Form a Team Page with TR Dropdown	52	START	1446839281770
SCENARIO	Find Participant or Team Page	22	START	1446839281770
SCENARIO	Company List Page	32	START	1446839281770
ACTION	Search for Participant or Team Page	42	Search for Participant or Team Page	1446839281778	1446839281821	1446839281979	1446839282032	OK	 
SCENARIO	Search for Participant or Team Page	42	END	1446839282033
ACTION	Find Participant or Team Page	22	Hit Find Participant or Team Page	1446839281774	1446839281818	1446839281986	1446839282038	OK	 
SCENARIO	Find Participant or Team Page	22	END	1446839282038
ACTION	Main Registration Page	2	Hit Main Registration Page	1446839281775	1446839281822	1446839281991	1446839282044	OK	 
SCENARIO	Main Registration Page	2	END	1446839282045
ACTION	Individual Registration Page 1	12	Hit Individual Registration Page 1	1446839281775	1446839282010	1446839282063	1446839282064	OK	 
ACTION	Company List Page	32	Hit Company List Page	1446839281775	1446839281818	1446839282265	1446839282311	OK	 
SCENARIO	Company List Page	32	END	1446839282313
SCENARIO	Main Registration Page	3	START	1446839285171
SCENARIO	Individual Registration Page 1	13	START	1446839285171
SCENARIO	Join or Form a Team Page with TR Dropdown	53	START	1446839285171
SCENARIO	Company List Page	33	START	1446839285171
SCENARIO	Search for Participant or Team Page	43	START	1446839285171
SCENARIO	Find Participant or Team Page	23	START	1446839285171
ACTION	Main Registration Page	3	Hit Main Registration Page	1446839285176	1446839285218	1446839285320	1446839285368	OK	 
SCENARIO	Main Registration Page	3	END	1446839285369
ACTION	Search for Participant or Team Page	43	Search for Participant or Team Page	1446839285178	1446839285223	1446839285410	1446839285463	OK	 
SCENARIO	Search for Participant or Team Page	43	END	1446839285464
ACTION	Individual Registration Page 1	13	Hit Individual Registration Page 1	1446839285175	1446839285420	1446839285476	1446839285476	OK	 
ACTION	Find Participant or Team Page	23	Hit Find Participant or Team Page	1446839285176	1446839285218	1446839285410	1446839285488	OK	 
SCENARIO	Find Participant or Team Page	23	END	1446839285489
ACTION	Company List Page	33	Hit Company List Page	1446839285174	1446839285218	1446839285938	1446839285984	OK	 
SCENARIO	Company List Page	33	END	1446839285985
ACTION	Individual Registration Page 1	11	Hit Individual Registration Page 1 Redirect 1	1446839280309	1446839280310	1446839286833	1446839286884	OK	 
SCENARIO	Individual Registration Page 1	11	END	1446839286885
ACTION	Join or Form a Team Page with TR Dropdown	51	Hit Join or Form a Team Page with TR Dropdown	1446839279644	1446839280556	1446839287239	1446839287463	OK	 
SCENARIO	Join or Form a Team Page with TR Dropdown	51	END	1446839287465
SCENARIO	Join or Form a Team Page with TR Dropdown	54	START	1446839288471
SCENARIO	Search for Participant or Team Page	44	START	1446839288471
SCENARIO	Company List Page	34	START	1446839288471
SCENARIO	Individual Registration Page 1	14	START	1446839288471
SCENARIO	Find Participant or Team Page	24	START	1446839288471
SCENARIO	Main Registration Page	4	START	1446839288471
ACTION	Join or Form a Team Page with TR Dropdown	52	Hit Join or Form a Team Page with TR Dropdown	1446839281775	1446839282011	1446839288453	1446839288617	OK	 
SCENARIO	Join or Form a Team Page with TR Dropdown	52	END	1446839288618
ACTION	Main Registration Page	4	Hit Main Registration Page	1446839288473	1446839288518	1446839288607	1446839288657	OK	 
SCENARIO	Main Registration Page	4	END	1446839288659
ACTION	Search for Participant or Team Page	44	Search for Participant or Team Page	1446839288475	1446839288519	1446839288611	1446839288665	OK	 
SCENARIO	Search for Participant or Team Page	44	END	1446839288666
ACTION	Find Participant or Team Page	24	Hit Find Participant or Team Page	1446839288473	1446839288616	1446839288723	1446839288782	OK	 
SCENARIO	Find Participant or Team Page	24	END	1446839288784
ACTION	Individual Registration Page 1	14	Hit Individual Registration Page 1	1446839288473	1446839288736	1446839288792	1446839288793	OK	 
ACTION	Individual Registration Page 1	12	Hit Individual Registration Page 1 Redirect 1	1446839282065	1446839282067	1446839288929	1446839288977	OK	 
SCENARIO	Individual Registration Page 1	12	END	1446839288979
ACTION	Company List Page	34	Hit Company List Page	1446839288473	1446839288617	1446839288940	1446839288989	OK	 
SCENARIO	Company List Page	34	END	1446839288991
SCENARIO	Main Registration Page	5	START	1446839291770
SCENARIO	Search for Participant or Team Page	45	START	1446839291770
SCENARIO	Find Participant or Team Page	25	START	1446839291770
SCENARIO	Join or Form a Team Page with TR Dropdown	55	START	1446839291770
SCENARIO	Company List Page	35	START	1446839291770
SCENARIO	Individual Registration Page 1	15	START	1446839291770
ACTION	Join or Form a Team Page with TR Dropdown	53	Hit Join or Form a Team Page with TR Dropdown	1446839285175	1446839285416	1446839291815	1446839291862	OK	 
SCENARIO	Join or Form a Team Page with TR Dropdown	53	END	1446839291864
ACTION	Find Participant or Team Page	25	Hit Find Participant or Team Page	1446839291771	1446839291814	1446839291902	1446839291954	OK	 
SCENARIO	Find Participant or Team Page	25	END	1446839291955
ACTION	Main Registration Page	5	Hit Main Registration Page	1446839291771	1446839291814	1446839291910	1446839291961	OK	 
SCENARIO	Main Registration Page	5	END	1446839291962
ACTION	Search for Participant or Team Page	45	Search for Participant or Team Page	1446839291773	1446839291816	1446839291913	1446839291967	OK	 
SCENARIO	Search for Participant or Team Page	45	END	1446839291967
ACTION	Individual Registration Page 1	15	Hit Individual Registration Page 1	1446839291771	1446839292011	1446839292063	1446839292063	OK	 
ACTION	Individual Registration Page 1	13	Hit Individual Registration Page 1 Redirect 1	1446839285477	1446839285478	1446839292057	1446839292104	OK	 
SCENARIO	Individual Registration Page 1	13	END	1446839292104
ACTION	Company List Page	35	Hit Company List Page	1446839291771	1446839291816	1446839292105	1446839292154	OK	 
SCENARIO	Company List Page	35	END	1446839292155
SCENARIO	Individual Registration Page 1	16	START	1446839295170
SCENARIO	Company List Page	36	START	1446839295170
SCENARIO	Join or Form a Team Page with TR Dropdown	56	START	1446839295170
SCENARIO	Find Participant or Team Page	26	START	1446839295170
SCENARIO	Search for Participant or Team Page	46	START	1446839295170
SCENARIO	Main Registration Page	6	START	1446839295170
ACTION	Individual Registration Page 1	14	Hit Individual Registration Page 1 Redirect 1	1446839288794	1446839288796	1446839295215	1446839295260	OK	 
SCENARIO	Individual Registration Page 1	14	END	1446839295261
ACTION	Join or Form a Team Page with TR Dropdown	54	Hit Join or Form a Team Page with TR Dropdown	1446839288474	1446839288827	1446839295299	1446839295348	OK	 
SCENARIO	Join or Form a Team Page with TR Dropdown	54	END	1446839295350
ACTION	Find Participant or Team Page	26	Hit Find Participant or Team Page	1446839295173	1446839295216	1446839295317	1446839295368	OK	 
SCENARIO	Find Participant or Team Page	26	END	1446839295369
ACTION	Search for Participant or Team Page	46	Search for Participant or Team Page	1446839295177	1446839295219	1446839295321	1446839295372	OK	 
SCENARIO	Search for Participant or Team Page	46	END	1446839295373
ACTION	Main Registration Page	6	Hit Main Registration Page	1446839295176	1446839295227	1446839295327	1446839295382	OK	 
SCENARIO	Main Registration Page	6	END	1446839295384
ACTION	Individual Registration Page 1	16	Hit Individual Registration Page 1	1446839295172	1446839295412	1446839295464	1446839295464	OK	 
ACTION	Company List Page	36	Hit Company List Page	1446839295172	1446839295216	1446839295476	1446839295524	OK	 
SCENARIO	Company List Page	36	END	1446839295525
ACTION	Join or Form a Team Page with TR Dropdown	55	Hit Join or Form a Team Page with TR Dropdown	1446839291771	1446839292010	1446839298300	1446839298347	OK	 
SCENARIO	Join or Form a Team Page with TR Dropdown	55	END	1446839298349
ACTION	Individual Registration Page 1	15	Hit Individual Registration Page 1 Redirect 1	1446839292063	1446839292064	1446839298382	1446839298431	OK	 
SCENARIO	Individual Registration Page 1	15	END	1446839298433
SCENARIO	Join or Form a Team Page with TR Dropdown	57	START	1446839298470
SCENARIO	Find Participant or Team Page	27	START	1446839298470
SCENARIO	Search for Participant or Team Page	47	START	1446839298471
SCENARIO	Company List Page	37	START	1446839298470
SCENARIO	Individual Registration Page 1	17	START	1446839298471
SCENARIO	Main Registration Page	7	START	1446839298471
ACTION	Find Participant or Team Page	27	Hit Find Participant or Team Page	1446839298473	1446839298521	1446839298605	1446839298658	OK	 
SCENARIO	Find Participant or Team Page	27	END	1446839298661
ACTION	Search for Participant or Team Page	47	Search for Participant or Team Page	1446839298474	1446839298516	1446839298609	1446839298661	OK	 
SCENARIO	Search for Participant or Team Page	47	END	1446839298662
ACTION	Main Registration Page	7	Hit Main Registration Page	1446839298473	1446839298515	1446839298612	1446839298662	OK	 
SCENARIO	Main Registration Page	7	END	1446839298663
ACTION	Individual Registration Page 1	17	Hit Individual Registration Page 1	1446839298474	1446839298711	1446839298763	1446839298763	OK	 
ACTION	Company List Page	37	Hit Company List Page	1446839298473	1446839298515	1446839298800	1446839298867	OK	 
SCENARIO	Company List Page	37	END	1446839298870
SCENARIO	Company List Page	38	START	1446839301770
SCENARIO	Search for Participant or Team Page	48	START	1446839301770
SCENARIO	Individual Registration Page 1	18	START	1446839301770
SCENARIO	Join or Form a Team Page with TR Dropdown	58	START	1446839301770
SCENARIO	Main Registration Page	8	START	1446839301770
SCENARIO	Find Participant or Team Page	28	START	1446839301770
ACTION	Individual Registration Page 1	16	Hit Individual Registration Page 1 Redirect 1	1446839295465	1446839295469	1446839301789	1446839301874	OK	 
SCENARIO	Individual Registration Page 1	16	END	1446839301875
ACTION	Main Registration Page	8	Hit Main Registration Page	1446839301773	1446839301816	1446839301918	1446839301967	OK	 
SCENARIO	Main Registration Page	8	END	1446839301967
ACTION	Find Participant or Team Page	28	Hit Find Participant or Team Page	1446839301772	1446839301816	1446839301913	1446839301969	OK	 
SCENARIO	Find Participant or Team Page	28	END	1446839301969
ACTION	Search for Participant or Team Page	48	Search for Participant or Team Page	1446839301776	1446839301820	1446839301913	1446839301974	OK	 
SCENARIO	Search for Participant or Team Page	48	END	1446839301974
ACTION	Individual Registration Page 1	18	Hit Individual Registration Page 1	1446839301772	1446839302010	1446839302063	1446839302063	OK	 
ACTION	Company List Page	38	Hit Company List Page	1446839301775	1446839301819	1446839302079	1446839302127	OK	 
SCENARIO	Company List Page	38	END	1446839302128
ACTION	Join or Form a Team Page with TR Dropdown	56	Hit Join or Form a Team Page with TR Dropdown	1446839295173	1446839295407	1446839302397	1446839302606	OK	 
SCENARIO	Join or Form a Team Page with TR Dropdown	56	END	1446839302608
ACTION	Join or Form a Team Page with TR Dropdown	57	Hit Join or Form a Team Page with TR Dropdown	1446839298473	1446839298705	1446839304988	1446839305037	OK	 
SCENARIO	Join or Form a Team Page with TR Dropdown	57	END	1446839305039
ACTION	Individual Registration Page 1	17	Hit Individual Registration Page 1 Redirect 1	1446839298765	1446839298768	1446839305038	1446839305086	OK	 
SCENARIO	Individual Registration Page 1	17	END	1446839305089
SCENARIO	Find Participant or Team Page	29	START	1446839305171
SCENARIO	Individual Registration Page 1	19	START	1446839305171
SCENARIO	Search for Participant or Team Page	49	START	1446839305171
SCENARIO	Main Registration Page	9	START	1446839305171
SCENARIO	Company List Page	39	START	1446839305171
SCENARIO	Join or Form a Team Page with TR Dropdown	59	START	1446839305171
ACTION	Find Participant or Team Page	29	Hit Find Participant or Team Page	1446839305173	1446839305219	1446839305301	1446839305358	OK	 
SCENARIO	Find Participant or Team Page	29	END	1446839305358
ACTION	Search for Participant or Team Page	49	Search for Participant or Team Page	1446839305177	1446839305238	1446839305331	1446839305387	OK	 
SCENARIO	Search for Participant or Team Page	49	END	1446839305388
ACTION	Individual Registration Page 1	19	Hit Individual Registration Page 1	1446839305174	1446839305405	1446839305455	1446839305455	OK	 
ACTION	Company List Page	39	Hit Company List Page	1446839305174	1446839305238	1446839305501	1446839305549	OK	 
SCENARIO	Company List Page	39	END	1446839305549
ACTION	Main Registration Page	9	Hit Main Registration Page	1446839305173	1446839305238	1446839305604	1446839305743	OK	 
SCENARIO	Main Registration Page	9	END	1446839305745
ACTION	Join or Form a Team Page with TR Dropdown	58	Hit Join or Form a Team Page with TR Dropdown	1446839301772	1446839302010	1446839308281	1446839308328	OK	 
SCENARIO	Join or Form a Team Page with TR Dropdown	58	END	1446839308330
ACTION	Individual Registration Page 1	18	Hit Individual Registration Page 1 Redirect 1	1446839302063	1446839302064	1446839308299	1446839308345	OK	 
SCENARIO	Individual Registration Page 1	18	END	1446839308346
SCENARIO	Find Participant or Team Page	30	START	1446839308471
SCENARIO	Search for Participant or Team Page	50	START	1446839308471
SCENARIO	Individual Registration Page 1	20	START	1446839308471
SCENARIO	Company List Page	40	START	1446839308470
SCENARIO	Main Registration Page	10	START	1446839308471
SCENARIO	Join or Form a Team Page with TR Dropdown	60	START	1446839308471
ACTION	Main Registration Page	10	Hit Main Registration Page	1446839308473	1446839308516	1446839308602	1446839308652	OK	 
SCENARIO	Main Registration Page	10	END	1446839308653
ACTION	Find Participant or Team Page	30	Hit Find Participant or Team Page	1446839308473	1446839308516	1446839308599	1446839308656	OK	 
SCENARIO	Find Participant or Team Page	30	END	1446839308656
ACTION	Search for Participant or Team Page	50	Search for Participant or Team Page	1446839308477	1446839308525	1446839308621	1446839308672	OK	 
SCENARIO	Search for Participant or Team Page	50	END	1446839308673
ACTION	Company List Page	40	Hit Company List Page	1446839308473	1446839308516	1446839308770	1446839308820	OK	 
SCENARIO	Company List Page	40	END	1446839308821
ACTION	Individual Registration Page 1	20	Hit Individual Registration Page 1	1446839308473	1446839308864	1446839308916	1446839308916	OK	 
ACTION	Join or Form a Team Page with TR Dropdown	59	Hit Join or Form a Team Page with TR Dropdown	1446839305174	1446839305559	1446839311830	1446839311919	OK	 
SCENARIO	Join or Form a Team Page with TR Dropdown	59	END	1446839311921
ACTION	Individual Registration Page 1	19	Hit Individual Registration Page 1 Redirect 1	1446839305455	1446839305456	1446839311916	1446839312018	OK	 
SCENARIO	Individual Registration Page 1	19	END	1446839312020
ACTION	Individual Registration Page 1	20	Hit Individual Registration Page 1 Redirect 1	1446839308917	1446839308917	1446839314988	1446839315081	OK	 
SCENARIO	Individual Registration Page 1	20	END	1446839315083
ACTION	Join or Form a Team Page with TR Dropdown	60	Hit Join or Form a Team Page with TR Dropdown	1446839308473	1446839308703	1446839314988	1446839315125	OK	 
SCENARIO	Join or Form a Team Page with TR Dropdown	60	END	1446839315127
