RUN	20151106154311	basicexamplesimulation	basicexamplesimulation
SCENARIO	Join or Form a Team Page with TR Dropdown	51	START	1446846192229
SCENARIO	Individual Registration Page 1	11	START	1446846192229
SCENARIO	Main Registration Page	1	START	1446846192229
SCENARIO	Company List Page	31	START	1446846192229
SCENARIO	Find Participant or Team Page	21	START	1446846192229
SCENARIO	Search for Participant or Team Page	41	START	1446846192229
ACTION	Individual Registration Page 1	11	Hit Individual Registration Page 1	1446846192260	1446846192633	1446846192790	1446846192793	OK	 
ACTION	Find Participant or Team Page	21	Hit Find Participant or Team Page	1446846192260	1446846192322	1446846192849	1446846192892	OK	 
ACTION	Join or Form a Team Page with TR Dropdown	51	Hit Join or Form a Team Page with TR Dropdown	1446846192260	1446846192633	1446846192853	1446846192902	OK	 
ACTION	Search for Participant or Team Page	41	Search for Participant or Team Page	1446846192266	1446846192322	1446846192959	1446846193002	OK	 
ACTION	Find Participant or Team Page	21	Hit Find Participant or Team Page	1446846192899	1446846192900	1446846192989	1446846193033	OK	 
ACTION	Join or Form a Team Page with TR Dropdown	51	Hit Join or Form a Team Page with TR Dropdown	1446846192903	1446846192904	1446846192994	1446846193037	OK	 
ACTION	Individual Registration Page 1	11	Hit Individual Registration Page 1 Redirect 1	1446846192807	1446846192808	1446846192995	1446846193038	OK	 
ACTION	Main Registration Page	1	Hit Main Registration Page	1446846192260	1446846192322	1446846192996	1446846193040	OK	 
ACTION	Company List Page	31	Hit Company List Page	1446846192260	1446846192322	1446846193039	1446846193083	OK	 
ACTION	Search for Participant or Team Page	41	Search for Participant or Team Page	1446846193004	1446846193005	1446846193100	1446846193144	OK	 
ACTION	Main Registration Page	1	Hit Main Registration Page	1446846193041	1446846193041	1446846193153	1446846193154	OK	 
ACTION	Individual Registration Page 1	11	Hit Individual Registration Page 1	1446846193039	1446846193040	1446846193124	1446846193170	OK	 
ACTION	Join or Form a Team Page with TR Dropdown	51	Hit Join or Form a Team Page with TR Dropdown	1446846193038	1446846193038	1446846193125	1446846193170	OK	 
ACTION	Find Participant or Team Page	21	Hit Find Participant or Team Page	1446846193034	1446846193034	1446846193131	1446846193177	OK	 
ACTION	Join or Form a Team Page with TR Dropdown	51	Hit Join or Form a Team Page with TR Dropdown	1446846193171	1446846193172	1446846193251	1446846193255	OK	 
ACTION	Find Participant or Team Page	21	Hit Find Participant or Team Page	1446846193178	1446846193178	1446846193260	1446846193262	OK	 
ACTION	Individual Registration Page 1	11	Hit Individual Registration Page 1	1446846193171	1446846193171	1446846193245	1446846193289	OK	 
ACTION	Search for Participant or Team Page	41	Search for Participant or Team Page	1446846193146	1446846193146	1446846193255	1446846193298	OK	 
ACTION	Join or Form a Team Page with TR Dropdown	51	Hit Join or Form a Team Page with TR Dropdown	1446846193256	1446846193257	1446846193323	1446846193329	OK	 
ACTION	Find Participant or Team Page	21	Hit Find Participant or Team Page	1446846193263	1446846193263	1446846193349	1446846193351	OK	 
ACTION	Search for Participant or Team Page	41	Search for Participant or Team Page	1446846193301	1446846193303	1446846193386	1446846193388	OK	 
ACTION	Individual Registration Page 1	11	Hit Individual Registration Page 1	1446846193290	1446846193291	1446846193360	1446846193404	OK	 
ACTION	Company List Page	31	Hit Company List Page	1446846193084	1446846193084	1446846193361	1446846193405	OK	 
ACTION	Join or Form a Team Page with TR Dropdown	51	Hit Join or Form a Team Page with TR Dropdown	1446846193333	1446846193335	1446846193401	1446846193406	OK	 
ACTION	Find Participant or Team Page	21	Hit Find Participant or Team Page	1446846193352	1446846193353	1446846193429	1446846193430	OK	 
ACTION	Individual Registration Page 1	11	Hit Individual Registration Page 1	1446846193405	1446846193405	1446846193472	1446846193477	OK	 
ACTION	Join or Form a Team Page with TR Dropdown	51	Hit Join or Form a Team Page with TR Dropdown	1446846193406	1446846193407	1446846193478	1446846193481	OK	 
ACTION	Search for Participant or Team Page	41	Search for Participant or Team Page	1446846193389	1446846193390	1446846193487	1446846193489	OK	 
ACTION	Find Participant or Team Page	21	Hit Find Participant or Team Page	1446846193431	1446846193432	1446846193510	1446846193512	OK	 
ACTION	Main Registration Page	1	Hit Main Registration Page	1446846193155	1446846193155	1446846193487	1446846193531	OK	 
ACTION	Join or Form a Team Page with TR Dropdown	51	Hit Join or Form a Team Page with TR Dropdown	1446846193482	1446846193483	1446846193551	1446846193558	OK	 
ACTION	Search for Participant or Team Page	41	Search for Participant or Team Page	1446846193491	1446846193492	1446846193578	1446846193579	OK	 
ACTION	Individual Registration Page 1	11	Hit Individual Registration Page 1	1446846193478	1446846193479	1446846193537	1446846193580	OK	 
ACTION	Find Participant or Team Page	21	Hit Find Participant or Team Page	1446846193513	1446846193514	1446846193596	1446846193598	OK	 
ACTION	Main Registration Page	1	Hit Main Registration Page	1446846193534	1446846193536	1446846193625	1446846193627	OK	 
ACTION	Join or Form a Team Page with TR Dropdown	51	Hit Join or Form a Team Page with TR Dropdown	1446846193560	1446846193561	1446846193626	1446846193630	OK	 
ACTION	Search for Participant or Team Page	41	Search for Participant or Team Page	1446846193585	1446846193585	1446846193679	1446846193681	OK	 
ACTION	Find Participant or Team Page	21	Hit Find Participant or Team Page	1446846193599	1446846193599	1446846193684	1446846193685	OK	 
ACTION	Join or Form a Team Page with TR Dropdown	51	Hit Join or Form a Team Page with TR Dropdown	1446846193631	1446846193632	1446846193695	1446846193699	OK	 
SCENARIO	Join or Form a Team Page with TR Dropdown	51	END	1446846193700
ACTION	Main Registration Page	1	Hit Main Registration Page	1446846193628	1446846193628	1446846193711	1446846193712	OK	 
ACTION	Company List Page	31	Hit Company List Page	1446846193406	1446846193406	1446846193677	1446846193720	OK	 
ACTION	Find Participant or Team Page	21	Hit Find Participant or Team Page	1446846193688	1446846193689	1446846193768	1446846193769	OK	 
SCENARIO	Find Participant or Team Page	21	END	1446846193770
ACTION	Search for Participant or Team Page	41	Search for Participant or Team Page	1446846193688	1446846193689	1446846193773	1446846193774	OK	 
ACTION	Main Registration Page	1	Hit Main Registration Page	1446846193713	1446846193714	1446846193790	1446846193791	OK	 
ACTION	Search for Participant or Team Page	41	Search for Participant or Team Page	1446846193778	1446846193779	1446846193864	1446846193866	OK	 
ACTION	Main Registration Page	1	Hit Main Registration Page	1446846193792	1446846193793	1446846193870	1446846193872	OK	 
ACTION	Search for Participant or Team Page	41	Search for Participant or Team Page	1446846193868	1446846193868	1446846193959	1446846193961	OK	 
SCENARIO	Search for Participant or Team Page	41	END	1446846193963
ACTION	Main Registration Page	1	Hit Main Registration Page	1446846193873	1446846193873	1446846193961	1446846193962	OK	 
ACTION	Company List Page	31	Hit Company List Page	1446846193721	1446846193721	1446846193994	1446846194036	OK	 
ACTION	Main Registration Page	1	Hit Main Registration Page	1446846193965	1446846193965	1446846194041	1446846194043	OK	 
ACTION	Individual Registration Page 1	11	Hit Individual Registration Page 1	1446846193584	1446846193585	1446846193889	1446846194102	OK	 
ACTION	Main Registration Page	1	Hit Main Registration Page	1446846194045	1446846194046	1446846194120	1446846194121	OK	 
SCENARIO	Main Registration Page	1	END	1446846194122
ACTION	Individual Registration Page 1	11	Hit Individual Registration Page 1	1446846194104	1446846194105	1446846194161	1446846194285	OK	 
ACTION	Company List Page	31	Hit Company List Page	1446846194039	1446846194040	1446846194298	1446846194341	OK	 
ACTION	Company List Page	31	Hit Company List Page	1446846194343	1446846194344	1446846194601	1446846194643	OK	 
ACTION	Individual Registration Page 1	11	Hit Individual Registration Page 1	1446846194288	1446846194289	1446846194347	1446846194811	OK	 
ACTION	Company List Page	31	Hit Company List Page	1446846194646	1446846194647	1446846194900	1446846194942	OK	 
ACTION	Individual Registration Page 1	11	Hit Individual Registration Page 1	1446846194814	1446846194816	1446846194874	1446846194998	OK	 
SCENARIO	Individual Registration Page 1	11	END	1446846195000
ACTION	Company List Page	31	Hit Company List Page	1446846194945	1446846194946	1446846195201	1446846195243	OK	 
SCENARIO	Company List Page	32	START	1446846195526
SCENARIO	Main Registration Page	2	START	1446846195526
SCENARIO	Find Participant or Team Page	22	START	1446846195526
SCENARIO	Search for Participant or Team Page	42	START	1446846195526
SCENARIO	Join or Form a Team Page with TR Dropdown	52	START	1446846195526
SCENARIO	Individual Registration Page 1	12	START	1446846195526
ACTION	Company List Page	31	Hit Company List Page	1446846195247	1446846195248	1446846195504	1446846195545	OK	 
ACTION	Find Participant or Team Page	22	Hit Find Participant or Team Page	1446846195528	1446846195572	1446846195664	1446846195708	OK	 
ACTION	Main Registration Page	2	Hit Main Registration Page	1446846195529	1446846195572	1446846195673	1446846195716	OK	 
ACTION	Search for Participant or Team Page	42	Search for Participant or Team Page	1446846195535	1446846195581	1446846195677	1446846195722	OK	 
ACTION	Main Registration Page	2	Hit Main Registration Page	1446846195717	1446846195718	1446846195799	1446846195800	OK	 
ACTION	Find Participant or Team Page	22	Hit Find Participant or Team Page	1446846195709	1446846195710	1446846195789	1446846195830	OK	 
ACTION	Individual Registration Page 1	12	Hit Individual Registration Page 1	1446846195528	1446846195778	1446846195836	1446846195837	OK	 
ACTION	Search for Participant or Team Page	42	Search for Participant or Team Page	1446846195723	1446846195724	1446846195812	1446846195853	OK	 
ACTION	Company List Page	31	Hit Company List Page	1446846195546	1446846195547	1446846195833	1446846195876	OK	 
SCENARIO	Company List Page	31	END	1446846195877
ACTION	Company List Page	32	Hit Company List Page	1446846195528	1446846195572	1446846195847	1446846195888	OK	 
ACTION	Main Registration Page	2	Hit Main Registration Page	1446846195801	1446846195802	1446846195891	1446846195892	OK	 
ACTION	Find Participant or Team Page	22	Hit Find Participant or Team Page	1446846195831	1446846195831	1446846195908	1446846195950	OK	 
ACTION	Main Registration Page	2	Hit Main Registration Page	1446846195893	1446846195894	1446846195969	1446846195971	OK	 
ACTION	Search for Participant or Team Page	42	Search for Participant or Team Page	1446846195855	1446846195855	1446846195946	1446846195988	OK	 
ACTION	Join or Form a Team Page with TR Dropdown	52	Hit Join or Form a Team Page with TR Dropdown	1446846195529	1446846195791	1446846195948	1446846195993	OK	 
ACTION	Find Participant or Team Page	22	Hit Find Participant or Team Page	1446846195951	1446846195951	1446846196028	1446846196029	OK	 
ACTION	Main Registration Page	2	Hit Main Registration Page	1446846195972	1446846195972	1446846196061	1446846196062	OK	 
ACTION	Search for Participant or Team Page	42	Search for Participant or Team Page	1446846195990	1446846195990	1446846196080	1446846196082	OK	 
ACTION	Find Participant or Team Page	22	Hit Find Participant or Team Page	1446846196030	1446846196031	1446846196106	1446846196107	OK	 
ACTION	Join or Form a Team Page with TR Dropdown	52	Hit Join or Form a Team Page with TR Dropdown	1446846195994	1446846195995	1446846196067	1446846196113	OK	 
ACTION	Individual Registration Page 1	12	Hit Individual Registration Page 1 Redirect 1	1446846195837	1446846195838	1446846196072	1446846196117	OK	 
ACTION	Main Registration Page	2	Hit Main Registration Page	1446846196063	1446846196063	1446846196141	1446846196142	OK	 
ACTION	Search for Participant or Team Page	42	Search for Participant or Team Page	1446846196084	1446846196084	1446846196179	1446846196180	OK	 
ACTION	Find Participant or Team Page	22	Hit Find Participant or Team Page	1446846196108	1446846196109	1446846196190	1446846196191	OK	 
ACTION	Company List Page	32	Hit Company List Page	1446846195890	1446846195890	1446846196159	1446846196203	OK	 
ACTION	Main Registration Page	2	Hit Main Registration Page	1446846196144	1446846196144	1446846196223	1446846196224	OK	 
ACTION	Individual Registration Page 1	12	Hit Individual Registration Page 1	1446846196119	1446846196119	1446846196182	1446846196227	OK	 
ACTION	Join or Form a Team Page with TR Dropdown	52	Hit Join or Form a Team Page with TR Dropdown	1446846196116	1446846196117	1446846196185	1446846196232	OK	 
ACTION	Find Participant or Team Page	22	Hit Find Participant or Team Page	1446846196192	1446846196193	1446846196266	1446846196267	OK	 
ACTION	Search for Participant or Team Page	42	Search for Participant or Team Page	1446846196184	1446846196185	1446846196269	1446846196271	OK	 
ACTION	Join or Form a Team Page with TR Dropdown	52	Hit Join or Form a Team Page with TR Dropdown	1446846196235	1446846196237	1446846196302	1446846196305	OK	 
ACTION	Main Registration Page	2	Hit Main Registration Page	1446846196226	1446846196227	1446846196305	1446846196307	OK	 
ACTION	Individual Registration Page 1	12	Hit Individual Registration Page 1	1446846196230	1446846196231	1446846196288	1446846196334	OK	 
ACTION	Find Participant or Team Page	22	Hit Find Participant or Team Page	1446846196269	1446846196269	1446846196349	1446846196351	OK	 
ACTION	Search for Participant or Team Page	42	Search for Participant or Team Page	1446846196274	1446846196274	1446846196371	1446846196372	OK	 
ACTION	Join or Form a Team Page with TR Dropdown	52	Hit Join or Form a Team Page with TR Dropdown	1446846196307	1446846196307	1446846196378	1446846196381	OK	 
ACTION	Main Registration Page	2	Hit Main Registration Page	1446846196308	1446846196308	1446846196389	1446846196391	OK	 
ACTION	Find Participant or Team Page	22	Hit Find Participant or Team Page	1446846196352	1446846196352	1446846196438	1446846196440	OK	 
ACTION	Individual Registration Page 1	12	Hit Individual Registration Page 1	1446846196335	1446846196335	1446846196397	1446846196444	OK	 
ACTION	Join or Form a Team Page with TR Dropdown	52	Hit Join or Form a Team Page with TR Dropdown	1446846196383	1446846196383	1446846196457	1446846196462	OK	 
ACTION	Search for Participant or Team Page	42	Search for Participant or Team Page	1446846196375	1446846196375	1446846196477	1446846196479	OK	 
ACTION	Main Registration Page	2	Hit Main Registration Page	1446846196392	1446846196393	1446846196479	1446846196480	OK	 
SCENARIO	Main Registration Page	2	END	1446846196481
ACTION	Individual Registration Page 1	12	Hit Individual Registration Page 1	1446846196446	1446846196447	1446846196509	1446846196512	OK	 
ACTION	Find Participant or Team Page	22	Hit Find Participant or Team Page	1446846196443	1446846196444	1446846196518	1446846196520	OK	 
SCENARIO	Find Participant or Team Page	22	END	1446846196520
ACTION	Join or Form a Team Page with TR Dropdown	52	Hit Join or Form a Team Page with TR Dropdown	1446846196464	1446846196465	1446846196528	1446846196533	OK	 
ACTION	Company List Page	32	Hit Company List Page	1446846196205	1446846196205	1446846196490	1446846196539	OK	 
ACTION	Individual Registration Page 1	12	Hit Individual Registration Page 1	1446846196513	1446846196514	1446846196573	1446846196577	OK	 
ACTION	Search for Participant or Team Page	42	Search for Participant or Team Page	1446846196486	1446846196487	1446846196588	1446846196589	OK	 
ACTION	Individual Registration Page 1	12	Hit Individual Registration Page 1	1446846196580	1446846196581	1446846196637	1446846196641	OK	 
ACTION	Search for Participant or Team Page	42	Search for Participant or Team Page	1446846196593	1446846196593	1446846196682	1446846196683	OK	 
SCENARIO	Search for Participant or Team Page	42	END	1446846196684
ACTION	Individual Registration Page 1	12	Hit Individual Registration Page 1	1446846196644	1446846196645	1446846196698	1446846196702	OK	 
ACTION	Join or Form a Team Page with TR Dropdown	52	Hit Join or Form a Team Page with TR Dropdown	1446846196536	1446846196537	1446846196640	1446846196730	OK	 
ACTION	Individual Registration Page 1	12	Hit Individual Registration Page 1	1446846196705	1446846196706	1446846196761	1446846196764	OK	 
ACTION	Individual Registration Page 1	12	Hit Individual Registration Page 1	1446846196766	1446846196767	1446846196827	1446846196831	OK	 
SCENARIO	Individual Registration Page 1	12	END	1446846196832
ACTION	Company List Page	32	Hit Company List Page	1446846196542	1446846196543	1446846196821	1446846196865	OK	 
ACTION	Join or Form a Team Page with TR Dropdown	52	Hit Join or Form a Team Page with TR Dropdown	1446846196733	1446846196734	1446846196795	1446846196887	OK	 
ACTION	Join or Form a Team Page with TR Dropdown	52	Hit Join or Form a Team Page with TR Dropdown	1446846196890	1446846196891	1446846196956	1446846197004	OK	 
SCENARIO	Join or Form a Team Page with TR Dropdown	52	END	1446846197006
ACTION	Company List Page	32	Hit Company List Page	1446846196867	1446846196867	1446846197132	1446846197174	OK	 
ACTION	Company List Page	32	Hit Company List Page	1446846197177	1446846197178	1446846197436	1446846197478	OK	 
ACTION	Company List Page	32	Hit Company List Page	1446846197481	1446846197482	1446846197740	1446846198065	OK	 
ACTION	Company List Page	32	Hit Company List Page	1446846198068	1446846198069	1446846198325	1446846198369	OK	 
ACTION	Company List Page	32	Hit Company List Page	1446846198372	1446846198373	1446846198634	1446846198675	OK	 
SCENARIO	Search for Participant or Team Page	43	START	1446846198826
SCENARIO	Join or Form a Team Page with TR Dropdown	53	START	1446846198826
SCENARIO	Main Registration Page	3	START	1446846198826
SCENARIO	Individual Registration Page 1	13	START	1446846198826
SCENARIO	Find Participant or Team Page	23	START	1446846198826
SCENARIO	Company List Page	33	START	1446846198826
ACTION	Company List Page	32	Hit Company List Page	1446846198676	1446846198677	1446846198936	1446846198978	OK	 
SCENARIO	Company List Page	32	END	1446846198978
ACTION	Main Registration Page	3	Hit Main Registration Page	1446846198827	1446846198880	1446846198976	1446846199018	OK	 
ACTION	Find Participant or Team Page	23	Hit Find Participant or Team Page	1446846198827	1446846198880	1446846198976	1446846199020	OK	 
ACTION	Search for Participant or Team Page	43	Search for Participant or Team Page	1446846198829	1446846198881	1446846198982	1446846199027	OK	 
ACTION	Main Registration Page	3	Hit Main Registration Page	1446846199019	1446846199020	1446846199103	1446846199104	OK	 
ACTION	Individual Registration Page 1	13	Hit Individual Registration Page 1	1446846198827	1446846199064	1446846199118	1446846199118	OK	 
ACTION	Find Participant or Team Page	23	Hit Find Participant or Team Page	1446846199022	1446846199022	1446846199105	1446846199149	OK	 
ACTION	Search for Participant or Team Page	43	Search for Participant or Team Page	1446846199032	1446846199033	1446846199121	1446846199164	OK	 
ACTION	Company List Page	33	Hit Company List Page	1446846198827	1446846198880	1446846199150	1446846199194	OK	 
ACTION	Join or Form a Team Page with TR Dropdown	53	Hit Join or Form a Team Page with TR Dropdown	1446846198827	1446846199063	1446846199225	1446846199272	OK	 
ACTION	Find Participant or Team Page	23	Hit Find Participant or Team Page	1446846199152	1446846199153	1446846199236	1446846199279	OK	 
ACTION	Search for Participant or Team Page	43	Search for Participant or Team Page	1446846199171	1446846199172	1446846199265	1446846199306	OK	 
ACTION	Individual Registration Page 1	13	Hit Individual Registration Page 1 Redirect 1	1446846199119	1446846199120	1446846199279	1446846199325	OK	 
ACTION	Find Participant or Team Page	23	Hit Find Participant or Team Page	1446846199280	1446846199280	1446846199358	1446846199360	OK	 
ACTION	Join or Form a Team Page with TR Dropdown	53	Hit Join or Form a Team Page with TR Dropdown	1446846199274	1446846199275	1446846199340	1446846199385	OK	 
ACTION	Search for Participant or Team Page	43	Search for Participant or Team Page	1446846199312	1446846199313	1446846199398	1446846199400	OK	 
ACTION	Individual Registration Page 1	13	Hit Individual Registration Page 1	1446846199327	1446846199328	1446846199392	1446846199436	OK	 
ACTION	Find Participant or Team Page	23	Hit Find Participant or Team Page	1446846199362	1446846199363	1446846199446	1446846199447	OK	 
ACTION	Search for Participant or Team Page	43	Search for Participant or Team Page	1446846199403	1446846199404	1446846199488	1446846199490	OK	 
ACTION	Company List Page	33	Hit Company List Page	1446846199198	1446846199198	1446846199461	1446846199502	OK	 
ACTION	Join or Form a Team Page with TR Dropdown	53	Hit Join or Form a Team Page with TR Dropdown	1446846199388	1446846199389	1446846199460	1446846199504	OK	 
ACTION	Find Participant or Team Page	23	Hit Find Participant or Team Page	1446846199449	1446846199450	1446846199527	1446846199529	OK	 
ACTION	Join or Form a Team Page with TR Dropdown	53	Hit Join or Form a Team Page with TR Dropdown	1446846199505	1446846199505	1446846199564	1446846199568	OK	 
ACTION	Search for Participant or Team Page	43	Search for Participant or Team Page	1446846199496	1446846199497	1446846199580	1446846199582	OK	 
ACTION	Main Registration Page	3	Hit Main Registration Page	1446846199106	1446846199106	1446846199427	1446846199592	OK	 
ACTION	Find Participant or Team Page	23	Hit Find Participant or Team Page	1446846199530	1446846199530	1446846199605	1446846199606	OK	 
ACTION	Join or Form a Team Page with TR Dropdown	53	Hit Join or Form a Team Page with TR Dropdown	1446846199571	1446846199572	1446846199630	1446846199634	OK	 
ACTION	Search for Participant or Team Page	43	Search for Participant or Team Page	1446846199587	1446846199588	1446846199680	1446846199681	OK	 
ACTION	Find Participant or Team Page	23	Hit Find Participant or Team Page	1446846199608	1446846199609	1446846199684	1446846199685	OK	 
ACTION	Join or Form a Team Page with TR Dropdown	53	Hit Join or Form a Team Page with TR Dropdown	1446846199636	1446846199636	1446846199699	1446846199703	OK	 
ACTION	Main Registration Page	3	Hit Main Registration Page	1446846199594	1446846199595	1446846199671	1446846199754	OK	 
ACTION	Find Participant or Team Page	23	Hit Find Participant or Team Page	1446846199687	1446846199688	1446846199771	1446846199772	OK	 
ACTION	Join or Form a Team Page with TR Dropdown	53	Hit Join or Form a Team Page with TR Dropdown	1446846199705	1446846199706	1446846199775	1446846199778	OK	 
ACTION	Search for Participant or Team Page	43	Search for Participant or Team Page	1446846199686	1446846199686	1446846199781	1446846199783	OK	 
ACTION	Company List Page	33	Hit Company List Page	1446846199503	1446846199504	1446846199769	1446846199810	OK	 
ACTION	Join or Form a Team Page with TR Dropdown	53	Hit Join or Form a Team Page with TR Dropdown	1446846199779	1446846199779	1446846199843	1446846199848	OK	 
ACTION	Find Participant or Team Page	23	Hit Find Participant or Team Page	1446846199775	1446846199775	1446846199865	1446846199866	OK	 
SCENARIO	Find Participant or Team Page	23	END	1446846199867
ACTION	Individual Registration Page 1	13	Hit Individual Registration Page 1	1446846199440	1446846199441	1446846199500	1446846199871	OK	 
ACTION	Search for Participant or Team Page	43	Search for Participant or Team Page	1446846199785	1446846199785	1446846199871	1446846199873	OK	 
ACTION	Main Registration Page	3	Hit Main Registration Page	1446846199757	1446846199757	1446846199838	1446846199880	OK	 
ACTION	Join or Form a Team Page with TR Dropdown	53	Hit Join or Form a Team Page with TR Dropdown	1446846199849	1446846199849	1446846199914	1446846199917	OK	 
ACTION	Search for Participant or Team Page	43	Search for Participant or Team Page	1446846199877	1446846199877	1446846199974	1446846199976	OK	 
SCENARIO	Search for Participant or Team Page	43	END	1446846199977
ACTION	Join or Form a Team Page with TR Dropdown	53	Hit Join or Form a Team Page with TR Dropdown	1446846199920	1446846199920	1446846199990	1446846199993	OK	 
SCENARIO	Join or Form a Team Page with TR Dropdown	53	END	1446846199995
ACTION	Main Registration Page	3	Hit Main Registration Page	1446846199881	1446846199882	1446846199960	1446846200001	OK	 
ACTION	Individual Registration Page 1	13	Hit Individual Registration Page 1	1446846199871	1446846199872	1446846199935	1446846200058	OK	 
ACTION	Company List Page	33	Hit Company List Page	1446846199812	1446846199813	1446846200082	1446846200124	OK	 
ACTION	Main Registration Page	3	Hit Main Registration Page	1446846200003	1446846200004	1446846200091	1446846200133	OK	 
ACTION	Individual Registration Page 1	13	Hit Individual Registration Page 1	1446846200060	1446846200061	1446846200118	1446846200165	OK	 
ACTION	Main Registration Page	3	Hit Main Registration Page	1446846200135	1446846200136	1446846200213	1446846200254	OK	 
ACTION	Individual Registration Page 1	13	Hit Individual Registration Page 1	1446846200167	1446846200168	1446846200223	1446846200268	OK	 
ACTION	Individual Registration Page 1	13	Hit Individual Registration Page 1	1446846200270	1446846200271	1446846200331	1446846200377	OK	 
ACTION	Main Registration Page	3	Hit Main Registration Page	1446846200256	1446846200257	1446846200336	1446846200380	OK	 
ACTION	Company List Page	33	Hit Company List Page	1446846200126	1446846200127	1446846200385	1446846200428	OK	 
ACTION	Main Registration Page	3	Hit Main Registration Page	1446846200383	1446846200383	1446846200457	1446846200458	OK	 
SCENARIO	Main Registration Page	3	END	1446846200460
ACTION	Individual Registration Page 1	13	Hit Individual Registration Page 1	1446846200381	1446846200382	1446846200438	1446846200483	OK	 
ACTION	Individual Registration Page 1	13	Hit Individual Registration Page 1	1446846200486	1446846200487	1446846200542	1446846200587	OK	 
ACTION	Individual Registration Page 1	13	Hit Individual Registration Page 1	1446846200590	1446846200591	1446846200646	1446846200694	OK	 
SCENARIO	Individual Registration Page 1	13	END	1446846200695
ACTION	Company List Page	33	Hit Company List Page	1446846200430	1446846200431	1446846200692	1446846200739	OK	 
ACTION	Company List Page	33	Hit Company List Page	1446846200742	1446846200742	1446846201002	1446846201044	OK	 
ACTION	Company List Page	33	Hit Company List Page	1446846201047	1446846201048	1446846201299	1446846201341	OK	 
ACTION	Company List Page	33	Hit Company List Page	1446846201344	1446846201345	1446846201603	1446846201644	OK	 
ACTION	Company List Page	33	Hit Company List Page	1446846201645	1446846201646	1446846201898	1446846201940	OK	 
SCENARIO	Company List Page	33	END	1446846201941
SCENARIO	Join or Form a Team Page with TR Dropdown	54	START	1446846202226
SCENARIO	Company List Page	34	START	1446846202226
SCENARIO	Search for Participant or Team Page	44	START	1446846202226
SCENARIO	Find Participant or Team Page	24	START	1446846202226
SCENARIO	Main Registration Page	4	START	1446846202226
SCENARIO	Individual Registration Page 1	14	START	1446846202226
ACTION	Find Participant or Team Page	24	Hit Find Participant or Team Page	1446846202228	1446846202281	1446846202369	1446846202411	OK	 
ACTION	Main Registration Page	4	Hit Main Registration Page	1446846202229	1446846202272	1446846202369	1446846202412	OK	 
ACTION	Search for Participant or Team Page	44	Search for Participant or Team Page	1446846202233	1446846202275	1446846202373	1446846202415	OK	 
ACTION	Main Registration Page	4	Hit Main Registration Page	1446846202413	1446846202413	1446846202498	1446846202499	OK	 
ACTION	Individual Registration Page 1	14	Hit Individual Registration Page 1	1446846202229	1446846202459	1446846202512	1446846202513	OK	 
ACTION	Find Participant or Team Page	24	Hit Find Participant or Team Page	1446846202412	1446846202413	1446846202501	1446846202543	OK	 
ACTION	Search for Participant or Team Page	44	Search for Participant or Team Page	1446846202417	1446846202417	1446846202503	1446846202545	OK	 
ACTION	Company List Page	34	Hit Company List Page	1446846202229	1446846202272	1446846202534	1446846202575	OK	 
ACTION	Main Registration Page	4	Hit Main Registration Page	1446846202500	1446846202500	1446846202584	1446846202586	OK	 
ACTION	Main Registration Page	4	Hit Main Registration Page	1446846202589	1446846202589	1446846202665	1446846202666	OK	 
ACTION	Find Participant or Team Page	24	Hit Find Participant or Team Page	1446846202546	1446846202547	1446846202626	1446846202667	OK	 
ACTION	Join or Form a Team Page with TR Dropdown	54	Hit Join or Form a Team Page with TR Dropdown	1446846202228	1446846202465	1446846202619	1446846202670	OK	 
ACTION	Search for Participant or Team Page	44	Search for Participant or Team Page	1446846202550	1446846202551	1446846202634	1446846202674	OK	 
ACTION	Individual Registration Page 1	14	Hit Individual Registration Page 1 Redirect 1	1446846202514	1446846202516	1446846202663	1446846202707	OK	 
ACTION	Main Registration Page	4	Hit Main Registration Page	1446846202669	1446846202669	1446846202748	1446846202749	OK	 
ACTION	Find Participant or Team Page	24	Hit Find Participant or Team Page	1446846202669	1446846202669	1446846202751	1446846202753	OK	 
ACTION	Search for Participant or Team Page	44	Search for Participant or Team Page	1446846202677	1446846202678	1446846202769	1446846202771	OK	 
ACTION	Join or Form a Team Page with TR Dropdown	54	Hit Join or Form a Team Page with TR Dropdown	1446846202672	1446846202673	1446846202736	1446846202779	OK	 
ACTION	Individual Registration Page 1	14	Hit Individual Registration Page 1	1446846202708	1446846202709	1446846202771	1446846202817	OK	 
ACTION	Find Participant or Team Page	24	Hit Find Participant or Team Page	1446846202754	1446846202754	1446846202832	1446846202833	OK	 
ACTION	Main Registration Page	4	Hit Main Registration Page	1446846202752	1446846202753	1446846202832	1446846202834	OK	 
ACTION	Search for Participant or Team Page	44	Search for Participant or Team Page	1446846202776	1446846202777	1446846202870	1446846202871	OK	 
ACTION	Join or Form a Team Page with TR Dropdown	54	Hit Join or Form a Team Page with TR Dropdown	1446846202781	1446846202781	1446846202843	1446846202888	OK	 
ACTION	Company List Page	34	Hit Company List Page	1446846202579	1446846202580	1446846202863	1446846202905	OK	 
ACTION	Individual Registration Page 1	14	Hit Individual Registration Page 1	1446846202820	1446846202821	1446846202879	1446846202924	OK	 
ACTION	Main Registration Page	4	Hit Main Registration Page	1446846202836	1446846202837	1446846202924	1446846202926	OK	 
ACTION	Find Participant or Team Page	24	Hit Find Participant or Team Page	1446846202836	1446846202837	1446846202927	1446846202928	OK	 
ACTION	Search for Participant or Team Page	44	Search for Participant or Team Page	1446846202874	1446846202874	1446846202961	1446846202963	OK	 
ACTION	Join or Form a Team Page with TR Dropdown	54	Hit Join or Form a Team Page with TR Dropdown	1446846202889	1446846202889	1446846202959	1446846202964	OK	 
ACTION	Find Participant or Team Page	24	Hit Find Participant or Team Page	1446846202929	1446846202929	1446846203014	1446846203015	OK	 
ACTION	Main Registration Page	4	Hit Main Registration Page	1446846202927	1446846202927	1446846203018	1446846203020	OK	 
ACTION	Individual Registration Page 1	14	Hit Individual Registration Page 1	1446846202925	1446846202926	1446846202985	1446846203030	OK	 
ACTION	Join or Form a Team Page with TR Dropdown	54	Hit Join or Form a Team Page with TR Dropdown	1446846202966	1446846202967	1446846203044	1446846203048	OK	 
ACTION	Search for Participant or Team Page	44	Search for Participant or Team Page	1446846202968	1446846202968	1446846203057	1446846203059	OK	 
ACTION	Individual Registration Page 1	14	Hit Individual Registration Page 1	1446846203031	1446846203031	1446846203091	1446846203095	OK	 
ACTION	Main Registration Page	4	Hit Main Registration Page	1446846203021	1446846203021	1446846203099	1446846203100	OK	 
ACTION	Find Participant or Team Page	24	Hit Find Participant or Team Page	1446846203016	1446846203016	1446846203100	1446846203101	OK	 
ACTION	Search for Participant or Team Page	44	Search for Participant or Team Page	1446846203062	1446846203063	1446846203153	1446846203155	OK	 
ACTION	Individual Registration Page 1	14	Hit Individual Registration Page 1	1446846203097	1446846203098	1446846203157	1446846203160	OK	 
ACTION	Join or Form a Team Page with TR Dropdown	54	Hit Join or Form a Team Page with TR Dropdown	1446846203051	1446846203052	1446846203119	1446846203165	OK	 
ACTION	Find Participant or Team Page	24	Hit Find Participant or Team Page	1446846203102	1446846203102	1446846203178	1446846203180	OK	 
ACTION	Main Registration Page	4	Hit Main Registration Page	1446846203102	1446846203102	1446846203182	1446846203184	OK	 
SCENARIO	Main Registration Page	4	END	1446846203184
ACTION	Individual Registration Page 1	14	Hit Individual Registration Page 1	1446846203161	1446846203162	1446846203220	1446846203223	OK	 
ACTION	Join or Form a Team Page with TR Dropdown	54	Hit Join or Form a Team Page with TR Dropdown	1446846203166	1446846203166	1446846203228	1446846203234	OK	 
ACTION	Search for Participant or Team Page	44	Search for Participant or Team Page	1446846203160	1446846203161	1446846203241	1446846203242	OK	 
ACTION	Find Participant or Team Page	24	Hit Find Participant or Team Page	1446846203181	1446846203181	1446846203255	1446846203256	OK	 
SCENARIO	Find Participant or Team Page	24	END	1446846203258
ACTION	Company List Page	34	Hit Company List Page	1446846202906	1446846202907	1446846203218	1446846203260	OK	 
ACTION	Individual Registration Page 1	14	Hit Individual Registration Page 1	1446846203226	1446846203227	1446846203286	1446846203290	OK	 
ACTION	Individual Registration Page 1	14	Hit Individual Registration Page 1	1446846203292	1446846203293	1446846203349	1446846203352	OK	 
ACTION	Join or Form a Team Page with TR Dropdown	54	Hit Join or Form a Team Page with TR Dropdown	1446846203235	1446846203236	1446846203350	1446846203353	OK	 
ACTION	Search for Participant or Team Page	44	Search for Participant or Team Page	1446846203245	1446846203246	1446846203368	1446846203370	OK	 
SCENARIO	Search for Participant or Team Page	44	END	1446846203372
ACTION	Individual Registration Page 1	14	Hit Individual Registration Page 1	1446846203353	1446846203354	1446846203416	1446846203419	OK	 
SCENARIO	Individual Registration Page 1	14	END	1446846203421
ACTION	Join or Form a Team Page with TR Dropdown	54	Hit Join or Form a Team Page with TR Dropdown	1446846203354	1446846203354	1446846203417	1446846203422	OK	 
ACTION	Join or Form a Team Page with TR Dropdown	54	Hit Join or Form a Team Page with TR Dropdown	1446846203424	1446846203425	1446846203486	1446846203490	OK	 
SCENARIO	Join or Form a Team Page with TR Dropdown	54	END	1446846203492
ACTION	Company List Page	34	Hit Company List Page	1446846203263	1446846203263	1446846203545	1446846203587	OK	 
ACTION	Company List Page	34	Hit Company List Page	1446846203590	1446846203591	1446846203849	1446846203892	OK	 
ACTION	Company List Page	34	Hit Company List Page	1446846203895	1446846203895	1446846204150	1446846204192	OK	 
ACTION	Company List Page	34	Hit Company List Page	1446846204195	1446846204196	1446846204459	1446846204502	OK	 
ACTION	Company List Page	34	Hit Company List Page	1446846204505	1446846204506	1446846204778	1446846204822	OK	 
ACTION	Company List Page	34	Hit Company List Page	1446846204824	1446846204825	1446846205085	1446846205128	OK	 
ACTION	Company List Page	34	Hit Company List Page	1446846205131	1446846205132	1446846205386	1446846205428	OK	 
SCENARIO	Company List Page	34	END	1446846205430
SCENARIO	Main Registration Page	5	START	1446846205526
SCENARIO	Company List Page	35	START	1446846205526
SCENARIO	Search for Participant or Team Page	45	START	1446846205526
SCENARIO	Join or Form a Team Page with TR Dropdown	55	START	1446846205526
SCENARIO	Individual Registration Page 1	15	START	1446846205526
SCENARIO	Find Participant or Team Page	25	START	1446846205526
ACTION	Main Registration Page	5	Hit Main Registration Page	1446846205528	1446846205570	1446846205654	1446846205697	OK	 
ACTION	Search for Participant or Team Page	45	Search for Participant or Team Page	1446846205531	1446846205574	1446846205656	1446846205700	OK	 
ACTION	Find Participant or Team Page	25	Hit Find Participant or Team Page	1446846205530	1446846205573	1446846205665	1446846205708	OK	 
ACTION	Main Registration Page	5	Hit Main Registration Page	1446846205701	1446846205702	1446846205803	1446846205804	OK	 
ACTION	Individual Registration Page 1	15	Hit Individual Registration Page 1	1446846205528	1446846205762	1446846205815	1446846205815	OK	 
ACTION	Find Participant or Team Page	25	Hit Find Participant or Team Page	1446846205711	1446846205711	1446846205809	1446846205850	OK	 
ACTION	Search for Participant or Team Page	45	Search for Participant or Team Page	1446846205706	1446846205708	1446846205813	1446846205857	OK	 
ACTION	Join or Form a Team Page with TR Dropdown	55	Hit Join or Form a Team Page with TR Dropdown	1446846205528	1446846205765	1446846205833	1446846205879	OK	 
ACTION	Company List Page	35	Hit Company List Page	1446846205528	1446846205570	1446846205845	1446846205893	OK	 
ACTION	Main Registration Page	5	Hit Main Registration Page	1446846205805	1446846205806	1446846205897	1446846205898	OK	 
ACTION	Individual Registration Page 1	15	Hit Individual Registration Page 1 Redirect 1	1446846205816	1446846205816	1446846205900	1446846205946	OK	 
ACTION	Find Participant or Team Page	25	Hit Find Participant or Team Page	1446846205851	1446846205852	1446846205930	1446846205973	OK	 
ACTION	Main Registration Page	5	Hit Main Registration Page	1446846205900	1446846205900	1446846205974	1446846205975	OK	 
ACTION	Search for Participant or Team Page	45	Search for Participant or Team Page	1446846205859	1446846205860	1446846205949	1446846205994	OK	 
ACTION	Join or Form a Team Page with TR Dropdown	55	Hit Join or Form a Team Page with TR Dropdown	1446846205881	1446846205883	1446846205949	1446846205995	OK	 
ACTION	Main Registration Page	5	Hit Main Registration Page	1446846205978	1446846205978	1446846206055	1446846206055	OK	 
ACTION	Find Participant or Team Page	25	Hit Find Participant or Team Page	1446846205976	1446846205976	1446846206057	1446846206058	OK	 
ACTION	Individual Registration Page 1	15	Hit Individual Registration Page 1	1446846205948	1446846205949	1446846206014	1446846206061	OK	 
ACTION	Search for Participant or Team Page	45	Search for Participant or Team Page	1446846205998	1446846205999	1446846206081	1446846206083	OK	 
ACTION	Join or Form a Team Page with TR Dropdown	55	Hit Join or Form a Team Page with TR Dropdown	1446846205997	1446846205998	1446846206062	1446846206111	OK	 
ACTION	Find Participant or Team Page	25	Hit Find Participant or Team Page	1446846206061	1446846206062	1446846206135	1446846206136	OK	 
ACTION	Main Registration Page	5	Hit Main Registration Page	1446846206059	1446846206059	1446846206138	1446846206139	OK	 
ACTION	Individual Registration Page 1	15	Hit Individual Registration Page 1	1446846206064	1446846206064	1446846206120	1446846206165	OK	 
ACTION	Join or Form a Team Page with TR Dropdown	55	Hit Join or Form a Team Page with TR Dropdown	1446846206114	1446846206115	1446846206180	1446846206184	OK	 
ACTION	Search for Participant or Team Page	45	Search for Participant or Team Page	1446846206088	1446846206089	1446846206183	1446846206185	OK	 
ACTION	Company List Page	35	Hit Company List Page	1446846205896	1446846205897	1446846206167	1446846206209	OK	 
ACTION	Find Participant or Team Page	25	Hit Find Participant or Team Page	1446846206139	1446846206139	1446846206218	1446846206219	OK	 
ACTION	Main Registration Page	5	Hit Main Registration Page	1446846206142	1446846206142	1446846206220	1446846206221	OK	 
ACTION	Join or Form a Team Page with TR Dropdown	55	Hit Join or Form a Team Page with TR Dropdown	1446846206185	1446846206186	1446846206246	1446846206250	OK	 
ACTION	Individual Registration Page 1	15	Hit Individual Registration Page 1	1446846206168	1446846206169	1446846206224	1446846206270	OK	 
ACTION	Search for Participant or Team Page	45	Search for Participant or Team Page	1446846206188	1446846206188	1446846206276	1446846206278	OK	 
ACTION	Find Participant or Team Page	25	Hit Find Participant or Team Page	1446846206221	1446846206221	1446846206296	1446846206297	OK	 
ACTION	Main Registration Page	5	Hit Main Registration Page	1446846206222	1446846206222	1446846206305	1446846206306	OK	 
ACTION	Join or Form a Team Page with TR Dropdown	55	Hit Join or Form a Team Page with TR Dropdown	1446846206253	1446846206254	1446846206316	1446846206319	OK	 
ACTION	Individual Registration Page 1	15	Hit Individual Registration Page 1	1446846206273	1446846206273	1446846206329	1446846206332	OK	 
ACTION	Search for Participant or Team Page	45	Search for Participant or Team Page	1446846206282	1446846206282	1446846206372	1446846206374	OK	 
ACTION	Find Participant or Team Page	25	Hit Find Participant or Team Page	1446846206298	1446846206299	1446846206377	1446846206378	OK	 
ACTION	Main Registration Page	5	Hit Main Registration Page	1446846206307	1446846206308	1446846206385	1446846206387	OK	 
ACTION	Join or Form a Team Page with TR Dropdown	55	Hit Join or Form a Team Page with TR Dropdown	1446846206321	1446846206322	1446846206383	1446846206387	OK	 
ACTION	Individual Registration Page 1	15	Hit Individual Registration Page 1	1446846206335	1446846206336	1446846206392	1446846206395	OK	 
ACTION	Join or Form a Team Page with TR Dropdown	55	Hit Join or Form a Team Page with TR Dropdown	1446846206389	1446846206389	1446846206458	1446846206462	OK	 
ACTION	Individual Registration Page 1	15	Hit Individual Registration Page 1	1446846206397	1446846206397	1446846206459	1446846206463	OK	 
ACTION	Find Participant or Team Page	25	Hit Find Participant or Team Page	1446846206380	1446846206380	1446846206471	1446846206472	OK	 
ACTION	Main Registration Page	5	Hit Main Registration Page	1446846206388	1446846206389	1446846206472	1446846206473	OK	 
SCENARIO	Main Registration Page	5	END	1446846206474
ACTION	Search for Participant or Team Page	45	Search for Participant or Team Page	1446846206378	1446846206379	1446846206478	1446846206480	OK	 
ACTION	Company List Page	35	Hit Company List Page	1446846206210	1446846206210	1446846206478	1446846206523	OK	 
ACTION	Individual Registration Page 1	15	Hit Individual Registration Page 1	1446846206466	1446846206467	1446846206533	1446846206537	OK	 
ACTION	Join or Form a Team Page with TR Dropdown	55	Hit Join or Form a Team Page with TR Dropdown	1446846206465	1446846206466	1446846206548	1446846206552	OK	 
ACTION	Find Participant or Team Page	25	Hit Find Participant or Team Page	1446846206474	1446846206474	1446846206555	1446846206557	OK	 
SCENARIO	Find Participant or Team Page	25	END	1446846206557
ACTION	Search for Participant or Team Page	45	Search for Participant or Team Page	1446846206483	1446846206484	1446846206590	1446846206592	OK	 
ACTION	Individual Registration Page 1	15	Hit Individual Registration Page 1	1446846206540	1446846206542	1446846206602	1446846206605	OK	 
ACTION	Join or Form a Team Page with TR Dropdown	55	Hit Join or Form a Team Page with TR Dropdown	1446846206554	1446846206555	1446846206617	1446846206621	OK	 
SCENARIO	Join or Form a Team Page with TR Dropdown	55	END	1446846206622
ACTION	Individual Registration Page 1	15	Hit Individual Registration Page 1	1446846206606	1446846206606	1446846206664	1446846206667	OK	 
SCENARIO	Individual Registration Page 1	15	END	1446846206668
ACTION	Search for Participant or Team Page	45	Search for Participant or Team Page	1446846206597	1446846206598	1446846206680	1446846206682	OK	 
SCENARIO	Search for Participant or Team Page	45	END	1446846206684
ACTION	Company List Page	35	Hit Company List Page	1446846206526	1446846206527	1446846206799	1446846206852	OK	 
ACTION	Company List Page	35	Hit Company List Page	1446846206854	1446846206855	1446846207114	1446846207156	OK	 
ACTION	Company List Page	35	Hit Company List Page	1446846207159	1446846207160	1446846207418	1446846207466	OK	 
ACTION	Company List Page	35	Hit Company List Page	1446846207469	1446846207469	1446846207745	1446846207788	OK	 
ACTION	Company List Page	35	Hit Company List Page	1446846207791	1446846207792	1446846208050	1446846208092	OK	 
ACTION	Company List Page	35	Hit Company List Page	1446846208093	1446846208093	1446846208347	1446846208389	OK	 
ACTION	Company List Page	35	Hit Company List Page	1446846208390	1446846208390	1446846208653	1446846208705	OK	 
SCENARIO	Company List Page	35	END	1446846208705
SCENARIO	Main Registration Page	6	START	1446846208826
SCENARIO	Individual Registration Page 1	16	START	1446846208826
SCENARIO	Join or Form a Team Page with TR Dropdown	56	START	1446846208826
SCENARIO	Find Participant or Team Page	26	START	1446846208826
SCENARIO	Search for Participant or Team Page	46	START	1446846208826
SCENARIO	Company List Page	36	START	1446846208826
ACTION	Join or Form a Team Page with TR Dropdown	56	Hit Join or Form a Team Page with TR Dropdown	1446846208828	1446846209068	1446846209236	1446846209288	OK	 
ACTION	Individual Registration Page 1	16	Hit Individual Registration Page 1	1446846208828	1446846209272	1446846209326	1446846209326	OK	 
ACTION	Join or Form a Team Page with TR Dropdown	56	Hit Join or Form a Team Page with TR Dropdown	1446846209289	1446846209289	1446846209351	1446846209397	OK	 
ACTION	Join or Form a Team Page with TR Dropdown	56	Hit Join or Form a Team Page with TR Dropdown	1446846209400	1446846209401	1446846209465	1446846209510	OK	 
ACTION	Individual Registration Page 1	16	Hit Individual Registration Page 1 Redirect 1	1446846209326	1446846209327	1446846209470	1446846209515	OK	 
ACTION	Join or Form a Team Page with TR Dropdown	56	Hit Join or Form a Team Page with TR Dropdown	1446846209513	1446846209514	1446846209578	1446846209583	OK	 
ACTION	Individual Registration Page 1	16	Hit Individual Registration Page 1	1446846209518	1446846209518	1446846209581	1446846209626	OK	 
ACTION	Join or Form a Team Page with TR Dropdown	56	Hit Join or Form a Team Page with TR Dropdown	1446846209585	1446846209586	1446846209645	1446846209649	OK	 
ACTION	Individual Registration Page 1	16	Hit Individual Registration Page 1	1446846209628	1446846209629	1446846209685	1446846209729	OK	 
ACTION	Join or Form a Team Page with TR Dropdown	56	Hit Join or Form a Team Page with TR Dropdown	1446846209651	1446846209651	1446846209718	1446846209762	OK	 
ACTION	Join or Form a Team Page with TR Dropdown	56	Hit Join or Form a Team Page with TR Dropdown	1446846209763	1446846209764	1446846209827	1446846209831	OK	 
ACTION	Individual Registration Page 1	16	Hit Individual Registration Page 1	1446846209731	1446846209731	1446846209786	1446846209832	OK	 
ACTION	Individual Registration Page 1	16	Hit Individual Registration Page 1	1446846209834	1446846209834	1446846209892	1446846209895	OK	 
ACTION	Join or Form a Team Page with TR Dropdown	56	Hit Join or Form a Team Page with TR Dropdown	1446846209833	1446846209833	1446846209899	1446846209945	OK	 
ACTION	Individual Registration Page 1	16	Hit Individual Registration Page 1	1446846209897	1446846209898	1446846209961	1446846209964	OK	 
ACTION	Find Participant or Team Page	26	Hit Find Participant or Team Page	1446846208828	1446846209873	1446846209963	1446846210007	OK	 
ACTION	Search for Participant or Team Page	46	Search for Participant or Team Page	1446846208830	1446846209873	1446846209965	1446846210009	OK	 
ACTION	Main Registration Page	6	Hit Main Registration Page	1446846208828	1446846209873	1446846209966	1446846210011	OK	 
ACTION	Join or Form a Team Page with TR Dropdown	56	Hit Join or Form a Team Page with TR Dropdown	1446846209948	1446846209949	1446846210017	1446846210020	OK	 
ACTION	Individual Registration Page 1	16	Hit Individual Registration Page 1	1446846209965	1446846209965	1446846210023	1446846210027	OK	 
ACTION	Join or Form a Team Page with TR Dropdown	56	Hit Join or Form a Team Page with TR Dropdown	1446846210021	1446846210022	1446846210097	1446846210101	OK	 
SCENARIO	Join or Form a Team Page with TR Dropdown	56	END	1446846210103
ACTION	Main Registration Page	6	Hit Main Registration Page	1446846210012	1446846210012	1446846210103	1446846210106	OK	 
ACTION	Individual Registration Page 1	16	Hit Individual Registration Page 1	1446846210029	1446846210029	1446846210102	1446846210108	OK	 
ACTION	Search for Participant or Team Page	46	Search for Participant or Team Page	1446846210010	1446846210010	1446846210104	1446846210147	OK	 
ACTION	Find Participant or Team Page	26	Hit Find Participant or Team Page	1446846210008	1446846210008	1446846210105	1446846210147	OK	 
ACTION	Individual Registration Page 1	16	Hit Individual Registration Page 1	1446846210110	1446846210110	1446846210167	1446846210171	OK	 
ACTION	Company List Page	36	Hit Company List Page	1446846208828	1446846209873	1446846210142	1446846210184	OK	 
ACTION	Main Registration Page	6	Hit Main Registration Page	1446846210108	1446846210108	1446846210186	1446846210188	OK	 
ACTION	Main Registration Page	6	Hit Main Registration Page	1446846210190	1446846210191	1446846210269	1446846210270	OK	 
ACTION	Find Participant or Team Page	26	Hit Find Participant or Team Page	1446846210150	1446846210150	1446846210230	1446846210272	OK	 
ACTION	Individual Registration Page 1	16	Hit Individual Registration Page 1	1446846210174	1446846210174	1446846210234	1446846210277	OK	 
SCENARIO	Individual Registration Page 1	16	END	1446846210277
ACTION	Search for Participant or Team Page	46	Search for Participant or Team Page	1446846210152	1446846210153	1446846210239	1446846210280	OK	 
ACTION	Find Participant or Team Page	26	Hit Find Participant or Team Page	1446846210274	1446846210275	1446846210354	1446846210356	OK	 
ACTION	Main Registration Page	6	Hit Main Registration Page	1446846210272	1446846210273	1446846210356	1446846210357	OK	 
ACTION	Search for Participant or Team Page	46	Search for Participant or Team Page	1446846210282	1446846210283	1446846210363	1446846210364	OK	 
ACTION	Main Registration Page	6	Hit Main Registration Page	1446846210360	1446846210360	1446846210444	1446846210445	OK	 
ACTION	Find Participant or Team Page	26	Hit Find Participant or Team Page	1446846210359	1446846210360	1446846210446	1446846210448	OK	 
ACTION	Search for Participant or Team Page	46	Search for Participant or Team Page	1446846210366	1446846210366	1446846210454	1446846210456	OK	 
ACTION	Company List Page	36	Hit Company List Page	1446846210187	1446846210188	1446846210455	1446846210500	OK	 
ACTION	Find Participant or Team Page	26	Hit Find Participant or Team Page	1446846210448	1446846210449	1446846210526	1446846210528	OK	 
ACTION	Main Registration Page	6	Hit Main Registration Page	1446846210446	1446846210447	1446846210528	1446846210529	OK	 
ACTION	Search for Participant or Team Page	46	Search for Participant or Team Page	1446846210457	1446846210458	1446846210539	1446846210541	OK	 
ACTION	Main Registration Page	6	Hit Main Registration Page	1446846210530	1446846210530	1446846210607	1446846210610	OK	 
ACTION	Find Participant or Team Page	26	Hit Find Participant or Team Page	1446846210529	1446846210530	1446846210608	1446846210610	OK	 
ACTION	Search for Participant or Team Page	46	Search for Participant or Team Page	1446846210542	1446846210543	1446846210622	1446846210624	OK	 
ACTION	Main Registration Page	6	Hit Main Registration Page	1446846210611	1446846210611	1446846210702	1446846210703	OK	 
ACTION	Find Participant or Team Page	26	Hit Find Participant or Team Page	1446846210611	1446846210611	1446846210706	1446846210708	OK	 
ACTION	Search for Participant or Team Page	46	Search for Participant or Team Page	1446846210628	1446846210629	1446846210723	1446846210725	OK	 
ACTION	Main Registration Page	6	Hit Main Registration Page	1446846210706	1446846210706	1446846210786	1446846210787	OK	 
SCENARIO	Main Registration Page	6	END	1446846210789
ACTION	Find Participant or Team Page	26	Hit Find Participant or Team Page	1446846210710	1446846210711	1446846210787	1446846210789	OK	 
ACTION	Company List Page	36	Hit Company List Page	1446846210501	1446846210501	1446846210760	1446846210803	OK	 
ACTION	Search for Participant or Team Page	46	Search for Participant or Team Page	1446846210729	1446846210730	1446846210815	1446846210816	OK	 
ACTION	Find Participant or Team Page	26	Hit Find Participant or Team Page	1446846210791	1446846210792	1446846210865	1446846210867	OK	 
SCENARIO	Find Participant or Team Page	26	END	1446846210867
ACTION	Search for Participant or Team Page	46	Search for Participant or Team Page	1446846210823	1446846210823	1446846210906	1446846210907	OK	 
SCENARIO	Search for Participant or Team Page	46	END	1446846210909
ACTION	Company List Page	36	Hit Company List Page	1446846210805	1446846210806	1446846211061	1446846211103	OK	 
ACTION	Company List Page	36	Hit Company List Page	1446846211106	1446846211107	1446846211363	1446846211405	OK	 
ACTION	Company List Page	36	Hit Company List Page	1446846211407	1446846211408	1446846211665	1446846211710	OK	 
ACTION	Company List Page	36	Hit Company List Page	1446846211713	1446846211713	1446846211970	1446846212016	OK	 
SCENARIO	Individual Registration Page 1	17	START	1446846212226
SCENARIO	Find Participant or Team Page	27	START	1446846212226
SCENARIO	Main Registration Page	7	START	1446846212226
SCENARIO	Join or Form a Team Page with TR Dropdown	57	START	1446846212226
SCENARIO	Company List Page	37	START	1446846212226
SCENARIO	Search for Participant or Team Page	47	START	1446846212226
ACTION	Company List Page	36	Hit Company List Page	1446846212018	1446846212019	1446846212279	1446846212322	OK	 
ACTION	Find Participant or Team Page	27	Hit Find Participant or Team Page	1446846212227	1446846212270	1446846212357	1446846212400	OK	 
ACTION	Main Registration Page	7	Hit Main Registration Page	1446846212228	1446846212271	1446846212361	1446846212403	OK	 
ACTION	Search for Participant or Team Page	47	Search for Participant or Team Page	1446846212231	1446846212274	1446846212361	1446846212405	OK	 
ACTION	Main Registration Page	7	Hit Main Registration Page	1446846212404	1446846212404	1446846212486	1446846212488	OK	 
ACTION	Individual Registration Page 1	17	Hit Individual Registration Page 1	1446846212228	1446846212455	1446846212504	1446846212504	OK	 
ACTION	Find Participant or Team Page	27	Hit Find Participant or Team Page	1446846212401	1446846212401	1446846212484	1446846212526	OK	 
ACTION	Search for Participant or Team Page	47	Search for Participant or Team Page	1446846212406	1446846212407	1446846212496	1446846212539	OK	 
ACTION	Main Registration Page	7	Hit Main Registration Page	1446846212488	1446846212489	1446846212565	1446846212567	OK	 
ACTION	Company List Page	37	Hit Company List Page	1446846212228	1446846212270	1446846212547	1446846212588	OK	 
ACTION	Individual Registration Page 1	17	Hit Individual Registration Page 1 Redirect 1	1446846212504	1446846212505	1446846212567	1446846212613	OK	 
ACTION	Main Registration Page	7	Hit Main Registration Page	1446846212568	1446846212568	1446846212650	1446846212652	OK	 
ACTION	Find Participant or Team Page	27	Hit Find Participant or Team Page	1446846212527	1446846212528	1446846212609	1446846212653	OK	 
ACTION	Join or Form a Team Page with TR Dropdown	57	Hit Join or Form a Team Page with TR Dropdown	1446846212227	1446846212451	1446846212604	1446846212654	OK	 
ACTION	Company List Page	36	Hit Company List Page	1446846212322	1446846212323	1446846212612	1446846212657	OK	 
ACTION	Search for Participant or Team Page	47	Search for Participant or Team Page	1446846212541	1446846212541	1446846212627	1446846212669	OK	 
ACTION	Individual Registration Page 1	17	Hit Individual Registration Page 1	1446846212614	1446846212614	1446846212672	1446846212718	OK	 
ACTION	Main Registration Page	7	Hit Main Registration Page	1446846212653	1446846212653	1446846212736	1446846212738	OK	 
ACTION	Find Participant or Team Page	27	Hit Find Participant or Team Page	1446846212654	1446846212654	1446846212735	1446846212783	OK	 
ACTION	Join or Form a Team Page with TR Dropdown	57	Hit Join or Form a Team Page with TR Dropdown	1446846212655	1446846212655	1446846212716	1446846212782	OK	 
ACTION	Search for Participant or Team Page	47	Search for Participant or Team Page	1446846212670	1446846212670	1446846212757	1446846212801	OK	 
ACTION	Main Registration Page	7	Hit Main Registration Page	1446846212738	1446846212738	1446846212817	1446846212818	OK	 
ACTION	Individual Registration Page 1	17	Hit Individual Registration Page 1	1446846212719	1446846212719	1446846212783	1446846212831	OK	 
ACTION	Join or Form a Team Page with TR Dropdown	57	Hit Join or Form a Team Page with TR Dropdown	1446846212783	1446846212784	1446846212844	1446846212889	OK	 
ACTION	Main Registration Page	7	Hit Main Registration Page	1446846212821	1446846212821	1446846212899	1446846212900	OK	 
ACTION	Find Participant or Team Page	27	Hit Find Participant or Team Page	1446846212783	1446846212784	1446846212860	1446846212903	OK	 
ACTION	Company List Page	37	Hit Company List Page	1446846212589	1446846212590	1446846212873	1446846212914	OK	 
ACTION	Search for Participant or Team Page	47	Search for Participant or Team Page	1446846212805	1446846212805	1446846212889	1446846212932	OK	 
ACTION	Company List Page	36	Hit Company List Page	1446846212657	1446846212657	1446846212933	1446846212975	OK	 
SCENARIO	Company List Page	36	END	1446846212976
ACTION	Main Registration Page	7	Hit Main Registration Page	1446846212902	1446846212902	1446846212981	1446846212982	OK	 
ACTION	Find Participant or Team Page	27	Hit Find Participant or Team Page	1446846212905	1446846212906	1446846212982	1446846213026	OK	 
ACTION	Main Registration Page	7	Hit Main Registration Page	1446846212984	1446846212985	1446846213059	1446846213061	OK	 
ACTION	Search for Participant or Team Page	47	Search for Participant or Team Page	1446846212937	1446846212938	1446846213022	1446846213065	OK	 
ACTION	Main Registration Page	7	Hit Main Registration Page	1446846213062	1446846213063	1446846213140	1446846213141	OK	 
SCENARIO	Main Registration Page	7	END	1446846213142
ACTION	Find Participant or Team Page	27	Hit Find Participant or Team Page	1446846213028	1446846213029	1446846213104	1446846213146	OK	 
ACTION	Search for Participant or Team Page	47	Search for Participant or Team Page	1446846213069	1446846213069	1446846213150	1446846213193	OK	 
ACTION	Individual Registration Page 1	17	Hit Individual Registration Page 1	1446846212834	1446846212835	1446846212892	1446846213223	OK	 
ACTION	Find Participant or Team Page	27	Hit Find Participant or Team Page	1446846213148	1446846213149	1446846213225	1446846213227	OK	 
ACTION	Company List Page	37	Hit Company List Page	1446846212917	1446846212917	1446846213187	1446846213228	OK	 
ACTION	Search for Participant or Team Page	47	Search for Participant or Team Page	1446846213198	1446846213199	1446846213283	1446846213285	OK	 
ACTION	Find Participant or Team Page	27	Hit Find Participant or Team Page	1446846213228	1446846213229	1446846213302	1446846213304	OK	 
ACTION	Join or Form a Team Page with TR Dropdown	57	Hit Join or Form a Team Page with TR Dropdown	1446846212892	1446846212893	1446846213201	1446846213328	OK	 
ACTION	Individual Registration Page 1	17	Hit Individual Registration Page 1	1446846213226	1446846213227	1446846213283	1446846213369	OK	 
ACTION	Search for Participant or Team Page	47	Search for Participant or Team Page	1446846213288	1446846213288	1446846213370	1446846213371	OK	 
ACTION	Find Participant or Team Page	27	Hit Find Participant or Team Page	1446846213306	1446846213307	1446846213383	1446846213384	OK	 
SCENARIO	Find Participant or Team Page	27	END	1446846213385
ACTION	Join or Form a Team Page with TR Dropdown	57	Hit Join or Form a Team Page with TR Dropdown	1446846213331	1446846213332	1446846213391	1446846213437	OK	 
ACTION	Search for Participant or Team Page	47	Search for Participant or Team Page	1446846213376	1446846213377	1446846213455	1446846213457	OK	 
SCENARIO	Search for Participant or Team Page	47	END	1446846213458
ACTION	Individual Registration Page 1	17	Hit Individual Registration Page 1	1446846213372	1446846213373	1446846213427	1446846213470	OK	 
ACTION	Company List Page	37	Hit Company List Page	1446846213229	1446846213229	1446846213493	1446846213535	OK	 
ACTION	Join or Form a Team Page with TR Dropdown	57	Hit Join or Form a Team Page with TR Dropdown	1446846213439	1446846213440	1446846213505	1446846213554	OK	 
ACTION	Individual Registration Page 1	17	Hit Individual Registration Page 1	1446846213471	1446846213471	1446846213527	1446846213570	OK	 
ACTION	Join or Form a Team Page with TR Dropdown	57	Hit Join or Form a Team Page with TR Dropdown	1446846213556	1446846213557	1446846213620	1446846213667	OK	 
ACTION	Individual Registration Page 1	17	Hit Individual Registration Page 1	1446846213571	1446846213571	1446846213625	1446846213671	OK	 
ACTION	Individual Registration Page 1	17	Hit Individual Registration Page 1	1446846213673	1446846213673	1446846213734	1446846213779	OK	 
ACTION	Join or Form a Team Page with TR Dropdown	57	Hit Join or Form a Team Page with TR Dropdown	1446846213670	1446846213671	1446846213735	1446846213781	OK	 
ACTION	Company List Page	37	Hit Company List Page	1446846213536	1446846213536	1446846213796	1446846213838	OK	 
ACTION	Individual Registration Page 1	17	Hit Individual Registration Page 1	1446846213781	1446846213782	1446846213841	1446846213885	OK	 
SCENARIO	Individual Registration Page 1	17	END	1446846213886
ACTION	Join or Form a Team Page with TR Dropdown	57	Hit Join or Form a Team Page with TR Dropdown	1446846213782	1446846213783	1446846213847	1446846213891	OK	 
ACTION	Join or Form a Team Page with TR Dropdown	57	Hit Join or Form a Team Page with TR Dropdown	1446846213892	1446846213893	1446846213952	1446846213996	OK	 
SCENARIO	Join or Form a Team Page with TR Dropdown	57	END	1446846213996
ACTION	Company List Page	37	Hit Company List Page	1446846213841	1446846213842	1446846214099	1446846214141	OK	 
ACTION	Company List Page	37	Hit Company List Page	1446846214143	1446846214144	1446846214413	1446846214457	OK	 
ACTION	Company List Page	37	Hit Company List Page	1446846214459	1446846214460	1446846214714	1446846214756	OK	 
ACTION	Company List Page	37	Hit Company List Page	1446846214757	1446846214757	1446846215011	1446846215053	OK	 
SCENARIO	Main Registration Page	8	START	1446846215525
SCENARIO	Find Participant or Team Page	28	START	1446846215525
SCENARIO	Search for Participant or Team Page	48	START	1446846215525
SCENARIO	Join or Form a Team Page with TR Dropdown	58	START	1446846215525
SCENARIO	Company List Page	38	START	1446846215525
SCENARIO	Individual Registration Page 1	18	START	1446846215525
ACTION	Company List Page	37	Hit Company List Page	1446846215056	1446846215057	1446846215312	1446846215646	OK	 
SCENARIO	Company List Page	37	END	1446846215647
ACTION	Find Participant or Team Page	28	Hit Find Participant or Team Page	1446846215527	1446846215571	1446846215659	1446846215702	OK	 
ACTION	Search for Participant or Team Page	48	Search for Participant or Team Page	1446846215530	1446846215572	1446846215660	1446846215704	OK	 
ACTION	Individual Registration Page 1	18	Hit Individual Registration Page 1	1446846215527	1446846215760	1446846215810	1446846215810	OK	 
ACTION	Search for Participant or Team Page	48	Search for Participant or Team Page	1446846215707	1446846215708	1446846215791	1446846215832	OK	 
ACTION	Join or Form a Team Page with TR Dropdown	58	Hit Join or Form a Team Page with TR Dropdown	1446846215527	1446846215756	1446846215826	1446846215872	OK	 
ACTION	Find Participant or Team Page	28	Hit Find Participant or Team Page	1446846215704	1446846215705	1446846215831	1446846215914	OK	 
ACTION	Individual Registration Page 1	18	Hit Individual Registration Page 1 Redirect 1	1446846215810	1446846215811	1446846215879	1446846215925	OK	 
ACTION	Search for Participant or Team Page	48	Search for Participant or Team Page	1446846215833	1446846215834	1446846215918	1446846215960	OK	 
ACTION	Join or Form a Team Page with TR Dropdown	58	Hit Join or Form a Team Page with TR Dropdown	1446846215875	1446846215877	1446846215939	1446846215984	OK	 
ACTION	Individual Registration Page 1	18	Hit Individual Registration Page 1	1446846215927	1446846215928	1446846215990	1446846216035	OK	 
ACTION	Find Participant or Team Page	28	Hit Find Participant or Team Page	1446846215916	1446846215917	1446846215996	1446846216079	OK	 
ACTION	Company List Page	38	Hit Company List Page	1446846215527	1446846215571	1446846216039	1446846216080	OK	 
ACTION	Main Registration Page	8	Hit Main Registration Page	1446846215527	1446846215571	1446846216039	1446846216081	OK	 
ACTION	Search for Participant or Team Page	48	Search for Participant or Team Page	1446846215965	1446846215965	1446846216052	1446846216094	OK	 
ACTION	Join or Form a Team Page with TR Dropdown	58	Hit Join or Form a Team Page with TR Dropdown	1446846215987	1446846215988	1446846216050	1446846216095	OK	 
ACTION	Individual Registration Page 1	18	Hit Individual Registration Page 1	1446846216038	1446846216039	1446846216093	1446846216137	OK	 
ACTION	Join or Form a Team Page with TR Dropdown	58	Hit Join or Form a Team Page with TR Dropdown	1446846216097	1446846216097	1446846216159	1446846216205	OK	 
ACTION	Main Registration Page	8	Hit Main Registration Page	1446846216083	1446846216083	1446846216164	1446846216206	OK	 
ACTION	Search for Participant or Team Page	48	Search for Participant or Team Page	1446846216097	1446846216097	1446846216177	1446846216218	OK	 
ACTION	Individual Registration Page 1	18	Hit Individual Registration Page 1	1446846216139	1446846216139	1446846216193	1446846216238	OK	 
ACTION	Find Participant or Team Page	28	Hit Find Participant or Team Page	1446846216081	1446846216081	1446846216170	1446846216253	OK	 
ACTION	Join or Form a Team Page with TR Dropdown	58	Hit Join or Form a Team Page with TR Dropdown	1446846216207	1446846216208	1446846216273	1446846216320	OK	 
ACTION	Main Registration Page	8	Hit Main Registration Page	1446846216207	1446846216208	1446846216294	1446846216338	OK	 
ACTION	Search for Participant or Team Page	48	Search for Participant or Team Page	1446846216222	1446846216223	1446846216302	1446846216349	OK	 
ACTION	Find Participant or Team Page	28	Hit Find Participant or Team Page	1446846216256	1446846216257	1446846216337	1446846216380	OK	 
ACTION	Main Registration Page	8	Hit Main Registration Page	1446846216341	1446846216341	1446846216416	1446846216417	OK	 
ACTION	Join or Form a Team Page with TR Dropdown	58	Hit Join or Form a Team Page with TR Dropdown	1446846216323	1446846216324	1446846216382	1446846216428	OK	 
ACTION	Search for Participant or Team Page	48	Search for Participant or Team Page	1446846216355	1446846216355	1446846216438	1446846216479	OK	 
ACTION	Main Registration Page	8	Hit Main Registration Page	1446846216419	1446846216420	1446846216494	1446846216496	OK	 
ACTION	Join or Form a Team Page with TR Dropdown	58	Hit Join or Form a Team Page with TR Dropdown	1446846216430	1446846216431	1446846216490	1446846216538	OK	 
ACTION	Find Participant or Team Page	28	Hit Find Participant or Team Page	1446846216382	1446846216383	1446846216459	1446846216549	OK	 
ACTION	Main Registration Page	8	Hit Main Registration Page	1446846216497	1446846216497	1446846216570	1446846216571	OK	 
ACTION	Search for Participant or Team Page	48	Search for Participant or Team Page	1446846216481	1446846216481	1446846216569	1446846216613	OK	 
ACTION	Join or Form a Team Page with TR Dropdown	58	Hit Join or Form a Team Page with TR Dropdown	1446846216540	1446846216541	1446846216600	1446846216646	OK	 
ACTION	Main Registration Page	8	Hit Main Registration Page	1446846216574	1446846216575	1446846216650	1446846216651	OK	 
ACTION	Find Participant or Team Page	28	Hit Find Participant or Team Page	1446846216551	1446846216551	1446846216628	1446846216716	OK	 
ACTION	Main Registration Page	8	Hit Main Registration Page	1446846216653	1446846216654	1446846216728	1446846216729	OK	 
ACTION	Search for Participant or Team Page	48	Search for Participant or Team Page	1446846216618	1446846216619	1446846216702	1446846216745	OK	 
ACTION	Join or Form a Team Page with TR Dropdown	58	Hit Join or Form a Team Page with TR Dropdown	1446846216648	1446846216649	1446846216708	1446846216754	OK	 
ACTION	Individual Registration Page 1	18	Hit Individual Registration Page 1	1446846216240	1446846216241	1446846216542	1446846216767	OK	 
ACTION	Main Registration Page	8	Hit Main Registration Page	1446846216730	1446846216730	1446846216807	1446846216809	OK	 
ACTION	Company List Page	38	Hit Company List Page	1446846216082	1446846216083	1446846216500	1446846216825	OK	 
ACTION	Find Participant or Team Page	28	Hit Find Participant or Team Page	1446846216717	1446846216717	1446846216792	1446846216836	OK	 
ACTION	Join or Form a Team Page with TR Dropdown	58	Hit Join or Form a Team Page with TR Dropdown	1446846216755	1446846216755	1446846216823	1446846216870	OK	 
SCENARIO	Join or Form a Team Page with TR Dropdown	58	END	1446846216870
ACTION	Search for Participant or Team Page	48	Search for Participant or Team Page	1446846216746	1446846216746	1446846216831	1446846216876	OK	 
SCENARIO	Search for Participant or Team Page	48	END	1446846216877
ACTION	Find Participant or Team Page	28	Hit Find Participant or Team Page	1446846216837	1446846216837	1446846216915	1446846216960	OK	 
ACTION	Individual Registration Page 1	18	Hit Individual Registration Page 1	1446846216768	1446846216768	1446846216832	1446846216968	OK	 
ACTION	Company List Page	38	Hit Company List Page	1446846216826	1446846216826	1446846217081	1446846217125	OK	 
ACTION	Main Registration Page	8	Hit Main Registration Page	1446846216809	1446846216810	1446846217144	1446846217188	OK	 
SCENARIO	Main Registration Page	8	END	1446846217188
ACTION	Individual Registration Page 1	18	Hit Individual Registration Page 1	1446846216969	1446846216970	1446846217274	1446846217362	OK	 
ACTION	Find Participant or Team Page	28	Hit Find Participant or Team Page	1446846216961	1446846216961	1446846217038	1446846217414	OK	 
SCENARIO	Find Participant or Team Page	28	END	1446846217415
ACTION	Company List Page	38	Hit Company List Page	1446846217126	1446846217126	1446846217382	1446846217424	OK	 
ACTION	Individual Registration Page 1	18	Hit Individual Registration Page 1	1446846217363	1446846217363	1446846217420	1446846217513	OK	 
ACTION	Individual Registration Page 1	18	Hit Individual Registration Page 1	1446846217514	1446846217514	1446846217569	1446846217655	OK	 
ACTION	Company List Page	38	Hit Company List Page	1446846217425	1446846217425	1446846217674	1446846217715	OK	 
ACTION	Individual Registration Page 1	18	Hit Individual Registration Page 1	1446846217656	1446846217656	1446846217709	1446846217795	OK	 
SCENARIO	Individual Registration Page 1	18	END	1446846217796
ACTION	Company List Page	38	Hit Company List Page	1446846217716	1446846217717	1446846217967	1446846218009	OK	 
ACTION	Company List Page	38	Hit Company List Page	1446846218010	1446846218010	1446846218261	1446846218303	OK	 
ACTION	Company List Page	38	Hit Company List Page	1446846218304	1446846218304	1446846218561	1446846218606	OK	 
SCENARIO	Find Participant or Team Page	29	START	1446846218826
SCENARIO	Main Registration Page	9	START	1446846218826
SCENARIO	Join or Form a Team Page with TR Dropdown	59	START	1446846218826
SCENARIO	Company List Page	39	START	1446846218826
SCENARIO	Search for Participant or Team Page	49	START	1446846218826
SCENARIO	Individual Registration Page 1	19	START	1446846218826
ACTION	Company List Page	38	Hit Company List Page	1446846218609	1446846218609	1446846218858	1446846218899	OK	 
ACTION	Find Participant or Team Page	29	Hit Find Participant or Team Page	1446846218828	1446846218870	1446846218960	1446846219004	OK	 
ACTION	Search for Participant or Team Page	49	Search for Participant or Team Page	1446846218830	1446846218873	1446846218960	1446846219005	OK	 
ACTION	Main Registration Page	9	Hit Main Registration Page	1446846218827	1446846218872	1446846218963	1446846219005	OK	 
ACTION	Main Registration Page	9	Hit Main Registration Page	1446846219006	1446846219006	1446846219083	1446846219085	OK	 
ACTION	Individual Registration Page 1	19	Hit Individual Registration Page 1	1446846218827	1446846219050	1446846219099	1446846219099	OK	 
ACTION	Find Participant or Team Page	29	Hit Find Participant or Team Page	1446846219005	1446846219005	1446846219084	1446846219125	OK	 
ACTION	Search for Participant or Team Page	49	Search for Participant or Team Page	1446846219006	1446846219006	1446846219091	1446846219132	OK	 
ACTION	Join or Form a Team Page with TR Dropdown	59	Hit Join or Form a Team Page with TR Dropdown	1446846218827	1446846219050	1446846219113	1446846219158	OK	 
ACTION	Main Registration Page	9	Hit Main Registration Page	1446846219086	1446846219086	1446846219161	1446846219163	OK	 
ACTION	Company List Page	39	Hit Company List Page	1446846218827	1446846218870	1446846219161	1446846219204	OK	 
ACTION	Company List Page	38	Hit Company List Page	1446846218900	1446846218900	1446846219163	1446846219205	OK	 
SCENARIO	Company List Page	38	END	1446846219206
ACTION	Individual Registration Page 1	19	Hit Individual Registration Page 1 Redirect 1	1446846219099	1446846219100	1446846219166	1446846219214	OK	 
ACTION	Main Registration Page	9	Hit Main Registration Page	1446846219163	1446846219163	1446846219238	1446846219239	OK	 
ACTION	Find Participant or Team Page	29	Hit Find Participant or Team Page	1446846219126	1446846219126	1446846219202	1446846219245	OK	 
ACTION	Search for Participant or Team Page	49	Search for Participant or Team Page	1446846219134	1446846219134	1446846219214	1446846219255	OK	 
ACTION	Join or Form a Team Page with TR Dropdown	59	Hit Join or Form a Team Page with TR Dropdown	1446846219159	1446846219160	1446846219221	1446846219267	OK	 
ACTION	Individual Registration Page 1	19	Hit Individual Registration Page 1	1446846219216	1446846219217	1446846219272	1446846219317	OK	 
ACTION	Main Registration Page	9	Hit Main Registration Page	1446846219241	1446846219241	1446846219326	1446846219327	OK	 
ACTION	Find Participant or Team Page	29	Hit Find Participant or Team Page	1446846219246	1446846219246	1446846219320	1446846219362	OK	 
ACTION	Join or Form a Team Page with TR Dropdown	59	Hit Join or Form a Team Page with TR Dropdown	1446846219270	1446846219271	1446846219332	1446846219377	OK	 
ACTION	Search for Participant or Team Page	49	Search for Participant or Team Page	1446846219260	1446846219261	1446846219341	1446846219383	OK	 
ACTION	Main Registration Page	9	Hit Main Registration Page	1446846219328	1446846219329	1446846219401	1446846219402	OK	 
ACTION	Individual Registration Page 1	19	Hit Individual Registration Page 1	1446846219319	1446846219319	1446846219375	1446846219420	OK	 
ACTION	Find Participant or Team Page	29	Hit Find Participant or Team Page	1446846219363	1446846219364	1446846219437	1446846219479	OK	 
ACTION	Main Registration Page	9	Hit Main Registration Page	1446846219404	1446846219404	1446846219481	1446846219483	OK	 
ACTION	Join or Form a Team Page with TR Dropdown	59	Hit Join or Form a Team Page with TR Dropdown	1446846219378	1446846219379	1446846219438	1446846219483	OK	 
ACTION	Company List Page	39	Hit Company List Page	1446846219205	1446846219205	1446846219469	1446846219510	OK	 
ACTION	Search for Participant or Team Page	49	Search for Participant or Team Page	1446846219385	1446846219386	1446846219470	1446846219511	OK	 
ACTION	Individual Registration Page 1	19	Hit Individual Registration Page 1	1446846219422	1446846219422	1446846219480	1446846219525	OK	 
ACTION	Main Registration Page	9	Hit Main Registration Page	1446846219484	1446846219484	1446846219560	1446846219562	OK	 
ACTION	Join or Form a Team Page with TR Dropdown	59	Hit Join or Form a Team Page with TR Dropdown	1446846219484	1446846219484	1446846219541	1446846219586	OK	 
ACTION	Find Participant or Team Page	29	Hit Find Participant or Team Page	1446846219481	1446846219481	1446846219557	1446846219599	OK	 
ACTION	Individual Registration Page 1	19	Hit Individual Registration Page 1	1446846219525	1446846219526	1446846219582	1446846219624	OK	 
ACTION	Search for Participant or Team Page	49	Search for Participant or Team Page	1446846219512	1446846219513	1446846219591	1446846219632	OK	 
ACTION	Main Registration Page	9	Hit Main Registration Page	1446846219562	1446846219563	1446846219642	1446846219643	OK	 
ACTION	Join or Form a Team Page with TR Dropdown	59	Hit Join or Form a Team Page with TR Dropdown	1446846219587	1446846219587	1446846219647	1446846219693	OK	 
ACTION	Find Participant or Team Page	29	Hit Find Participant or Team Page	1446846219599	1446846219600	1446846219676	1446846219718	OK	 
ACTION	Main Registration Page	9	Hit Main Registration Page	1446846219644	1446846219644	1446846219719	1446846219720	OK	 
SCENARIO	Main Registration Page	9	END	1446846219721
ACTION	Individual Registration Page 1	19	Hit Individual Registration Page 1	1446846219624	1446846219625	1446846219680	1446846219726	OK	 
ACTION	Search for Participant or Team Page	49	Search for Participant or Team Page	1446846219634	1446846219634	1446846219721	1446846219764	OK	 
ACTION	Company List Page	39	Hit Company List Page	1446846219511	1446846219511	1446846219769	1446846219811	OK	 
ACTION	Join or Form a Team Page with TR Dropdown	59	Hit Join or Form a Team Page with TR Dropdown	1446846219694	1446846219694	1446846219777	1446846219822	OK	 
ACTION	Individual Registration Page 1	19	Hit Individual Registration Page 1	1446846219726	1446846219727	1446846219780	1446846219838	OK	 
ACTION	Search for Participant or Team Page	49	Search for Participant or Team Page	1446846219765	1446846219765	1446846219850	1446846219851	OK	 
ACTION	Join or Form a Team Page with TR Dropdown	59	Hit Join or Form a Team Page with TR Dropdown	1446846219823	1446846219823	1446846219890	1446846219935	OK	 
ACTION	Search for Participant or Team Page	49	Search for Participant or Team Page	1446846219853	1446846219853	1446846219940	1446846219941	OK	 
ACTION	Individual Registration Page 1	19	Hit Individual Registration Page 1	1446846219839	1446846219839	1446846219900	1446846219944	OK	 
ACTION	Join or Form a Team Page with TR Dropdown	59	Hit Join or Form a Team Page with TR Dropdown	1446846219936	1446846219936	1446846220005	1446846220008	OK	 
ACTION	Search for Participant or Team Page	49	Search for Participant or Team Page	1446846219942	1446846219943	1446846220020	1446846220022	OK	 
SCENARIO	Search for Participant or Team Page	49	END	1446846220023
ACTION	Individual Registration Page 1	19	Hit Individual Registration Page 1	1446846219945	1446846219945	1446846220002	1446846220049	OK	 
ACTION	Join or Form a Team Page with TR Dropdown	59	Hit Join or Form a Team Page with TR Dropdown	1446846220009	1446846220009	1446846220073	1446846220077	OK	 
SCENARIO	Join or Form a Team Page with TR Dropdown	59	END	1446846220078
ACTION	Company List Page	39	Hit Company List Page	1446846219812	1446846219812	1446846220071	1446846220115	OK	 
ACTION	Individual Registration Page 1	19	Hit Individual Registration Page 1	1446846220052	1446846220053	1446846220107	1446846220153	OK	 
SCENARIO	Individual Registration Page 1	19	END	1446846220153
ACTION	Find Participant or Team Page	29	Hit Find Participant or Team Page	1446846219719	1446846219719	1446846220037	1446846220248	OK	 
ACTION	Find Participant or Team Page	29	Hit Find Participant or Team Page	1446846220249	1446846220249	1446846220323	1446846220453	OK	 
ACTION	Find Participant or Team Page	29	Hit Find Participant or Team Page	1446846220454	1446846220454	1446846220528	1446846220571	OK	 
SCENARIO	Find Participant or Team Page	29	END	1446846220572
ACTION	Company List Page	39	Hit Company List Page	1446846220116	1446846220116	1446846220456	1446846220706	OK	 
ACTION	Company List Page	39	Hit Company List Page	1446846220708	1446846220709	1446846220962	1446846221046	OK	 
ACTION	Company List Page	39	Hit Company List Page	1446846221047	1446846221047	1446846221301	1446846221343	OK	 
ACTION	Company List Page	39	Hit Company List Page	1446846221344	1446846221344	1446846221596	1446846221638	OK	 
ACTION	Company List Page	39	Hit Company List Page	1446846221639	1446846221639	1446846221887	1446846221929	OK	 
SCENARIO	Main Registration Page	10	START	1446846222226
SCENARIO	Company List Page	40	START	1446846222226
SCENARIO	Find Participant or Team Page	30	START	1446846222226
SCENARIO	Individual Registration Page 1	20	START	1446846222226
SCENARIO	Search for Participant or Team Page	50	START	1446846222226
SCENARIO	Join or Form a Team Page with TR Dropdown	60	START	1446846222226
ACTION	Company List Page	39	Hit Company List Page	1446846221930	1446846221930	1446846222186	1446846222229	OK	 
SCENARIO	Company List Page	39	END	1446846222231
ACTION	Find Participant or Team Page	30	Hit Find Participant or Team Page	1446846222226	1446846222268	1446846222350	1446846222392	OK	 
ACTION	Main Registration Page	10	Hit Main Registration Page	1446846222227	1446846222269	1446846222350	1446846222393	OK	 
ACTION	Search for Participant or Team Page	50	Search for Participant or Team Page	1446846222227	1446846222270	1446846222352	1446846222397	OK	 
ACTION	Main Registration Page	10	Hit Main Registration Page	1446846222393	1446846222393	1446846222478	1446846222479	OK	 
ACTION	Individual Registration Page 1	20	Hit Individual Registration Page 1	1446846222226	1446846222440	1446846222495	1446846222495	OK	 
ACTION	Find Participant or Team Page	30	Hit Find Participant or Team Page	1446846222393	1446846222393	1446846222479	1446846222521	OK	 
ACTION	Search for Participant or Team Page	50	Search for Participant or Team Page	1446846222398	1446846222399	1446846222482	1446846222524	OK	 
ACTION	Main Registration Page	10	Hit Main Registration Page	1446846222480	1446846222480	1446846222558	1446846222559	OK	 
ACTION	Company List Page	40	Hit Company List Page	1446846222226	1446846222268	1446846222529	1446846222571	OK	 
ACTION	Main Registration Page	10	Hit Main Registration Page	1446846222560	1446846222560	1446846222633	1446846222635	OK	 
ACTION	Join or Form a Team Page with TR Dropdown	60	Hit Join or Form a Team Page with TR Dropdown	1446846222226	1446846222448	1446846222593	1446846222638	OK	 
ACTION	Find Participant or Team Page	30	Hit Find Participant or Team Page	1446846222521	1446846222522	1446846222600	1446846222642	OK	 
ACTION	Search for Participant or Team Page	50	Search for Participant or Team Page	1446846222525	1446846222525	1446846222603	1446846222645	OK	 
ACTION	Individual Registration Page 1	20	Hit Individual Registration Page 1 Redirect 1	1446846222495	1446846222496	1446846222642	1446846222687	OK	 
ACTION	Main Registration Page	10	Hit Main Registration Page	1446846222635	1446846222636	1446846222714	1446846222716	OK	 
ACTION	Join or Form a Team Page with TR Dropdown	60	Hit Join or Form a Team Page with TR Dropdown	1446846222639	1446846222639	1446846222702	1446846222747	OK	 
ACTION	Find Participant or Team Page	30	Hit Find Participant or Team Page	1446846222643	1446846222643	1446846222721	1446846222763	OK	 
ACTION	Search for Participant or Team Page	50	Search for Participant or Team Page	1446846222646	1446846222647	1446846222727	1446846222769	OK	 
ACTION	Individual Registration Page 1	20	Hit Individual Registration Page 1	1446846222688	1446846222688	1446846222743	1446846222787	OK	 
ACTION	Main Registration Page	10	Hit Main Registration Page	1446846222717	1446846222717	1446846222791	1446846222792	OK	 
ACTION	Join or Form a Team Page with TR Dropdown	60	Hit Join or Form a Team Page with TR Dropdown	1446846222748	1446846222748	1446846222807	1446846222851	OK	 
ACTION	Main Registration Page	10	Hit Main Registration Page	1446846222793	1446846222793	1446846222868	1446846222869	OK	 
ACTION	Company List Page	40	Hit Company List Page	1446846222572	1446846222572	1446846222835	1446846222877	OK	 
ACTION	Find Participant or Team Page	30	Hit Find Participant or Team Page	1446846222764	1446846222764	1446846222842	1446846222883	OK	 
ACTION	Individual Registration Page 1	20	Hit Individual Registration Page 1	1446846222788	1446846222788	1446846222844	1446846222889	OK	 
ACTION	Search for Participant or Team Page	50	Search for Participant or Team Page	1446846222770	1446846222770	1446846222858	1446846222900	OK	 
ACTION	Join or Form a Team Page with TR Dropdown	60	Hit Join or Form a Team Page with TR Dropdown	1446846222852	1446846222853	1446846222914	1446846222960	OK	 
ACTION	Main Registration Page	10	Hit Main Registration Page	1446846222870	1446846222870	1446846222959	1446846222960	OK	 
ACTION	Individual Registration Page 1	20	Hit Individual Registration Page 1	1446846222890	1446846222890	1446846222949	1446846222993	OK	 
ACTION	Find Participant or Team Page	30	Hit Find Participant or Team Page	1446846222884	1446846222884	1446846222961	1446846223002	OK	 
ACTION	Search for Participant or Team Page	50	Search for Participant or Team Page	1446846222901	1446846222902	1446846222986	1446846223028	OK	 
ACTION	Main Registration Page	10	Hit Main Registration Page	1446846222960	1446846222961	1446846223040	1446846223041	OK	 
ACTION	Join or Form a Team Page with TR Dropdown	60	Hit Join or Form a Team Page with TR Dropdown	1446846222960	1446846222961	1446846223022	1446846223068	OK	 
ACTION	Individual Registration Page 1	20	Hit Individual Registration Page 1	1446846222994	1446846222994	1446846223054	1446846223099	OK	 
ACTION	Find Participant or Team Page	30	Hit Find Participant or Team Page	1446846223003	1446846223003	1446846223084	1446846223126	OK	 
ACTION	Main Registration Page	10	Hit Main Registration Page	1446846223043	1446846223043	1446846223125	1446846223126	OK	 
SCENARIO	Main Registration Page	10	END	1446846223126
ACTION	Search for Participant or Team Page	50	Search for Participant or Team Page	1446846223029	1446846223029	1446846223116	1446846223159	OK	 
ACTION	Join or Form a Team Page with TR Dropdown	60	Hit Join or Form a Team Page with TR Dropdown	1446846223069	1446846223069	1446846223131	1446846223177	OK	 
ACTION	Company List Page	40	Hit Company List Page	1446846222878	1446846222878	1446846223150	1446846223193	OK	 
ACTION	Individual Registration Page 1	20	Hit Individual Registration Page 1	1446846223099	1446846223100	1446846223165	1446846223222	OK	 
ACTION	Search for Participant or Team Page	50	Search for Participant or Team Page	1446846223160	1446846223161	1446846223244	1446846223290	OK	 
ACTION	Join or Form a Team Page with TR Dropdown	60	Hit Join or Form a Team Page with TR Dropdown	1446846223178	1446846223178	1446846223239	1446846223290	OK	 
ACTION	Search for Participant or Team Page	50	Search for Participant or Team Page	1446846223296	1446846223296	1446846223375	1446846223377	OK	 
ACTION	Join or Form a Team Page with TR Dropdown	60	Hit Join or Form a Team Page with TR Dropdown	1446846223293	1446846223294	1446846223356	1446846223401	OK	 
ACTION	Search for Participant or Team Page	50	Search for Participant or Team Page	1446846223381	1446846223382	1446846223464	1446846223465	OK	 
SCENARIO	Search for Participant or Team Page	50	END	1446846223467
ACTION	Company List Page	40	Hit Company List Page	1446846223194	1446846223194	1446846223448	1446846223490	OK	 
ACTION	Join or Form a Team Page with TR Dropdown	60	Hit Join or Form a Team Page with TR Dropdown	1446846223404	1446846223405	1446846223462	1446846223506	OK	 
ACTION	Find Participant or Team Page	30	Hit Find Participant or Team Page	1446846223127	1446846223127	1446846223204	1446846223570	OK	 
ACTION	Individual Registration Page 1	20	Hit Individual Registration Page 1	1446846223224	1446846223225	1446846223534	1446846223577	OK	 
ACTION	Join or Form a Team Page with TR Dropdown	60	Hit Join or Form a Team Page with TR Dropdown	1446846223508	1446846223509	1446846223569	1446846223618	OK	 
SCENARIO	Join or Form a Team Page with TR Dropdown	60	END	1446846223619
ACTION	Individual Registration Page 1	20	Hit Individual Registration Page 1	1446846223578	1446846223578	1446846223633	1446846223677	OK	 
ACTION	Individual Registration Page 1	20	Hit Individual Registration Page 1	1446846223680	1446846223681	1446846223736	1446846223780	OK	 
ACTION	Company List Page	40	Hit Company List Page	1446846223492	1446846223493	1446846223753	1446846223795	OK	 
ACTION	Find Participant or Team Page	30	Hit Find Participant or Team Page	1446846223572	1446846223572	1446846223648	1446846223940	OK	 
ACTION	Company List Page	40	Hit Company List Page	1446846223796	1446846223796	1446846224050	1446846224092	OK	 
ACTION	Find Participant or Team Page	30	Hit Find Participant or Team Page	1446846223942	1446846223943	1446846224016	1446846224140	OK	 
SCENARIO	Find Participant or Team Page	30	END	1446846224141
ACTION	Individual Registration Page 1	20	Hit Individual Registration Page 1	1446846223780	1446846223781	1446846224078	1446846224244	OK	 
SCENARIO	Individual Registration Page 1	20	END	1446846224245
ACTION	Company List Page	40	Hit Company List Page	1446846224094	1446846224095	1446846224351	1446846224393	OK	 
ACTION	Company List Page	40	Hit Company List Page	1446846224396	1446846224397	1446846224663	1446846224705	OK	 
ACTION	Company List Page	40	Hit Company List Page	1446846224706	1446846224706	1446846224960	1446846225003	OK	 
ACTION	Company List Page	40	Hit Company List Page	1446846225005	1446846225006	1446846225260	1446846225302	OK	 
SCENARIO	Company List Page	40	END	1446846225304
