RUN	20151106135005	basicexamplesimulation	basicexamplesimulation
SCENARIO	Main Registration Page	1	START	1446839406873
SCENARIO	Search for Participant or Team Page	41	START	1446839406873
SCENARIO	Company List Page	31	START	1446839406873
SCENARIO	Join or Form a Team Page with TR Dropdown	51	START	1446839406873
SCENARIO	Individual Registration Page 1	11	START	1446839406873
SCENARIO	Find Participant or Team Page	21	START	1446839406873
ACTION	Find Participant or Team Page	21	Hit Find Participant or Team Page	1446839406902	1446839407066	1446839407159	1446839407202	OK	 
ACTION	Main Registration Page	1	Hit Main Registration Page	1446839406902	1446839407066	1446839407159	1446839407202	OK	 
ACTION	Main Registration Page	1	Hit Main Registration Page	1446839407217	1446839407217	1446839407296	1446839407297	OK	 
ACTION	Find Participant or Team Page	21	Hit Find Participant or Team Page	1446839407217	1446839407217	1446839407294	1446839407335	OK	 
ACTION	Company List Page	31	Hit Company List Page	1446839406902	1446839407066	1446839407332	1446839407375	OK	 
ACTION	Main Registration Page	1	Hit Main Registration Page	1446839407299	1446839407299	1446839407376	1446839407377	OK	 
ACTION	Search for Participant or Team Page	41	Search for Participant or Team Page	1446839406906	1446839407067	1446839407414	1446839407459	OK	 
ACTION	Main Registration Page	1	Hit Main Registration Page	1446839407380	1446839407381	1446839407458	1446839407460	OK	 
ACTION	Find Participant or Team Page	21	Hit Find Participant or Team Page	1446839407337	1446839407337	1446839407415	1446839407460	OK	 
ACTION	Individual Registration Page 1	11	Hit Individual Registration Page 1	1446839406902	1446839407408	1446839407462	1446839407462	OK	 
ACTION	Main Registration Page	1	Hit Main Registration Page	1446839407462	1446839407463	1446839407545	1446839407546	OK	 
ACTION	Find Participant or Team Page	21	Hit Find Participant or Team Page	1446839407462	1446839407463	1446839407546	1446839407547	OK	 
ACTION	Search for Participant or Team Page	41	Search for Participant or Team Page	1446839407464	1446839407465	1446839407554	1446839407597	OK	 
ACTION	Find Participant or Team Page	21	Hit Find Participant or Team Page	1446839407549	1446839407549	1446839407631	1446839407633	OK	 
ACTION	Main Registration Page	1	Hit Main Registration Page	1446839407549	1446839407549	1446839407635	1446839407636	OK	 
ACTION	Company List Page	31	Hit Company List Page	1446839407378	1446839407379	1446839407654	1446839407697	OK	 
ACTION	Find Participant or Team Page	21	Hit Find Participant or Team Page	1446839407634	1446839407635	1446839407712	1446839407714	OK	 
ACTION	Main Registration Page	1	Hit Main Registration Page	1446839407638	1446839407638	1446839407718	1446839407719	OK	 
ACTION	Search for Participant or Team Page	41	Search for Participant or Team Page	1446839407600	1446839407601	1446839407691	1446839407733	OK	 
ACTION	Main Registration Page	1	Hit Main Registration Page	1446839407720	1446839407721	1446839407798	1446839407799	OK	 
ACTION	Find Participant or Team Page	21	Hit Find Participant or Team Page	1446839407715	1446839407715	1446839407804	1446839407805	OK	 
ACTION	Search for Participant or Team Page	41	Search for Participant or Team Page	1446839407736	1446839407737	1446839407821	1446839407822	OK	 
ACTION	Find Participant or Team Page	21	Hit Find Participant or Team Page	1446839407807	1446839407807	1446839407889	1446839407891	OK	 
ACTION	Search for Participant or Team Page	41	Search for Participant or Team Page	1446839407824	1446839407825	1446839407914	1446839407916	OK	 
ACTION	Find Participant or Team Page	21	Hit Find Participant or Team Page	1446839407894	1446839407895	1446839407981	1446839407982	OK	 
ACTION	Search for Participant or Team Page	41	Search for Participant or Team Page	1446839407921	1446839407922	1446839408007	1446839408009	OK	 
ACTION	Company List Page	31	Hit Company List Page	1446839407698	1446839407699	1446839407970	1446839408013	OK	 
ACTION	Find Participant or Team Page	21	Hit Find Participant or Team Page	1446839407985	1446839407986	1446839408068	1446839408069	OK	 
SCENARIO	Find Participant or Team Page	21	END	1446839408071
ACTION	Search for Participant or Team Page	41	Search for Participant or Team Page	1446839408016	1446839408016	1446839408107	1446839408108	OK	 
ACTION	Search for Participant or Team Page	41	Search for Participant or Team Page	1446839408115	1446839408117	1446839408202	1446839408203	OK	 
ACTION	Search for Participant or Team Page	41	Search for Participant or Team Page	1446839408211	1446839408213	1446839408301	1446839408303	OK	 
ACTION	Main Registration Page	1	Hit Main Registration Page	1446839407801	1446839407802	1446839408137	1446839408303	OK	 
ACTION	Company List Page	31	Hit Company List Page	1446839408016	1446839408016	1446839408276	1446839408317	OK	 
ACTION	Search for Participant or Team Page	41	Search for Participant or Team Page	1446839408309	1446839408310	1446839408408	1446839408409	OK	 
SCENARIO	Search for Participant or Team Page	41	END	1446839408411
ACTION	Main Registration Page	1	Hit Main Registration Page	1446839408307	1446839408308	1446839408389	1446839408512	OK	 
SCENARIO	Main Registration Page	1	END	1446839408513
ACTION	Company List Page	31	Hit Company List Page	1446839408319	1446839408319	1446839408604	1446839408649	OK	 
ACTION	Company List Page	31	Hit Company List Page	1446839408653	1446839408654	1446839408906	1446839408950	OK	 
ACTION	Company List Page	31	Hit Company List Page	1446839408953	1446839408954	1446839409240	1446839409283	OK	 
ACTION	Company List Page	31	Hit Company List Page	1446839409286	1446839409288	1446839409547	1446839409591	OK	 
ACTION	Company List Page	31	Hit Company List Page	1446839409594	1446839409596	1446839409858	1446839409901	OK	 
SCENARIO	Main Registration Page	2	START	1446839410172
SCENARIO	Company List Page	32	START	1446839410172
SCENARIO	Search for Participant or Team Page	42	START	1446839410172
SCENARIO	Individual Registration Page 1	12	START	1446839410172
SCENARIO	Find Participant or Team Page	22	START	1446839410172
SCENARIO	Join or Form a Team Page with TR Dropdown	52	START	1446839410172
ACTION	Search for Participant or Team Page	42	Search for Participant or Team Page	1446839410178	1446839410224	1446839410309	1446839410355	OK	 
ACTION	Search for Participant or Team Page	42	Search for Participant or Team Page	1446839410357	1446839410357	1446839410439	1446839410484	OK	 
ACTION	Main Registration Page	2	Hit Main Registration Page	1446839410175	1446839410223	1446839410569	1446839410612	OK	 
ACTION	Search for Participant or Team Page	42	Search for Participant or Team Page	1446839410485	1446839410486	1446839410575	1446839410619	OK	 
ACTION	Find Participant or Team Page	22	Hit Find Participant or Team Page	1446839410174	1446839410222	1446839410579	1446839410624	OK	 
ACTION	Main Registration Page	2	Hit Main Registration Page	1446839410614	1446839410614	1446839410705	1446839410707	OK	 
ACTION	Individual Registration Page 1	12	Hit Individual Registration Page 1	1446839410174	1446839410695	1446839410748	1446839410748	OK	 
ACTION	Find Participant or Team Page	22	Hit Find Participant or Team Page	1446839410627	1446839410628	1446839410715	1446839410759	OK	 
ACTION	Main Registration Page	2	Hit Main Registration Page	1446839410710	1446839410711	1446839410794	1446839410795	OK	 
ACTION	Company List Page	31	Hit Company List Page	1446839409904	1446839409906	1446839410395	1446839410805	OK	 
SCENARIO	Company List Page	31	END	1446839410807
ACTION	Main Registration Page	2	Hit Main Registration Page	1446839410798	1446839410799	1446839410874	1446839410875	OK	 
ACTION	Find Participant or Team Page	22	Hit Find Participant or Team Page	1446839410761	1446839410761	1446839410845	1446839410888	OK	 
ACTION	Main Registration Page	2	Hit Main Registration Page	1446839410878	1446839410879	1446839410958	1446839410960	OK	 
ACTION	Main Registration Page	2	Hit Main Registration Page	1446839410963	1446839410964	1446839411039	1446839411040	OK	 
ACTION	Search for Participant or Team Page	42	Search for Participant or Team Page	1446839410626	1446839410627	1446839410719	1446839411092	OK	 
ACTION	Main Registration Page	2	Hit Main Registration Page	1446839411043	1446839411044	1446839411117	1446839411119	OK	 
ACTION	Main Registration Page	2	Hit Main Registration Page	1446839411120	1446839411120	1446839411195	1446839411197	OK	 
ACTION	Company List Page	32	Hit Company List Page	1446839410174	1446839410222	1446839411180	1446839411226	OK	 
ACTION	Main Registration Page	2	Hit Main Registration Page	1446839411198	1446839411198	1446839411275	1446839411276	OK	 
ACTION	Search for Participant or Team Page	42	Search for Participant or Team Page	1446839411098	1446839411100	1446839411189	1446839411323	OK	 
ACTION	Main Registration Page	2	Hit Main Registration Page	1446839411277	1446839411278	1446839411359	1446839411361	OK	 
SCENARIO	Main Registration Page	2	END	1446839411362
ACTION	Company List Page	32	Hit Company List Page	1446839411228	1446839411228	1446839411495	1446839411496	OK	 
ACTION	Search for Participant or Team Page	42	Search for Participant or Team Page	1446839411325	1446839411326	1446839411416	1446839411501	OK	 
ACTION	Find Participant or Team Page	22	Hit Find Participant or Team Page	1446839410891	1446839410892	1446839411408	1446839411620	OK	 
ACTION	Search for Participant or Team Page	42	Search for Participant or Team Page	1446839411507	1446839411508	1446839411596	1446839411641	OK	 
ACTION	Search for Participant or Team Page	42	Search for Participant or Team Page	1446839411648	1446839411649	1446839411734	1446839411776	OK	 
ACTION	Company List Page	32	Hit Company List Page	1446839411499	1446839411500	1446839411789	1446839411790	OK	 
ACTION	Find Participant or Team Page	22	Hit Find Participant or Team Page	1446839411622	1446839411624	1446839411710	1446839411847	OK	 
ACTION	Search for Participant or Team Page	42	Search for Participant or Team Page	1446839411780	1446839411781	1446839411878	1446839411923	OK	 
ACTION	Find Participant or Team Page	22	Hit Find Participant or Team Page	1446839411849	1446839411850	1446839411926	1446839411974	OK	 
ACTION	Search for Participant or Team Page	42	Search for Participant or Team Page	1446839411930	1446839411931	1446839412013	1446839412057	OK	 
SCENARIO	Search for Participant or Team Page	42	END	1446839412059
ACTION	Find Participant or Team Page	22	Hit Find Participant or Team Page	1446839411977	1446839411978	1446839412052	1446839412095	OK	 
ACTION	Company List Page	32	Hit Company List Page	1446839411792	1446839411793	1446839412207	1446839412208	OK	 
ACTION	Find Participant or Team Page	22	Hit Find Participant or Team Page	1446839412098	1446839412099	1446839412184	1446839412227	OK	 
ACTION	Find Participant or Team Page	22	Hit Find Participant or Team Page	1446839412230	1446839412231	1446839412311	1446839412355	OK	 
ACTION	Find Participant or Team Page	22	Hit Find Participant or Team Page	1446839412358	1446839412359	1446839412441	1446839412487	OK	 
SCENARIO	Find Participant or Team Page	22	END	1446839412489
ACTION	Company List Page	32	Hit Company List Page	1446839412211	1446839412211	1446839412533	1446839412534	OK	 
ACTION	Company List Page	32	Hit Company List Page	1446839412537	1446839412538	1446839412932	1446839412933	OK	 
ACTION	Company List Page	32	Hit Company List Page	1446839412936	1446839412937	1446839413333	1446839413334	OK	 
SCENARIO	Individual Registration Page 1	13	START	1446839413472
SCENARIO	Company List Page	33	START	1446839413472
SCENARIO	Main Registration Page	3	START	1446839413472
SCENARIO	Search for Participant or Team Page	43	START	1446839413472
SCENARIO	Find Participant or Team Page	23	START	1446839413472
SCENARIO	Join or Form a Team Page with TR Dropdown	53	START	1446839413472
ACTION	Main Registration Page	3	Hit Main Registration Page	1446839413474	1446839413520	1446839413609	1446839413654	OK	 
ACTION	Company List Page	32	Hit Company List Page	1446839413337	1446839413338	1446839413743	1446839413743	OK	 
ACTION	Search for Participant or Team Page	43	Search for Participant or Team Page	1446839413478	1446839413522	1446839413714	1446839413764	OK	 
ACTION	Individual Registration Page 1	13	Hit Individual Registration Page 1	1446839413474	1446839413714	1446839413766	1446839413766	OK	 
ACTION	Main Registration Page	3	Hit Main Registration Page	1446839413655	1446839413656	1446839413739	1446839413782	OK	 
ACTION	Search for Participant or Team Page	43	Search for Participant or Team Page	1446839413767	1446839413767	1446839413901	1446839413945	OK	 
ACTION	Company List Page	33	Hit Company List Page	1446839413474	1446839413520	1446839413953	1446839413999	OK	 
ACTION	Find Participant or Team Page	23	Hit Find Participant or Team Page	1446839413474	1446839413520	1446839413854	1446839414040	OK	 
ACTION	Search for Participant or Team Page	43	Search for Participant or Team Page	1446839413948	1446839413949	1446839414061	1446839414106	OK	 
ACTION	Main Registration Page	3	Hit Main Registration Page	1446839413783	1446839413783	1446839414158	1446839414203	OK	 
ACTION	Search for Participant or Team Page	43	Search for Participant or Team Page	1446839414112	1446839414113	1446839414202	1446839414204	OK	 
ACTION	Company List Page	32	Hit Company List Page	1446839413745	1446839413745	1446839414231	1446839414232	OK	 
ACTION	Find Participant or Team Page	23	Hit Find Participant or Team Page	1446839414044	1446839414045	1446839414162	1446839414299	OK	 
ACTION	Search for Participant or Team Page	43	Search for Participant or Team Page	1446839414209	1446839414209	1446839414302	1446839414303	OK	 
ACTION	Search for Participant or Team Page	43	Search for Participant or Team Page	1446839414309	1446839414309	1446839414422	1446839414424	OK	 
ACTION	Company List Page	33	Hit Company List Page	1446839414003	1446839414004	1446839414456	1446839414501	OK	 
ACTION	Find Participant or Team Page	23	Hit Find Participant or Team Page	1446839414302	1446839414303	1446839414425	1446839414514	OK	 
ACTION	Company List Page	32	Hit Company List Page	1446839414235	1446839414235	1446839414643	1446839414643	OK	 
SCENARIO	Company List Page	32	END	1446839414645
ACTION	Main Registration Page	3	Hit Main Registration Page	1446839414206	1446839414207	1446839414562	1446839414651	OK	 
ACTION	Find Participant or Team Page	23	Hit Find Participant or Team Page	1446839414517	1446839414517	1446839414612	1446839414702	OK	 
ACTION	Main Registration Page	3	Hit Main Registration Page	1446839414653	1446839414654	1446839414745	1446839414788	OK	 
ACTION	Find Participant or Team Page	23	Hit Find Participant or Team Page	1446839414706	1446839414706	1446839414797	1446839414884	OK	 
ACTION	Main Registration Page	3	Hit Main Registration Page	1446839414791	1446839414792	1446839414890	1446839414934	OK	 
ACTION	Company List Page	33	Hit Company List Page	1446839414504	1446839414505	1446839414952	1446839414997	OK	 
ACTION	Main Registration Page	3	Hit Main Registration Page	1446839414937	1446839414938	1446839415024	1446839415025	OK	 
ACTION	Search for Participant or Team Page	43	Search for Participant or Team Page	1446839414430	1446839414431	1446839414574	1446839415040	OK	 
ACTION	Find Participant or Team Page	23	Hit Find Participant or Team Page	1446839414887	1446839414888	1446839414971	1446839415060	OK	 
ACTION	Main Registration Page	3	Hit Main Registration Page	1446839415027	1446839415027	1446839415136	1446839415138	OK	 
ACTION	Find Participant or Team Page	23	Hit Find Participant or Team Page	1446839415061	1446839415062	1446839415155	1446839415203	OK	 
ACTION	Main Registration Page	3	Hit Main Registration Page	1446839415139	1446839415140	1446839415226	1446839415227	OK	 
ACTION	Search for Participant or Team Page	43	Search for Participant or Team Page	1446839415043	1446839415043	1446839415137	1446839415266	OK	 
ACTION	Main Registration Page	3	Hit Main Registration Page	1446839415229	1446839415229	1446839415324	1446839415325	OK	 
SCENARIO	Main Registration Page	3	END	1446839415326
ACTION	Find Participant or Team Page	23	Hit Find Participant or Team Page	1446839415204	1446839415204	1446839415294	1446839415342	OK	 
ACTION	Search for Participant or Team Page	43	Search for Participant or Team Page	1446839415269	1446839415270	1446839415382	1446839415427	OK	 
ACTION	Company List Page	33	Hit Company List Page	1446839415000	1446839415000	1446839415393	1446839415436	OK	 
ACTION	Find Participant or Team Page	23	Hit Find Participant or Team Page	1446839415344	1446839415344	1446839415424	1446839415470	OK	 
ACTION	Search for Participant or Team Page	43	Search for Participant or Team Page	1446839415430	1446839415431	1446839415517	1446839415564	OK	 
SCENARIO	Search for Participant or Team Page	43	END	1446839415565
ACTION	Find Participant or Team Page	23	Hit Find Participant or Team Page	1446839415471	1446839415472	1446839415566	1446839415612	OK	 
SCENARIO	Find Participant or Team Page	23	END	1446839415613
ACTION	Company List Page	33	Hit Company List Page	1446839415438	1446839415439	1446839415906	1446839415949	OK	 
ACTION	Company List Page	33	Hit Company List Page	1446839415951	1446839415952	1446839416347	1446839416391	OK	 
ACTION	Company List Page	33	Hit Company List Page	1446839416394	1446839416395	1446839416794	1446839416836	OK	 
SCENARIO	Join or Form a Team Page with TR Dropdown	54	START	1446839416871
SCENARIO	Company List Page	34	START	1446839416871
SCENARIO	Search for Participant or Team Page	44	START	1446839416871
SCENARIO	Find Participant or Team Page	24	START	1446839416871
SCENARIO	Individual Registration Page 1	14	START	1446839416871
SCENARIO	Main Registration Page	4	START	1446839416871
ACTION	Main Registration Page	4	Hit Main Registration Page	1446839416873	1446839416918	1446839417022	1446839417068	OK	 
ACTION	Find Participant or Team Page	24	Hit Find Participant or Team Page	1446839416873	1446839416918	1446839417031	1446839417077	OK	 
ACTION	Search for Participant or Team Page	44	Search for Participant or Team Page	1446839416874	1446839416920	1446839417034	1446839417081	OK	 
ACTION	Main Registration Page	4	Hit Main Registration Page	1446839417069	1446839417070	1446839417194	1446839417195	OK	 
ACTION	Search for Participant or Team Page	44	Search for Participant or Team Page	1446839417083	1446839417084	1446839417183	1446839417227	OK	 
ACTION	Find Participant or Team Page	24	Hit Find Participant or Team Page	1446839417078	1446839417078	1446839417191	1446839417238	OK	 
ACTION	Main Registration Page	4	Hit Main Registration Page	1446839417197	1446839417197	1446839417283	1446839417284	OK	 
ACTION	Individual Registration Page 1	14	Hit Individual Registration Page 1	1446839416873	1446839417113	1446839417302	1446839417302	OK	 
ACTION	Company List Page	33	Hit Company List Page	1446839416837	1446839416837	1446839417258	1446839417302	OK	 
ACTION	Main Registration Page	4	Hit Main Registration Page	1446839417285	1446839417286	1446839417378	1446839417380	OK	 
ACTION	Search for Participant or Team Page	44	Search for Participant or Team Page	1446839417232	1446839417233	1446839417357	1446839417401	OK	 
ACTION	Main Registration Page	4	Hit Main Registration Page	1446839417381	1446839417382	1446839417493	1446839417494	OK	 
ACTION	Search for Participant or Team Page	44	Search for Participant or Team Page	1446839417404	1446839417404	1446839417504	1446839417506	OK	 
ACTION	Search for Participant or Team Page	44	Search for Participant or Team Page	1446839417509	1446839417509	1446839417618	1446839417620	OK	 
ACTION	Main Registration Page	4	Hit Main Registration Page	1446839417496	1446839417496	1446839417628	1446839417630	OK	 
ACTION	Main Registration Page	4	Hit Main Registration Page	1446839417631	1446839417631	1446839417731	1446839417732	OK	 
ACTION	Main Registration Page	4	Hit Main Registration Page	1446839417734	1446839417734	1446839417833	1446839417834	OK	 
ACTION	Main Registration Page	4	Hit Main Registration Page	1446839417835	1446839417836	1446839417932	1446839417933	OK	 
ACTION	Company List Page	34	Hit Company List Page	1446839416877	1446839416922	1446839417880	1446839417926	OK	 
ACTION	Search for Participant or Team Page	44	Search for Participant or Team Page	1446839417623	1446839417623	1446839417967	1446839418012	OK	 
ACTION	Main Registration Page	4	Hit Main Registration Page	1446839417935	1446839417935	1446839418056	1446839418057	OK	 
SCENARIO	Main Registration Page	4	END	1446839418059
ACTION	Search for Participant or Team Page	44	Search for Participant or Team Page	1446839418018	1446839418018	1446839418139	1446839418184	OK	 
ACTION	Find Participant or Team Page	24	Hit Find Participant or Team Page	1446839417241	1446839417241	1446839417335	1446839418199	OK	 
ACTION	Company List Page	33	Hit Company List Page	1446839417304	1446839417304	1446839418220	1446839418264	OK	 
ACTION	Search for Participant or Team Page	44	Search for Participant or Team Page	1446839418191	1446839418191	1446839418307	1446839418351	OK	 
ACTION	Find Participant or Team Page	24	Hit Find Participant or Team Page	1446839418202	1446839418203	1446839418301	1446839418427	OK	 
ACTION	Company List Page	34	Hit Company List Page	1446839417973	1446839417974	1446839418537	1446839418864	OK	 
ACTION	Search for Participant or Team Page	44	Search for Participant or Team Page	1446839418357	1446839418358	1446839418492	1446839418879	OK	 
ACTION	Company List Page	33	Hit Company List Page	1446839418267	1446839418269	1446839418908	1446839418950	OK	 
SCENARIO	Company List Page	33	END	1446839418952
ACTION	Find Participant or Team Page	24	Hit Find Participant or Team Page	1446839418430	1446839418431	1446839418683	1446839419062	OK	 
ACTION	Search for Participant or Team Page	44	Search for Participant or Team Page	1446839418884	1446839418885	1446839419019	1446839419148	OK	 
SCENARIO	Search for Participant or Team Page	44	END	1446839419150
ACTION	Find Participant or Team Page	24	Hit Find Participant or Team Page	1446839419063	1446839419064	1446839419159	1446839419328	OK	 
ACTION	Find Participant or Team Page	24	Hit Find Participant or Team Page	1446839419332	1446839419333	1446839419417	1446839419463	OK	 
ACTION	Find Participant or Team Page	24	Hit Find Participant or Team Page	1446839419466	1446839419467	1446839419565	1446839419651	OK	 
ACTION	Find Participant or Team Page	24	Hit Find Participant or Team Page	1446839419654	1446839419655	1446839419745	1446839419830	OK	 
ACTION	Company List Page	34	Hit Company List Page	1446839418867	1446839418868	1446839419793	1446839419965	OK	 
ACTION	Find Participant or Team Page	24	Hit Find Participant or Team Page	1446839419833	1446839419834	1446839419953	1446839420041	OK	 
SCENARIO	Find Participant or Team Page	24	END	1446839420043
SCENARIO	Company List Page	35	START	1446839420171
SCENARIO	Join or Form a Team Page with TR Dropdown	55	START	1446839420171
SCENARIO	Main Registration Page	5	START	1446839420171
SCENARIO	Search for Participant or Team Page	45	START	1446839420171
SCENARIO	Find Participant or Team Page	25	START	1446839420171
SCENARIO	Individual Registration Page 1	15	START	1446839420171
ACTION	Search for Participant or Team Page	45	Search for Participant or Team Page	1446839420177	1446839420222	1446839420340	1446839420384	OK	 
ACTION	Search for Participant or Team Page	45	Search for Participant or Team Page	1446839420388	1446839420389	1446839420503	1446839420545	OK	 
ACTION	Company List Page	34	Hit Company List Page	1446839419968	1446839419968	1446839420542	1446839420670	OK	 
ACTION	Individual Registration Page 1	15	Hit Individual Registration Page 1	1446839420174	1446839420629	1446839420678	1446839420679	OK	 
ACTION	Search for Participant or Team Page	45	Search for Participant or Team Page	1446839420552	1446839420552	1446839420658	1446839420701	OK	 
ACTION	Search for Participant or Team Page	45	Search for Participant or Team Page	1446839420705	1446839420705	1446839420820	1446839420821	OK	 
ACTION	Search for Participant or Team Page	45	Search for Participant or Team Page	1446839420824	1446839420825	1446839420946	1446839420947	OK	 
ACTION	Main Registration Page	5	Hit Main Registration Page	1446839420173	1446839421216	1446839421307	1446839421352	OK	 
ACTION	Company List Page	34	Hit Company List Page	1446839420673	1446839420674	1446839421303	1446839421387	OK	 
ACTION	Main Registration Page	5	Hit Main Registration Page	1446839421354	1446839421355	1446839421458	1446839421459	OK	 
ACTION	Main Registration Page	5	Hit Main Registration Page	1446839421461	1446839421461	1446839421597	1446839421598	OK	 
ACTION	Main Registration Page	5	Hit Main Registration Page	1446839421599	1446839421600	1446839421708	1446839421709	OK	 
ACTION	Search for Participant or Team Page	45	Search for Participant or Team Page	1446839420951	1446839420951	1446839421119	1446839421791	OK	 
ACTION	Main Registration Page	5	Hit Main Registration Page	1446839421712	1446839421713	1446839421834	1446839421835	OK	 
ACTION	Company List Page	35	Hit Company List Page	1446839420173	1446839421216	1446839421928	1446839421972	OK	 
ACTION	Find Participant or Team Page	25	Hit Find Participant or Team Page	1446839420173	1446839421216	1446839422180	1446839422225	OK	 
ACTION	Search for Participant or Team Page	45	Search for Participant or Team Page	1446839421798	1446839421799	1446839422037	1446839422248	OK	 
ACTION	Find Participant or Team Page	25	Hit Find Participant or Team Page	1446839422229	1446839422230	1446839422376	1446839422420	OK	 
ACTION	Company List Page	34	Hit Company List Page	1446839421389	1446839421389	1446839422402	1446839422444	OK	 
ACTION	Search for Participant or Team Page	45	Search for Participant or Team Page	1446839422254	1446839422255	1446839422374	1446839422504	OK	 
ACTION	Company List Page	35	Hit Company List Page	1446839421973	1446839421973	1446839422693	1446839422739	OK	 
ACTION	Main Registration Page	5	Hit Main Registration Page	1446839421837	1446839421838	1446839422750	1446839422794	OK	 
ACTION	Search for Participant or Team Page	45	Search for Participant or Team Page	1446839422510	1446839422511	1446839422714	1446839422804	OK	 
ACTION	Main Registration Page	5	Hit Main Registration Page	1446839422797	1446839422798	1446839422914	1446839422915	OK	 
ACTION	Find Participant or Team Page	25	Hit Find Participant or Team Page	1446839422423	1446839422423	1446839422787	1446839423002	OK	 
ACTION	Company List Page	34	Hit Company List Page	1446839422447	1446839422448	1446839423061	1446839423107	OK	 
ACTION	Main Registration Page	5	Hit Main Registration Page	1446839422918	1446839422919	1446839423117	1446839423118	OK	 
ACTION	Main Registration Page	5	Hit Main Registration Page	1446839423121	1446839423121	1446839423218	1446839423219	OK	 
ACTION	Find Participant or Team Page	25	Hit Find Participant or Team Page	1446839423005	1446839423006	1446839423156	1446839423290	OK	 
ACTION	Main Registration Page	5	Hit Main Registration Page	1446839423222	1446839423223	1446839423319	1446839423320	OK	 
SCENARIO	Main Registration Page	5	END	1446839423322
ACTION	Company List Page	35	Hit Company List Page	1446839422742	1446839422743	1446839423381	1446839423423	OK	 
SCENARIO	Company List Page	36	START	1446839423471
SCENARIO	Find Participant or Team Page	26	START	1446839423471
SCENARIO	Main Registration Page	6	START	1446839423471
SCENARIO	Search for Participant or Team Page	46	START	1446839423471
SCENARIO	Individual Registration Page 1	16	START	1446839423471
SCENARIO	Join or Form a Team Page with TR Dropdown	56	START	1446839423471
ACTION	Search for Participant or Team Page	45	Search for Participant or Team Page	1446839422810	1446839422811	1446839422926	1446839423480	OK	 
SCENARIO	Search for Participant or Team Page	45	END	1446839423481
ACTION	Find Participant or Team Page	25	Hit Find Participant or Team Page	1446839423293	1446839423293	1446839423397	1446839423482	OK	 
ACTION	Main Registration Page	6	Hit Main Registration Page	1446839423473	1446839423517	1446839423649	1446839423695	OK	 
ACTION	Main Registration Page	6	Hit Main Registration Page	1446839423697	1446839423697	1446839423813	1446839423814	OK	 
ACTION	Find Participant or Team Page	25	Hit Find Participant or Team Page	1446839423485	1446839423485	1446839423774	1446839423861	OK	 
ACTION	Main Registration Page	6	Hit Main Registration Page	1446839423816	1446839423816	1446839423985	1446839423987	OK	 
ACTION	Company List Page	34	Hit Company List Page	1446839423110	1446839423111	1446839423973	1446839424104	OK	 
ACTION	Individual Registration Page 1	16	Hit Individual Registration Page 1	1446839423473	1446839423709	1446839424112	1446839424113	OK	 
ACTION	Main Registration Page	6	Hit Main Registration Page	1446839423988	1446839423989	1446839424144	1446839424145	OK	 
ACTION	Find Participant or Team Page	26	Hit Find Participant or Team Page	1446839423474	1446839423518	1446839424137	1446839424182	OK	 
ACTION	Find Participant or Team Page	25	Hit Find Participant or Team Page	1446839423862	1446839423862	1446839424104	1446839424191	OK	 
ACTION	Main Registration Page	6	Hit Main Registration Page	1446839424148	1446839424149	1446839424306	1446839424307	OK	 
ACTION	Main Registration Page	6	Hit Main Registration Page	1446839424309	1446839424309	1446839424450	1446839424451	OK	 
ACTION	Search for Participant or Team Page	46	Search for Participant or Team Page	1446839423476	1446839423520	1446839424410	1446839424456	OK	 
ACTION	Main Registration Page	6	Hit Main Registration Page	1446839424453	1446839424453	1446839424588	1446839424589	OK	 
ACTION	Search for Participant or Team Page	46	Search for Participant or Team Page	1446839424463	1446839424464	1446839424634	1446839424675	OK	 
ACTION	Main Registration Page	6	Hit Main Registration Page	1446839424592	1446839424593	1446839424718	1446839424719	OK	 
ACTION	Find Participant or Team Page	26	Hit Find Participant or Team Page	1446839424186	1446839424187	1446839424710	1446839424756	OK	 
ACTION	Company List Page	36	Hit Company List Page	1446839423473	1446839423517	1446839424790	1446839424836	OK	 
ACTION	Main Registration Page	6	Hit Main Registration Page	1446839424722	1446839424723	1446839424842	1446839424843	OK	 
ACTION	Search for Participant or Team Page	46	Search for Participant or Team Page	1446839424681	1446839424682	1446839424836	1446839424878	OK	 
ACTION	Company List Page	35	Hit Company List Page	1446839423426	1446839423426	1446839424838	1446839424881	OK	 
ACTION	Find Participant or Team Page	26	Hit Find Participant or Team Page	1446839424759	1446839424760	1446839424870	1446839424913	OK	 
ACTION	Find Participant or Team Page	25	Hit Find Participant or Team Page	1446839424193	1446839424193	1446839424795	1446839424929	OK	 
ACTION	Main Registration Page	6	Hit Main Registration Page	1446839424847	1446839424848	1446839424991	1446839424992	OK	 
SCENARIO	Main Registration Page	6	END	1446839424994
ACTION	Company List Page	34	Hit Company List Page	1446839424107	1446839424108	1446839424911	1446839424997	OK	 
ACTION	Search for Participant or Team Page	46	Search for Participant or Team Page	1446839424886	1446839424887	1446839425022	1446839425023	OK	 
ACTION	Find Participant or Team Page	26	Hit Find Participant or Team Page	1446839424915	1446839424916	1446839425042	1446839425084	OK	 
ACTION	Find Participant or Team Page	25	Hit Find Participant or Team Page	1446839424930	1446839424930	1446839425030	1446839425118	OK	 
ACTION	Search for Participant or Team Page	46	Search for Participant or Team Page	1446839425027	1446839425028	1446839425126	1446839425127	OK	 
ACTION	Find Participant or Team Page	26	Hit Find Participant or Team Page	1446839425087	1446839425088	1446839425194	1446839425238	OK	 
ACTION	Find Participant or Team Page	25	Hit Find Participant or Team Page	1446839425121	1446839425122	1446839425239	1446839425327	OK	 
SCENARIO	Find Participant or Team Page	25	END	1446839425328
ACTION	Find Participant or Team Page	26	Hit Find Participant or Team Page	1446839425241	1446839425242	1446839425413	1446839425415	OK	 
ACTION	Search for Participant or Team Page	46	Search for Participant or Team Page	1446839425130	1446839425131	1446839425409	1446839425457	OK	 
ACTION	Find Participant or Team Page	26	Hit Find Participant or Team Page	1446839425418	1446839425419	1446839425568	1446839425570	OK	 
ACTION	Search for Participant or Team Page	46	Search for Participant or Team Page	1446839425462	1446839425463	1446839425575	1446839425618	OK	 
ACTION	Company List Page	35	Hit Company List Page	1446839424884	1446839424885	1446839425599	1446839425643	OK	 
ACTION	Find Participant or Team Page	26	Hit Find Participant or Team Page	1446839425572	1446839425573	1446839425671	1446839425673	OK	 
ACTION	Search for Participant or Team Page	46	Search for Participant or Team Page	1446839425624	1446839425625	1446839425732	1446839425776	OK	 
ACTION	Find Participant or Team Page	26	Hit Find Participant or Team Page	1446839425676	1446839425676	1446839425778	1446839425779	OK	 
ACTION	Company List Page	34	Hit Company List Page	1446839425000	1446839425000	1446839425829	1446839425874	OK	 
SCENARIO	Company List Page	34	END	1446839425875
ACTION	Find Participant or Team Page	26	Hit Find Participant or Team Page	1446839425782	1446839425782	1446839425886	1446839425887	OK	 
SCENARIO	Find Participant or Team Page	26	END	1446839425889
ACTION	Search for Participant or Team Page	46	Search for Participant or Team Page	1446839425782	1446839425783	1446839425894	1446839425938	OK	 
ACTION	Search for Participant or Team Page	46	Search for Participant or Team Page	1446839425944	1446839425944	1446839426089	1446839426134	OK	 
SCENARIO	Search for Participant or Team Page	46	END	1446839426135
ACTION	Company List Page	36	Hit Company List Page	1446839424839	1446839424841	1446839426062	1446839426239	OK	 
ACTION	Company List Page	35	Hit Company List Page	1446839425646	1446839425647	1446839426549	1446839426594	OK	 
SCENARIO	Join or Form a Team Page with TR Dropdown	57	START	1446839426871
SCENARIO	Search for Participant or Team Page	47	START	1446839426871
SCENARIO	Individual Registration Page 1	17	START	1446839426871
SCENARIO	Find Participant or Team Page	27	START	1446839426871
SCENARIO	Company List Page	37	START	1446839426871
SCENARIO	Main Registration Page	7	START	1446839426871
ACTION	Find Participant or Team Page	27	Hit Find Participant or Team Page	1446839426874	1446839426920	1446839427056	1446839427101	OK	 
ACTION	Search for Participant or Team Page	47	Search for Participant or Team Page	1446839426876	1446839426920	1446839427062	1446839427108	OK	 
ACTION	Main Registration Page	7	Hit Main Registration Page	1446839426874	1446839426917	1446839427062	1446839427109	OK	 
ACTION	Company List Page	36	Hit Company List Page	1446839426241	1446839426242	1446839427052	1446839427139	OK	 
ACTION	Individual Registration Page 1	17	Hit Individual Registration Page 1	1446839426873	1446839427117	1446839427166	1446839427166	OK	 
ACTION	Main Registration Page	7	Hit Main Registration Page	1446839427109	1446839427110	1446839427246	1446839427248	OK	 
ACTION	Find Participant or Team Page	27	Hit Find Participant or Team Page	1446839427102	1446839427103	1446839427249	1446839427294	OK	 
ACTION	Find Participant or Team Page	27	Hit Find Participant or Team Page	1446839427297	1446839427298	1446839427409	1446839427455	OK	 
ACTION	Company List Page	35	Hit Company List Page	1446839426597	1446839426598	1446839427480	1446839427524	OK	 
ACTION	Find Participant or Team Page	27	Hit Find Participant or Team Page	1446839427458	1446839427458	1446839427575	1446839427577	OK	 
ACTION	Main Registration Page	7	Hit Main Registration Page	1446839427251	1446839427251	1446839427586	1446839427629	OK	 
ACTION	Find Participant or Team Page	27	Hit Find Participant or Team Page	1446839427580	1446839427580	1446839427681	1446839427683	OK	 
ACTION	Search for Participant or Team Page	47	Search for Participant or Team Page	1446839427110	1446839427110	1446839427499	1446839427709	OK	 
ACTION	Main Registration Page	7	Hit Main Registration Page	1446839427632	1446839427632	1446839427734	1446839427735	OK	 
ACTION	Find Participant or Team Page	27	Hit Find Participant or Team Page	1446839427686	1446839427687	1446839427787	1446839427789	OK	 
ACTION	Find Participant or Team Page	27	Hit Find Participant or Team Page	1446839427792	1446839427793	1446839427922	1446839427923	OK	 
ACTION	Find Participant or Team Page	27	Hit Find Participant or Team Page	1446839427926	1446839427927	1446839428104	1446839428106	OK	 
ACTION	Search for Participant or Team Page	47	Search for Participant or Team Page	1446839427715	1446839427716	1446839428068	1446839428197	OK	 
ACTION	Find Participant or Team Page	27	Hit Find Participant or Team Page	1446839428109	1446839428110	1446839428300	1446839428301	OK	 
ACTION	Main Registration Page	7	Hit Main Registration Page	1446839427738	1446839427739	1446839428322	1446839428364	OK	 
ACTION	Company List Page	37	Hit Company List Page	1446839426873	1446839426917	1446839428337	1446839428378	OK	 
ACTION	Search for Participant or Team Page	47	Search for Participant or Team Page	1446839428203	1446839428204	1446839428306	1446839428392	OK	 
ACTION	Company List Page	36	Hit Company List Page	1446839427143	1446839427144	1446839428386	1446839428429	OK	 
ACTION	Find Participant or Team Page	27	Hit Find Participant or Team Page	1446839428304	1446839428305	1446839428495	1446839428497	OK	 
SCENARIO	Find Participant or Team Page	27	END	1446839428499
ACTION	Company List Page	35	Hit Company List Page	1446839427527	1446839427528	1446839428547	1446839428590	OK	 
ACTION	Search for Participant or Team Page	47	Search for Participant or Team Page	1446839428398	1446839428399	1446839428525	1446839428612	OK	 
ACTION	Main Registration Page	7	Hit Main Registration Page	1446839428367	1446839428367	1446839428649	1446839428692	OK	 
ACTION	Search for Participant or Team Page	47	Search for Participant or Team Page	1446839428618	1446839428619	1446839428727	1446839428811	OK	 
ACTION	Main Registration Page	7	Hit Main Registration Page	1446839428694	1446839428695	1446839428834	1446839428835	OK	 
ACTION	Main Registration Page	7	Hit Main Registration Page	1446839428838	1446839428839	1446839428933	1446839428934	OK	 
ACTION	Main Registration Page	7	Hit Main Registration Page	1446839428937	1446839428937	1446839429036	1446839429037	OK	 
ACTION	Search for Participant or Team Page	47	Search for Participant or Team Page	1446839428817	1446839428818	1446839428952	1446839429039	OK	 
ACTION	Main Registration Page	7	Hit Main Registration Page	1446839429038	1446839429038	1446839429255	1446839429257	OK	 
SCENARIO	Main Registration Page	7	END	1446839429257
ACTION	Search for Participant or Team Page	47	Search for Participant or Team Page	1446839429040	1446839429041	1446839429180	1446839429262	OK	 
ACTION	Company List Page	37	Hit Company List Page	1446839428382	1446839428382	1446839429362	1446839429404	OK	 
ACTION	Search for Participant or Team Page	47	Search for Participant or Team Page	1446839429264	1446839429264	1446839429387	1446839429475	OK	 
ACTION	Company List Page	36	Hit Company List Page	1446839428432	1446839428433	1446839429481	1446839429527	OK	 
ACTION	Company List Page	35	Hit Company List Page	1446839428593	1446839428594	1446839429631	1446839429676	OK	 
ACTION	Search for Participant or Team Page	47	Search for Participant or Team Page	1446839429480	1446839429481	1446839429632	1446839429678	OK	 
SCENARIO	Search for Participant or Team Page	47	END	1446839429679
SCENARIO	Company List Page	38	START	1446839430171
SCENARIO	Join or Form a Team Page with TR Dropdown	58	START	1446839430171
SCENARIO	Find Participant or Team Page	28	START	1446839430171
SCENARIO	Main Registration Page	8	START	1446839430171
SCENARIO	Search for Participant or Team Page	48	START	1446839430171
SCENARIO	Individual Registration Page 1	18	START	1446839430171
ACTION	Company List Page	36	Hit Company List Page	1446839429529	1446839429530	1446839430240	1446839430290	OK	 
ACTION	Search for Participant or Team Page	48	Search for Participant or Team Page	1446839430177	1446839430222	1446839430350	1446839430392	OK	 
ACTION	Company List Page	37	Hit Company List Page	1446839429404	1446839429405	1446839430355	1446839430397	OK	 
ACTION	Main Registration Page	8	Hit Main Registration Page	1446839430173	1446839430217	1446839430361	1446839430403	OK	 
ACTION	Company List Page	35	Hit Company List Page	1446839429680	1446839429680	1446839430448	1446839430492	OK	 
SCENARIO	Company List Page	35	END	1446839430493
ACTION	Main Registration Page	8	Hit Main Registration Page	1446839430404	1446839430404	1446839430518	1446839430519	OK	 
ACTION	Search for Participant or Team Page	48	Search for Participant or Team Page	1446839430394	1446839430394	1446839430499	1446839430541	OK	 
ACTION	Main Registration Page	8	Hit Main Registration Page	1446839430521	1446839430521	1446839430637	1446839430638	OK	 
ACTION	Find Participant or Team Page	28	Hit Find Participant or Team Page	1446839430174	1446839430217	1446839430330	1446839430706	OK	 
ACTION	Search for Participant or Team Page	48	Search for Participant or Team Page	1446839430547	1446839430548	1446839430665	1446839430707	OK	 
ACTION	Individual Registration Page 1	18	Hit Individual Registration Page 1	1446839430173	1446839430413	1446839430746	1446839430746	OK	 
ACTION	Search for Participant or Team Page	48	Search for Participant or Team Page	1446839430712	1446839430713	1446839430951	1446839430953	OK	 
ACTION	Main Registration Page	8	Hit Main Registration Page	1446839430641	1446839430642	1446839430918	1446839430960	OK	 
ACTION	Find Participant or Team Page	28	Hit Find Participant or Team Page	1446839430709	1446839430710	1446839430955	1446839430999	OK	 
ACTION	Main Registration Page	8	Hit Main Registration Page	1446839430962	1446839430962	1446839431137	1446839431138	OK	 
ACTION	Search for Participant or Team Page	48	Search for Participant or Team Page	1446839430959	1446839430959	1446839431147	1446839431148	OK	 
ACTION	Company List Page	38	Hit Company List Page	1446839430174	1446839430217	1446839431124	1446839431169	OK	 
ACTION	Find Participant or Team Page	28	Hit Find Participant or Team Page	1446839431002	1446839431003	1446839431140	1446839431184	OK	 
ACTION	Company List Page	37	Hit Company List Page	1446839430398	1446839430398	1446839431204	1446839431247	OK	 
ACTION	Company List Page	36	Hit Company List Page	1446839430291	1446839430291	1446839431207	1446839431252	OK	 
ACTION	Main Registration Page	8	Hit Main Registration Page	1446839431141	1446839431141	1446839431283	1446839431284	OK	 
ACTION	Search for Participant or Team Page	48	Search for Participant or Team Page	1446839431151	1446839431151	1446839431295	1446839431296	OK	 
ACTION	Find Participant or Team Page	28	Hit Find Participant or Team Page	1446839431187	1446839431187	1446839431277	1446839431321	OK	 
ACTION	Main Registration Page	8	Hit Main Registration Page	1446839431287	1446839431288	1446839431456	1446839431457	OK	 
ACTION	Search for Participant or Team Page	48	Search for Participant or Team Page	1446839431302	1446839431303	1446839431472	1446839431473	OK	 
ACTION	Find Participant or Team Page	28	Hit Find Participant or Team Page	1446839431324	1446839431325	1446839431471	1446839431514	OK	 
ACTION	Main Registration Page	8	Hit Main Registration Page	1446839431459	1446839431460	1446839431708	1446839431749	OK	 
ACTION	Find Participant or Team Page	28	Hit Find Participant or Team Page	1446839431517	1446839431517	1446839431728	1446839431771	OK	 
ACTION	Search for Participant or Team Page	48	Search for Participant or Team Page	1446839431478	1446839431479	1446839431728	1446839431773	OK	 
ACTION	Main Registration Page	8	Hit Main Registration Page	1446839431750	1446839431750	1446839431906	1446839431907	OK	 
ACTION	Find Participant or Team Page	28	Hit Find Participant or Team Page	1446839431773	1446839431774	1446839431909	1446839431910	OK	 
ACTION	Search for Participant or Team Page	48	Search for Participant or Team Page	1446839431777	1446839431777	1446839431930	1446839431973	OK	 
ACTION	Find Participant or Team Page	28	Hit Find Participant or Team Page	1446839431913	1446839431914	1446839432027	1446839432029	OK	 
ACTION	Main Registration Page	8	Hit Main Registration Page	1446839431910	1446839431911	1446839432055	1446839432055	OK	 
SCENARIO	Main Registration Page	8	END	1446839432058
ACTION	Company List Page	38	Hit Company List Page	1446839431170	1446839431171	1446839432074	1446839432118	OK	 
ACTION	Search for Participant or Team Page	48	Search for Participant or Team Page	1446839431978	1446839431979	1446839432074	1446839432119	OK	 
SCENARIO	Search for Participant or Team Page	48	END	1446839432120
ACTION	Find Participant or Team Page	28	Hit Find Participant or Team Page	1446839432031	1446839432032	1446839432126	1446839432127	OK	 
ACTION	Find Participant or Team Page	28	Hit Find Participant or Team Page	1446839432129	1446839432129	1446839432269	1446839432270	OK	 
SCENARIO	Find Participant or Team Page	28	END	1446839432271
ACTION	Company List Page	37	Hit Company List Page	1446839431249	1446839431250	1446839432446	1446839432491	OK	 
ACTION	Company List Page	36	Hit Company List Page	1446839431255	1446839431255	1446839432485	1446839432531	OK	 
ACTION	Company List Page	38	Hit Company List Page	1446839432121	1446839432122	1446839433137	1446839433186	OK	 
SCENARIO	Find Participant or Team Page	29	START	1446839433472
SCENARIO	Main Registration Page	9	START	1446839433472
SCENARIO	Company List Page	39	START	1446839433472
SCENARIO	Join or Form a Team Page with TR Dropdown	59	START	1446839433472
SCENARIO	Search for Participant or Team Page	49	START	1446839433472
SCENARIO	Individual Registration Page 1	19	START	1446839433472
ACTION	Company List Page	37	Hit Company List Page	1446839432492	1446839432492	1446839433490	1446839433534	OK	 
ACTION	Company List Page	36	Hit Company List Page	1446839432532	1446839432532	1446839433498	1446839433543	OK	 
ACTION	Find Participant or Team Page	29	Hit Find Participant or Team Page	1446839433475	1446839433518	1446839433715	1446839433765	OK	 
ACTION	Individual Registration Page 1	19	Hit Individual Registration Page 1	1446839433473	1446839433757	1446839433887	1446839433887	OK	 
ACTION	Search for Participant or Team Page	49	Search for Participant or Team Page	1446839433477	1446839433520	1446839433885	1446839433929	OK	 
ACTION	Main Registration Page	9	Hit Main Registration Page	1446839433473	1446839433517	1446839433718	1446839434093	OK	 
ACTION	Company List Page	38	Hit Company List Page	1446839433189	1446839433189	1446839434136	1446839434178	OK	 
ACTION	Find Participant or Team Page	29	Hit Find Participant or Team Page	1446839433766	1446839433766	1446839434484	1446839434526	OK	 
ACTION	Search for Participant or Team Page	49	Search for Participant or Team Page	1446839433932	1446839433933	1446839434717	1446839434759	OK	 
ACTION	Company List Page	39	Hit Company List Page	1446839433473	1446839433517	1446839434754	1446839434795	OK	 
ACTION	Main Registration Page	9	Hit Main Registration Page	1446839434095	1446839434095	1446839434770	1446839434857	OK	 
ACTION	Company List Page	36	Hit Company List Page	1446839433545	1446839433546	1446839434983	1446839435026	OK	 
SCENARIO	Company List Page	36	END	1446839435027
ACTION	Company List Page	37	Hit Company List Page	1446839433535	1446839433536	1446839435106	1446839435148	OK	 
ACTION	Find Participant or Team Page	29	Hit Find Participant or Team Page	1446839434528	1446839434529	1446839435128	1446839435171	OK	 
ACTION	Main Registration Page	9	Hit Main Registration Page	1446839434860	1446839434861	1446839435135	1446839435177	OK	 
ACTION	Search for Participant or Team Page	49	Search for Participant or Team Page	1446839434764	1446839434765	1446839435572	1446839435615	OK	 
ACTION	Main Registration Page	9	Hit Main Registration Page	1446839435180	1446839435181	1446839435689	1446839435732	OK	 
ACTION	Company List Page	38	Hit Company List Page	1446839434180	1446839434181	1446839435909	1446839435951	OK	 
ACTION	Find Participant or Team Page	29	Hit Find Participant or Team Page	1446839435174	1446839435174	1446839435911	1446839435953	OK	 
ACTION	Main Registration Page	9	Hit Main Registration Page	1446839435733	1446839435733	1446839436184	1446839436228	OK	 
ACTION	Company List Page	39	Hit Company List Page	1446839434798	1446839434799	1446839436199	1446839436242	OK	 
ACTION	Search for Participant or Team Page	49	Search for Participant or Team Page	1446839435620	1446839435621	1446839436203	1446839436246	OK	 
ACTION	Find Participant or Team Page	29	Hit Find Participant or Team Page	1446839435955	1446839435956	1446839436236	1446839436279	OK	 
ACTION	Main Registration Page	9	Hit Main Registration Page	1446839436229	1446839436229	1446839436594	1446839436638	OK	 
ACTION	Company List Page	37	Hit Company List Page	1446839435152	1446839435152	1446839436601	1446839436644	OK	 
ACTION	Find Participant or Team Page	29	Hit Find Participant or Team Page	1446839436281	1446839436282	1446839436610	1446839436654	OK	 
SCENARIO	Join or Form a Team Page with TR Dropdown	60	START	1446839436871
SCENARIO	Individual Registration Page 1	20	START	1446839436871
SCENARIO	Company List Page	40	START	1446839436871
SCENARIO	Main Registration Page	10	START	1446839436871
SCENARIO	Search for Participant or Team Page	50	START	1446839436872
SCENARIO	Find Participant or Team Page	30	START	1446839436872
ACTION	Search for Participant or Team Page	49	Search for Participant or Team Page	1446839436248	1446839436248	1446839436930	1446839436972	OK	 
ACTION	Company List Page	38	Hit Company List Page	1446839435954	1446839435954	1446839436991	1446839437033	OK	 
ACTION	Individual Registration Page 1	20	Hit Individual Registration Page 1	1446839436873	1446839437097	1446839437266	1446839437267	OK	 
ACTION	Main Registration Page	9	Hit Main Registration Page	1446839436641	1446839436642	1446839437242	1446839437284	OK	 
ACTION	Find Participant or Team Page	29	Hit Find Participant or Team Page	1446839436657	1446839436657	1446839437548	1446839437595	OK	 
ACTION	Find Participant or Team Page	30	Hit Find Participant or Team Page	1446839436873	1446839436916	1446839437658	1446839437701	OK	 
ACTION	Main Registration Page	10	Hit Main Registration Page	1446839436876	1446839436917	1446839437705	1446839437751	OK	 
ACTION	Company List Page	39	Hit Company List Page	1446839436243	1446839436243	1446839437709	1446839437754	OK	 
ACTION	Search for Participant or Team Page	50	Search for Participant or Team Page	1446839436876	1446839436918	1446839437863	1446839437906	OK	 
ACTION	Main Registration Page	9	Hit Main Registration Page	1446839437285	1446839437285	1446839438175	1446839438218	OK	 
ACTION	Search for Participant or Team Page	49	Search for Participant or Team Page	1446839436974	1446839436974	1446839438294	1446839438337	OK	 
ACTION	Company List Page	37	Hit Company List Page	1446839436646	1446839436647	1446839438305	1446839438346	OK	 
ACTION	Company List Page	40	Hit Company List Page	1446839436873	1446839436915	1446839438326	1446839438367	OK	 
ACTION	Find Participant or Team Page	29	Hit Find Participant or Team Page	1446839437596	1446839437596	1446839438331	1446839438374	OK	 
ACTION	Main Registration Page	10	Hit Main Registration Page	1446839437752	1446839437753	1446839438340	1446839438382	OK	 
ACTION	Find Participant or Team Page	30	Hit Find Participant or Team Page	1446839437702	1446839437702	1446839438406	1446839438449	OK	 
ACTION	Main Registration Page	9	Hit Main Registration Page	1446839438221	1446839438222	1446839439171	1446839439215	OK	 
ACTION	Company List Page	38	Hit Company List Page	1446839437034	1446839437034	1446839439175	1446839439220	OK	 
ACTION	Search for Participant or Team Page	50	Search for Participant or Team Page	1446839437908	1446839437908	1446839439184	1446839439226	OK	 
ACTION	Company List Page	39	Hit Company List Page	1446839437755	1446839437755	1446839439585	1446839439628	OK	 
ACTION	Main Registration Page	10	Hit Main Registration Page	1446839438383	1446839438384	1446839439591	1446839439633	OK	 
ACTION	Find Participant or Team Page	29	Hit Find Participant or Team Page	1446839438376	1446839438376	1446839439792	1446839439838	OK	 
ACTION	Find Participant or Team Page	30	Hit Find Participant or Team Page	1446839438452	1446839438453	1446839439797	1446839439842	OK	 
ACTION	Search for Participant or Team Page	49	Search for Participant or Team Page	1446839438341	1446839438342	1446839439805	1446839439851	OK	 
ACTION	Main Registration Page	9	Hit Main Registration Page	1446839439218	1446839439219	1446839440057	1446839440100	OK	 
SCENARIO	Main Registration Page	9	END	1446839440101
ACTION	Company List Page	37	Hit Company List Page	1446839438348	1446839438348	1446839440229	1446839440273	OK	 
SCENARIO	Company List Page	37	END	1446839440275
ACTION	Search for Participant or Team Page	50	Search for Participant or Team Page	1446839439231	1446839439232	1446839440553	1446839440596	OK	 
ACTION	Company List Page	40	Hit Company List Page	1446839438369	1446839438369	1446839440555	1446839440598	OK	 
ACTION	Main Registration Page	10	Hit Main Registration Page	1446839439636	1446839439636	1446839440568	1446839440614	OK	 
ACTION	Find Participant or Team Page	29	Hit Find Participant or Team Page	1446839439839	1446839439839	1446839440582	1446839440627	OK	 
ACTION	Find Participant or Team Page	30	Hit Find Participant or Team Page	1446839439843	1446839439843	1446839440582	1446839440628	OK	 
SCENARIO	Find Participant or Team Page	29	END	1446839440629
ACTION	Search for Participant or Team Page	49	Search for Participant or Team Page	1446839439855	1446839439856	1446839440834	1446839440877	OK	 
ACTION	Company List Page	39	Hit Company List Page	1446839439631	1446839439632	1446839440902	1446839440945	OK	 
ACTION	Company List Page	38	Hit Company List Page	1446839439222	1446839439222	1446839440906	1446839440948	OK	 
ACTION	Main Registration Page	10	Hit Main Registration Page	1446839440616	1446839440617	1446839440928	1446839440970	OK	 
ACTION	Search for Participant or Team Page	50	Search for Participant or Team Page	1446839440600	1446839440601	1446839441644	1446839441687	OK	 
ACTION	Find Participant or Team Page	30	Hit Find Participant or Team Page	1446839440630	1446839440631	1446839441644	1446839441687	OK	 
ACTION	Company List Page	40	Hit Company List Page	1446839440599	1446839440600	1446839441954	1446839441998	OK	 
ACTION	Search for Participant or Team Page	49	Search for Participant or Team Page	1446839440881	1446839440882	1446839442159	1446839442202	OK	 
ACTION	Main Registration Page	10	Hit Main Registration Page	1446839440973	1446839440974	1446839442314	1446839442520	OK	 
ACTION	Company List Page	39	Hit Company List Page	1446839440948	1446839440948	1446839442477	1446839442520	OK	 
ACTION	Find Participant or Team Page	30	Hit Find Participant or Team Page	1446839441690	1446839441691	1446839442489	1446839442531	OK	 
ACTION	Company List Page	38	Hit Company List Page	1446839440950	1446839440951	1446839442737	1446839442779	OK	 
ACTION	Search for Participant or Team Page	49	Search for Participant or Team Page	1446839442208	1446839442208	1446839443126	1446839443170	OK	 
SCENARIO	Search for Participant or Team Page	49	END	1446839443170
ACTION	Main Registration Page	10	Hit Main Registration Page	1446839442523	1446839442523	1446839443132	1446839443215	OK	 
ACTION	Search for Participant or Team Page	50	Search for Participant or Team Page	1446839441693	1446839441693	1446839442804	1446839443260	OK	 
ACTION	Find Participant or Team Page	30	Hit Find Participant or Team Page	1446839442533	1446839442533	1446839443249	1446839443293	OK	 
ACTION	Company List Page	40	Hit Company List Page	1446839442001	1446839442001	1446839443524	1446839443565	OK	 
ACTION	Company List Page	39	Hit Company List Page	1446839442523	1446839442523	1446839443986	1446839444028	OK	 
ACTION	Main Registration Page	10	Hit Main Registration Page	1446839443216	1446839443217	1446839443989	1446839444072	OK	 
ACTION	Find Participant or Team Page	30	Hit Find Participant or Team Page	1446839443295	1446839443296	1446839444515	1446839444558	OK	 
ACTION	Company List Page	38	Hit Company List Page	1446839442782	1446839442783	1446839444518	1446839444560	OK	 
SCENARIO	Company List Page	38	END	1446839444561
ACTION	Search for Participant or Team Page	50	Search for Participant or Team Page	1446839443262	1446839443262	1446839444535	1446839444663	OK	 
ACTION	Company List Page	40	Hit Company List Page	1446839443568	1446839443569	1446839444924	1446839444968	OK	 
ACTION	Main Registration Page	10	Hit Main Registration Page	1446839444073	1446839444073	1446839444930	1446839444976	OK	 
ACTION	Find Participant or Team Page	30	Hit Find Participant or Team Page	1446839444561	1446839444561	1446839445464	1446839445508	OK	 
ACTION	Search for Participant or Team Page	50	Search for Participant or Team Page	1446839444665	1446839444666	1446839445550	1446839445634	OK	 
ACTION	Main Registration Page	10	Hit Main Registration Page	1446839444979	1446839444980	1446839445625	1446839445668	OK	 
SCENARIO	Main Registration Page	10	END	1446839445669
ACTION	Company List Page	39	Hit Company List Page	1446839444029	1446839444029	1446839445959	1446839446007	OK	 
ACTION	Find Participant or Team Page	30	Hit Find Participant or Team Page	1446839445510	1446839445511	1446839446112	1446839446155	OK	 
SCENARIO	Find Participant or Team Page	30	END	1446839446157
ACTION	Search for Participant or Team Page	50	Search for Participant or Team Page	1446839445639	1446839445640	1446839446337	1446839446380	OK	 
ACTION	Company List Page	40	Hit Company List Page	1446839444969	1446839444970	1446839446440	1446839446482	OK	 
ACTION	Company List Page	39	Hit Company List Page	1446839446009	1446839446010	1446839447359	1446839447402	OK	 
ACTION	Search for Participant or Team Page	50	Search for Participant or Team Page	1446839446383	1446839446383	1446839447346	1446839447429	OK	 
ACTION	Company List Page	40	Hit Company List Page	1446839446485	1446839446486	1446839448288	1446839448331	OK	 
ACTION	Search for Participant or Team Page	50	Search for Participant or Team Page	1446839447434	1446839447434	1446839448454	1446839448497	OK	 
SCENARIO	Search for Participant or Team Page	50	END	1446839448497
ACTION	Company List Page	39	Hit Company List Page	1446839447405	1446839447406	1446839448840	1446839448882	OK	 
SCENARIO	Company List Page	39	END	1446839448883
ACTION	Company List Page	40	Hit Company List Page	1446839448333	1446839448334	1446839449625	1446839449667	OK	 
ACTION	Company List Page	40	Hit Company List Page	1446839449668	1446839449668	1446839450545	1446839450587	OK	 
ACTION	Company List Page	40	Hit Company List Page	1446839450588	1446839450589	1446839451969	1446839452013	OK	 
SCENARIO	Company List Page	40	END	1446839452014
ACTION	Individual Registration Page 1	11	Hit Individual Registration Page 1 Redirect 1	1446839407465	1446839407466	1446839573286	1446839573335	OK	 
ACTION	Individual Registration Page 1	11	Hit Individual Registration Page 1	1446839573338	1446839573340	1446839573394	1446839573439	OK	 
ACTION	Individual Registration Page 1	11	Hit Individual Registration Page 1	1446839573440	1446839573441	1446839573497	1446839573543	OK	 
ACTION	Individual Registration Page 1	11	Hit Individual Registration Page 1	1446839573545	1446839573546	1446839573601	1446839573646	OK	 
ACTION	Individual Registration Page 1	11	Hit Individual Registration Page 1	1446839573649	1446839573650	1446839573704	1446839573710	OK	 
ACTION	Individual Registration Page 1	11	Hit Individual Registration Page 1	1446839573713	1446839573714	1446839573769	1446839573773	OK	 
ACTION	Individual Registration Page 1	11	Hit Individual Registration Page 1	1446839573775	1446839573776	1446839573830	1446839573836	OK	 
ACTION	Individual Registration Page 1	11	Hit Individual Registration Page 1	1446839573839	1446839573839	1446839573894	1446839573900	OK	 
ACTION	Individual Registration Page 1	11	Hit Individual Registration Page 1	1446839573903	1446839573904	1446839573959	1446839574047	OK	 
ACTION	Individual Registration Page 1	11	Hit Individual Registration Page 1	1446839574050	1446839574051	1446839574108	1446839574154	OK	 
SCENARIO	Individual Registration Page 1	11	END	1446839574154
ACTION	Join or Form a Team Page with TR Dropdown	51	Hit Join or Form a Team Page with TR Dropdown	1446839406902	1446839407408	1446839578485	1446839578531	OK	 
ACTION	Join or Form a Team Page with TR Dropdown	52	Hit Join or Form a Team Page with TR Dropdown	1446839410174	1446839410430	1446839586980	1446839587072	OK	 
ACTION	Individual Registration Page 1	12	Hit Individual Registration Page 1 Redirect 1	1446839410750	1446839410753	1446839588122	1446839588173	OK	 
ACTION	Individual Registration Page 1	12	Hit Individual Registration Page 1	1446839588174	1446839588174	1446839588228	1446839588276	OK	 
ACTION	Individual Registration Page 1	12	Hit Individual Registration Page 1	1446839588277	1446839588277	1446839588330	1446839588374	OK	 
ACTION	Individual Registration Page 1	12	Hit Individual Registration Page 1	1446839588375	1446839588375	1446839588430	1446839588474	OK	 
ACTION	Individual Registration Page 1	12	Hit Individual Registration Page 1	1446839588475	1446839588475	1446839588528	1446839588532	OK	 
ACTION	Individual Registration Page 1	12	Hit Individual Registration Page 1	1446839588533	1446839588534	1446839588589	1446839588593	OK	 
ACTION	Individual Registration Page 1	12	Hit Individual Registration Page 1	1446839588593	1446839588594	1446839588648	1446839589099	OK	 
ACTION	Individual Registration Page 1	12	Hit Individual Registration Page 1	1446839589102	1446839589103	1446839589159	1446839589287	OK	 
ACTION	Individual Registration Page 1	12	Hit Individual Registration Page 1	1446839589290	1446839589291	1446839589346	1446839589473	OK	 
ACTION	Individual Registration Page 1	12	Hit Individual Registration Page 1	1446839589476	1446839589477	1446839589533	1446839589620	OK	 
SCENARIO	Individual Registration Page 1	12	END	1446839589621
ACTION	Individual Registration Page 1	13	Hit Individual Registration Page 1 Redirect 1	1446839413767	1446839413768	1446839597312	1446839597358	OK	 
ACTION	Individual Registration Page 1	13	Hit Individual Registration Page 1	1446839597360	1446839597361	1446839597419	1446839597464	OK	 
ACTION	Individual Registration Page 1	13	Hit Individual Registration Page 1	1446839597466	1446839597467	1446839597523	1446839597567	OK	 
ACTION	Individual Registration Page 1	13	Hit Individual Registration Page 1	1446839597569	1446839597570	1446839597625	1446839597670	OK	 
ACTION	Individual Registration Page 1	13	Hit Individual Registration Page 1	1446839597672	1446839597673	1446839597729	1446839597733	OK	 
ACTION	Individual Registration Page 1	13	Hit Individual Registration Page 1	1446839597736	1446839597736	1446839597792	1446839597796	OK	 
ACTION	Individual Registration Page 1	13	Hit Individual Registration Page 1	1446839597798	1446839597799	1446839597855	1446839597859	OK	 
ACTION	Individual Registration Page 1	13	Hit Individual Registration Page 1	1446839597862	1446839597863	1446839597920	1446839597923	OK	 
ACTION	Individual Registration Page 1	13	Hit Individual Registration Page 1	1446839597925	1446839597926	1446839597980	1446839598066	OK	 
ACTION	Individual Registration Page 1	13	Hit Individual Registration Page 1	1446839598068	1446839598069	1446839598124	1446839598170	OK	 
SCENARIO	Individual Registration Page 1	13	END	1446839598172
ACTION	Join or Form a Team Page with TR Dropdown	53	Hit Join or Form a Team Page with TR Dropdown	1446839413474	1446839413704	1446839601404	1446839601450	OK	 
ACTION	Individual Registration Page 1	14	Hit Individual Registration Page 1 Redirect 1	1446839417303	1446839417304	1446839605780	1446839605826	OK	 
ACTION	Individual Registration Page 1	14	Hit Individual Registration Page 1	1446839605826	1446839605827	1446839605881	1446839605926	OK	 
ACTION	Individual Registration Page 1	14	Hit Individual Registration Page 1	1446839605926	1446839605927	1446839605981	1446839606025	OK	 
ACTION	Individual Registration Page 1	14	Hit Individual Registration Page 1	1446839606026	1446839606026	1446839606082	1446839606129	OK	 
ACTION	Individual Registration Page 1	14	Hit Individual Registration Page 1	1446839606132	1446839606133	1446839606189	1446839606193	OK	 
ACTION	Individual Registration Page 1	14	Hit Individual Registration Page 1	1446839606195	1446839606196	1446839606254	1446839606259	OK	 
ACTION	Join or Form a Team Page with TR Dropdown	54	Hit Join or Form a Team Page with TR Dropdown	1446839416874	1446839417113	1446839606225	1446839606273	OK	 
ACTION	Individual Registration Page 1	14	Hit Individual Registration Page 1	1446839606261	1446839606262	1446839606329	1446839606753	OK	 
ACTION	Individual Registration Page 1	14	Hit Individual Registration Page 1	1446839606756	1446839606757	1446839606816	1446839606941	OK	 
ACTION	Individual Registration Page 1	14	Hit Individual Registration Page 1	1446839606944	1446839606945	1446839607004	1446839607344	OK	 
ACTION	Individual Registration Page 1	14	Hit Individual Registration Page 1	1446839607347	1446839607348	1446839607405	1446839607573	OK	 
SCENARIO	Individual Registration Page 1	14	END	1446839607574
ACTION	Individual Registration Page 1	15	Hit Individual Registration Page 1 Redirect 1	1446839420680	1446839420681	1446839613036	1446839613083	OK	 
ACTION	Individual Registration Page 1	15	Hit Individual Registration Page 1	1446839613086	1446839613087	1446839613142	1446839613514	OK	 
ACTION	Individual Registration Page 1	15	Hit Individual Registration Page 1	1446839613516	1446839613517	1446839613575	1446839613698	OK	 
ACTION	Individual Registration Page 1	15	Hit Individual Registration Page 1	1446839613701	1446839613702	1446839613758	1446839613811	OK	 
ACTION	Individual Registration Page 1	15	Hit Individual Registration Page 1	1446839613814	1446839613815	1446839613873	1446839613922	OK	 
ACTION	Individual Registration Page 1	15	Hit Individual Registration Page 1	1446839613924	1446839613925	1446839613982	1446839614029	OK	 
ACTION	Join or Form a Team Page with TR Dropdown	55	Hit Join or Form a Team Page with TR Dropdown	1446839420173	1446839420627	1446839614009	1446839614053	OK	 
ACTION	Individual Registration Page 1	15	Hit Individual Registration Page 1	1446839614032	1446839614033	1446839614088	1446839614134	OK	 
ACTION	Individual Registration Page 1	15	Hit Individual Registration Page 1	1446839614137	1446839614138	1446839614194	1446839614240	OK	 
ACTION	Individual Registration Page 1	15	Hit Individual Registration Page 1	1446839614242	1446839614243	1446839614333	1446839614380	OK	 
ACTION	Individual Registration Page 1	15	Hit Individual Registration Page 1	1446839614382	1446839614383	1446839614446	1446839614490	OK	 
SCENARIO	Individual Registration Page 1	15	END	1446839614492
ACTION	Join or Form a Team Page with TR Dropdown	56	Hit Join or Form a Team Page with TR Dropdown	1446839423473	1446839423709	1446839617267	1446839617314	OK	 
ACTION	Individual Registration Page 1	16	Hit Individual Registration Page 1 Redirect 1	1446839424113	1446839424114	1446839618400	1446839618446	OK	 
ACTION	Individual Registration Page 1	16	Hit Individual Registration Page 1	1446839618449	1446839618450	1446839618506	1446839618551	OK	 
ACTION	Individual Registration Page 1	16	Hit Individual Registration Page 1	1446839618554	1446839618554	1446839618611	1446839618984	OK	 
ACTION	Individual Registration Page 1	16	Hit Individual Registration Page 1	1446839618986	1446839618987	1446839619048	1446839619172	OK	 
ACTION	Individual Registration Page 1	16	Hit Individual Registration Page 1	1446839619174	1446839619175	1446839619231	1446839619277	OK	 
ACTION	Individual Registration Page 1	16	Hit Individual Registration Page 1	1446839619280	1446839619281	1446839619336	1446839619383	OK	 
ACTION	Individual Registration Page 1	17	Hit Individual Registration Page 1 Redirect 1	1446839427167	1446839427170	1446839619376	1446839619423	OK	 
ACTION	Individual Registration Page 1	16	Hit Individual Registration Page 1	1446839619386	1446839619387	1446839619442	1446839619490	OK	 
ACTION	Individual Registration Page 1	17	Hit Individual Registration Page 1	1446839619425	1446839619426	1446839619482	1446839619529	OK	 
ACTION	Individual Registration Page 1	16	Hit Individual Registration Page 1	1446839619493	1446839619494	1446839619549	1446839619595	OK	 
ACTION	Individual Registration Page 1	17	Hit Individual Registration Page 1	1446839619532	1446839619533	1446839619591	1446839619638	OK	 
ACTION	Individual Registration Page 1	16	Hit Individual Registration Page 1	1446839619598	1446839619599	1446839619655	1446839619701	OK	 
ACTION	Individual Registration Page 1	17	Hit Individual Registration Page 1	1446839619640	1446839619641	1446839619696	1446839619742	OK	 
ACTION	Individual Registration Page 1	16	Hit Individual Registration Page 1	1446839619703	1446839619703	1446839619760	1446839619807	OK	 
SCENARIO	Individual Registration Page 1	16	END	1446839619808
ACTION	Individual Registration Page 1	17	Hit Individual Registration Page 1	1446839619744	1446839619745	1446839619804	1446839619808	OK	 
ACTION	Individual Registration Page 1	17	Hit Individual Registration Page 1	1446839619810	1446839619811	1446839619870	1446839619873	OK	 
ACTION	Individual Registration Page 1	17	Hit Individual Registration Page 1	1446839619876	1446839619877	1446839619932	1446839619936	OK	 
ACTION	Individual Registration Page 1	17	Hit Individual Registration Page 1	1446839619937	1446839619937	1446839619992	1446839619995	OK	 
ACTION	Individual Registration Page 1	17	Hit Individual Registration Page 1	1446839619998	1446839619998	1446839620053	1446839620056	OK	 
ACTION	Individual Registration Page 1	17	Hit Individual Registration Page 1	1446839620057	1446839620057	1446839620112	1446839620115	OK	 
SCENARIO	Individual Registration Page 1	17	END	1446839620116
ACTION	Individual Registration Page 1	18	Hit Individual Registration Page 1 Redirect 1	1446839430747	1446839430750	1446839620724	1446839620770	OK	 
ACTION	Individual Registration Page 1	18	Hit Individual Registration Page 1	1446839620772	1446839620773	1446839620832	1446839620876	OK	 
ACTION	Join or Form a Team Page with TR Dropdown	57	Hit Join or Form a Team Page with TR Dropdown	1446839426873	1446839427114	1446839620840	1446839620885	OK	 
ACTION	Individual Registration Page 1	18	Hit Individual Registration Page 1	1446839620879	1446839620880	1446839620937	1446839620980	OK	 
ACTION	Individual Registration Page 1	18	Hit Individual Registration Page 1	1446839620982	1446839620983	1446839621038	1446839621082	OK	 
ACTION	Individual Registration Page 1	18	Hit Individual Registration Page 1	1446839621084	1446839621085	1446839621140	1446839621144	OK	 
ACTION	Individual Registration Page 1	18	Hit Individual Registration Page 1	1446839621146	1446839621147	1446839621201	1446839621204	OK	 
ACTION	Individual Registration Page 1	18	Hit Individual Registration Page 1	1446839621206	1446839621207	1446839621264	1446839621267	OK	 
ACTION	Individual Registration Page 1	18	Hit Individual Registration Page 1	1446839621269	1446839621269	1446839621325	1446839621328	OK	 
ACTION	Individual Registration Page 1	18	Hit Individual Registration Page 1	1446839621330	1446839621331	1446839621385	1446839621388	OK	 
ACTION	Individual Registration Page 1	18	Hit Individual Registration Page 1	1446839621390	1446839621390	1446839621444	1446839621447	OK	 
SCENARIO	Individual Registration Page 1	18	END	1446839621448
ACTION	Join or Form a Team Page with TR Dropdown	58	Hit Join or Form a Team Page with TR Dropdown	1446839430174	1446839430412	1446839622131	1446839622176	OK	 
ACTION	Individual Registration Page 1	19	Hit Individual Registration Page 1 Redirect 1	1446839433887	1446839433888	1446839624523	1446839624611	OK	 
ACTION	Individual Registration Page 1	19	Hit Individual Registration Page 1	1446839624612	1446839624612	1446839624673	1446839624717	OK	 
ACTION	Individual Registration Page 1	19	Hit Individual Registration Page 1	1446839624718	1446839624718	1446839624775	1446839624819	OK	 
ACTION	Individual Registration Page 1	19	Hit Individual Registration Page 1	1446839624820	1446839624820	1446839624875	1446839624920	OK	 
ACTION	Individual Registration Page 1	19	Hit Individual Registration Page 1	1446839624921	1446839624921	1446839624979	1446839625030	OK	 
ACTION	Individual Registration Page 1	19	Hit Individual Registration Page 1	1446839625030	1446839625030	1446839625090	1446839625135	OK	 
ACTION	Individual Registration Page 1	19	Hit Individual Registration Page 1	1446839625137	1446839625138	1446839625198	1446839625243	OK	 
ACTION	Individual Registration Page 1	19	Hit Individual Registration Page 1	1446839625245	1446839625246	1446839625308	1446839625354	OK	 
ACTION	Individual Registration Page 1	19	Hit Individual Registration Page 1	1446839625357	1446839625357	1446839625412	1446839625458	OK	 
ACTION	Individual Registration Page 1	19	Hit Individual Registration Page 1	1446839625460	1446839625461	1446839625520	1446839625566	OK	 
SCENARIO	Individual Registration Page 1	19	END	1446839625568
ACTION	Join or Form a Team Page with TR Dropdown	59	Hit Join or Form a Team Page with TR Dropdown	1446839433474	1446839433721	1446839625664	1446839625755	OK	 
ACTION	Join or Form a Team Page with TR Dropdown	60	Hit Join or Form a Team Page with TR Dropdown	1446839436876	1446839437099	1446839626291	1446839626378	OK	 
ACTION	Individual Registration Page 1	20	Hit Individual Registration Page 1 Redirect 1	1446839437268	1446839437270	1446839628561	1446839628647	OK	 
ACTION	Individual Registration Page 1	20	Hit Individual Registration Page 1	1446839628649	1446839628650	1446839628705	1446839628750	OK	 
ACTION	Individual Registration Page 1	20	Hit Individual Registration Page 1	1446839628753	1446839628754	1446839628810	1446839628854	OK	 
ACTION	Individual Registration Page 1	20	Hit Individual Registration Page 1	1446839628856	1446839628856	1446839628911	1446839628956	OK	 
ACTION	Individual Registration Page 1	20	Hit Individual Registration Page 1	1446839628958	1446839628959	1446839629013	1446839629070	OK	 
ACTION	Individual Registration Page 1	20	Hit Individual Registration Page 1	1446839629072	1446839629073	1446839629158	1446839629203	OK	 
ACTION	Individual Registration Page 1	20	Hit Individual Registration Page 1	1446839629205	1446839629206	1446839629260	1446839629305	OK	 
ACTION	Individual Registration Page 1	20	Hit Individual Registration Page 1	1446839629307	1446839629308	1446839629364	1446839629408	OK	 
ACTION	Individual Registration Page 1	20	Hit Individual Registration Page 1	1446839629410	1446839629410	1446839629464	1446839629509	OK	 
ACTION	Individual Registration Page 1	20	Hit Individual Registration Page 1	1446839629512	1446839629513	1446839629568	1446839629612	OK	 
SCENARIO	Individual Registration Page 1	20	END	1446839629614
ACTION	Join or Form a Team Page with TR Dropdown	51	Hit Join or Form a Team Page with TR Dropdown	1446839578534	1446839578535	1446839697749	1446839697798	OK	 
ACTION	Join or Form a Team Page with TR Dropdown	52	Hit Join or Form a Team Page with TR Dropdown	1446839587076	1446839587077	1446839701751	1446839701838	OK	 
ACTION	Join or Form a Team Page with TR Dropdown	53	Hit Join or Form a Team Page with TR Dropdown	1446839601452	1446839601453	1446839708752	1446839708804	OK	 
ACTION	Join or Form a Team Page with TR Dropdown	54	Hit Join or Form a Team Page with TR Dropdown	1446839606275	1446839606276	1446839710795	1446839710841	OK	 
ACTION	Join or Form a Team Page with TR Dropdown	55	Hit Join or Form a Team Page with TR Dropdown	1446839614056	1446839614057	1446839714715	1446839714762	OK	 
ACTION	Join or Form a Team Page with TR Dropdown	56	Hit Join or Form a Team Page with TR Dropdown	1446839617315	1446839617316	1446839717279	1446839717328	OK	 
ACTION	Join or Form a Team Page with TR Dropdown	57	Hit Join or Form a Team Page with TR Dropdown	1446839620887	1446839620888	1446839720707	1446839720755	OK	 
ACTION	Join or Form a Team Page with TR Dropdown	58	Hit Join or Form a Team Page with TR Dropdown	1446839622179	1446839622180	1446839722550	1446839722596	OK	 
ACTION	Join or Form a Team Page with TR Dropdown	60	Hit Join or Form a Team Page with TR Dropdown	1446839626381	1446839626382	1446839724817	1446839724862	OK	 
ACTION	Join or Form a Team Page with TR Dropdown	59	Hit Join or Form a Team Page with TR Dropdown	1446839625757	1446839625759	1446839724255	1446839725130	OK	 
ACTION	Join or Form a Team Page with TR Dropdown	51	Hit Join or Form a Team Page with TR Dropdown	1446839697802	1446839697803	1446839796464	1446839796510	OK	 
ACTION	Join or Form a Team Page with TR Dropdown	52	Hit Join or Form a Team Page with TR Dropdown	1446839701840	1446839701841	1446839799414	1446839799464	OK	 
ACTION	Join or Form a Team Page with TR Dropdown	53	Hit Join or Form a Team Page with TR Dropdown	1446839708806	1446839708807	1446839806913	1446839806959	OK	 
ACTION	Join or Form a Team Page with TR Dropdown	54	Hit Join or Form a Team Page with TR Dropdown	1446839710842	1446839710843	1446839809572	1446839809620	OK	 
ACTION	Join or Form a Team Page with TR Dropdown	55	Hit Join or Form a Team Page with TR Dropdown	1446839714764	1446839714765	1446839813901	1446839813949	OK	 
ACTION	Join or Form a Team Page with TR Dropdown	56	Hit Join or Form a Team Page with TR Dropdown	1446839717330	1446839717331	1446839815598	1446839815977	OK	 
ACTION	Join or Form a Team Page with TR Dropdown	57	Hit Join or Form a Team Page with TR Dropdown	1446839720757	1446839720758	1446839820743	1446839820788	OK	 
ACTION	Join or Form a Team Page with TR Dropdown	58	Hit Join or Form a Team Page with TR Dropdown	1446839722597	1446839722598	1446839820984	1446839821031	OK	 
ACTION	Join or Form a Team Page with TR Dropdown	59	Hit Join or Form a Team Page with TR Dropdown	1446839725133	1446839725134	1446839823180	1446839823347	OK	 
ACTION	Join or Form a Team Page with TR Dropdown	60	Hit Join or Form a Team Page with TR Dropdown	1446839724863	1446839724864	1446839824823	1446839824872	OK	 
ACTION	Join or Form a Team Page with TR Dropdown	51	Hit Join or Form a Team Page with TR Dropdown	1446839796514	1446839796516	1446839896434	1446839896483	OK	 
ACTION	Join or Form a Team Page with TR Dropdown	52	Hit Join or Form a Team Page with TR Dropdown	1446839799466	1446839799467	1446839898305	1446839898433	OK	 
ACTION	Join or Form a Team Page with TR Dropdown	53	Hit Join or Form a Team Page with TR Dropdown	1446839806962	1446839806963	1446839907544	1446839907589	OK	 
ACTION	Join or Form a Team Page with TR Dropdown	54	Hit Join or Form a Team Page with TR Dropdown	1446839809621	1446839809622	1446839910717	1446839910762	OK	 
ACTION	Join or Form a Team Page with TR Dropdown	55	Hit Join or Form a Team Page with TR Dropdown	1446839813951	1446839813952	1446839913665	1446839913755	OK	 
ACTION	Join or Form a Team Page with TR Dropdown	56	Hit Join or Form a Team Page with TR Dropdown	1446839815980	1446839815981	1446839914220	1446839914266	OK	 
ACTION	Join or Form a Team Page with TR Dropdown	57	Hit Join or Form a Team Page with TR Dropdown	1446839820789	1446839820790	1446839919160	1446839919206	OK	 
ACTION	Join or Form a Team Page with TR Dropdown	58	Hit Join or Form a Team Page with TR Dropdown	1446839821033	1446839821035	1446839922149	1446839922196	OK	 
ACTION	Join or Form a Team Page with TR Dropdown	59	Hit Join or Form a Team Page with TR Dropdown	1446839823350	1446839823351	1446839922630	1446839922724	OK	 
ACTION	Join or Form a Team Page with TR Dropdown	60	Hit Join or Form a Team Page with TR Dropdown	1446839824873	1446839824874	1446839924399	1446839924443	OK	 
ACTION	Join or Form a Team Page with TR Dropdown	51	Hit Join or Form a Team Page with TR Dropdown	1446839896484	1446839896485	1446839994797	1446839994847	OK	 
ACTION	Join or Form a Team Page with TR Dropdown	52	Hit Join or Form a Team Page with TR Dropdown	1446839898435	1446839898436	1446839996588	1446839996636	OK	 
ACTION	Join or Form a Team Page with TR Dropdown	53	Hit Join or Form a Team Page with TR Dropdown	1446839907592	1446839907593	1446840006029	1446840006082	OK	 
ACTION	Join or Form a Team Page with TR Dropdown	54	Hit Join or Form a Team Page with TR Dropdown	1446839910764	1446839910765	1446840009631	1446840009679	OK	 
ACTION	Join or Form a Team Page with TR Dropdown	56	Hit Join or Form a Team Page with TR Dropdown	1446839914267	1446839914267	1446840012692	1446840012741	OK	 
ACTION	Join or Form a Team Page with TR Dropdown	55	Hit Join or Form a Team Page with TR Dropdown	1446839913756	1446839913757	1446840013532	1446840013910	OK	 
ACTION	Join or Form a Team Page with TR Dropdown	57	Hit Join or Form a Team Page with TR Dropdown	1446839919207	1446839919208	1446840017373	1446840017423	OK	 
ACTION	Join or Form a Team Page with TR Dropdown	58	Hit Join or Form a Team Page with TR Dropdown	1446839922199	1446839922200	1446840021047	1446840021097	OK	 
ACTION	Join or Form a Team Page with TR Dropdown	60	Hit Join or Form a Team Page with TR Dropdown	1446839924444	1446839924444	1446840021535	1446840021581	OK	 
ACTION	Join or Form a Team Page with TR Dropdown	59	Hit Join or Form a Team Page with TR Dropdown	1446839922727	1446839922728	1446840022178	1446840022227	OK	 
ACTION	Join or Form a Team Page with TR Dropdown	51	Hit Join or Form a Team Page with TR Dropdown	1446839994849	1446839994849	1446840094443	1446840094489	OK	 
ACTION	Join or Form a Team Page with TR Dropdown	52	Hit Join or Form a Team Page with TR Dropdown	1446839996638	1446839996639	1446840096483	1446840096925	OK	 
ACTION	Join or Form a Team Page with TR Dropdown	53	Hit Join or Form a Team Page with TR Dropdown	1446840006085	1446840006086	1446840103164	1446840103211	OK	 
ACTION	Join or Form a Team Page with TR Dropdown	54	Hit Join or Form a Team Page with TR Dropdown	1446840009682	1446840009683	1446840108714	1446840108772	OK	 
ACTION	Join or Form a Team Page with TR Dropdown	56	Hit Join or Form a Team Page with TR Dropdown	1446840012744	1446840012745	1446840111038	1446840111085	OK	 
ACTION	Join or Form a Team Page with TR Dropdown	55	Hit Join or Form a Team Page with TR Dropdown	1446840013912	1446840013913	1446840111905	1446840111952	OK	 
ACTION	Join or Form a Team Page with TR Dropdown	57	Hit Join or Form a Team Page with TR Dropdown	1446840017425	1446840017425	1446840117658	1446840118031	OK	 
ACTION	Join or Form a Team Page with TR Dropdown	60	Hit Join or Form a Team Page with TR Dropdown	1446840021583	1446840021584	1446840118937	1446840118984	OK	 
ACTION	Join or Form a Team Page with TR Dropdown	58	Hit Join or Form a Team Page with TR Dropdown	1446840021100	1446840021102	1446840119597	1446840119642	OK	 
ACTION	Join or Form a Team Page with TR Dropdown	59	Hit Join or Form a Team Page with TR Dropdown	1446840022230	1446840022231	1446840120144	1446840120190	OK	 
ACTION	Join or Form a Team Page with TR Dropdown	51	Hit Join or Form a Team Page with TR Dropdown	1446840094491	1446840094491	1446840192610	1446840192657	OK	 
ACTION	Join or Form a Team Page with TR Dropdown	52	Hit Join or Form a Team Page with TR Dropdown	1446840096928	1446840096929	1446840196591	1446840196717	OK	 
ACTION	Join or Form a Team Page with TR Dropdown	53	Hit Join or Form a Team Page with TR Dropdown	1446840103212	1446840103212	1446840204209	1446840204255	OK	 
ACTION	Join or Form a Team Page with TR Dropdown	54	Hit Join or Form a Team Page with TR Dropdown	1446840108774	1446840108775	1446840205009	1446840205063	OK	 
ACTION	Join or Form a Team Page with TR Dropdown	55	Hit Join or Form a Team Page with TR Dropdown	1446840111954	1446840111954	1446840209301	1446840209346	OK	 
ACTION	Join or Form a Team Page with TR Dropdown	56	Hit Join or Form a Team Page with TR Dropdown	1446840111086	1446840111087	1446840210319	1446840210366	OK	 
ACTION	Join or Form a Team Page with TR Dropdown	57	Hit Join or Form a Team Page with TR Dropdown	1446840118033	1446840118033	1446840216494	1446840216538	OK	 
ACTION	Join or Form a Team Page with TR Dropdown	59	Hit Join or Form a Team Page with TR Dropdown	1446840120191	1446840120192	1446840217776	1446840217827	OK	 
ACTION	Join or Form a Team Page with TR Dropdown	60	Hit Join or Form a Team Page with TR Dropdown	1446840118985	1446840118986	1446840217947	1446840218046	OK	 
ACTION	Join or Form a Team Page with TR Dropdown	58	Hit Join or Form a Team Page with TR Dropdown	1446840119644	1446840119644	1446840220792	1446840220840	OK	 
ACTION	Join or Form a Team Page with TR Dropdown	51	Hit Join or Form a Team Page with TR Dropdown	1446840192662	1446840192663	1446840292222	1446840292278	OK	 
ACTION	Join or Form a Team Page with TR Dropdown	52	Hit Join or Form a Team Page with TR Dropdown	1446840196718	1446840196719	1446840296020	1446840296068	OK	 
ACTION	Join or Form a Team Page with TR Dropdown	54	Hit Join or Form a Team Page with TR Dropdown	1446840205064	1446840205065	1446840302469	1446840302517	OK	 
ACTION	Join or Form a Team Page with TR Dropdown	53	Hit Join or Form a Team Page with TR Dropdown	1446840204256	1446840204257	1446840303217	1446840303266	OK	 
ACTION	Join or Form a Team Page with TR Dropdown	55	Hit Join or Form a Team Page with TR Dropdown	1446840209347	1446840209347	1446840308533	1446840308580	OK	 
ACTION	Join or Form a Team Page with TR Dropdown	56	Hit Join or Form a Team Page with TR Dropdown	1446840210368	1446840210369	1446840308589	1446840308633	OK	 
ACTION	Join or Form a Team Page with TR Dropdown	59	Hit Join or Form a Team Page with TR Dropdown	1446840217830	1446840217830	1446840316772	1446840316819	OK	 
ACTION	Join or Form a Team Page with TR Dropdown	60	Hit Join or Form a Team Page with TR Dropdown	1446840218047	1446840218048	1446840316782	1446840316827	OK	 
ACTION	Join or Form a Team Page with TR Dropdown	57	Hit Join or Form a Team Page with TR Dropdown	1446840216539	1446840216539	1446840317112	1446840317162	OK	 
ACTION	Join or Form a Team Page with TR Dropdown	58	Hit Join or Form a Team Page with TR Dropdown	1446840220842	1446840220843	1446840320150	1446840320200	OK	 
ACTION	Join or Form a Team Page with TR Dropdown	51	Hit Join or Form a Team Page with TR Dropdown	1446840292280	1446840292280	1446840390958	1446840391003	OK	 
ACTION	Join or Form a Team Page with TR Dropdown	52	Hit Join or Form a Team Page with TR Dropdown	1446840296070	1446840296070	1446840394295	1446840394340	OK	 
ACTION	Join or Form a Team Page with TR Dropdown	54	Hit Join or Form a Team Page with TR Dropdown	1446840302520	1446840302521	1446840402124	1446840402169	OK	 
ACTION	Join or Form a Team Page with TR Dropdown	53	Hit Join or Form a Team Page with TR Dropdown	1446840303269	1446840303270	1446840403775	1446840403821	OK	 
ACTION	Join or Form a Team Page with TR Dropdown	55	Hit Join or Form a Team Page with TR Dropdown	1446840308582	1446840308582	1446840407432	1446840407481	OK	 
ACTION	Join or Form a Team Page with TR Dropdown	56	Hit Join or Form a Team Page with TR Dropdown	1446840308634	1446840308635	1446840407733	1446840407783	OK	 
ACTION	Join or Form a Team Page with TR Dropdown	59	Hit Join or Form a Team Page with TR Dropdown	1446840316821	1446840316822	1446840414001	1446840414048	OK	 
ACTION	Join or Form a Team Page with TR Dropdown	57	Hit Join or Form a Team Page with TR Dropdown	1446840317165	1446840317166	1446840416804	1446840416850	OK	 
ACTION	Join or Form a Team Page with TR Dropdown	60	Hit Join or Form a Team Page with TR Dropdown	1446840316828	1446840316829	1446840417998	1446840418045	OK	 
ACTION	Join or Form a Team Page with TR Dropdown	58	Hit Join or Form a Team Page with TR Dropdown	1446840320202	1446840320203	1446840420139	1446840420189	OK	 
ACTION	Join or Form a Team Page with TR Dropdown	51	Hit Join or Form a Team Page with TR Dropdown	1446840391005	1446840391005	1446840492378	1446840492426	OK	 
SCENARIO	Join or Form a Team Page with TR Dropdown	51	END	1446840492428
ACTION	Join or Form a Team Page with TR Dropdown	52	Hit Join or Form a Team Page with TR Dropdown	1446840394341	1446840394341	1446840493190	1446840493653	OK	 
SCENARIO	Join or Form a Team Page with TR Dropdown	52	END	1446840493654
ACTION	Join or Form a Team Page with TR Dropdown	54	Hit Join or Form a Team Page with TR Dropdown	1446840402171	1446840402172	1446840498988	1446840499035	OK	 
SCENARIO	Join or Form a Team Page with TR Dropdown	54	END	1446840499036
ACTION	Join or Form a Team Page with TR Dropdown	53	Hit Join or Form a Team Page with TR Dropdown	1446840403823	1446840403824	1446840501454	1446840501498	OK	 
SCENARIO	Join or Form a Team Page with TR Dropdown	53	END	1446840501499
ACTION	Join or Form a Team Page with TR Dropdown	55	Hit Join or Form a Team Page with TR Dropdown	1446840407482	1446840407482	1446840502898	1446840502950	OK	 
SCENARIO	Join or Form a Team Page with TR Dropdown	55	END	1446840502951
ACTION	Join or Form a Team Page with TR Dropdown	56	Hit Join or Form a Team Page with TR Dropdown	1446840407786	1446840407787	1446840504655	1446840504703	OK	 
SCENARIO	Join or Form a Team Page with TR Dropdown	56	END	1446840504705
ACTION	Join or Form a Team Page with TR Dropdown	59	Hit Join or Form a Team Page with TR Dropdown	1446840414050	1446840414050	1446840506554	1446840506602	OK	 
SCENARIO	Join or Form a Team Page with TR Dropdown	59	END	1446840506603
ACTION	Join or Form a Team Page with TR Dropdown	57	Hit Join or Form a Team Page with TR Dropdown	1446840416851	1446840416852	1446840507173	1446840507219	OK	 
SCENARIO	Join or Form a Team Page with TR Dropdown	57	END	1446840507219
ACTION	Join or Form a Team Page with TR Dropdown	60	Hit Join or Form a Team Page with TR Dropdown	1446840418047	1446840418048	1446840508436	1446840508481	OK	 
SCENARIO	Join or Form a Team Page with TR Dropdown	60	END	1446840508482
ACTION	Join or Form a Team Page with TR Dropdown	58	Hit Join or Form a Team Page with TR Dropdown	1446840420190	1446840420190	1446840509040	1446840509086	OK	 
SCENARIO	Join or Form a Team Page with TR Dropdown	58	END	1446840509088
