RUN	20151103132030	basicexamplesimulation	basicexamplesimulation
SCENARIO	Get User Details	1	START	1446578430931
ACTION	Get User Details	1	Hit Registration Page with TR Dropdown	1446578431185	1446578431185	1446578431193	1446578431195	OK	 
ACTION	Get User Details	1	Hit Registration Page with TR Dropdown Redirect 1	1446578431207	1446578431209	1446578431261	1446578431264	OK	 
SCENARIO	Get User Details	1	END	1446578431275
SCENARIO	Get User Details	2	START	1446578431530
ACTION	Get User Details	2	Hit Registration Page with TR Dropdown	1446578431531	1446578431532	1446578431544	1446578431544	OK	 
ACTION	Get User Details	2	Hit Registration Page with TR Dropdown Redirect 1	1446578431545	1446578431545	1446578431594	1446578431595	OK	 
SCENARIO	Get User Details	2	END	1446578431595
SCENARIO	Get User Details	3	START	1446578432130
ACTION	Get User Details	3	Hit Registration Page with TR Dropdown	1446578432131	1446578432132	1446578432154	1446578432154	OK	 
ACTION	Get User Details	3	Hit Registration Page with TR Dropdown Redirect 1	1446578432154	1446578432155	1446578432193	1446578432196	OK	 
SCENARIO	Get User Details	3	END	1446578432196
SCENARIO	Get User Details	4	START	1446578432730
ACTION	Get User Details	4	Hit Registration Page with TR Dropdown	1446578432731	1446578432732	1446578432762	1446578432762	OK	 
ACTION	Get User Details	4	Hit Registration Page with TR Dropdown Redirect 1	1446578432763	1446578432764	1446578432808	1446578432809	OK	 
SCENARIO	Get User Details	4	END	1446578432809
SCENARIO	Get User Details	5	START	1446578433430
ACTION	Get User Details	5	Hit Registration Page with TR Dropdown	1446578433431	1446578433432	1446578433452	1446578433452	OK	 
ACTION	Get User Details	5	Hit Registration Page with TR Dropdown Redirect 1	1446578433453	1446578433454	1446578433491	1446578433492	OK	 
SCENARIO	Get User Details	5	END	1446578433492
SCENARIO	Get User Details	6	START	1446578434030
ACTION	Get User Details	6	Hit Registration Page with TR Dropdown	1446578434031	1446578434033	1446578434049	1446578434049	OK	 
ACTION	Get User Details	6	Hit Registration Page with TR Dropdown Redirect 1	1446578434050	1446578434052	1446578434089	1446578434090	OK	 
SCENARIO	Get User Details	6	END	1446578434090
SCENARIO	Get User Details	7	START	1446578434630
ACTION	Get User Details	7	Hit Registration Page with TR Dropdown	1446578434631	1446578434635	1446578434652	1446578434652	OK	 
ACTION	Get User Details	7	Hit Registration Page with TR Dropdown Redirect 1	1446578434653	1446578434654	1446578434697	1446578434698	OK	 
SCENARIO	Get User Details	7	END	1446578434698
SCENARIO	Get User Details	8	START	1446578435230
ACTION	Get User Details	8	Hit Registration Page with TR Dropdown	1446578435232	1446578435237	1446578435252	1446578435252	OK	 
ACTION	Get User Details	8	Hit Registration Page with TR Dropdown Redirect 1	1446578435253	1446578435255	1446578435320	1446578435321	OK	 
SCENARIO	Get User Details	8	END	1446578435321
SCENARIO	Get User Details	9	START	1446578435830
ACTION	Get User Details	9	Hit Registration Page with TR Dropdown	1446578435830	1446578435832	1446578435842	1446578435843	OK	 
ACTION	Get User Details	9	Hit Registration Page with TR Dropdown Redirect 1	1446578435843	1446578435845	1446578435885	1446578435886	OK	 
SCENARIO	Get User Details	9	END	1446578435886
SCENARIO	Get User Details	10	START	1446578436430
ACTION	Get User Details	10	Hit Registration Page with TR Dropdown	1446578436431	1446578436434	1446578436460	1446578436460	OK	 
ACTION	Get User Details	10	Hit Registration Page with TR Dropdown Redirect 1	1446578436461	1446578436462	1446578436506	1446578436507	OK	 
SCENARIO	Get User Details	10	END	1446578436508
SCENARIO	Get User Details	11	START	1446578437030
ACTION	Get User Details	11	Hit Registration Page with TR Dropdown	1446578437030	1446578437031	1446578437041	1446578437042	OK	 
ACTION	Get User Details	11	Hit Registration Page with TR Dropdown Redirect 1	1446578437042	1446578437043	1446578437087	1446578437087	OK	 
SCENARIO	Get User Details	11	END	1446578437088
SCENARIO	Get User Details	12	START	1446578437630
ACTION	Get User Details	12	Hit Registration Page with TR Dropdown	1446578437630	1446578437631	1446578437641	1446578437641	OK	 
ACTION	Get User Details	12	Hit Registration Page with TR Dropdown Redirect 1	1446578437642	1446578437643	1446578437690	1446578437691	OK	 
SCENARIO	Get User Details	12	END	1446578437691
SCENARIO	Get User Details	13	START	1446578438330
ACTION	Get User Details	13	Hit Registration Page with TR Dropdown	1446578438331	1446578438334	1446578438353	1446578438354	OK	 
ACTION	Get User Details	13	Hit Registration Page with TR Dropdown Redirect 1	1446578438354	1446578438355	1446578438416	1446578438417	OK	 
SCENARIO	Get User Details	13	END	1446578438417
SCENARIO	Get User Details	14	START	1446578438930
ACTION	Get User Details	14	Hit Registration Page with TR Dropdown	1446578438930	1446578438931	1446578438942	1446578438942	OK	 
ACTION	Get User Details	14	Hit Registration Page with TR Dropdown Redirect 1	1446578438942	1446578438943	1446578438982	1446578438983	OK	 
SCENARIO	Get User Details	14	END	1446578438983
SCENARIO	Get User Details	15	START	1446578439530
ACTION	Get User Details	15	Hit Registration Page with TR Dropdown	1446578439530	1446578439532	1446578439546	1446578439546	OK	 
ACTION	Get User Details	15	Hit Registration Page with TR Dropdown Redirect 1	1446578439547	1446578439548	1446578439590	1446578439590	OK	 
SCENARIO	Get User Details	15	END	1446578439591
SCENARIO	Get User Details	16	START	1446578440130
ACTION	Get User Details	16	Hit Registration Page with TR Dropdown	1446578440132	1446578440135	1446578440157	1446578440157	OK	 
ACTION	Get User Details	16	Hit Registration Page with TR Dropdown Redirect 1	1446578440157	1446578440159	1446578440210	1446578440211	OK	 
SCENARIO	Get User Details	16	END	1446578440211
SCENARIO	Get User Details	17	START	1446578440730
ACTION	Get User Details	17	Hit Registration Page with TR Dropdown	1446578440732	1446578440735	1446578440748	1446578440749	OK	 
ACTION	Get User Details	17	Hit Registration Page with TR Dropdown Redirect 1	1446578440749	1446578440750	1446578440796	1446578440796	OK	 
SCENARIO	Get User Details	17	END	1446578440797
SCENARIO	Get User Details	18	START	1446578441331
ACTION	Get User Details	18	Hit Registration Page with TR Dropdown	1446578441332	1446578441335	1446578441357	1446578441357	OK	 
ACTION	Get User Details	18	Hit Registration Page with TR Dropdown Redirect 1	1446578441358	1446578441359	1446578441425	1446578441425	OK	 
SCENARIO	Get User Details	18	END	1446578441426
SCENARIO	Get User Details	19	START	1446578441930
ACTION	Get User Details	19	Hit Registration Page with TR Dropdown	1446578441931	1446578441932	1446578441942	1446578441942	OK	 
ACTION	Get User Details	19	Hit Registration Page with TR Dropdown Redirect 1	1446578441943	1446578441945	1446578441991	1446578441991	OK	 
SCENARIO	Get User Details	19	END	1446578441992
SCENARIO	Get User Details	20	START	1446578442530
ACTION	Get User Details	20	Hit Registration Page with TR Dropdown	1446578442531	1446578442532	1446578442544	1446578442544	OK	 
ACTION	Get User Details	20	Hit Registration Page with TR Dropdown Redirect 1	1446578442545	1446578442546	1446578442586	1446578442587	OK	 
SCENARIO	Get User Details	20	END	1446578442587
SCENARIO	Get User Details	21	START	1446578443231
ACTION	Get User Details	21	Hit Registration Page with TR Dropdown	1446578443232	1446578443234	1446578443246	1446578443246	OK	 
ACTION	Get User Details	21	Hit Registration Page with TR Dropdown Redirect 1	1446578443248	1446578443251	1446578443305	1446578443306	OK	 
SCENARIO	Get User Details	21	END	1446578443306
SCENARIO	Get User Details	22	START	1446578443830
ACTION	Get User Details	22	Hit Registration Page with TR Dropdown	1446578443830	1446578443831	1446578443842	1446578443843	OK	 
ACTION	Get User Details	22	Hit Registration Page with TR Dropdown Redirect 1	1446578443844	1446578443847	1446578443902	1446578443903	OK	 
SCENARIO	Get User Details	22	END	1446578443903
SCENARIO	Get User Details	23	START	1446578444430
ACTION	Get User Details	23	Hit Registration Page with TR Dropdown	1446578444431	1446578444432	1446578444442	1446578444442	OK	 
ACTION	Get User Details	23	Hit Registration Page with TR Dropdown Redirect 1	1446578444443	1446578444444	1446578444481	1446578444482	OK	 
SCENARIO	Get User Details	23	END	1446578444483
SCENARIO	Get User Details	24	START	1446578445030
ACTION	Get User Details	24	Hit Registration Page with TR Dropdown	1446578445031	1446578445032	1446578445042	1446578445043	OK	 
ACTION	Get User Details	24	Hit Registration Page with TR Dropdown Redirect 1	1446578445045	1446578445048	1446578445117	1446578445117	OK	 
SCENARIO	Get User Details	24	END	1446578445118
SCENARIO	Get User Details	25	START	1446578445630
ACTION	Get User Details	25	Hit Registration Page with TR Dropdown	1446578445631	1446578445632	1446578445642	1446578445642	OK	 
ACTION	Get User Details	25	Hit Registration Page with TR Dropdown Redirect 1	1446578445643	1446578445644	1446578445682	1446578445683	OK	 
SCENARIO	Get User Details	25	END	1446578445683
SCENARIO	Get User Details	26	START	1446578446230
ACTION	Get User Details	26	Hit Registration Page with TR Dropdown	1446578446232	1446578446234	1446578446250	1446578446250	OK	 
ACTION	Get User Details	26	Hit Registration Page with TR Dropdown Redirect 1	1446578446251	1446578446252	1446578446299	1446578446300	OK	 
SCENARIO	Get User Details	26	END	1446578446300
SCENARIO	Get User Details	27	START	1446578446830
ACTION	Get User Details	27	Hit Registration Page with TR Dropdown	1446578446831	1446578446831	1446578446842	1446578446842	OK	 
ACTION	Get User Details	27	Hit Registration Page with TR Dropdown Redirect 1	1446578446842	1446578446843	1446578446889	1446578446889	OK	 
SCENARIO	Get User Details	27	END	1446578446890
SCENARIO	Get User Details	28	START	1446578447430
ACTION	Get User Details	28	Hit Registration Page with TR Dropdown	1446578447431	1446578447431	1446578447441	1446578447441	OK	 
ACTION	Get User Details	28	Hit Registration Page with TR Dropdown Redirect 1	1446578447442	1446578447443	1446578447491	1446578447491	OK	 
SCENARIO	Get User Details	28	END	1446578447492
SCENARIO	Get User Details	29	START	1446578448130
ACTION	Get User Details	29	Hit Registration Page with TR Dropdown	1446578448131	1446578448132	1446578448141	1446578448142	OK	 
ACTION	Get User Details	29	Hit Registration Page with TR Dropdown Redirect 1	1446578448142	1446578448143	1446578448236	1446578448236	OK	 
SCENARIO	Get User Details	29	END	1446578448237
SCENARIO	Get User Details	30	START	1446578448730
ACTION	Get User Details	30	Hit Registration Page with TR Dropdown	1446578448731	1446578448732	1446578448751	1446578448751	OK	 
ACTION	Get User Details	30	Hit Registration Page with TR Dropdown Redirect 1	1446578448751	1446578448752	1446578448796	1446578448796	OK	 
SCENARIO	Get User Details	30	END	1446578448797
SCENARIO	Get User Details	31	START	1446578449330
ACTION	Get User Details	31	Hit Registration Page with TR Dropdown	1446578449331	1446578449331	1446578449341	1446578449341	OK	 
ACTION	Get User Details	31	Hit Registration Page with TR Dropdown Redirect 1	1446578449342	1446578449343	1446578449382	1446578449382	OK	 
SCENARIO	Get User Details	31	END	1446578449383
SCENARIO	Get User Details	32	START	1446578449930
ACTION	Get User Details	32	Hit Registration Page with TR Dropdown	1446578449930	1446578449931	1446578449941	1446578449941	OK	 
ACTION	Get User Details	32	Hit Registration Page with TR Dropdown Redirect 1	1446578449942	1446578449943	1446578449992	1446578449992	OK	 
SCENARIO	Get User Details	32	END	1446578449993
SCENARIO	Get User Details	33	START	1446578450530
ACTION	Get User Details	33	Hit Registration Page with TR Dropdown	1446578450530	1446578450531	1446578450541	1446578450541	OK	 
ACTION	Get User Details	33	Hit Registration Page with TR Dropdown Redirect 1	1446578450542	1446578450542	1446578450579	1446578450579	OK	 
SCENARIO	Get User Details	33	END	1446578450580
SCENARIO	Get User Details	34	START	1446578451130
ACTION	Get User Details	34	Hit Registration Page with TR Dropdown	1446578451132	1446578451134	1446578451152	1446578451152	OK	 
ACTION	Get User Details	34	Hit Registration Page with TR Dropdown Redirect 1	1446578451152	1446578451153	1446578451200	1446578451200	OK	 
SCENARIO	Get User Details	34	END	1446578451201
SCENARIO	Get User Details	35	START	1446578451730
ACTION	Get User Details	35	Hit Registration Page with TR Dropdown	1446578451731	1446578451731	1446578451749	1446578451749	OK	 
ACTION	Get User Details	35	Hit Registration Page with TR Dropdown Redirect 1	1446578451750	1446578451750	1446578451808	1446578451808	OK	 
SCENARIO	Get User Details	35	END	1446578451808
SCENARIO	Get User Details	36	START	1446578452330
ACTION	Get User Details	36	Hit Registration Page with TR Dropdown	1446578452331	1446578452331	1446578452341	1446578452341	OK	 
ACTION	Get User Details	36	Hit Registration Page with TR Dropdown Redirect 1	1446578452342	1446578452343	1446578452392	1446578452393	OK	 
SCENARIO	Get User Details	36	END	1446578452394
SCENARIO	Get User Details	37	START	1446578453030
ACTION	Get User Details	37	Hit Registration Page with TR Dropdown	1446578453031	1446578453031	1446578453045	1446578453045	OK	 
ACTION	Get User Details	37	Hit Registration Page with TR Dropdown Redirect 1	1446578453046	1446578453046	1446578453086	1446578453086	OK	 
SCENARIO	Get User Details	37	END	1446578453087
SCENARIO	Get User Details	38	START	1446578453630
ACTION	Get User Details	38	Hit Registration Page with TR Dropdown	1446578453631	1446578453633	1446578453650	1446578453650	OK	 
ACTION	Get User Details	38	Hit Registration Page with TR Dropdown Redirect 1	1446578453651	1446578453652	1446578453700	1446578453701	OK	 
SCENARIO	Get User Details	38	END	1446578453701
SCENARIO	Get User Details	39	START	1446578454230
ACTION	Get User Details	39	Hit Registration Page with TR Dropdown	1446578454231	1446578454231	1446578454242	1446578454243	OK	 
ACTION	Get User Details	39	Hit Registration Page with TR Dropdown Redirect 1	1446578454243	1446578454244	1446578454288	1446578454289	OK	 
SCENARIO	Get User Details	39	END	1446578454290
SCENARIO	Get User Details	40	START	1446578454830
ACTION	Get User Details	40	Hit Registration Page with TR Dropdown	1446578454831	1446578454832	1446578454854	1446578454854	OK	 
ACTION	Get User Details	40	Hit Registration Page with TR Dropdown Redirect 1	1446578454855	1446578454855	1446578454892	1446578454893	OK	 
SCENARIO	Get User Details	40	END	1446578454893
SCENARIO	Get User Details	41	START	1446578455430
ACTION	Get User Details	41	Hit Registration Page with TR Dropdown	1446578455430	1446578455431	1446578455441	1446578455441	OK	 
ACTION	Get User Details	41	Hit Registration Page with TR Dropdown Redirect 1	1446578455442	1446578455442	1446578455502	1446578455502	OK	 
SCENARIO	Get User Details	41	END	1446578455503
SCENARIO	Get User Details	42	START	1446578456030
ACTION	Get User Details	42	Hit Registration Page with TR Dropdown	1446578456030	1446578456031	1446578456047	1446578456048	OK	 
ACTION	Get User Details	42	Hit Registration Page with TR Dropdown Redirect 1	1446578456048	1446578456049	1446578456092	1446578456093	OK	 
SCENARIO	Get User Details	42	END	1446578456093
SCENARIO	Get User Details	43	START	1446578456630
ACTION	Get User Details	43	Hit Registration Page with TR Dropdown	1446578456630	1446578456631	1446578456641	1446578456642	OK	 
ACTION	Get User Details	43	Hit Registration Page with TR Dropdown Redirect 1	1446578456643	1446578456645	1446578456705	1446578456706	OK	 
SCENARIO	Get User Details	43	END	1446578456706
SCENARIO	Get User Details	44	START	1446578457230
ACTION	Get User Details	44	Hit Registration Page with TR Dropdown	1446578457230	1446578457231	1446578457248	1446578457248	OK	 
ACTION	Get User Details	44	Hit Registration Page with TR Dropdown Redirect 1	1446578457249	1446578457250	1446578457294	1446578457294	OK	 
SCENARIO	Get User Details	44	END	1446578457295
SCENARIO	Get User Details	45	START	1446578457830
ACTION	Get User Details	45	Hit Registration Page with TR Dropdown	1446578457830	1446578457831	1446578457841	1446578457841	OK	 
ACTION	Get User Details	45	Hit Registration Page with TR Dropdown Redirect 1	1446578457841	1446578457842	1446578457882	1446578457882	OK	 
SCENARIO	Get User Details	45	END	1446578457883
SCENARIO	Get User Details	46	START	1446578458530
ACTION	Get User Details	46	Hit Registration Page with TR Dropdown	1446578458530	1446578458531	1446578458559	1446578458559	OK	 
ACTION	Get User Details	46	Hit Registration Page with TR Dropdown Redirect 1	1446578458559	1446578458560	1446578458607	1446578458607	OK	 
SCENARIO	Get User Details	46	END	1446578458608
SCENARIO	Get User Details	47	START	1446578459130
ACTION	Get User Details	47	Hit Registration Page with TR Dropdown	1446578459130	1446578459131	1446578459158	1446578459158	OK	 
ACTION	Get User Details	47	Hit Registration Page with TR Dropdown Redirect 1	1446578459158	1446578459159	1446578459196	1446578459197	OK	 
SCENARIO	Get User Details	47	END	1446578459197
SCENARIO	Get User Details	48	START	1446578459731
ACTION	Get User Details	48	Hit Registration Page with TR Dropdown	1446578459732	1446578459734	1446578459754	1446578459754	OK	 
ACTION	Get User Details	48	Hit Registration Page with TR Dropdown Redirect 1	1446578459755	1446578459755	1446578459793	1446578459794	OK	 
SCENARIO	Get User Details	48	END	1446578459794
SCENARIO	Get User Details	49	START	1446578460330
ACTION	Get User Details	49	Hit Registration Page with TR Dropdown	1446578460331	1446578460331	1446578460350	1446578460350	OK	 
ACTION	Get User Details	49	Hit Registration Page with TR Dropdown Redirect 1	1446578460350	1446578460351	1446578460403	1446578460404	OK	 
SCENARIO	Get User Details	49	END	1446578460404
SCENARIO	Get User Details	50	START	1446578460930
ACTION	Get User Details	50	Hit Registration Page with TR Dropdown	1446578460931	1446578460931	1446578460941	1446578460941	OK	 
ACTION	Get User Details	50	Hit Registration Page with TR Dropdown Redirect 1	1446578460942	1446578460942	1446578460978	1446578460979	OK	 
SCENARIO	Get User Details	50	END	1446578460980
