RUN	20151106155330	basicexamplesimulation	basicexamplesimulation
SCENARIO	Company List Page	31	START	1446846811548
SCENARIO	Search for Participant or Team Page	41	START	1446846811548
SCENARIO	Main Registration Page	1	START	1446846811548
SCENARIO	Join or Form a Team Page with TR Dropdown	51	START	1446846811548
SCENARIO	Individual Registration Page 1	11	START	1446846811548
SCENARIO	Find Participant or Team Page	21	START	1446846811548
ACTION	Search for Participant or Team Page	41	Search for Participant or Team Page	1446846811583	1446846811665	1446846811754	1446846811807	OK	 
ACTION	Main Registration Page	1	Hit Main Registration Page	1446846811576	1446846811666	1446846811758	1446846811817	OK	 
ACTION	Find Participant or Team Page	21	Hit Find Participant or Team Page	1446846811576	1446846811665	1446846811753	1446846811814	OK	 
ACTION	Main Registration Page	1	Hit Main Registration Page	1446846811826	1446846811826	1446846811907	1446846811914	OK	 
ACTION	Find Participant or Team Page	21	Hit Find Participant or Team Page	1446846811826	1446846811826	1446846811915	1446846811968	OK	 
ACTION	Search for Participant or Team Page	41	Search for Participant or Team Page	1446846811827	1446846811827	1446846811912	1446846811978	OK	 
ACTION	Company List Page	31	Hit Company List Page	1446846811576	1446846811665	1446846811934	1446846811982	OK	 
ACTION	Individual Registration Page 1	11	Hit Individual Registration Page 1	1446846811577	1446846811937	1446846811986	1446846811986	OK	 
ACTION	Main Registration Page	1	Hit Main Registration Page	1446846811915	1446846811915	1446846811999	1446846812006	OK	 
ACTION	Main Registration Page	1	Hit Main Registration Page	1446846812007	1446846812008	1446846812090	1446846812097	OK	 
ACTION	Find Participant or Team Page	21	Hit Find Participant or Team Page	1446846811969	1446846811970	1446846812052	1446846812100	OK	 
ACTION	Search for Participant or Team Page	41	Search for Participant or Team Page	1446846811980	1446846811980	1446846812075	1446846812130	OK	 
ACTION	Find Participant or Team Page	21	Hit Find Participant or Team Page	1446846812101	1446846812102	1446846812181	1446846812192	OK	 
ACTION	Main Registration Page	1	Hit Main Registration Page	1446846812098	1446846812099	1446846812194	1446846812201	OK	 
ACTION	Search for Participant or Team Page	41	Search for Participant or Team Page	1446846812132	1446846812132	1446846812228	1446846812239	OK	 
ACTION	Find Participant or Team Page	21	Hit Find Participant or Team Page	1446846812194	1446846812195	1446846812281	1446846812293	OK	 
ACTION	Main Registration Page	1	Hit Main Registration Page	1446846812203	1446846812205	1446846812294	1446846812301	OK	 
ACTION	Company List Page	31	Hit Company List Page	1446846811983	1446846811983	1446846812312	1446846812318	OK	 
ACTION	Search for Participant or Team Page	41	Search for Participant or Team Page	1446846812241	1446846812242	1446846812331	1446846812342	OK	 
ACTION	Main Registration Page	1	Hit Main Registration Page	1446846812302	1446846812303	1446846812385	1446846812393	OK	 
ACTION	Find Participant or Team Page	21	Hit Find Participant or Team Page	1446846812294	1446846812294	1446846812394	1446846812405	OK	 
ACTION	Search for Participant or Team Page	41	Search for Participant or Team Page	1446846812344	1446846812344	1446846812448	1446846812459	OK	 
ACTION	Main Registration Page	1	Hit Main Registration Page	1446846812393	1446846812394	1446846812497	1446846812505	OK	 
ACTION	Find Participant or Team Page	21	Hit Find Participant or Team Page	1446846812406	1446846812406	1446846812506	1446846812517	OK	 
ACTION	Search for Participant or Team Page	41	Search for Participant or Team Page	1446846812461	1446846812462	1446846812576	1446846812587	OK	 
ACTION	Find Participant or Team Page	21	Hit Find Participant or Team Page	1446846812518	1446846812518	1446846812598	1446846812609	OK	 
ACTION	Main Registration Page	1	Hit Main Registration Page	1446846812506	1446846812506	1446846812610	1446846812618	OK	 
ACTION	Search for Participant or Team Page	41	Search for Participant or Team Page	1446846812589	1446846812589	1446846812681	1446846812691	OK	 
ACTION	Find Participant or Team Page	21	Hit Find Participant or Team Page	1446846812610	1446846812611	1446846812697	1446846812708	OK	 
ACTION	Main Registration Page	1	Hit Main Registration Page	1446846812619	1446846812619	1446846812709	1446846812716	OK	 
SCENARIO	Main Registration Page	1	END	1446846812717
ACTION	Company List Page	31	Hit Company List Page	1446846812319	1446846812319	1446846812716	1446846812722	OK	 
ACTION	Search for Participant or Team Page	41	Search for Participant or Team Page	1446846812693	1446846812694	1446846812782	1446846812790	OK	 
ACTION	Find Participant or Team Page	21	Hit Find Participant or Team Page	1446846812709	1446846812709	1446846812812	1446846812823	OK	 
SCENARIO	Find Participant or Team Page	21	END	1446846812825
ACTION	Search for Participant or Team Page	41	Search for Participant or Team Page	1446846812793	1446846812794	1446846812897	1446846812906	OK	 
SCENARIO	Search for Participant or Team Page	41	END	1446846812908
ACTION	Company List Page	31	Hit Company List Page	1446846812723	1446846812724	1446846813007	1446846813012	OK	 
ACTION	Company List Page	31	Hit Company List Page	1446846813016	1446846813017	1446846813283	1446846813289	OK	 
ACTION	Company List Page	31	Hit Company List Page	1446846813290	1446846813291	1446846813598	1446846813604	OK	 
ACTION	Company List Page	31	Hit Company List Page	1446846813607	1446846813608	1446846813916	1446846813966	OK	 
ACTION	Company List Page	31	Hit Company List Page	1446846813967	1446846813967	1446846814223	1446846814229	OK	 
ACTION	Company List Page	31	Hit Company List Page	1446846814230	1446846814231	1446846814490	1446846814496	OK	 
ACTION	Company List Page	31	Hit Company List Page	1446846814499	1446846814501	1446846814754	1446846814760	OK	 
SCENARIO	Company List Page	31	END	1446846814762
SCENARIO	Join or Form a Team Page with TR Dropdown	52	START	1446846814847
SCENARIO	Main Registration Page	2	START	1446846814847
SCENARIO	Company List Page	32	START	1446846814847
SCENARIO	Search for Participant or Team Page	42	START	1446846814847
SCENARIO	Find Participant or Team Page	22	START	1446846814847
SCENARIO	Individual Registration Page 1	12	START	1446846814848
ACTION	Find Participant or Team Page	22	Hit Find Participant or Team Page	1446846814849	1446846814892	1446846814973	1446846815025	OK	 
ACTION	Main Registration Page	2	Hit Main Registration Page	1446846814849	1446846814891	1446846814982	1446846815031	OK	 
ACTION	Search for Participant or Team Page	42	Search for Participant or Team Page	1446846814856	1446846814901	1446846814988	1446846815040	OK	 
ACTION	Main Registration Page	2	Hit Main Registration Page	1446846815032	1446846815032	1446846815119	1446846815127	OK	 
ACTION	Individual Registration Page 1	12	Hit Individual Registration Page 1	1446846814853	1446846815105	1446846815157	1446846815157	OK	 
ACTION	Find Participant or Team Page	22	Hit Find Participant or Team Page	1446846815026	1446846815026	1446846815107	1446846815159	OK	 
ACTION	Search for Participant or Team Page	42	Search for Participant or Team Page	1446846815042	1446846815042	1446846815133	1446846815186	OK	 
ACTION	Main Registration Page	2	Hit Main Registration Page	1446846815130	1446846815131	1446846815212	1446846815219	OK	 
ACTION	Company List Page	32	Hit Company List Page	1446846814849	1446846814891	1446846815203	1446846815250	OK	 
ACTION	Find Participant or Team Page	22	Hit Find Participant or Team Page	1446846815161	1446846815161	1446846815240	1446846815295	OK	 
ACTION	Main Registration Page	2	Hit Main Registration Page	1446846815222	1446846815223	1446846815302	1446846815310	OK	 
ACTION	Search for Participant or Team Page	42	Search for Participant or Team Page	1446846815191	1446846815192	1446846815281	1446846815335	OK	 
ACTION	Find Participant or Team Page	22	Hit Find Participant or Team Page	1446846815295	1446846815296	1446846815380	1446846815391	OK	 
ACTION	Main Registration Page	2	Hit Main Registration Page	1446846815312	1446846815313	1446846815401	1446846815408	OK	 
ACTION	Search for Participant or Team Page	42	Search for Participant or Team Page	1446846815341	1446846815341	1446846815432	1446846815442	OK	 
ACTION	Find Participant or Team Page	22	Hit Find Participant or Team Page	1446846815394	1446846815395	1446846815478	1446846815488	OK	 
ACTION	Main Registration Page	2	Hit Main Registration Page	1446846815411	1446846815412	1446846815492	1446846815500	OK	 
ACTION	Search for Participant or Team Page	42	Search for Participant or Team Page	1446846815445	1446846815446	1446846815530	1446846815540	OK	 
ACTION	Find Participant or Team Page	22	Hit Find Participant or Team Page	1446846815490	1446846815490	1446846815572	1446846815582	OK	 
ACTION	Main Registration Page	2	Hit Main Registration Page	1446846815501	1446846815501	1446846815582	1446846815589	OK	 
ACTION	Company List Page	32	Hit Company List Page	1446846815251	1446846815252	1446846815587	1446846815593	OK	 
ACTION	Search for Participant or Team Page	42	Search for Participant or Team Page	1446846815545	1446846815546	1446846815634	1446846815644	OK	 
ACTION	Find Participant or Team Page	22	Hit Find Participant or Team Page	1446846815585	1446846815586	1446846815672	1446846815683	OK	 
ACTION	Main Registration Page	2	Hit Main Registration Page	1446846815591	1446846815591	1446846815675	1446846815683	OK	 
ACTION	Search for Participant or Team Page	42	Search for Participant or Team Page	1446846815647	1446846815647	1446846815739	1446846815749	OK	 
ACTION	Main Registration Page	2	Hit Main Registration Page	1446846815686	1446846815688	1446846815768	1446846815776	OK	 
ACTION	Find Participant or Team Page	22	Hit Find Participant or Team Page	1446846815686	1446846815688	1446846815770	1446846815781	OK	 
ACTION	Search for Participant or Team Page	42	Search for Participant or Team Page	1446846815752	1446846815753	1446846815847	1446846815857	OK	 
ACTION	Main Registration Page	2	Hit Main Registration Page	1446846815778	1446846815779	1446846815869	1446846815877	OK	 
SCENARIO	Main Registration Page	2	END	1446846815878
ACTION	Find Participant or Team Page	22	Hit Find Participant or Team Page	1446846815784	1446846815784	1446846815871	1446846815882	OK	 
ACTION	Search for Participant or Team Page	42	Search for Participant or Team Page	1446846815861	1446846815861	1446846815960	1446846815970	OK	 
ACTION	Company List Page	32	Hit Company List Page	1446846815594	1446846815595	1446846815969	1446846815975	OK	 
ACTION	Find Participant or Team Page	22	Hit Find Participant or Team Page	1446846815883	1446846815884	1446846815972	1446846815983	OK	 
SCENARIO	Find Participant or Team Page	22	END	1446846815983
ACTION	Search for Participant or Team Page	42	Search for Participant or Team Page	1446846815974	1446846815975	1446846816082	1446846816093	OK	 
SCENARIO	Search for Participant or Team Page	42	END	1446846816093
ACTION	Company List Page	32	Hit Company List Page	1446846815977	1446846815978	1446846816280	1446846816286	OK	 
ACTION	Company List Page	32	Hit Company List Page	1446846816289	1446846816289	1446846816617	1446846816623	OK	 
ACTION	Company List Page	32	Hit Company List Page	1446846816625	1446846816626	1446846816931	1446846816937	OK	 
ACTION	Company List Page	32	Hit Company List Page	1446846816940	1446846816941	1446846817195	1446846817200	OK	 
ACTION	Company List Page	32	Hit Company List Page	1446846817202	1446846817202	1446846817463	1446846817469	OK	 
ACTION	Company List Page	32	Hit Company List Page	1446846817472	1446846817473	1446846817853	1446846817912	OK	 
SCENARIO	Company List Page	33	START	1446846818246
SCENARIO	Main Registration Page	3	START	1446846818247
SCENARIO	Search for Participant or Team Page	43	START	1446846818247
SCENARIO	Find Participant or Team Page	23	START	1446846818247
SCENARIO	Join or Form a Team Page with TR Dropdown	53	START	1446846818247
SCENARIO	Individual Registration Page 1	13	START	1446846818246
ACTION	Company List Page	32	Hit Company List Page	1446846817915	1446846817916	1446846818239	1446846818287	OK	 
SCENARIO	Company List Page	32	END	1446846818288
ACTION	Find Participant or Team Page	23	Hit Find Participant or Team Page	1446846818248	1446846818291	1446846818375	1446846818429	OK	 
ACTION	Search for Participant or Team Page	43	Search for Participant or Team Page	1446846818251	1446846818294	1446846818383	1446846818437	OK	 
ACTION	Main Registration Page	3	Hit Main Registration Page	1446846818248	1446846818291	1446846818386	1446846818441	OK	 
ACTION	Join or Form a Team Page with TR Dropdown	51	Hit Join or Form a Team Page with TR Dropdown	1446846811576	1446846811938	1446846818453	1446846818499	OK	 
ACTION	Main Registration Page	3	Hit Main Registration Page	1446846818441	1446846818442	1446846818523	1446846818530	OK	 
ACTION	Individual Registration Page 1	13	Hit Individual Registration Page 1	1446846818249	1446846818482	1446846818531	1446846818531	OK	 
ACTION	Find Participant or Team Page	23	Hit Find Participant or Team Page	1446846818430	1446846818431	1446846818513	1446846818565	OK	 
ACTION	Search for Participant or Team Page	43	Search for Participant or Team Page	1446846818439	1446846818439	1446846818530	1446846818582	OK	 
ACTION	Main Registration Page	3	Hit Main Registration Page	1446846818531	1446846818531	1446846818621	1446846818629	OK	 
ACTION	Individual Registration Page 1	11	Hit Individual Registration Page 1 Redirect 1	1446846811987	1446846811988	1446846818602	1446846818647	OK	 
ACTION	Company List Page	33	Hit Company List Page	1446846818249	1446846818290	1446846818639	1446846818686	OK	 
ACTION	Find Participant or Team Page	23	Hit Find Participant or Team Page	1446846818566	1446846818566	1446846818651	1446846818704	OK	 
ACTION	Main Registration Page	3	Hit Main Registration Page	1446846818630	1446846818631	1446846818715	1446846818722	OK	 
ACTION	Search for Participant or Team Page	43	Search for Participant or Team Page	1446846818584	1446846818584	1446846818672	1446846818726	OK	 
ACTION	Individual Registration Page 1	11	Hit Individual Registration Page 1	1446846818648	1446846818648	1446846818704	1446846818750	OK	 
ACTION	Find Participant or Team Page	23	Hit Find Participant or Team Page	1446846818705	1446846818705	1446846818794	1446846818804	OK	 
ACTION	Main Registration Page	3	Hit Main Registration Page	1446846818723	1446846818723	1446846818805	1446846818813	OK	 
ACTION	Search for Participant or Team Page	43	Search for Participant or Team Page	1446846818728	1446846818728	1446846818820	1446846818830	OK	 
ACTION	Individual Registration Page 1	11	Hit Individual Registration Page 1	1446846818751	1446846818751	1446846818813	1446846818858	OK	 
ACTION	Main Registration Page	3	Hit Main Registration Page	1446846818813	1446846818814	1446846818902	1446846818909	OK	 
ACTION	Find Participant or Team Page	23	Hit Find Participant or Team Page	1446846818805	1446846818806	1446846818910	1446846818920	OK	 
ACTION	Search for Participant or Team Page	43	Search for Participant or Team Page	1446846818832	1446846818832	1446846818922	1446846818933	OK	 
ACTION	Individual Registration Page 1	11	Hit Individual Registration Page 1	1446846818859	1446846818860	1446846818921	1446846818966	OK	 
ACTION	Find Participant or Team Page	23	Hit Find Participant or Team Page	1446846818921	1446846818922	1446846819010	1446846819021	OK	 
ACTION	Individual Registration Page 1	11	Hit Individual Registration Page 1	1446846818967	1446846818968	1446846819034	1446846819037	OK	 
ACTION	Search for Participant or Team Page	43	Search for Participant or Team Page	1446846818935	1446846818935	1446846819036	1446846819048	OK	 
ACTION	Main Registration Page	3	Hit Main Registration Page	1446846818910	1446846818910	1446846819042	1446846819049	OK	 
ACTION	Individual Registration Page 1	11	Hit Individual Registration Page 1	1446846819038	1446846819039	1446846819106	1446846819109	OK	 
ACTION	Find Participant or Team Page	23	Hit Find Participant or Team Page	1446846819022	1446846819022	1446846819114	1446846819125	OK	 
ACTION	Company List Page	33	Hit Company List Page	1446846818687	1446846818687	1446846819084	1446846819133	OK	 
ACTION	Main Registration Page	3	Hit Main Registration Page	1446846819050	1446846819050	1446846819148	1446846819154	OK	 
ACTION	Search for Participant or Team Page	43	Search for Participant or Team Page	1446846819050	1446846819050	1446846819148	1446846819159	OK	 
ACTION	Individual Registration Page 1	11	Hit Individual Registration Page 1	1446846819111	1446846819111	1446846819172	1446846819177	OK	 
ACTION	Find Participant or Team Page	23	Hit Find Participant or Team Page	1446846819128	1446846819129	1446846819222	1446846819233	OK	 
ACTION	Main Registration Page	3	Hit Main Registration Page	1446846819157	1446846819157	1446846819242	1446846819250	OK	 
ACTION	Individual Registration Page 1	11	Hit Individual Registration Page 1	1446846819187	1446846819188	1446846819251	1446846819255	OK	 
ACTION	Search for Participant or Team Page	43	Search for Participant or Team Page	1446846819163	1446846819164	1446846819261	1446846819272	OK	 
ACTION	Individual Registration Page 1	11	Hit Individual Registration Page 1	1446846819256	1446846819257	1446846819314	1446846819322	OK	 
ACTION	Find Participant or Team Page	23	Hit Find Participant or Team Page	1446846819236	1446846819236	1446846819332	1446846819342	OK	 
ACTION	Main Registration Page	3	Hit Main Registration Page	1446846819252	1446846819253	1446846819343	1446846819350	OK	 
SCENARIO	Main Registration Page	3	END	1446846819351
ACTION	Individual Registration Page 1	11	Hit Individual Registration Page 1	1446846819325	1446846819325	1446846819382	1446846819387	OK	 
SCENARIO	Individual Registration Page 1	11	END	1446846819388
ACTION	Search for Participant or Team Page	43	Search for Participant or Team Page	1446846819278	1446846819279	1446846819394	1446846819405	OK	 
ACTION	Find Participant or Team Page	23	Hit Find Participant or Team Page	1446846819343	1446846819343	1446846819428	1446846819439	OK	 
SCENARIO	Find Participant or Team Page	23	END	1446846819441
ACTION	Search for Participant or Team Page	43	Search for Participant or Team Page	1446846819409	1446846819410	1446846819503	1446846819513	OK	 
SCENARIO	Search for Participant or Team Page	43	END	1446846819515
ACTION	Company List Page	33	Hit Company List Page	1446846819136	1446846819137	1446846819577	1446846819625	OK	 
ACTION	Company List Page	33	Hit Company List Page	1446846819628	1446846819629	1446846820015	1446846820066	OK	 
ACTION	Company List Page	33	Hit Company List Page	1446846820069	1446846820070	1446846820450	1446846820499	OK	 
ACTION	Company List Page	33	Hit Company List Page	1446846820501	1446846820501	1446846820828	1446846820881	OK	 
ACTION	Company List Page	33	Hit Company List Page	1446846820885	1446846820886	1446846821269	1446846821317	OK	 
SCENARIO	Join or Form a Team Page with TR Dropdown	54	START	1446846821547
SCENARIO	Company List Page	34	START	1446846821547
SCENARIO	Find Participant or Team Page	24	START	1446846821547
SCENARIO	Individual Registration Page 1	14	START	1446846821547
SCENARIO	Main Registration Page	4	START	1446846821547
SCENARIO	Search for Participant or Team Page	44	START	1446846821547
ACTION	Main Registration Page	4	Hit Main Registration Page	1446846821549	1446846821593	1446846821690	1446846821744	OK	 
ACTION	Find Participant or Team Page	24	Hit Find Participant or Team Page	1446846821549	1446846821592	1446846821700	1446846821754	OK	 
ACTION	Search for Participant or Team Page	44	Search for Participant or Team Page	1446846821554	1446846821596	1446846821718	1446846821772	OK	 
ACTION	Company List Page	33	Hit Company List Page	1446846821319	1446846821320	1446846821742	1446846821803	OK	 
ACTION	Individual Registration Page 1	14	Hit Individual Registration Page 1	1446846821549	1446846821779	1446846821829	1446846821829	OK	 
ACTION	Main Registration Page	4	Hit Main Registration Page	1446846821745	1446846821746	1446846821839	1446846821847	OK	 
ACTION	Find Participant or Team Page	24	Hit Find Participant or Team Page	1446846821755	1446846821756	1446846821851	1446846821910	OK	 
ACTION	Search for Participant or Team Page	44	Search for Participant or Team Page	1446846821774	1446846821775	1446846821868	1446846821918	OK	 
ACTION	Main Registration Page	4	Hit Main Registration Page	1446846821848	1446846821849	1446846821968	1446846821976	OK	 
ACTION	Company List Page	34	Hit Company List Page	1446846821549	1446846821592	1446846822006	1446846822054	OK	 
ACTION	Search for Participant or Team Page	44	Search for Participant or Team Page	1446846821920	1446846821920	1446846822052	1446846822104	OK	 
ACTION	Find Participant or Team Page	24	Hit Find Participant or Team Page	1446846821913	1446846821914	1446846822058	1446846822108	OK	 
ACTION	Main Registration Page	4	Hit Main Registration Page	1446846821979	1446846821979	1446846822117	1446846822124	OK	 
ACTION	Individual Registration Page 1	12	Hit Individual Registration Page 1 Redirect 1	1446846815158	1446846815159	1446846822106	1446846822152	OK	 
ACTION	Search for Participant or Team Page	44	Search for Participant or Team Page	1446846822107	1446846822108	1446846822222	1446846822233	OK	 
ACTION	Find Participant or Team Page	24	Hit Find Participant or Team Page	1446846822109	1446846822109	1446846822232	1446846822243	OK	 
ACTION	Main Registration Page	4	Hit Main Registration Page	1446846822125	1446846822125	1446846822244	1446846822251	OK	 
ACTION	Individual Registration Page 1	12	Hit Individual Registration Page 1	1446846822154	1446846822155	1446846822225	1446846822272	OK	 
ACTION	Join or Form a Team Page with TR Dropdown	52	Hit Join or Form a Team Page with TR Dropdown	1446846814853	1446846815109	1446846822303	1446846822349	OK	 
ACTION	Search for Participant or Team Page	44	Search for Participant or Team Page	1446846822237	1446846822238	1446846822345	1446846822356	OK	 
ACTION	Main Registration Page	4	Hit Main Registration Page	1446846822253	1446846822253	1446846822349	1446846822356	OK	 
ACTION	Find Participant or Team Page	24	Hit Find Participant or Team Page	1446846822245	1446846822245	1446846822357	1446846822368	OK	 
ACTION	Individual Registration Page 1	12	Hit Individual Registration Page 1	1446846822275	1446846822276	1446846822335	1446846822379	OK	 
ACTION	Company List Page	33	Hit Company List Page	1446846821804	1446846821804	1446846822375	1446846822422	OK	 
ACTION	Find Participant or Team Page	24	Hit Find Participant or Team Page	1446846822369	1446846822369	1446846822455	1446846822465	OK	 
ACTION	Search for Participant or Team Page	44	Search for Participant or Team Page	1446846822359	1446846822359	1446846822454	1446846822465	OK	 
ACTION	Main Registration Page	4	Hit Main Registration Page	1446846822358	1446846822358	1446846822466	1446846822473	OK	 
ACTION	Individual Registration Page 1	12	Hit Individual Registration Page 1	1446846822380	1446846822381	1446846822439	1446846822486	OK	 
ACTION	Individual Registration Page 1	12	Hit Individual Registration Page 1	1446846822488	1446846822489	1446846822549	1446846822553	OK	 
ACTION	Company List Page	34	Hit Company List Page	1446846822057	1446846822058	1446846822504	1446846822554	OK	 
ACTION	Find Participant or Team Page	24	Hit Find Participant or Team Page	1446846822466	1446846822466	1446846822563	1446846822574	OK	 
ACTION	Search for Participant or Team Page	44	Search for Participant or Team Page	1446846822468	1446846822468	1446846822572	1446846822583	OK	 
ACTION	Main Registration Page	4	Hit Main Registration Page	1446846822474	1446846822474	1446846822580	1446846822587	OK	 
ACTION	Individual Registration Page 1	12	Hit Individual Registration Page 1	1446846822555	1446846822555	1446846822616	1446846822621	OK	 
ACTION	Main Registration Page	4	Hit Main Registration Page	1446846822589	1446846822589	1446846822678	1446846822686	OK	 
ACTION	Individual Registration Page 1	12	Hit Individual Registration Page 1	1446846822625	1446846822626	1446846822687	1446846822690	OK	 
ACTION	Find Participant or Team Page	24	Hit Find Participant or Team Page	1446846822576	1446846822576	1446846822713	1446846822724	OK	 
ACTION	Search for Participant or Team Page	44	Search for Participant or Team Page	1446846822587	1446846822587	1446846822719	1446846822730	OK	 
ACTION	Individual Registration Page 1	12	Hit Individual Registration Page 1	1446846822691	1446846822691	1446846822756	1446846822762	OK	 
ACTION	Main Registration Page	4	Hit Main Registration Page	1446846822687	1446846822687	1446846822819	1446846822826	OK	 
SCENARIO	Main Registration Page	4	END	1446846822828
ACTION	Individual Registration Page 1	12	Hit Individual Registration Page 1	1446846822766	1446846822767	1446846822829	1446846822831	OK	 
ACTION	Search for Participant or Team Page	44	Search for Participant or Team Page	1446846822734	1446846822735	1446846822832	1446846822843	OK	 
ACTION	Find Participant or Team Page	24	Hit Find Participant or Team Page	1446846822727	1446846822728	1446846822837	1446846822847	OK	 
ACTION	Company List Page	33	Hit Company List Page	1446846822425	1446846822426	1446846822833	1446846822882	OK	 
SCENARIO	Company List Page	33	END	1446846822884
ACTION	Individual Registration Page 1	12	Hit Individual Registration Page 1	1446846822832	1446846822832	1446846822888	1446846822891	OK	 
SCENARIO	Individual Registration Page 1	12	END	1446846822892
ACTION	Find Participant or Team Page	24	Hit Find Participant or Team Page	1446846822848	1446846822848	1446846822945	1446846822954	OK	 
SCENARIO	Find Participant or Team Page	24	END	1446846822955
ACTION	Search for Participant or Team Page	44	Search for Participant or Team Page	1446846822846	1446846822846	1446846822951	1446846822962	OK	 
SCENARIO	Search for Participant or Team Page	44	END	1446846822962
ACTION	Company List Page	34	Hit Company List Page	1446846822555	1446846822555	1446846822964	1446846823012	OK	 
ACTION	Company List Page	34	Hit Company List Page	1446846823015	1446846823015	1446846823409	1446846823459	OK	 
ACTION	Company List Page	34	Hit Company List Page	1446846823462	1446846823462	1446846823832	1446846823883	OK	 
ACTION	Company List Page	34	Hit Company List Page	1446846823886	1446846823887	1446846824285	1446846824332	OK	 
ACTION	Company List Page	34	Hit Company List Page	1446846824335	1446846824336	1446846824739	1446846824785	OK	 
SCENARIO	Company List Page	35	START	1446846824847
SCENARIO	Join or Form a Team Page with TR Dropdown	55	START	1446846824847
SCENARIO	Main Registration Page	5	START	1446846824847
SCENARIO	Search for Participant or Team Page	45	START	1446846824847
SCENARIO	Find Participant or Team Page	25	START	1446846824847
SCENARIO	Individual Registration Page 1	15	START	1446846824847
ACTION	Main Registration Page	5	Hit Main Registration Page	1446846824849	1446846824891	1446846825006	1446846825056	OK	 
ACTION	Search for Participant or Team Page	45	Search for Participant or Team Page	1446846824850	1446846824893	1446846825008	1446846825062	OK	 
ACTION	Find Participant or Team Page	25	Hit Find Participant or Team Page	1446846824849	1446846824892	1446846825011	1446846825068	OK	 
ACTION	Individual Registration Page 1	15	Hit Individual Registration Page 1	1446846824850	1446846825097	1446846825148	1446846825148	OK	 
ACTION	Main Registration Page	5	Hit Main Registration Page	1446846825057	1446846825057	1446846825152	1446846825160	OK	 
ACTION	Search for Participant or Team Page	45	Search for Participant or Team Page	1446846825063	1446846825064	1446846825183	1446846825236	OK	 
ACTION	Find Participant or Team Page	25	Hit Find Participant or Team Page	1446846825069	1446846825070	1446846825192	1446846825244	OK	 
ACTION	Company List Page	34	Hit Company List Page	1446846824788	1446846824789	1446846825216	1446846825264	OK	 
ACTION	Main Registration Page	5	Hit Main Registration Page	1446846825161	1446846825161	1446846825276	1446846825284	OK	 
ACTION	Main Registration Page	5	Hit Main Registration Page	1446846825287	1446846825287	1446846825388	1446846825397	OK	 
ACTION	Search for Participant or Team Page	45	Search for Participant or Team Page	1446846825239	1446846825240	1446846825349	1446846825405	OK	 
ACTION	Find Participant or Team Page	25	Hit Find Participant or Team Page	1446846825246	1446846825246	1446846825358	1446846825415	OK	 
ACTION	Company List Page	35	Hit Company List Page	1446846824849	1446846824895	1446846825391	1446846825442	OK	 
ACTION	Main Registration Page	5	Hit Main Registration Page	1446846825398	1446846825399	1446846825497	1446846825504	OK	 
ACTION	Search for Participant or Team Page	45	Search for Participant or Team Page	1446846825409	1446846825409	1446846825557	1446846825567	OK	 
ACTION	Main Registration Page	5	Hit Main Registration Page	1446846825506	1446846825506	1446846825627	1446846825635	OK	 
ACTION	Search for Participant or Team Page	45	Search for Participant or Team Page	1446846825570	1446846825571	1446846825697	1446846825707	OK	 
ACTION	Main Registration Page	5	Hit Main Registration Page	1446846825637	1446846825637	1446846825744	1446846825750	OK	 
ACTION	Company List Page	34	Hit Company List Page	1446846825266	1446846825266	1446846825736	1446846825782	OK	 
ACTION	Search for Participant or Team Page	45	Search for Participant or Team Page	1446846825713	1446846825714	1446846825854	1446846825864	OK	 
ACTION	Main Registration Page	5	Hit Main Registration Page	1446846825752	1446846825752	1446846825862	1446846825870	OK	 
ACTION	Main Registration Page	5	Hit Main Registration Page	1446846825871	1446846825872	1446846825981	1446846825989	OK	 
ACTION	Search for Participant or Team Page	45	Search for Participant or Team Page	1446846825867	1446846825868	1446846825986	1446846825996	OK	 
ACTION	Find Participant or Team Page	25	Hit Find Participant or Team Page	1446846825417	1446846825417	1446846825518	1446846826020	OK	 
ACTION	Company List Page	35	Hit Company List Page	1446846825446	1446846825447	1446846826026	1446846826075	OK	 
ACTION	Main Registration Page	5	Hit Main Registration Page	1446846825990	1446846825990	1446846826084	1446846826092	OK	 
SCENARIO	Main Registration Page	5	END	1446846826094
ACTION	Search for Participant or Team Page	45	Search for Participant or Team Page	1446846825998	1446846825998	1446846826114	1446846826126	OK	 
ACTION	Search for Participant or Team Page	45	Search for Participant or Team Page	1446846826130	1446846826130	1446846826257	1446846826267	OK	 
ACTION	Search for Participant or Team Page	45	Search for Participant or Team Page	1446846826271	1446846826272	1446846826409	1446846826419	OK	 
SCENARIO	Search for Participant or Team Page	45	END	1446846826421
ACTION	Company List Page	34	Hit Company List Page	1446846825785	1446846825786	1446846826427	1446846826476	OK	 
SCENARIO	Company List Page	34	END	1446846826477
ACTION	Join or Form a Team Page with TR Dropdown	51	Hit Join or Form a Team Page with TR Dropdown	1446846818500	1446846818500	1446846826447	1446846826501	OK	 
ACTION	Individual Registration Page 1	13	Hit Individual Registration Page 1 Redirect 1	1446846818531	1446846818532	1446846826489	1446846826535	OK	 
ACTION	Company List Page	35	Hit Company List Page	1446846826076	1446846826076	1446846826538	1446846826586	OK	 
ACTION	Find Participant or Team Page	25	Hit Find Participant or Team Page	1446846826021	1446846826021	1446846826139	1446846826623	OK	 
ACTION	Individual Registration Page 1	13	Hit Individual Registration Page 1	1446846826537	1446846826538	1446846826595	1446846826639	OK	 
ACTION	Join or Form a Team Page with TR Dropdown	53	Hit Join or Form a Team Page with TR Dropdown	1446846818251	1446846818486	1446846826633	1446846826677	OK	 
ACTION	Individual Registration Page 1	13	Hit Individual Registration Page 1	1446846826640	1446846826641	1446846826697	1446846826743	OK	 
ACTION	Individual Registration Page 1	13	Hit Individual Registration Page 1	1446846826746	1446846826746	1446846826806	1446846826852	OK	 
ACTION	Find Participant or Team Page	25	Hit Find Participant or Team Page	1446846826624	1446846826624	1446846826705	1446846826894	OK	 
ACTION	Individual Registration Page 1	13	Hit Individual Registration Page 1	1446846826855	1446846826856	1446846826913	1446846826917	OK	 
ACTION	Individual Registration Page 1	13	Hit Individual Registration Page 1	1446846826920	1446846826921	1446846826980	1446846826984	OK	 
ACTION	Company List Page	35	Hit Company List Page	1446846826587	1446846826587	1446846826979	1446846827035	OK	 
ACTION	Individual Registration Page 1	13	Hit Individual Registration Page 1	1446846826987	1446846826988	1446846827046	1446846827050	OK	 
ACTION	Individual Registration Page 1	13	Hit Individual Registration Page 1	1446846827053	1446846827054	1446846827109	1446846827113	OK	 
ACTION	Find Participant or Team Page	25	Hit Find Participant or Team Page	1446846826897	1446846826898	1446846826988	1446846827128	OK	 
ACTION	Individual Registration Page 1	13	Hit Individual Registration Page 1	1446846827113	1446846827114	1446846827171	1446846827175	OK	 
ACTION	Individual Registration Page 1	13	Hit Individual Registration Page 1	1446846827178	1446846827179	1446846827235	1446846827238	OK	 
SCENARIO	Individual Registration Page 1	13	END	1446846827238
ACTION	Find Participant or Team Page	25	Hit Find Participant or Team Page	1446846827129	1446846827129	1446846827224	1446846827319	OK	 
ACTION	Company List Page	35	Hit Company List Page	1446846827038	1446846827039	1446846827448	1446846827497	OK	 
ACTION	Find Participant or Team Page	25	Hit Find Participant or Team Page	1446846827321	1446846827321	1446846827412	1446846827520	OK	 
ACTION	Find Participant or Team Page	25	Hit Find Participant or Team Page	1446846827523	1446846827524	1446846827620	1446846827723	OK	 
SCENARIO	Find Participant or Team Page	25	END	1446846827725
ACTION	Company List Page	35	Hit Company List Page	1446846827499	1446846827500	1446846827965	1446846828017	OK	 
SCENARIO	Find Participant or Team Page	26	START	1446846828246
SCENARIO	Main Registration Page	6	START	1446846828246
SCENARIO	Search for Participant or Team Page	46	START	1446846828247
SCENARIO	Individual Registration Page 1	16	START	1446846828247
SCENARIO	Join or Form a Team Page with TR Dropdown	56	START	1446846828247
SCENARIO	Company List Page	36	START	1446846828246
ACTION	Find Participant or Team Page	26	Hit Find Participant or Team Page	1446846828251	1446846828294	1446846828400	1446846828451	OK	 
ACTION	Main Registration Page	6	Hit Main Registration Page	1446846828248	1446846828301	1446846828415	1446846828463	OK	 
ACTION	Search for Participant or Team Page	46	Search for Participant or Team Page	1446846828252	1446846828296	1446846828417	1446846828467	OK	 
ACTION	Company List Page	35	Hit Company List Page	1446846828020	1446846828020	1446846828424	1446846828471	OK	 
ACTION	Individual Registration Page 1	16	Hit Individual Registration Page 1	1446846828249	1446846828487	1446846828537	1446846828537	OK	 
ACTION	Main Registration Page	6	Hit Main Registration Page	1446846828464	1446846828464	1446846828555	1446846828564	OK	 
ACTION	Find Participant or Team Page	26	Hit Find Participant or Team Page	1446846828454	1446846828455	1446846828557	1446846828621	OK	 
ACTION	Search for Participant or Team Page	46	Search for Participant or Team Page	1446846828471	1446846828473	1446846828580	1446846828634	OK	 
ACTION	Main Registration Page	6	Hit Main Registration Page	1446846828565	1446846828566	1446846828666	1446846828673	OK	 
ACTION	Search for Participant or Team Page	46	Search for Participant or Team Page	1446846828640	1446846828641	1446846828780	1446846828841	OK	 
ACTION	Find Participant or Team Page	26	Hit Find Participant or Team Page	1446846828623	1446846828623	1446846828780	1446846828841	OK	 
ACTION	Main Registration Page	6	Hit Main Registration Page	1446846828675	1446846828676	1446846828849	1446846828856	OK	 
ACTION	Company List Page	36	Hit Company List Page	1446846828249	1446846828292	1446846828850	1446846828897	OK	 
ACTION	Main Registration Page	6	Hit Main Registration Page	1446846828858	1446846828858	1446846828963	1446846828972	OK	 
ACTION	Search for Participant or Team Page	46	Search for Participant or Team Page	1446846828848	1446846828849	1446846828963	1446846828975	OK	 
ACTION	Find Participant or Team Page	26	Hit Find Participant or Team Page	1446846828844	1446846828846	1446846828967	1446846828978	OK	 
ACTION	Company List Page	35	Hit Company List Page	1446846828474	1446846828475	1446846828966	1446846829017	OK	 
ACTION	Find Participant or Team Page	26	Hit Find Participant or Team Page	1446846828979	1446846828980	1446846829085	1446846829095	OK	 
ACTION	Main Registration Page	6	Hit Main Registration Page	1446846828974	1446846828975	1446846829094	1446846829100	OK	 
ACTION	Search for Participant or Team Page	46	Search for Participant or Team Page	1446846828979	1446846828980	1446846829098	1446846829110	OK	 
ACTION	Find Participant or Team Page	26	Hit Find Participant or Team Page	1446846829097	1446846829098	1446846829197	1446846829208	OK	 
ACTION	Main Registration Page	6	Hit Main Registration Page	1446846829102	1446846829102	1446846829202	1446846829209	OK	 
ACTION	Search for Participant or Team Page	46	Search for Participant or Team Page	1446846829113	1446846829113	1446846829227	1446846829238	OK	 
ACTION	Main Registration Page	6	Hit Main Registration Page	1446846829211	1446846829212	1446846829325	1446846829332	OK	 
ACTION	Find Participant or Team Page	26	Hit Find Participant or Team Page	1446846829210	1446846829211	1446846829333	1446846829343	OK	 
ACTION	Search for Participant or Team Page	46	Search for Participant or Team Page	1446846829242	1446846829243	1446846829356	1446846829366	OK	 
ACTION	Main Registration Page	6	Hit Main Registration Page	1446846829335	1446846829336	1446846829437	1446846829444	OK	 
ACTION	Find Participant or Team Page	26	Hit Find Participant or Team Page	1446846829344	1446846829345	1446846829441	1446846829451	OK	 
ACTION	Company List Page	36	Hit Company List Page	1446846828900	1446846828901	1446846829420	1446846829466	OK	 
ACTION	Search for Participant or Team Page	46	Search for Participant or Team Page	1446846829370	1446846829371	1446846829485	1446846829494	OK	 
ACTION	Company List Page	35	Hit Company List Page	1446846829019	1446846829019	1446846829519	1446846829567	OK	 
ACTION	Find Participant or Team Page	26	Hit Find Participant or Team Page	1446846829453	1446846829454	1446846829563	1446846829573	OK	 
ACTION	Main Registration Page	6	Hit Main Registration Page	1446846829447	1446846829448	1446846829574	1446846829581	OK	 
SCENARIO	Main Registration Page	6	END	1446846829582
ACTION	Search for Participant or Team Page	46	Search for Participant or Team Page	1446846829497	1446846829498	1446846829617	1446846829628	OK	 
ACTION	Find Participant or Team Page	26	Hit Find Participant or Team Page	1446846829574	1446846829574	1446846829730	1446846829741	OK	 
SCENARIO	Find Participant or Team Page	26	END	1446846829742
ACTION	Search for Participant or Team Page	46	Search for Participant or Team Page	1446846829633	1446846829633	1446846829743	1446846829754	OK	 
SCENARIO	Search for Participant or Team Page	46	END	1446846829755
ACTION	Company List Page	36	Hit Company List Page	1446846829468	1446846829468	1446846829933	1446846829980	OK	 
ACTION	Company List Page	35	Hit Company List Page	1446846829570	1446846829570	1446846830082	1446846830130	OK	 
SCENARIO	Company List Page	35	END	1446846830131
ACTION	Company List Page	36	Hit Company List Page	1446846829982	1446846829982	1446846830423	1446846830470	OK	 
ACTION	Individual Registration Page 1	14	Hit Individual Registration Page 1 Redirect 1	1446846821830	1446846821832	1446846831012	1446846831059	OK	 
ACTION	Company List Page	36	Hit Company List Page	1446846830473	1446846830474	1446846831034	1446846831081	OK	 
ACTION	Individual Registration Page 1	14	Hit Individual Registration Page 1	1446846831062	1446846831062	1446846831123	1446846831168	OK	 
ACTION	Join or Form a Team Page with TR Dropdown	54	Hit Join or Form a Team Page with TR Dropdown	1446846821552	1446846821789	1446846831175	1446846831225	OK	 
ACTION	Individual Registration Page 1	14	Hit Individual Registration Page 1	1446846831169	1446846831169	1446846831239	1446846831287	OK	 
ACTION	Individual Registration Page 1	14	Hit Individual Registration Page 1	1446846831290	1446846831291	1446846831353	1446846831399	OK	 
ACTION	Join or Form a Team Page with TR Dropdown	52	Hit Join or Form a Team Page with TR Dropdown	1446846822350	1446846822351	1446846831454	1446846831500	OK	 
ACTION	Individual Registration Page 1	14	Hit Individual Registration Page 1	1446846831402	1446846831403	1446846831467	1446846831511	OK	 
SCENARIO	Join or Form a Team Page with TR Dropdown	57	START	1446846831547
SCENARIO	Search for Participant or Team Page	47	START	1446846831547
SCENARIO	Find Participant or Team Page	27	START	1446846831547
SCENARIO	Individual Registration Page 1	17	START	1446846831547
SCENARIO	Main Registration Page	7	START	1446846831547
SCENARIO	Company List Page	37	START	1446846831547
ACTION	Individual Registration Page 1	14	Hit Individual Registration Page 1	1446846831513	1446846831513	1446846831568	1446846831571	OK	 
ACTION	Company List Page	36	Hit Company List Page	1446846831084	1446846831085	1446846831536	1446846831583	OK	 
ACTION	Individual Registration Page 1	14	Hit Individual Registration Page 1	1446846831572	1446846831572	1446846831630	1446846831633	OK	 
ACTION	Individual Registration Page 1	14	Hit Individual Registration Page 1	1446846831634	1446846831634	1446846831694	1446846831697	OK	 
ACTION	Find Participant or Team Page	27	Hit Find Participant or Team Page	1446846831550	1446846831592	1446846831681	1446846831732	OK	 
ACTION	Individual Registration Page 1	14	Hit Individual Registration Page 1	1446846831697	1446846831698	1446846831758	1446846831761	OK	 
ACTION	Main Registration Page	7	Hit Main Registration Page	1446846831548	1446846831592	1446846831737	1446846831787	OK	 
ACTION	Search for Participant or Team Page	47	Search for Participant or Team Page	1446846831552	1446846831594	1446846831722	1446846831790	OK	 
ACTION	Individual Registration Page 1	17	Hit Individual Registration Page 1	1446846831549	1446846831770	1446846831818	1446846831818	OK	 
ACTION	Individual Registration Page 1	14	Hit Individual Registration Page 1	1446846831762	1446846831762	1446846831827	1446846831830	OK	 
SCENARIO	Individual Registration Page 1	14	END	1446846831831
ACTION	Find Participant or Team Page	27	Hit Find Participant or Team Page	1446846831733	1446846831734	1446846831830	1446846831885	OK	 
ACTION	Main Registration Page	7	Hit Main Registration Page	1446846831788	1446846831788	1446846831903	1446846831911	OK	 
ACTION	Main Registration Page	7	Hit Main Registration Page	1446846831911	1446846831912	1446846832021	1446846832029	OK	 
ACTION	Search for Participant or Team Page	47	Search for Participant or Team Page	1446846831791	1446846831792	1446846831964	1446846832029	OK	 
ACTION	Find Participant or Team Page	27	Hit Find Participant or Team Page	1446846831885	1446846831886	1446846832011	1446846832072	OK	 
ACTION	Company List Page	36	Hit Company List Page	1446846831584	1446846831584	1446846832068	1446846832126	OK	 
ACTION	Main Registration Page	7	Hit Main Registration Page	1446846832030	1446846832030	1446846832148	1446846832155	OK	 
ACTION	Search for Participant or Team Page	47	Search for Participant or Team Page	1446846832030	1446846832030	1446846832143	1446846832197	OK	 
ACTION	Find Participant or Team Page	27	Hit Find Participant or Team Page	1446846832075	1446846832075	1446846832207	1446846832218	OK	 
ACTION	Company List Page	37	Hit Company List Page	1446846831548	1446846831591	1446846832201	1446846832253	OK	 
ACTION	Main Registration Page	7	Hit Main Registration Page	1446846832157	1446846832157	1446846832274	1446846832281	OK	 
ACTION	Find Participant or Team Page	27	Hit Find Participant or Team Page	1446846832219	1446846832219	1446846832341	1446846832352	OK	 
ACTION	Search for Participant or Team Page	47	Search for Participant or Team Page	1446846832202	1446846832203	1446846832366	1446846832376	OK	 
ACTION	Main Registration Page	7	Hit Main Registration Page	1446846832282	1446846832282	1446846832385	1446846832393	OK	 
ACTION	Find Participant or Team Page	27	Hit Find Participant or Team Page	1446846832353	1446846832353	1446846832479	1446846832490	OK	 
ACTION	Main Registration Page	7	Hit Main Registration Page	1446846832393	1446846832394	1446846832491	1446846832499	OK	 
ACTION	Search for Participant or Team Page	47	Search for Participant or Team Page	1446846832378	1446846832378	1446846832493	1446846832505	OK	 
ACTION	Find Participant or Team Page	27	Hit Find Participant or Team Page	1446846832491	1446846832491	1446846832604	1446846832616	OK	 
ACTION	Main Registration Page	7	Hit Main Registration Page	1446846832500	1446846832500	1446846832617	1446846832624	OK	 
ACTION	Search for Participant or Team Page	47	Search for Participant or Team Page	1446846832506	1446846832507	1446846832647	1446846832657	OK	 
ACTION	Main Registration Page	7	Hit Main Registration Page	1446846832627	1446846832628	1446846832710	1446846832717	OK	 
ACTION	Find Participant or Team Page	27	Hit Find Participant or Team Page	1446846832617	1446846832617	1446846832718	1446846832728	OK	 
ACTION	Search for Participant or Team Page	47	Search for Participant or Team Page	1446846832660	1446846832660	1446846832835	1446846832846	OK	 
ACTION	Find Participant or Team Page	27	Hit Find Participant or Team Page	1446846832730	1446846832730	1446846832839	1446846832850	OK	 
ACTION	Main Registration Page	7	Hit Main Registration Page	1446846832718	1446846832718	1446846832851	1446846832859	OK	 
SCENARIO	Main Registration Page	7	END	1446846832859
ACTION	Company List Page	37	Hit Company List Page	1446846832254	1446846832255	1446846832859	1446846832909	OK	 
ACTION	Find Participant or Team Page	27	Hit Find Participant or Team Page	1446846832851	1446846832852	1446846832973	1446846832985	OK	 
SCENARIO	Find Participant or Team Page	27	END	1446846832986
ACTION	Search for Participant or Team Page	47	Search for Participant or Team Page	1446846832850	1446846832851	1446846832976	1446846832987	OK	 
ACTION	Search for Participant or Team Page	47	Search for Participant or Team Page	1446846832992	1446846832993	1446846833122	1446846833133	OK	 
ACTION	Company List Page	36	Hit Company List Page	1446846832129	1446846832130	1446846832775	1446846833196	OK	 
ACTION	Search for Participant or Team Page	47	Search for Participant or Team Page	1446846833134	1446846833134	1446846833253	1446846833263	OK	 
SCENARIO	Search for Participant or Team Page	47	END	1446846833264
ACTION	Company List Page	37	Hit Company List Page	1446846832911	1446846832912	1446846833410	1446846833457	OK	 
ACTION	Company List Page	36	Hit Company List Page	1446846833199	1446846833199	1446846833707	1446846833842	OK	 
ACTION	Company List Page	37	Hit Company List Page	1446846833459	1446846833460	1446846833994	1446846834049	OK	 
ACTION	Company List Page	36	Hit Company List Page	1446846833845	1446846833847	1446846834505	1446846834594	OK	 
SCENARIO	Company List Page	36	END	1446846834594
ACTION	Company List Page	37	Hit Company List Page	1446846834052	1446846834053	1446846834720	1446846834774	OK	 
SCENARIO	Join or Form a Team Page with TR Dropdown	58	START	1446846834847
SCENARIO	Company List Page	38	START	1446846834847
SCENARIO	Search for Participant or Team Page	48	START	1446846834847
SCENARIO	Find Participant or Team Page	28	START	1446846834847
SCENARIO	Main Registration Page	8	START	1446846834847
SCENARIO	Individual Registration Page 1	18	START	1446846834847
ACTION	Main Registration Page	8	Hit Main Registration Page	1446846834849	1446846834892	1446846834998	1446846835052	OK	 
ACTION	Search for Participant or Team Page	48	Search for Participant or Team Page	1446846834852	1446846834904	1446846835036	1446846835098	OK	 
ACTION	Find Participant or Team Page	28	Hit Find Participant or Team Page	1446846834849	1446846834892	1446846835051	1446846835111	OK	 
ACTION	Individual Registration Page 1	18	Hit Individual Registration Page 1	1446846834850	1446846835116	1446846835164	1446846835165	OK	 
ACTION	Main Registration Page	8	Hit Main Registration Page	1446846835053	1446846835054	1446846835225	1446846835233	OK	 
ACTION	Find Participant or Team Page	28	Hit Find Participant or Team Page	1446846835114	1446846835115	1446846835228	1446846835238	OK	 
ACTION	Search for Participant or Team Page	48	Search for Participant or Team Page	1446846835102	1446846835103	1446846835243	1446846835255	OK	 
ACTION	Company List Page	37	Hit Company List Page	1446846834777	1446846834777	1446846835277	1446846835326	OK	 
ACTION	Main Registration Page	8	Hit Main Registration Page	1446846835236	1446846835237	1446846835348	1446846835357	OK	 
ACTION	Search for Participant or Team Page	48	Search for Participant or Team Page	1446846835256	1446846835257	1446846835355	1446846835366	OK	 
ACTION	Find Participant or Team Page	28	Hit Find Participant or Team Page	1446846835239	1446846835239	1446846835418	1446846835429	OK	 
ACTION	Main Registration Page	8	Hit Main Registration Page	1446846835358	1446846835358	1446846835478	1446846835487	OK	 
ACTION	Search for Participant or Team Page	48	Search for Participant or Team Page	1446846835368	1446846835368	1446846835544	1446846835555	OK	 
ACTION	Find Participant or Team Page	28	Hit Find Participant or Team Page	1446846835430	1446846835430	1446846835547	1446846835559	OK	 
ACTION	Main Registration Page	8	Hit Main Registration Page	1446846835488	1446846835488	1446846835604	1446846835611	OK	 
ACTION	Company List Page	38	Hit Company List Page	1446846834849	1446846834892	1446846835595	1446846835642	OK	 
ACTION	Find Participant or Team Page	28	Hit Find Participant or Team Page	1446846835561	1446846835561	1446846835658	1446846835668	OK	 
ACTION	Search for Participant or Team Page	48	Search for Participant or Team Page	1446846835560	1446846835561	1446846835677	1446846835689	OK	 
ACTION	Main Registration Page	8	Hit Main Registration Page	1446846835612	1446846835613	1446846835721	1446846835729	OK	 
ACTION	Find Participant or Team Page	28	Hit Find Participant or Team Page	1446846835670	1446846835670	1446846835785	1446846835796	OK	 
ACTION	Search for Participant or Team Page	48	Search for Participant or Team Page	1446846835693	1446846835694	1446846835825	1446846835837	OK	 
ACTION	Main Registration Page	8	Hit Main Registration Page	1446846835732	1446846835732	1446846835832	1446846835839	OK	 
ACTION	Find Participant or Team Page	28	Hit Find Participant or Team Page	1446846835797	1446846835797	1446846835897	1446846835908	OK	 
ACTION	Main Registration Page	8	Hit Main Registration Page	1446846835842	1446846835842	1446846835957	1446846835965	OK	 
ACTION	Search for Participant or Team Page	48	Search for Participant or Team Page	1446846835842	1446846835842	1446846835961	1446846835972	OK	 
ACTION	Find Participant or Team Page	28	Hit Find Participant or Team Page	1446846835910	1446846835911	1446846836027	1446846836038	OK	 
ACTION	Company List Page	37	Hit Company List Page	1446846835327	1446846835327	1446846835973	1446846836043	OK	 
ACTION	Join or Form a Team Page with TR Dropdown	55	Hit Join or Form a Team Page with TR Dropdown	1446846824850	1446846825093	1446846835989	1446846836051	OK	 
ACTION	Main Registration Page	8	Hit Main Registration Page	1446846835968	1446846835969	1446846836084	1446846836092	OK	 
ACTION	Search for Participant or Team Page	48	Search for Participant or Team Page	1446846835975	1446846835976	1446846836100	1446846836111	OK	 
ACTION	Find Participant or Team Page	28	Hit Find Participant or Team Page	1446846836039	1446846836039	1446846836139	1446846836149	OK	 
ACTION	Main Registration Page	8	Hit Main Registration Page	1446846836093	1446846836094	1446846836207	1446846836215	OK	 
SCENARIO	Main Registration Page	8	END	1446846836216
ACTION	Find Participant or Team Page	28	Hit Find Participant or Team Page	1446846836150	1446846836150	1446846836243	1446846836253	OK	 
SCENARIO	Find Participant or Team Page	28	END	1446846836254
ACTION	Search for Participant or Team Page	48	Search for Participant or Team Page	1446846836116	1446846836116	1446846836260	1446846836270	OK	 
ACTION	Company List Page	38	Hit Company List Page	1446846835643	1446846835644	1446846836254	1446846836301	OK	 
ACTION	Search for Participant or Team Page	48	Search for Participant or Team Page	1446846836274	1446846836275	1446846836415	1446846836426	OK	 
SCENARIO	Search for Participant or Team Page	48	END	1446846836426
ACTION	Individual Registration Page 1	15	Hit Individual Registration Page 1 Redirect 1	1446846825148	1446846825149	1446846836487	1446846836535	OK	 
ACTION	Individual Registration Page 1	15	Hit Individual Registration Page 1	1446846836538	1446846836539	1446846836597	1446846836642	OK	 
ACTION	Company List Page	37	Hit Company List Page	1446846836044	1446846836044	1446846836690	1446846836739	OK	 
ACTION	Individual Registration Page 1	15	Hit Individual Registration Page 1	1446846836645	1446846836646	1446846836711	1446846836767	OK	 
ACTION	Individual Registration Page 1	15	Hit Individual Registration Page 1	1446846836769	1446846836770	1446846836847	1446846836890	OK	 
ACTION	Individual Registration Page 1	15	Hit Individual Registration Page 1	1446846836890	1446846836891	1446846836944	1446846836949	OK	 
ACTION	Company List Page	38	Hit Company List Page	1446846836304	1446846836305	1446846836902	1446846836952	OK	 
ACTION	Individual Registration Page 1	15	Hit Individual Registration Page 1	1446846836949	1446846836950	1446846837011	1446846837015	OK	 
ACTION	Individual Registration Page 1	15	Hit Individual Registration Page 1	1446846837018	1446846837019	1446846837076	1446846837081	OK	 
ACTION	Individual Registration Page 1	15	Hit Individual Registration Page 1	1446846837083	1446846837084	1446846837143	1446846837149	OK	 
ACTION	Individual Registration Page 1	15	Hit Individual Registration Page 1	1446846837152	1446846837153	1446846837208	1446846837212	OK	 
ACTION	Individual Registration Page 1	15	Hit Individual Registration Page 1	1446846837213	1446846837213	1446846837272	1446846837276	OK	 
SCENARIO	Individual Registration Page 1	15	END	1446846837277
ACTION	Company List Page	37	Hit Company List Page	1446846836742	1446846836743	1446846837298	1446846837354	OK	 
ACTION	Company List Page	38	Hit Company List Page	1446846836954	1446846836954	1446846837449	1446846837537	OK	 
ACTION	Company List Page	37	Hit Company List Page	1446846837357	1446846837357	1446846837965	1446846838013	OK	 
SCENARIO	Company List Page	37	END	1446846838014
ACTION	Company List Page	38	Hit Company List Page	1446846837539	1446846837540	1446846838093	1446846838181	OK	 
ACTION	Join or Form a Team Page with TR Dropdown	51	Hit Join or Form a Team Page with TR Dropdown	1446846826503	1446846826504	1446846838143	1446846838189	OK	 
SCENARIO	Main Registration Page	9	START	1446846838246
SCENARIO	Company List Page	39	START	1446846838246
SCENARIO	Join or Form a Team Page with TR Dropdown	59	START	1446846838246
SCENARIO	Find Participant or Team Page	29	START	1446846838246
SCENARIO	Search for Participant or Team Page	49	START	1446846838246
SCENARIO	Individual Registration Page 1	19	START	1446846838246
ACTION	Search for Participant or Team Page	49	Search for Participant or Team Page	1446846838248	1446846838291	1446846838392	1446846838445	OK	 
ACTION	Find Participant or Team Page	29	Hit Find Participant or Team Page	1446846838247	1446846838292	1446846838421	1446846838473	OK	 
ACTION	Main Registration Page	9	Hit Main Registration Page	1446846838247	1446846838292	1446846838432	1446846838481	OK	 
ACTION	Individual Registration Page 1	19	Hit Individual Registration Page 1	1446846838247	1446846838473	1446846838521	1446846838522	OK	 
ACTION	Search for Participant or Team Page	49	Search for Participant or Team Page	1446846838447	1446846838447	1446846838563	1446846838574	OK	 
ACTION	Main Registration Page	9	Hit Main Registration Page	1446846838481	1446846838482	1446846838585	1446846838595	OK	 
ACTION	Find Participant or Team Page	29	Hit Find Participant or Team Page	1446846838474	1446846838474	1446846838604	1446846838615	OK	 
ACTION	Main Registration Page	9	Hit Main Registration Page	1446846838596	1446846838597	1446846838696	1446846838704	OK	 
ACTION	Join or Form a Team Page with TR Dropdown	53	Hit Join or Form a Team Page with TR Dropdown	1446846826678	1446846826679	1446846838652	1446846838713	OK	 
ACTION	Search for Participant or Team Page	49	Search for Participant or Team Page	1446846838575	1446846838575	1446846838715	1446846838726	OK	 
ACTION	Find Participant or Team Page	29	Hit Find Participant or Team Page	1446846838616	1446846838616	1446846838724	1446846838735	OK	 
ACTION	Main Registration Page	9	Hit Main Registration Page	1446846838705	1446846838705	1446846838827	1446846838831	OK	 
ACTION	Search for Participant or Team Page	49	Search for Participant or Team Page	1446846838727	1446846838727	1446846838852	1446846838862	OK	 
ACTION	Company List Page	38	Hit Company List Page	1446846838184	1446846838184	1446846838820	1446846838867	OK	 
ACTION	Find Participant or Team Page	29	Hit Find Participant or Team Page	1446846838735	1446846838736	1446846838856	1446846838867	OK	 
ACTION	Main Registration Page	9	Hit Main Registration Page	1446846838832	1446846838832	1446846838923	1446846838931	OK	 
ACTION	Find Participant or Team Page	29	Hit Find Participant or Team Page	1446846838868	1446846838868	1446846838972	1446846838983	OK	 
ACTION	Search for Participant or Team Page	49	Search for Participant or Team Page	1446846838863	1446846838863	1446846838977	1446846838987	OK	 
ACTION	Company List Page	39	Hit Company List Page	1446846838247	1446846838300	1446846838916	1446846838998	OK	 
ACTION	Main Registration Page	9	Hit Main Registration Page	1446846838931	1446846838932	1446846839025	1446846839032	OK	 
ACTION	Search for Participant or Team Page	49	Search for Participant or Team Page	1446846838988	1446846838988	1446846839097	1446846839107	OK	 
ACTION	Main Registration Page	9	Hit Main Registration Page	1446846839033	1446846839033	1446846839129	1446846839137	OK	 
ACTION	Find Participant or Team Page	29	Hit Find Participant or Team Page	1446846838984	1446846838984	1446846839138	1446846839149	OK	 
ACTION	Search for Participant or Team Page	49	Search for Participant or Team Page	1446846839109	1446846839109	1446846839265	1446846839275	OK	 
ACTION	Main Registration Page	9	Hit Main Registration Page	1446846839138	1446846839139	1446846839275	1446846839287	OK	 
ACTION	Find Participant or Team Page	29	Hit Find Participant or Team Page	1446846839150	1446846839151	1446846839288	1446846839299	OK	 
ACTION	Main Registration Page	9	Hit Main Registration Page	1446846839288	1446846839288	1446846839389	1446846839397	OK	 
ACTION	Search for Participant or Team Page	49	Search for Participant or Team Page	1446846839277	1446846839277	1446846839397	1446846839406	OK	 
ACTION	Find Participant or Team Page	29	Hit Find Participant or Team Page	1446846839301	1446846839302	1446846839410	1446846839421	OK	 
ACTION	Company List Page	38	Hit Company List Page	1446846838868	1446846838868	1446846839425	1446846839473	OK	 
ACTION	Search for Participant or Team Page	49	Search for Participant or Team Page	1446846839411	1446846839411	1446846839514	1446846839524	OK	 
ACTION	Main Registration Page	9	Hit Main Registration Page	1446846839399	1446846839400	1446846839525	1446846839533	OK	 
SCENARIO	Main Registration Page	9	END	1446846839533
ACTION	Find Participant or Team Page	29	Hit Find Participant or Team Page	1446846839423	1446846839423	1446846839554	1446846839566	OK	 
ACTION	Find Participant or Team Page	29	Hit Find Participant or Team Page	1446846839568	1446846839569	1446846839674	1446846839685	OK	 
SCENARIO	Find Participant or Team Page	29	END	1446846839686
ACTION	Search for Participant or Team Page	49	Search for Participant or Team Page	1446846839529	1446846839530	1446846839691	1446846839704	OK	 
SCENARIO	Search for Participant or Team Page	49	END	1446846839705
ACTION	Company List Page	39	Hit Company List Page	1446846838999	1446846838999	1446846839724	1446846839774	OK	 
ACTION	Company List Page	38	Hit Company List Page	1446846839475	1446846839476	1446846840183	1446846840231	OK	 
ACTION	Company List Page	39	Hit Company List Page	1446846839775	1446846839776	1446846840467	1446846840534	OK	 
ACTION	Company List Page	38	Hit Company List Page	1446846840233	1446846840234	1446846840826	1446846840873	OK	 
ACTION	Join or Form a Team Page with TR Dropdown	56	Hit Join or Form a Team Page with TR Dropdown	1446846828248	1446846828495	1446846841021	1446846841067	OK	 
ACTION	Individual Registration Page 1	16	Hit Individual Registration Page 1 Redirect 1	1446846828538	1446846828538	1446846841024	1446846841071	OK	 
ACTION	Individual Registration Page 1	16	Hit Individual Registration Page 1	1446846841073	1446846841073	1446846841130	1446846841173	OK	 
ACTION	Individual Registration Page 1	16	Hit Individual Registration Page 1	1446846841174	1446846841175	1446846841232	1446846841276	OK	 
ACTION	Company List Page	39	Hit Company List Page	1446846840537	1446846840537	1446846841275	1446846841323	OK	 
ACTION	Individual Registration Page 1	16	Hit Individual Registration Page 1	1446846841277	1446846841278	1446846841337	1446846841382	OK	 
ACTION	Individual Registration Page 1	16	Hit Individual Registration Page 1	1446846841383	1446846841383	1446846841438	1446846841441	OK	 
ACTION	Individual Registration Page 1	16	Hit Individual Registration Page 1	1446846841443	1446846841443	1446846841499	1446846841502	OK	 
SCENARIO	Individual Registration Page 1	20	START	1446846841547
SCENARIO	Main Registration Page	10	START	1446846841547
SCENARIO	Join or Form a Team Page with TR Dropdown	60	START	1446846841547
SCENARIO	Search for Participant or Team Page	50	START	1446846841547
SCENARIO	Find Participant or Team Page	30	START	1446846841547
SCENARIO	Company List Page	40	START	1446846841547
ACTION	Individual Registration Page 1	16	Hit Individual Registration Page 1	1446846841503	1446846841503	1446846841560	1446846841563	OK	 
ACTION	Company List Page	38	Hit Company List Page	1446846840874	1446846840875	1446846841535	1446846841583	OK	 
SCENARIO	Company List Page	38	END	1446846841584
ACTION	Individual Registration Page 1	16	Hit Individual Registration Page 1	1446846841564	1446846841565	1446846841639	1446846841642	OK	 
ACTION	Individual Registration Page 1	16	Hit Individual Registration Page 1	1446846841643	1446846841643	1446846841700	1446846841703	OK	 
ACTION	Find Participant or Team Page	30	Hit Find Participant or Team Page	1446846841549	1446846841592	1446846841694	1446846841748	OK	 
ACTION	Main Registration Page	10	Hit Main Registration Page	1446846841549	1446846841593	1446846841703	1446846841753	OK	 
ACTION	Individual Registration Page 1	16	Hit Individual Registration Page 1	1446846841703	1446846841704	1446846841768	1446846841771	OK	 
SCENARIO	Individual Registration Page 1	16	END	1446846841772
ACTION	Search for Participant or Team Page	50	Search for Participant or Team Page	1446846841552	1446846841594	1446846841731	1446846841782	OK	 
ACTION	Individual Registration Page 1	20	Hit Individual Registration Page 1	1446846841549	1446846841780	1446846841828	1446846841828	OK	 
ACTION	Main Registration Page	10	Hit Main Registration Page	1446846841753	1446846841753	1446846841871	1446846841879	OK	 
ACTION	Find Participant or Team Page	30	Hit Find Participant or Team Page	1446846841749	1446846841749	1446846841870	1446846841881	OK	 
ACTION	Company List Page	39	Hit Company List Page	1446846841324	1446846841324	1446846841883	1446846841931	OK	 
ACTION	Search for Participant or Team Page	50	Search for Participant or Team Page	1446846841783	1446846841783	1446846841947	1446846841958	OK	 
ACTION	Find Participant or Team Page	30	Hit Find Participant or Team Page	1446846841881	1446846841881	1446846841982	1446846841992	OK	 
ACTION	Main Registration Page	10	Hit Main Registration Page	1446846841880	1446846841880	1446846841998	1446846842005	OK	 
ACTION	Search for Participant or Team Page	50	Search for Participant or Team Page	1446846841959	1446846841959	1446846842065	1446846842075	OK	 
ACTION	Main Registration Page	10	Hit Main Registration Page	1446846842006	1446846842006	1446846842135	1446846842143	OK	 
ACTION	Find Participant or Team Page	30	Hit Find Participant or Team Page	1446846841993	1446846841993	1446846842140	1446846842150	OK	 
ACTION	Search for Participant or Team Page	50	Search for Participant or Team Page	1446846842077	1446846842077	1446846842173	1446846842184	OK	 
ACTION	Find Participant or Team Page	30	Hit Find Participant or Team Page	1446846842152	1446846842152	1446846842251	1446846842261	OK	 
ACTION	Main Registration Page	10	Hit Main Registration Page	1446846842144	1446846842144	1446846842269	1446846842277	OK	 
ACTION	Search for Participant or Team Page	50	Search for Participant or Team Page	1446846842189	1446846842189	1446846842316	1446846842327	OK	 
ACTION	Company List Page	40	Hit Company List Page	1446846841549	1446846841599	1446846842285	1446846842332	OK	 
ACTION	Find Participant or Team Page	30	Hit Find Participant or Team Page	1446846842263	1446846842263	1446846842358	1446846842369	OK	 
ACTION	Main Registration Page	10	Hit Main Registration Page	1446846842279	1446846842279	1446846842409	1446846842417	OK	 
ACTION	Search for Participant or Team Page	50	Search for Participant or Team Page	1446846842330	1446846842331	1446846842453	1446846842464	OK	 
ACTION	Find Participant or Team Page	30	Hit Find Participant or Team Page	1446846842370	1446846842371	1446846842486	1446846842496	OK	 
ACTION	Main Registration Page	10	Hit Main Registration Page	1446846842418	1446846842419	1446846842566	1446846842573	OK	 
ACTION	Search for Participant or Team Page	50	Search for Participant or Team Page	1446846842469	1446846842470	1446846842594	1446846842605	OK	 
ACTION	Find Participant or Team Page	30	Hit Find Participant or Team Page	1446846842498	1446846842499	1446846842640	1446846842651	OK	 
ACTION	Main Registration Page	10	Hit Main Registration Page	1446846842574	1446846842574	1446846842703	1446846842711	OK	 
ACTION	Search for Participant or Team Page	50	Search for Participant or Team Page	1446846842607	1446846842607	1446846842707	1446846842718	OK	 
ACTION	Company List Page	39	Hit Company List Page	1446846841931	1446846841932	1446846842695	1446846842750	OK	 
ACTION	Find Participant or Team Page	30	Hit Find Participant or Team Page	1446846842654	1446846842654	1446846842752	1446846842764	OK	 
ACTION	Main Registration Page	10	Hit Main Registration Page	1446846842713	1446846842713	1446846842874	1446846842881	OK	 
ACTION	Find Participant or Team Page	30	Hit Find Participant or Team Page	1446846842766	1446846842767	1446846842885	1446846842895	OK	 
SCENARIO	Find Participant or Team Page	30	END	1446846842896
ACTION	Main Registration Page	10	Hit Main Registration Page	1446846842883	1446846842884	1446846842999	1446846843006	OK	 
SCENARIO	Main Registration Page	10	END	1446846843007
ACTION	Search for Participant or Team Page	50	Search for Participant or Team Page	1446846842722	1446846842723	1446846843002	1446846843053	OK	 
ACTION	Company List Page	40	Hit Company List Page	1446846842334	1446846842334	1446846843106	1446846843152	OK	 
ACTION	Search for Participant or Team Page	50	Search for Participant or Team Page	1446846843058	1446846843059	1446846843226	1446846843237	OK	 
SCENARIO	Search for Participant or Team Page	50	END	1446846843237
ACTION	Company List Page	39	Hit Company List Page	1446846842751	1446846842751	1446846843684	1446846843732	OK	 
ACTION	Company List Page	40	Hit Company List Page	1446846843153	1446846843154	1446846843874	1446846843921	OK	 
ACTION	Company List Page	39	Hit Company List Page	1446846843733	1446846843734	1446846844383	1446846844431	OK	 
ACTION	Company List Page	40	Hit Company List Page	1446846843922	1446846843922	1446846844575	1446846844623	OK	 
ACTION	Company List Page	39	Hit Company List Page	1446846844433	1446846844434	1446846845218	1446846845266	OK	 
ACTION	Company List Page	40	Hit Company List Page	1446846844625	1446846844626	1446846845355	1446846845403	OK	 
ACTION	Join or Form a Team Page with TR Dropdown	52	Hit Join or Form a Team Page with TR Dropdown	1446846831503	1446846831504	1446846845846	1446846845891	OK	 
ACTION	Company List Page	39	Hit Company List Page	1446846845268	1446846845269	1446846845970	1446846846022	OK	 
SCENARIO	Company List Page	39	END	1446846846023
ACTION	Join or Form a Team Page with TR Dropdown	54	Hit Join or Form a Team Page with TR Dropdown	1446846831228	1446846831230	1446846846132	1446846846178	OK	 
ACTION	Company List Page	40	Hit Company List Page	1446846845405	1446846845405	1446846846343	1446846846391	OK	 
ACTION	Individual Registration Page 1	17	Hit Individual Registration Page 1 Redirect 1	1446846831818	1446846831819	1446846846854	1446846846899	OK	 
ACTION	Individual Registration Page 1	17	Hit Individual Registration Page 1	1446846846901	1446846846901	1446846846957	1446846847002	OK	 
ACTION	Individual Registration Page 1	17	Hit Individual Registration Page 1	1446846847003	1446846847003	1446846847059	1446846847103	OK	 
ACTION	Join or Form a Team Page with TR Dropdown	57	Hit Join or Form a Team Page with TR Dropdown	1446846831549	1446846831792	1446846847155	1446846847201	OK	 
ACTION	Individual Registration Page 1	17	Hit Individual Registration Page 1	1446846847104	1446846847105	1446846847161	1446846847205	OK	 
ACTION	Company List Page	40	Hit Company List Page	1446846846394	1446846846394	1446846847178	1446846847232	OK	 
ACTION	Individual Registration Page 1	17	Hit Individual Registration Page 1	1446846847207	1446846847207	1446846847269	1446846847272	OK	 
ACTION	Individual Registration Page 1	17	Hit Individual Registration Page 1	1446846847273	1446846847273	1446846847328	1446846847331	OK	 
ACTION	Individual Registration Page 1	17	Hit Individual Registration Page 1	1446846847332	1446846847332	1446846847392	1446846847396	OK	 
ACTION	Individual Registration Page 1	17	Hit Individual Registration Page 1	1446846847399	1446846847400	1446846847456	1446846847459	OK	 
ACTION	Individual Registration Page 1	17	Hit Individual Registration Page 1	1446846847462	1446846847463	1446846847516	1446846847520	OK	 
ACTION	Individual Registration Page 1	17	Hit Individual Registration Page 1	1446846847521	1446846847521	1446846847575	1446846847579	OK	 
SCENARIO	Individual Registration Page 1	17	END	1446846847579
ACTION	Company List Page	40	Hit Company List Page	1446846847235	1446846847235	1446846847976	1446846848026	OK	 
ACTION	Company List Page	40	Hit Company List Page	1446846848026	1446846848027	1446846848696	1446846848750	OK	 
ACTION	Company List Page	40	Hit Company List Page	1446846848751	1446846848751	1446846849468	1446846849523	OK	 
SCENARIO	Company List Page	40	END	1446846849524
ACTION	Individual Registration Page 1	18	Hit Individual Registration Page 1 Redirect 1	1446846835166	1446846835168	1446846850079	1446846850125	OK	 
ACTION	Individual Registration Page 1	18	Hit Individual Registration Page 1	1446846850128	1446846850129	1446846850187	1446846850233	OK	 
ACTION	Individual Registration Page 1	18	Hit Individual Registration Page 1	1446846850235	1446846850236	1446846850291	1446846850295	OK	 
ACTION	Individual Registration Page 1	18	Hit Individual Registration Page 1	1446846850297	1446846850298	1446846850368	1446846850371	OK	 
ACTION	Individual Registration Page 1	18	Hit Individual Registration Page 1	1446846850374	1446846850375	1446846850438	1446846850442	OK	 
ACTION	Individual Registration Page 1	18	Hit Individual Registration Page 1	1446846850445	1446846850446	1446846850501	1446846850504	OK	 
ACTION	Individual Registration Page 1	18	Hit Individual Registration Page 1	1446846850506	1446846850507	1446846850565	1446846850568	OK	 
ACTION	Individual Registration Page 1	18	Hit Individual Registration Page 1	1446846850569	1446846850570	1446846850632	1446846850635	OK	 
ACTION	Individual Registration Page 1	18	Hit Individual Registration Page 1	1446846850637	1446846850638	1446846850736	1446846850740	OK	 
ACTION	Join or Form a Team Page with TR Dropdown	58	Hit Join or Form a Team Page with TR Dropdown	1446846834849	1446846835082	1446846850702	1446846850746	OK	 
ACTION	Individual Registration Page 1	18	Hit Individual Registration Page 1	1446846850741	1446846850741	1446846850802	1446846850807	OK	 
SCENARIO	Individual Registration Page 1	18	END	1446846850809
ACTION	Join or Form a Team Page with TR Dropdown	55	Hit Join or Form a Team Page with TR Dropdown	1446846836052	1446846836052	1446846851171	1446846851219	OK	 
ACTION	Join or Form a Team Page with TR Dropdown	51	Hit Join or Form a Team Page with TR Dropdown	1446846838189	1446846838190	1446846853307	1446846853353	OK	 
ACTION	Join or Form a Team Page with TR Dropdown	53	Hit Join or Form a Team Page with TR Dropdown	1446846838714	1446846838714	1446846853309	1446846853355	OK	 
ACTION	Individual Registration Page 1	19	Hit Individual Registration Page 1 Redirect 1	1446846838522	1446846838523	1446846853358	1446846853404	OK	 
ACTION	Individual Registration Page 1	19	Hit Individual Registration Page 1	1446846853405	1446846853405	1446846853462	1446846853507	OK	 
ACTION	Individual Registration Page 1	19	Hit Individual Registration Page 1	1446846853508	1446846853509	1446846853567	1446846853572	OK	 
ACTION	Individual Registration Page 1	19	Hit Individual Registration Page 1	1446846853575	1446846853576	1446846853634	1446846853638	OK	 
ACTION	Join or Form a Team Page with TR Dropdown	59	Hit Join or Form a Team Page with TR Dropdown	1446846838247	1446846838470	1446846853655	1446846853700	OK	 
ACTION	Individual Registration Page 1	19	Hit Individual Registration Page 1	1446846853641	1446846853641	1446846853699	1446846853703	OK	 
ACTION	Individual Registration Page 1	19	Hit Individual Registration Page 1	1446846853705	1446846853705	1446846853767	1446846853770	OK	 
ACTION	Individual Registration Page 1	19	Hit Individual Registration Page 1	1446846853772	1446846853773	1446846853830	1446846853833	OK	 
ACTION	Individual Registration Page 1	19	Hit Individual Registration Page 1	1446846853836	1446846853837	1446846853892	1446846853896	OK	 
ACTION	Individual Registration Page 1	19	Hit Individual Registration Page 1	1446846853898	1446846853898	1446846853956	1446846853960	OK	 
ACTION	Individual Registration Page 1	19	Hit Individual Registration Page 1	1446846853961	1446846853962	1446846854030	1446846854117	OK	 
SCENARIO	Individual Registration Page 1	19	END	1446846854118
ACTION	Join or Form a Team Page with TR Dropdown	56	Hit Join or Form a Team Page with TR Dropdown	1446846841069	1446846841069	1446846855316	1446846855361	OK	 
ACTION	Individual Registration Page 1	20	Hit Individual Registration Page 1 Redirect 1	1446846841828	1446846841829	1446846855759	1446846855803	OK	 
ACTION	Individual Registration Page 1	20	Hit Individual Registration Page 1	1446846855806	1446846855806	1446846855867	1446846855911	OK	 
ACTION	Individual Registration Page 1	20	Hit Individual Registration Page 1	1446846855914	1446846855915	1446846855973	1446846855977	OK	 
ACTION	Individual Registration Page 1	20	Hit Individual Registration Page 1	1446846855979	1446846855980	1446846856036	1446846856041	OK	 
ACTION	Individual Registration Page 1	20	Hit Individual Registration Page 1	1446846856043	1446846856044	1446846856102	1446846856105	OK	 
ACTION	Individual Registration Page 1	20	Hit Individual Registration Page 1	1446846856106	1446846856106	1446846856178	1446846856184	OK	 
ACTION	Individual Registration Page 1	20	Hit Individual Registration Page 1	1446846856187	1446846856188	1446846856255	1446846856257	OK	 
ACTION	Join or Form a Team Page with TR Dropdown	60	Hit Join or Form a Team Page with TR Dropdown	1446846841549	1446846841792	1446846856262	1446846856306	OK	 
ACTION	Individual Registration Page 1	20	Hit Individual Registration Page 1	1446846856258	1446846856258	1446846856315	1446846856318	OK	 
ACTION	Individual Registration Page 1	20	Hit Individual Registration Page 1	1446846856319	1446846856319	1446846856374	1446846856418	OK	 
ACTION	Individual Registration Page 1	20	Hit Individual Registration Page 1	1446846856419	1446846856419	1446846856473	1446846856476	OK	 
SCENARIO	Individual Registration Page 1	20	END	1446846856476
ACTION	Join or Form a Team Page with TR Dropdown	54	Hit Join or Form a Team Page with TR Dropdown	1446846846179	1446846846179	1446846858167	1446846858213	OK	 
ACTION	Join or Form a Team Page with TR Dropdown	52	Hit Join or Form a Team Page with TR Dropdown	1446846845892	1446846845892	1446846858420	1446846858475	OK	 
ACTION	Join or Form a Team Page with TR Dropdown	57	Hit Join or Form a Team Page with TR Dropdown	1446846847202	1446846847203	1446846859935	1446846859981	OK	 
ACTION	Join or Form a Team Page with TR Dropdown	58	Hit Join or Form a Team Page with TR Dropdown	1446846850748	1446846850748	1446846862172	1446846862239	OK	 
ACTION	Join or Form a Team Page with TR Dropdown	55	Hit Join or Form a Team Page with TR Dropdown	1446846851221	1446846851222	1446846862358	1446846862581	OK	 
ACTION	Join or Form a Team Page with TR Dropdown	53	Hit Join or Form a Team Page with TR Dropdown	1446846853357	1446846853357	1446846864315	1446846864361	OK	 
ACTION	Join or Form a Team Page with TR Dropdown	59	Hit Join or Form a Team Page with TR Dropdown	1446846853702	1446846853704	1446846864326	1446846864371	OK	 
ACTION	Join or Form a Team Page with TR Dropdown	51	Hit Join or Form a Team Page with TR Dropdown	1446846853355	1446846853356	1446846864539	1446846864594	OK	 
ACTION	Join or Form a Team Page with TR Dropdown	56	Hit Join or Form a Team Page with TR Dropdown	1446846855363	1446846855364	1446846865828	1446846865872	OK	 
ACTION	Join or Form a Team Page with TR Dropdown	60	Hit Join or Form a Team Page with TR Dropdown	1446846856307	1446846856307	1446846866945	1446846866989	OK	 
ACTION	Join or Form a Team Page with TR Dropdown	54	Hit Join or Form a Team Page with TR Dropdown	1446846858214	1446846858214	1446846869151	1446846869197	OK	 
ACTION	Join or Form a Team Page with TR Dropdown	52	Hit Join or Form a Team Page with TR Dropdown	1446846858476	1446846858476	1446846869358	1446846869411	OK	 
ACTION	Join or Form a Team Page with TR Dropdown	57	Hit Join or Form a Team Page with TR Dropdown	1446846859983	1446846859984	1446846870539	1446846870585	OK	 
ACTION	Join or Form a Team Page with TR Dropdown	58	Hit Join or Form a Team Page with TR Dropdown	1446846862242	1446846862243	1446846873119	1446846873166	OK	 
ACTION	Join or Form a Team Page with TR Dropdown	55	Hit Join or Form a Team Page with TR Dropdown	1446846862584	1446846862585	1446846873271	1446846873317	OK	 
ACTION	Join or Form a Team Page with TR Dropdown	59	Hit Join or Form a Team Page with TR Dropdown	1446846864372	1446846864372	1446846875242	1446846875286	OK	 
ACTION	Join or Form a Team Page with TR Dropdown	53	Hit Join or Form a Team Page with TR Dropdown	1446846864362	1446846864362	1446846875267	1446846875312	OK	 
ACTION	Join or Form a Team Page with TR Dropdown	51	Hit Join or Form a Team Page with TR Dropdown	1446846864596	1446846864597	1446846875335	1446846875381	OK	 
ACTION	Join or Form a Team Page with TR Dropdown	56	Hit Join or Form a Team Page with TR Dropdown	1446846865875	1446846865876	1446846876662	1446846876711	OK	 
ACTION	Join or Form a Team Page with TR Dropdown	60	Hit Join or Form a Team Page with TR Dropdown	1446846866991	1446846866991	1446846877836	1446846877881	OK	 
ACTION	Join or Form a Team Page with TR Dropdown	54	Hit Join or Form a Team Page with TR Dropdown	1446846869198	1446846869199	1446846879931	1446846879977	OK	 
ACTION	Join or Form a Team Page with TR Dropdown	52	Hit Join or Form a Team Page with TR Dropdown	1446846869413	1446846869414	1446846880201	1446846880246	OK	 
ACTION	Join or Form a Team Page with TR Dropdown	57	Hit Join or Form a Team Page with TR Dropdown	1446846870587	1446846870587	1446846881243	1446846881288	OK	 
ACTION	Join or Form a Team Page with TR Dropdown	58	Hit Join or Form a Team Page with TR Dropdown	1446846873168	1446846873169	1446846883624	1446846883670	OK	 
ACTION	Join or Form a Team Page with TR Dropdown	55	Hit Join or Form a Team Page with TR Dropdown	1446846873319	1446846873321	1446846883739	1446846883783	OK	 
ACTION	Join or Form a Team Page with TR Dropdown	59	Hit Join or Form a Team Page with TR Dropdown	1446846875287	1446846875287	1446846885361	1446846885406	OK	 
ACTION	Join or Form a Team Page with TR Dropdown	51	Hit Join or Form a Team Page with TR Dropdown	1446846875383	1446846875383	1446846885541	1446846885586	OK	 
ACTION	Join or Form a Team Page with TR Dropdown	53	Hit Join or Form a Team Page with TR Dropdown	1446846875313	1446846875313	1446846885696	1446846885741	OK	 
ACTION	Join or Form a Team Page with TR Dropdown	56	Hit Join or Form a Team Page with TR Dropdown	1446846876713	1446846876714	1446846887187	1446846887233	OK	 
ACTION	Join or Form a Team Page with TR Dropdown	60	Hit Join or Form a Team Page with TR Dropdown	1446846877883	1446846877884	1446846888134	1446846888180	OK	 
ACTION	Join or Form a Team Page with TR Dropdown	52	Hit Join or Form a Team Page with TR Dropdown	1446846880248	1446846880249	1446846890279	1446846890326	OK	 
ACTION	Join or Form a Team Page with TR Dropdown	54	Hit Join or Form a Team Page with TR Dropdown	1446846879978	1446846879979	1446846890317	1446846890362	OK	 
ACTION	Join or Form a Team Page with TR Dropdown	57	Hit Join or Form a Team Page with TR Dropdown	1446846881289	1446846881289	1446846891514	1446846891559	OK	 
ACTION	Join or Form a Team Page with TR Dropdown	58	Hit Join or Form a Team Page with TR Dropdown	1446846883673	1446846883674	1446846893776	1446846893822	OK	 
ACTION	Join or Form a Team Page with TR Dropdown	55	Hit Join or Form a Team Page with TR Dropdown	1446846883785	1446846883787	1446846894018	1446846894063	OK	 
ACTION	Join or Form a Team Page with TR Dropdown	59	Hit Join or Form a Team Page with TR Dropdown	1446846885409	1446846885410	1446846895620	1446846895666	OK	 
ACTION	Join or Form a Team Page with TR Dropdown	53	Hit Join or Form a Team Page with TR Dropdown	1446846885744	1446846885745	1446846895995	1446846896042	OK	 
ACTION	Join or Form a Team Page with TR Dropdown	51	Hit Join or Form a Team Page with TR Dropdown	1446846885588	1446846885588	1446846896029	1446846896074	OK	 
ACTION	Join or Form a Team Page with TR Dropdown	56	Hit Join or Form a Team Page with TR Dropdown	1446846887234	1446846887235	1446846897145	1446846897192	OK	 
ACTION	Join or Form a Team Page with TR Dropdown	60	Hit Join or Form a Team Page with TR Dropdown	1446846888183	1446846888184	1446846898604	1446846898652	OK	 
ACTION	Join or Form a Team Page with TR Dropdown	54	Hit Join or Form a Team Page with TR Dropdown	1446846890364	1446846890365	1446846900403	1446846900449	OK	 
ACTION	Join or Form a Team Page with TR Dropdown	52	Hit Join or Form a Team Page with TR Dropdown	1446846890328	1446846890329	1446846900690	1446846900738	OK	 
ACTION	Join or Form a Team Page with TR Dropdown	57	Hit Join or Form a Team Page with TR Dropdown	1446846891562	1446846891563	1446846901658	1446846901703	OK	 
ACTION	Join or Form a Team Page with TR Dropdown	58	Hit Join or Form a Team Page with TR Dropdown	1446846893824	1446846893825	1446846904449	1446846904495	OK	 
ACTION	Join or Form a Team Page with TR Dropdown	55	Hit Join or Form a Team Page with TR Dropdown	1446846894063	1446846894064	1446846904520	1446846904565	OK	 
ACTION	Join or Form a Team Page with TR Dropdown	59	Hit Join or Form a Team Page with TR Dropdown	1446846895667	1446846895667	1446846906168	1446846906212	OK	 
ACTION	Join or Form a Team Page with TR Dropdown	53	Hit Join or Form a Team Page with TR Dropdown	1446846896044	1446846896045	1446846906624	1446846906668	OK	 
ACTION	Join or Form a Team Page with TR Dropdown	51	Hit Join or Form a Team Page with TR Dropdown	1446846896077	1446846896077	1446846906694	1446846906739	OK	 
ACTION	Join or Form a Team Page with TR Dropdown	56	Hit Join or Form a Team Page with TR Dropdown	1446846897194	1446846897195	1446846907419	1446846907469	OK	 
ACTION	Join or Form a Team Page with TR Dropdown	60	Hit Join or Form a Team Page with TR Dropdown	1446846898655	1446846898656	1446846908711	1446846908756	OK	 
ACTION	Join or Form a Team Page with TR Dropdown	54	Hit Join or Form a Team Page with TR Dropdown	1446846900450	1446846900450	1446846910570	1446846910614	OK	 
ACTION	Join or Form a Team Page with TR Dropdown	52	Hit Join or Form a Team Page with TR Dropdown	1446846900741	1446846900742	1446846911489	1446846911534	OK	 
ACTION	Join or Form a Team Page with TR Dropdown	57	Hit Join or Form a Team Page with TR Dropdown	1446846901703	1446846901704	1446846911755	1446846911800	OK	 
ACTION	Join or Form a Team Page with TR Dropdown	55	Hit Join or Form a Team Page with TR Dropdown	1446846904568	1446846904569	1446846915178	1446846915222	OK	 
ACTION	Join or Form a Team Page with TR Dropdown	58	Hit Join or Form a Team Page with TR Dropdown	1446846904498	1446846904499	1446846915208	1446846915253	OK	 
ACTION	Join or Form a Team Page with TR Dropdown	59	Hit Join or Form a Team Page with TR Dropdown	1446846906214	1446846906215	1446846916551	1446846916596	OK	 
ACTION	Join or Form a Team Page with TR Dropdown	53	Hit Join or Form a Team Page with TR Dropdown	1446846906671	1446846906672	1446846917021	1446846917067	OK	 
ACTION	Join or Form a Team Page with TR Dropdown	51	Hit Join or Form a Team Page with TR Dropdown	1446846906742	1446846906742	1446846917711	1446846917756	OK	 
SCENARIO	Join or Form a Team Page with TR Dropdown	51	END	1446846917757
ACTION	Join or Form a Team Page with TR Dropdown	56	Hit Join or Form a Team Page with TR Dropdown	1446846907471	1446846907472	1446846917876	1446846917921	OK	 
ACTION	Join or Form a Team Page with TR Dropdown	60	Hit Join or Form a Team Page with TR Dropdown	1446846908758	1446846908759	1446846919031	1446846919075	OK	 
ACTION	Join or Form a Team Page with TR Dropdown	54	Hit Join or Form a Team Page with TR Dropdown	1446846910615	1446846910616	1446846920713	1446846920759	OK	 
ACTION	Join or Form a Team Page with TR Dropdown	57	Hit Join or Form a Team Page with TR Dropdown	1446846911801	1446846911802	1446846921434	1446846921479	OK	 
ACTION	Join or Form a Team Page with TR Dropdown	52	Hit Join or Form a Team Page with TR Dropdown	1446846911535	1446846911535	1446846921509	1446846921554	OK	 
SCENARIO	Join or Form a Team Page with TR Dropdown	52	END	1446846921555
ACTION	Join or Form a Team Page with TR Dropdown	58	Hit Join or Form a Team Page with TR Dropdown	1446846915253	1446846915254	1446846924191	1446846924239	OK	 
ACTION	Join or Form a Team Page with TR Dropdown	55	Hit Join or Form a Team Page with TR Dropdown	1446846915224	1446846915224	1446846924277	1446846924325	OK	 
ACTION	Join or Form a Team Page with TR Dropdown	59	Hit Join or Form a Team Page with TR Dropdown	1446846916597	1446846916597	1446846925558	1446846925608	OK	 
ACTION	Join or Form a Team Page with TR Dropdown	53	Hit Join or Form a Team Page with TR Dropdown	1446846917068	1446846917068	1446846925973	1446846926019	OK	 
SCENARIO	Join or Form a Team Page with TR Dropdown	53	END	1446846926019
ACTION	Join or Form a Team Page with TR Dropdown	56	Hit Join or Form a Team Page with TR Dropdown	1446846917922	1446846917922	1446846926829	1446846926883	OK	 
ACTION	Join or Form a Team Page with TR Dropdown	60	Hit Join or Form a Team Page with TR Dropdown	1446846919076	1446846919076	1446846927829	1446846927876	OK	 
ACTION	Join or Form a Team Page with TR Dropdown	54	Hit Join or Form a Team Page with TR Dropdown	1446846920760	1446846920760	1446846928882	1446846928929	OK	 
SCENARIO	Join or Form a Team Page with TR Dropdown	54	END	1446846928930
ACTION	Join or Form a Team Page with TR Dropdown	57	Hit Join or Form a Team Page with TR Dropdown	1446846921480	1446846921481	1446846929523	1446846929572	OK	 
ACTION	Join or Form a Team Page with TR Dropdown	55	Hit Join or Form a Team Page with TR Dropdown	1446846924326	1446846924326	1446846931679	1446846931728	OK	 
SCENARIO	Join or Form a Team Page with TR Dropdown	55	END	1446846931728
ACTION	Join or Form a Team Page with TR Dropdown	58	Hit Join or Form a Team Page with TR Dropdown	1446846924240	1446846924240	1446846931848	1446846931892	OK	 
ACTION	Join or Form a Team Page with TR Dropdown	59	Hit Join or Form a Team Page with TR Dropdown	1446846925610	1446846925611	1446846933075	1446846933125	OK	 
ACTION	Join or Form a Team Page with TR Dropdown	56	Hit Join or Form a Team Page with TR Dropdown	1446846926884	1446846926885	1446846933950	1446846933999	OK	 
SCENARIO	Join or Form a Team Page with TR Dropdown	56	END	1446846934000
ACTION	Join or Form a Team Page with TR Dropdown	60	Hit Join or Form a Team Page with TR Dropdown	1446846927878	1446846927879	1446846934794	1446846934842	OK	 
ACTION	Join or Form a Team Page with TR Dropdown	57	Hit Join or Form a Team Page with TR Dropdown	1446846929574	1446846929575	1446846936319	1446846936367	OK	 
SCENARIO	Join or Form a Team Page with TR Dropdown	57	END	1446846936368
ACTION	Join or Form a Team Page with TR Dropdown	58	Hit Join or Form a Team Page with TR Dropdown	1446846931893	1446846931894	1446846938266	1446846938313	OK	 
SCENARIO	Join or Form a Team Page with TR Dropdown	58	END	1446846938314
ACTION	Join or Form a Team Page with TR Dropdown	59	Hit Join or Form a Team Page with TR Dropdown	1446846933127	1446846933129	1446846939368	1446846939418	OK	 
SCENARIO	Join or Form a Team Page with TR Dropdown	59	END	1446846939419
ACTION	Join or Form a Team Page with TR Dropdown	60	Hit Join or Form a Team Page with TR Dropdown	1446846934844	1446846934845	1446846940825	1446846940874	OK	 
SCENARIO	Join or Form a Team Page with TR Dropdown	60	END	1446846940875
