RUN	20151106141637	basicexamplesimulation	basicexamplesimulation
SCENARIO	Individual Registration Page 1	11	START	1446840998987
SCENARIO	Join or Form a Team Page with TR Dropdown	51	START	1446840998987
SCENARIO	Search for Participant or Team Page	41	START	1446840998987
SCENARIO	Main Registration Page	1	START	1446840998987
SCENARIO	Company List Page	31	START	1446840998987
SCENARIO	Find Participant or Team Page	21	START	1446840998987
ACTION	Main Registration Page	1	Hit Main Registration Page	1446840999018	1446840999068	1446840999155	1446840999198	OK	 
ACTION	Search for Participant or Team Page	41	Search for Participant or Team Page	1446840999022	1446840999069	1446840999155	1446840999200	OK	 
ACTION	Find Participant or Team Page	21	Hit Find Participant or Team Page	1446840999018	1446840999068	1446840999150	1446840999193	OK	 
ACTION	Main Registration Page	1	Hit Main Registration Page	1446840999214	1446840999215	1446840999296	1446840999338	OK	 
ACTION	Find Participant or Team Page	21	Hit Find Participant or Team Page	1446840999216	1446840999216	1446840999294	1446840999338	OK	 
ACTION	Search for Participant or Team Page	41	Search for Participant or Team Page	1446840999215	1446840999216	1446840999301	1446840999343	OK	 
ACTION	Company List Page	31	Hit Company List Page	1446840999018	1446840999068	1446840999332	1446840999374	OK	 
ACTION	Individual Registration Page 1	11	Hit Individual Registration Page 1	1446840999017	1446840999367	1446840999417	1446840999417	OK	 
ACTION	Main Registration Page	1	Hit Main Registration Page	1446840999340	1446840999340	1446840999417	1446840999460	OK	 
ACTION	Find Participant or Team Page	21	Hit Find Participant or Team Page	1446840999339	1446840999340	1446840999419	1446840999462	OK	 
ACTION	Search for Participant or Team Page	41	Search for Participant or Team Page	1446840999346	1446840999346	1446840999426	1446840999467	OK	 
ACTION	Main Registration Page	1	Hit Main Registration Page	1446840999464	1446840999465	1446840999543	1446840999543	OK	 
ACTION	Find Participant or Team Page	21	Hit Find Participant or Team Page	1446840999467	1446840999468	1446840999549	1446840999590	OK	 
ACTION	Search for Participant or Team Page	41	Search for Participant or Team Page	1446840999471	1446840999472	1446840999559	1446840999601	OK	 
ACTION	Main Registration Page	1	Hit Main Registration Page	1446840999546	1446840999548	1446840999633	1446840999635	OK	 
ACTION	Company List Page	31	Hit Company List Page	1446840999376	1446840999376	1446840999633	1446840999676	OK	 
ACTION	Main Registration Page	1	Hit Main Registration Page	1446840999636	1446840999636	1446840999708	1446840999710	OK	 
ACTION	Find Participant or Team Page	21	Hit Find Participant or Team Page	1446840999594	1446840999595	1446840999668	1446840999710	OK	 
ACTION	Search for Participant or Team Page	41	Search for Participant or Team Page	1446840999608	1446840999610	1446840999690	1446840999733	OK	 
ACTION	Main Registration Page	1	Hit Main Registration Page	1446840999711	1446840999711	1446840999790	1446840999791	OK	 
ACTION	Find Participant or Team Page	21	Hit Find Participant or Team Page	1446840999711	1446840999711	1446840999788	1446840999828	OK	 
ACTION	Search for Participant or Team Page	41	Search for Participant or Team Page	1446840999741	1446840999743	1446840999826	1446840999870	OK	 
ACTION	Main Registration Page	1	Hit Main Registration Page	1446840999794	1446840999796	1446840999870	1446840999872	OK	 
ACTION	Find Participant or Team Page	21	Hit Find Participant or Team Page	1446840999830	1446840999830	1446840999912	1446840999953	OK	 
ACTION	Main Registration Page	1	Hit Main Registration Page	1446840999875	1446840999876	1446840999958	1446840999959	OK	 
ACTION	Company List Page	31	Hit Company List Page	1446840999677	1446840999677	1446840999936	1446840999978	OK	 
ACTION	Search for Participant or Team Page	41	Search for Participant or Team Page	1446840999877	1446840999877	1446840999958	1446840999999	OK	 
ACTION	Main Registration Page	1	Hit Main Registration Page	1446840999961	1446840999961	1446841000041	1446841000043	OK	 
SCENARIO	Main Registration Page	1	END	1446841000045
ACTION	Find Participant or Team Page	21	Hit Find Participant or Team Page	1446840999955	1446840999957	1446841000037	1446841000078	OK	 
ACTION	Search for Participant or Team Page	41	Search for Participant or Team Page	1446841000002	1446841000003	1446841000092	1446841000135	OK	 
ACTION	Find Participant or Team Page	21	Hit Find Participant or Team Page	1446841000081	1446841000083	1446841000158	1446841000200	OK	 
ACTION	Search for Participant or Team Page	41	Search for Participant or Team Page	1446841000141	1446841000142	1446841000224	1446841000268	OK	 
ACTION	Company List Page	31	Hit Company List Page	1446840999980	1446840999980	1446841000238	1446841000281	OK	 
ACTION	Find Participant or Team Page	21	Hit Find Participant or Team Page	1446841000201	1446841000202	1446841000276	1446841000317	OK	 
SCENARIO	Find Participant or Team Page	21	END	1446841000319
ACTION	Search for Participant or Team Page	41	Search for Participant or Team Page	1446841000273	1446841000274	1446841000355	1446841000397	OK	 
SCENARIO	Search for Participant or Team Page	41	END	1446841000398
ACTION	Company List Page	31	Hit Company List Page	1446841000284	1446841000285	1446841000538	1446841000580	OK	 
ACTION	Company List Page	31	Hit Company List Page	1446841000583	1446841000584	1446841000841	1446841000883	OK	 
ACTION	Company List Page	31	Hit Company List Page	1446841000886	1446841000887	1446841001144	1446841001186	OK	 
ACTION	Company List Page	31	Hit Company List Page	1446841001189	1446841001191	1446841001462	1446841001507	OK	 
ACTION	Company List Page	31	Hit Company List Page	1446841001511	1446841001513	1446841001828	1446841001871	OK	 
ACTION	Company List Page	31	Hit Company List Page	1446841001874	1446841001876	1446841002129	1446841002171	OK	 
SCENARIO	Company List Page	31	END	1446841002173
SCENARIO	Join or Form a Team Page with TR Dropdown	52	START	1446841002282
SCENARIO	Main Registration Page	2	START	1446841002282
SCENARIO	Company List Page	32	START	1446841002282
SCENARIO	Search for Participant or Team Page	42	START	1446841002282
SCENARIO	Individual Registration Page 1	12	START	1446841002282
SCENARIO	Find Participant or Team Page	22	START	1446841002282
ACTION	Find Participant or Team Page	22	Hit Find Participant or Team Page	1446841002285	1446841002329	1446841002411	1446841002454	OK	 
ACTION	Main Registration Page	2	Hit Main Registration Page	1446841002284	1446841002329	1446841002413	1446841002457	OK	 
ACTION	Search for Participant or Team Page	42	Search for Participant or Team Page	1446841002290	1446841002333	1446841002421	1446841002464	OK	 
ACTION	Find Participant or Team Page	22	Hit Find Participant or Team Page	1446841002455	1446841002455	1446841002530	1446841002572	OK	 
ACTION	Main Registration Page	2	Hit Main Registration Page	1446841002458	1446841002458	1446841002539	1446841002581	OK	 
ACTION	Individual Registration Page 1	12	Hit Individual Registration Page 1	1446841002285	1446841002535	1446841002586	1446841002586	OK	 
ACTION	Search for Participant or Team Page	42	Search for Participant or Team Page	1446841002466	1446841002466	1446841002551	1446841002594	OK	 
ACTION	Company List Page	32	Hit Company List Page	1446841002284	1446841002329	1446841002589	1446841002634	OK	 
ACTION	Find Participant or Team Page	22	Hit Find Participant or Team Page	1446841002574	1446841002574	1446841002652	1446841002694	OK	 
ACTION	Main Registration Page	2	Hit Main Registration Page	1446841002583	1446841002583	1446841002665	1446841002708	OK	 
ACTION	Search for Participant or Team Page	42	Search for Participant or Team Page	1446841002596	1446841002597	1446841002684	1446841002729	OK	 
ACTION	Main Registration Page	2	Hit Main Registration Page	1446841002710	1446841002711	1446841002792	1446841002793	OK	 
ACTION	Find Participant or Team Page	22	Hit Find Participant or Team Page	1446841002695	1446841002695	1446841002783	1446841002825	OK	 
ACTION	Search for Participant or Team Page	42	Search for Participant or Team Page	1446841002734	1446841002735	1446841002821	1446841002863	OK	 
ACTION	Main Registration Page	2	Hit Main Registration Page	1446841002795	1446841002796	1446841002876	1446841002877	OK	 
ACTION	Find Participant or Team Page	22	Hit Find Participant or Team Page	1446841002828	1446841002828	1446841002908	1446841002951	OK	 
ACTION	Main Registration Page	2	Hit Main Registration Page	1446841002880	1446841002881	1446841002968	1446841002969	OK	 
ACTION	Search for Participant or Team Page	42	Search for Participant or Team Page	1446841002867	1446841002868	1446841002958	1446841003002	OK	 
ACTION	Company List Page	32	Hit Company List Page	1446841002635	1446841002636	1446841002959	1446841003003	OK	 
ACTION	Main Registration Page	2	Hit Main Registration Page	1446841002971	1446841002972	1446841003053	1446841003054	OK	 
ACTION	Find Participant or Team Page	22	Hit Find Participant or Team Page	1446841002954	1446841002955	1446841003042	1446841003084	OK	 
ACTION	Search for Participant or Team Page	42	Search for Participant or Team Page	1446841003009	1446841003009	1446841003091	1446841003132	OK	 
ACTION	Main Registration Page	2	Hit Main Registration Page	1446841003055	1446841003055	1446841003150	1446841003152	OK	 
ACTION	Find Participant or Team Page	22	Hit Find Participant or Team Page	1446841003087	1446841003088	1446841003177	1446841003218	OK	 
ACTION	Main Registration Page	2	Hit Main Registration Page	1446841003154	1446841003155	1446841003240	1446841003241	OK	 
ACTION	Search for Participant or Team Page	42	Search for Participant or Team Page	1446841003138	1446841003140	1446841003238	1446841003279	OK	 
ACTION	Main Registration Page	2	Hit Main Registration Page	1446841003244	1446841003245	1446841003324	1446841003325	OK	 
SCENARIO	Main Registration Page	2	END	1446841003327
ACTION	Find Participant or Team Page	22	Hit Find Participant or Team Page	1446841003221	1446841003222	1446841003302	1446841003344	OK	 
ACTION	Search for Participant or Team Page	42	Search for Participant or Team Page	1446841003286	1446841003286	1446841003376	1446841003417	OK	 
ACTION	Company List Page	32	Hit Company List Page	1446841003006	1446841003007	1446841003402	1446841003445	OK	 
ACTION	Find Participant or Team Page	22	Hit Find Participant or Team Page	1446841003346	1446841003347	1446841003425	1446841003466	OK	 
ACTION	Search for Participant or Team Page	42	Search for Participant or Team Page	1446841003419	1446841003420	1446841003505	1446841003547	OK	 
ACTION	Find Participant or Team Page	22	Hit Find Participant or Team Page	1446841003469	1446841003470	1446841003548	1446841003589	OK	 
SCENARIO	Find Participant or Team Page	22	END	1446841003591
ACTION	Search for Participant or Team Page	42	Search for Participant or Team Page	1446841003554	1446841003555	1446841003644	1446841003686	OK	 
SCENARIO	Search for Participant or Team Page	42	END	1446841003687
ACTION	Company List Page	32	Hit Company List Page	1446841003448	1446841003449	1446841003834	1446841003878	OK	 
ACTION	Company List Page	32	Hit Company List Page	1446841003881	1446841003882	1446841004262	1446841004304	OK	 
ACTION	Company List Page	32	Hit Company List Page	1446841004307	1446841004307	1446841004645	1446841004689	OK	 
ACTION	Company List Page	32	Hit Company List Page	1446841004690	1446841004690	1446841004996	1446841005039	OK	 
ACTION	Company List Page	32	Hit Company List Page	1446841005040	1446841005040	1446841005376	1446841005419	OK	 
SCENARIO	Search for Participant or Team Page	43	START	1446841005682
SCENARIO	Main Registration Page	3	START	1446841005682
SCENARIO	Individual Registration Page 1	13	START	1446841005682
SCENARIO	Join or Form a Team Page with TR Dropdown	53	START	1446841005682
SCENARIO	Company List Page	33	START	1446841005682
SCENARIO	Find Participant or Team Page	23	START	1446841005682
ACTION	Individual Registration Page 1	11	Hit Individual Registration Page 1 Redirect 1	1446840999420	1446840999422	1446841005629	1446841005685	OK	 
ACTION	Company List Page	32	Hit Company List Page	1446841005422	1446841005423	1446841005675	1446841005716	OK	 
ACTION	Individual Registration Page 1	11	Hit Individual Registration Page 1	1446841005686	1446841005686	1446841005743	1446841005792	OK	 
ACTION	Join or Form a Team Page with TR Dropdown	51	Hit Join or Form a Team Page with TR Dropdown	1446840999017	1446840999367	1446841005753	1446841005797	OK	 
ACTION	Main Registration Page	3	Hit Main Registration Page	1446841005683	1446841005727	1446841005812	1446841005855	OK	 
ACTION	Search for Participant or Team Page	43	Search for Participant or Team Page	1446841005687	1446841005729	1446841005816	1446841005859	OK	 
ACTION	Find Participant or Team Page	23	Hit Find Participant or Team Page	1446841005683	1446841005727	1446841005818	1446841005861	OK	 
ACTION	Individual Registration Page 1	11	Hit Individual Registration Page 1	1446841005793	1446841005794	1446841005849	1446841005895	OK	 
ACTION	Individual Registration Page 1	11	Hit Individual Registration Page 1	1446841005898	1446841005899	1446841005954	1446841005957	OK	 
ACTION	Individual Registration Page 1	13	Hit Individual Registration Page 1	1446841005684	1446841005923	1446841005970	1446841005970	OK	 
ACTION	Main Registration Page	3	Hit Main Registration Page	1446841005856	1446841005856	1446841005937	1446841005979	OK	 
ACTION	Find Participant or Team Page	23	Hit Find Participant or Team Page	1446841005862	1446841005862	1446841005943	1446841005986	OK	 
ACTION	Search for Participant or Team Page	43	Search for Participant or Team Page	1446841005860	1446841005861	1446841005949	1446841005993	OK	 
ACTION	Individual Registration Page 1	11	Hit Individual Registration Page 1	1446841005958	1446841005958	1446841006014	1446841006021	OK	 
ACTION	Company List Page	32	Hit Company List Page	1446841005718	1446841005718	1446841006049	1446841006090	OK	 
SCENARIO	Company List Page	32	END	1446841006091
ACTION	Main Registration Page	3	Hit Main Registration Page	1446841005980	1446841005980	1446841006066	1446841006109	OK	 
ACTION	Find Participant or Team Page	23	Hit Find Participant or Team Page	1446841005989	1446841005990	1446841006075	1446841006118	OK	 
ACTION	Search for Participant or Team Page	43	Search for Participant or Team Page	1446841005998	1446841005998	1446841006089	1446841006132	OK	 
ACTION	Company List Page	33	Hit Company List Page	1446841005685	1446841005727	1446841006109	1446841006152	OK	 
ACTION	Individual Registration Page 1	11	Hit Individual Registration Page 1	1446841006022	1446841006022	1446841006080	1446841006210	OK	 
ACTION	Main Registration Page	3	Hit Main Registration Page	1446841006112	1446841006113	1446841006226	1446841006228	OK	 
ACTION	Find Participant or Team Page	23	Hit Find Participant or Team Page	1446841006121	1446841006122	1446841006229	1446841006274	OK	 
ACTION	Search for Participant or Team Page	43	Search for Participant or Team Page	1446841006138	1446841006139	1446841006237	1446841006279	OK	 
ACTION	Main Registration Page	3	Hit Main Registration Page	1446841006230	1446841006231	1446841006312	1446841006314	OK	 
ACTION	Individual Registration Page 1	11	Hit Individual Registration Page 1	1446841006212	1446841006214	1446841006268	1446841006318	OK	 
ACTION	Main Registration Page	3	Hit Main Registration Page	1446841006317	1446841006318	1446841006402	1446841006402	OK	 
ACTION	Find Participant or Team Page	23	Hit Find Participant or Team Page	1446841006277	1446841006278	1446841006363	1446841006406	OK	 
ACTION	Individual Registration Page 1	11	Hit Individual Registration Page 1	1446841006320	1446841006321	1446841006378	1446841006424	OK	 
ACTION	Search for Participant or Team Page	43	Search for Participant or Team Page	1446841006285	1446841006286	1446841006384	1446841006428	OK	 
ACTION	Main Registration Page	3	Hit Main Registration Page	1446841006405	1446841006406	1446841006504	1446841006505	OK	 
ACTION	Individual Registration Page 1	11	Hit Individual Registration Page 1	1446841006426	1446841006427	1446841006487	1446841006533	OK	 
ACTION	Find Participant or Team Page	23	Hit Find Participant or Team Page	1446841006409	1446841006409	1446841006494	1446841006537	OK	 
ACTION	Search for Participant or Team Page	43	Search for Participant or Team Page	1446841006432	1446841006433	1446841006521	1446841006562	OK	 
ACTION	Main Registration Page	3	Hit Main Registration Page	1446841006508	1446841006509	1446841006591	1446841006592	OK	 
ACTION	Company List Page	33	Hit Company List Page	1446841006155	1446841006156	1446841006586	1446841006629	OK	 
ACTION	Individual Registration Page 1	11	Hit Individual Registration Page 1	1446841006536	1446841006538	1446841006601	1446841006646	OK	 
SCENARIO	Individual Registration Page 1	11	END	1446841006647
ACTION	Find Participant or Team Page	23	Hit Find Participant or Team Page	1446841006539	1446841006539	1446841006619	1446841006662	OK	 
ACTION	Main Registration Page	3	Hit Main Registration Page	1446841006595	1446841006596	1446841006679	1446841006680	OK	 
ACTION	Search for Participant or Team Page	43	Search for Participant or Team Page	1446841006569	1446841006570	1446841006658	1446841006700	OK	 
ACTION	Main Registration Page	3	Hit Main Registration Page	1446841006682	1446841006682	1446841006765	1446841006766	OK	 
SCENARIO	Main Registration Page	3	END	1446841006767
ACTION	Find Participant or Team Page	23	Hit Find Participant or Team Page	1446841006663	1446841006664	1446841006750	1446841006795	OK	 
ACTION	Search for Participant or Team Page	43	Search for Participant or Team Page	1446841006705	1446841006706	1446841006790	1446841006839	OK	 
ACTION	Find Participant or Team Page	23	Hit Find Participant or Team Page	1446841006796	1446841006796	1446841006878	1446841006921	OK	 
ACTION	Search for Participant or Team Page	43	Search for Participant or Team Page	1446841006846	1446841006847	1446841006944	1446841006985	OK	 
ACTION	Find Participant or Team Page	23	Hit Find Participant or Team Page	1446841006922	1446841006922	1446841007001	1446841007042	OK	 
SCENARIO	Find Participant or Team Page	23	END	1446841007043
ACTION	Company List Page	33	Hit Company List Page	1446841006630	1446841006630	1446841007014	1446841007056	OK	 
ACTION	Search for Participant or Team Page	43	Search for Participant or Team Page	1446841006988	1446841006989	1446841007072	1446841007114	OK	 
SCENARIO	Search for Participant or Team Page	43	END	1446841007116
ACTION	Company List Page	33	Hit Company List Page	1446841007059	1446841007060	1446841007323	1446841007366	OK	 
ACTION	Company List Page	33	Hit Company List Page	1446841007369	1446841007370	1446841007660	1446841007702	OK	 
ACTION	Company List Page	33	Hit Company List Page	1446841007705	1446841007706	1446841008034	1446841008076	OK	 
ACTION	Company List Page	33	Hit Company List Page	1446841008079	1446841008080	1446841008465	1446841008509	OK	 
ACTION	Company List Page	33	Hit Company List Page	1446841008512	1446841008513	1446841008779	1446841008822	OK	 
SCENARIO	Main Registration Page	4	START	1446841008983
SCENARIO	Join or Form a Team Page with TR Dropdown	54	START	1446841008983
SCENARIO	Find Participant or Team Page	24	START	1446841008983
SCENARIO	Company List Page	34	START	1446841008983
SCENARIO	Search for Participant or Team Page	44	START	1446841008983
SCENARIO	Individual Registration Page 1	14	START	1446841008983
ACTION	Main Registration Page	4	Hit Main Registration Page	1446841008984	1446841009026	1446841009113	1446841009157	OK	 
ACTION	Find Participant or Team Page	24	Hit Find Participant or Team Page	1446841008984	1446841009026	1446841009116	1446841009160	OK	 
ACTION	Search for Participant or Team Page	44	Search for Participant or Team Page	1446841008984	1446841009027	1446841009130	1446841009174	OK	 
ACTION	Company List Page	33	Hit Company List Page	1446841008826	1446841008827	1446841009169	1446841009214	OK	 
ACTION	Individual Registration Page 1	14	Hit Individual Registration Page 1	1446841008984	1446841009220	1446841009269	1446841009269	OK	 
ACTION	Find Participant or Team Page	24	Hit Find Participant or Team Page	1446841009161	1446841009162	1446841009250	1446841009293	OK	 
ACTION	Main Registration Page	4	Hit Main Registration Page	1446841009158	1446841009158	1446841009253	1446841009298	OK	 
ACTION	Search for Participant or Team Page	44	Search for Participant or Team Page	1446841009176	1446841009176	1446841009272	1446841009316	OK	 
ACTION	Find Participant or Team Page	24	Hit Find Participant or Team Page	1446841009297	1446841009297	1446841009393	1446841009437	OK	 
ACTION	Main Registration Page	4	Hit Main Registration Page	1446841009300	1446841009301	1446841009435	1446841009477	OK	 
ACTION	Company List Page	34	Hit Company List Page	1446841008984	1446841009027	1446841009435	1446841009478	OK	 
ACTION	Search for Participant or Team Page	44	Search for Participant or Team Page	1446841009322	1446841009322	1446841009441	1446841009484	OK	 
ACTION	Main Registration Page	4	Hit Main Registration Page	1446841009478	1446841009478	1446841009577	1446841009579	OK	 
ACTION	Find Participant or Team Page	24	Hit Find Participant or Team Page	1446841009437	1446841009438	1446841009546	1446841009589	OK	 
ACTION	Search for Participant or Team Page	44	Search for Participant or Team Page	1446841009485	1446841009485	1446841009575	1446841009619	OK	 
ACTION	Main Registration Page	4	Hit Main Registration Page	1446841009580	1446841009580	1446841009720	1446841009721	OK	 
ACTION	Find Participant or Team Page	24	Hit Find Participant or Team Page	1446841009591	1446841009591	1446841009718	1446841009761	OK	 
ACTION	Company List Page	33	Hit Company List Page	1446841009214	1446841009215	1446841009722	1446841009765	OK	 
SCENARIO	Company List Page	33	END	1446841009767
ACTION	Search for Participant or Team Page	44	Search for Participant or Team Page	1446841009621	1446841009621	1446841009735	1446841009778	OK	 
ACTION	Main Registration Page	4	Hit Main Registration Page	1446841009722	1446841009723	1446841009816	1446841009818	OK	 
ACTION	Join or Form a Team Page with TR Dropdown	52	Hit Join or Form a Team Page with TR Dropdown	1446841002289	1446841002540	1446841009794	1446841009842	OK	 
ACTION	Individual Registration Page 1	12	Hit Individual Registration Page 1 Redirect 1	1446841002587	1446841002589	1446841009850	1446841009899	OK	 
ACTION	Find Participant or Team Page	24	Hit Find Participant or Team Page	1446841009764	1446841009764	1446841009858	1446841009900	OK	 
ACTION	Main Registration Page	4	Hit Main Registration Page	1446841009820	1446841009821	1446841009904	1446841009905	OK	 
ACTION	Company List Page	34	Hit Company List Page	1446841009479	1446841009479	1446841009875	1446841009919	OK	 
ACTION	Search for Participant or Team Page	44	Search for Participant or Team Page	1446841009784	1446841009785	1446841009878	1446841009922	OK	 
ACTION	Main Registration Page	4	Hit Main Registration Page	1446841009907	1446841009907	1446841009992	1446841009993	OK	 
ACTION	Individual Registration Page 1	12	Hit Individual Registration Page 1	1446841009901	1446841009902	1446841009958	1446841010003	OK	 
ACTION	Find Participant or Team Page	24	Hit Find Participant or Team Page	1446841009902	1446841009903	1446841009996	1446841010037	OK	 
ACTION	Search for Participant or Team Page	44	Search for Participant or Team Page	1446841009925	1446841009925	1446841010018	1446841010061	OK	 
ACTION	Main Registration Page	4	Hit Main Registration Page	1446841009997	1446841009997	1446841010079	1446841010080	OK	 
ACTION	Individual Registration Page 1	12	Hit Individual Registration Page 1	1446841010006	1446841010007	1446841010061	1446841010106	OK	 
ACTION	Main Registration Page	4	Hit Main Registration Page	1446841010083	1446841010083	1446841010164	1446841010166	OK	 
SCENARIO	Main Registration Page	4	END	1446841010168
ACTION	Individual Registration Page 1	12	Hit Individual Registration Page 1	1446841010108	1446841010110	1446841010171	1446841010175	OK	 
ACTION	Find Participant or Team Page	24	Hit Find Participant or Team Page	1446841010039	1446841010040	1446841010137	1446841010182	OK	 
ACTION	Search for Participant or Team Page	44	Search for Participant or Team Page	1446841010065	1446841010066	1446841010166	1446841010209	OK	 
ACTION	Individual Registration Page 1	12	Hit Individual Registration Page 1	1446841010177	1446841010177	1446841010234	1446841010239	OK	 
ACTION	Individual Registration Page 1	12	Hit Individual Registration Page 1	1446841010241	1446841010242	1446841010300	1446841010305	OK	 
ACTION	Find Participant or Team Page	24	Hit Find Participant or Team Page	1446841010183	1446841010184	1446841010267	1446841010310	OK	 
ACTION	Search for Participant or Team Page	44	Search for Participant or Team Page	1446841010214	1446841010214	1446841010310	1446841010353	OK	 
ACTION	Company List Page	34	Hit Company List Page	1446841009921	1446841009922	1446841010329	1446841010371	OK	 
ACTION	Individual Registration Page 1	12	Hit Individual Registration Page 1	1446841010306	1446841010306	1446841010369	1446841010374	OK	 
ACTION	Find Participant or Team Page	24	Hit Find Participant or Team Page	1446841010311	1446841010311	1446841010396	1446841010439	OK	 
SCENARIO	Find Participant or Team Page	24	END	1446841010440
ACTION	Individual Registration Page 1	12	Hit Individual Registration Page 1	1446841010376	1446841010377	1446841010436	1446841010442	OK	 
ACTION	Search for Participant or Team Page	44	Search for Participant or Team Page	1446841010360	1446841010361	1446841010455	1446841010497	OK	 
SCENARIO	Search for Participant or Team Page	44	END	1446841010498
ACTION	Company List Page	34	Hit Company List Page	1446841010374	1446841010375	1446841010758	1446841010801	OK	 
ACTION	Individual Registration Page 1	12	Hit Individual Registration Page 1	1446841010445	1446841010446	1446841010755	1446841010802	OK	 
ACTION	Individual Registration Page 1	12	Hit Individual Registration Page 1	1446841010805	1446841010806	1446841010867	1446841010912	OK	 
SCENARIO	Individual Registration Page 1	12	END	1446841010914
ACTION	Company List Page	34	Hit Company List Page	1446841010803	1446841010805	1446841011186	1446841011228	OK	 
ACTION	Company List Page	34	Hit Company List Page	1446841011232	1446841011232	1446841011610	1446841011653	OK	 
ACTION	Company List Page	34	Hit Company List Page	1446841011656	1446841011656	1446841012061	1446841012103	OK	 
SCENARIO	Find Participant or Team Page	25	START	1446841012282
SCENARIO	Company List Page	35	START	1446841012283
SCENARIO	Main Registration Page	5	START	1446841012282
SCENARIO	Individual Registration Page 1	15	START	1446841012283
SCENARIO	Join or Form a Team Page with TR Dropdown	55	START	1446841012283
SCENARIO	Search for Participant or Team Page	45	START	1446841012283
ACTION	Find Participant or Team Page	25	Hit Find Participant or Team Page	1446841012285	1446841012329	1446841012438	1446841012482	OK	 
ACTION	Main Registration Page	5	Hit Main Registration Page	1446841012285	1446841012329	1446841012449	1446841012494	OK	 
ACTION	Search for Participant or Team Page	45	Search for Participant or Team Page	1446841012288	1446841012330	1446841012451	1446841012495	OK	 
ACTION	Company List Page	34	Hit Company List Page	1446841012106	1446841012107	1446841012524	1446841012569	OK	 
ACTION	Individual Registration Page 1	15	Hit Individual Registration Page 1	1446841012285	1446841012524	1446841012574	1446841012574	OK	 
ACTION	Find Participant or Team Page	25	Hit Find Participant or Team Page	1446841012483	1446841012484	1446841012576	1446841012618	OK	 
ACTION	Main Registration Page	5	Hit Main Registration Page	1446841012495	1446841012496	1446841012614	1446841012657	OK	 
ACTION	Main Registration Page	5	Hit Main Registration Page	1446841012658	1446841012658	1446841012828	1446841012870	OK	 
ACTION	Company List Page	35	Hit Company List Page	1446841012285	1446841012329	1446841012834	1446841012875	OK	 
ACTION	Search for Participant or Team Page	45	Search for Participant or Team Page	1446841012497	1446841012497	1446841012851	1446841012894	OK	 
ACTION	Main Registration Page	5	Hit Main Registration Page	1446841012871	1446841012871	1446841012971	1446841012973	OK	 
ACTION	Main Registration Page	5	Hit Main Registration Page	1446841012976	1446841012977	1446841013058	1446841013059	OK	 
ACTION	Search for Participant or Team Page	45	Search for Participant or Team Page	1446841012896	1446841012896	1446841013033	1446841013077	OK	 
ACTION	Main Registration Page	5	Hit Main Registration Page	1446841013062	1446841013063	1446841013176	1446841013177	OK	 
ACTION	Find Participant or Team Page	25	Hit Find Participant or Team Page	1446841012619	1446841012619	1446841012976	1446841013182	OK	 
ACTION	Search for Participant or Team Page	45	Search for Participant or Team Page	1446841013083	1446841013084	1446841013187	1446841013229	OK	 
ACTION	Company List Page	34	Hit Company List Page	1446841012570	1446841012571	1446841013212	1446841013255	OK	 
ACTION	Main Registration Page	5	Hit Main Registration Page	1446841013179	1446841013179	1446841013280	1446841013281	OK	 
ACTION	Main Registration Page	5	Hit Main Registration Page	1446841013284	1446841013285	1446841013370	1446841013371	OK	 
ACTION	Search for Participant or Team Page	45	Search for Participant or Team Page	1446841013235	1446841013236	1446841013343	1446841013386	OK	 
ACTION	Find Participant or Team Page	25	Hit Find Participant or Team Page	1446841013183	1446841013184	1446841013302	1446841013427	OK	 
ACTION	Company List Page	35	Hit Company List Page	1446841012876	1446841012877	1446841013415	1446841013457	OK	 
ACTION	Main Registration Page	5	Hit Main Registration Page	1446841013373	1446841013374	1446841013485	1446841013486	OK	 
ACTION	Search for Participant or Team Page	45	Search for Participant or Team Page	1446841013392	1446841013393	1446841013484	1446841013527	OK	 
ACTION	Main Registration Page	5	Hit Main Registration Page	1446841013489	1446841013490	1446841013578	1446841013580	OK	 
SCENARIO	Main Registration Page	5	END	1446841013581
ACTION	Find Participant or Team Page	25	Hit Find Participant or Team Page	1446841013430	1446841013431	1446841013565	1446841013651	OK	 
ACTION	Search for Participant or Team Page	45	Search for Participant or Team Page	1446841013532	1446841013532	1446841013656	1446841013698	OK	 
ACTION	Find Participant or Team Page	25	Hit Find Participant or Team Page	1446841013654	1446841013655	1446841013758	1446841013847	OK	 
ACTION	Search for Participant or Team Page	45	Search for Participant or Team Page	1446841013704	1446841013705	1446841013836	1446841013880	OK	 
ACTION	Company List Page	34	Hit Company List Page	1446841013257	1446841013257	1446841013837	1446841013881	OK	 
SCENARIO	Company List Page	34	END	1446841013883
ACTION	Join or Form a Team Page with TR Dropdown	51	Hit Join or Form a Team Page with TR Dropdown	1446841005798	1446841005799	1446841013837	1446841013884	OK	 
ACTION	Company List Page	35	Hit Company List Page	1446841013459	1446841013460	1446841013989	1446841014031	OK	 
ACTION	Individual Registration Page 1	13	Hit Individual Registration Page 1 Redirect 1	1446841005971	1446841005972	1446841014006	1446841014049	OK	 
ACTION	Search for Participant or Team Page	45	Search for Participant or Team Page	1446841013886	1446841013886	1446841014013	1446841014055	OK	 
ACTION	Find Participant or Team Page	25	Hit Find Participant or Team Page	1446841013850	1446841013850	1446841013991	1446841014078	OK	 
ACTION	Individual Registration Page 1	13	Hit Individual Registration Page 1	1446841014051	1446841014052	1446841014109	1446841014153	OK	 
ACTION	Search for Participant or Team Page	45	Search for Participant or Team Page	1446841014058	1446841014059	1446841014178	1446841014219	OK	 
SCENARIO	Search for Participant or Team Page	45	END	1446841014221
ACTION	Join or Form a Team Page with TR Dropdown	53	Hit Join or Form a Team Page with TR Dropdown	1446841005684	1446841005924	1446841014202	1446841014247	OK	 
ACTION	Individual Registration Page 1	13	Hit Individual Registration Page 1	1446841014156	1446841014157	1446841014227	1446841014271	OK	 
ACTION	Find Participant or Team Page	25	Hit Find Participant or Team Page	1446841014081	1446841014081	1446841014193	1446841014278	OK	 
ACTION	Individual Registration Page 1	13	Hit Individual Registration Page 1	1446841014273	1446841014273	1446841014333	1446841014336	OK	 
ACTION	Individual Registration Page 1	13	Hit Individual Registration Page 1	1446841014337	1446841014338	1446841014391	1446841014394	OK	 
ACTION	Find Participant or Team Page	25	Hit Find Participant or Team Page	1446841014280	1446841014280	1446841014370	1446841014457	OK	 
ACTION	Individual Registration Page 1	13	Hit Individual Registration Page 1	1446841014395	1446841014396	1446841014456	1446841014458	OK	 
ACTION	Company List Page	35	Hit Company List Page	1446841014034	1446841014035	1446841014451	1446841014494	OK	 
ACTION	Individual Registration Page 1	13	Hit Individual Registration Page 1	1446841014459	1446841014459	1446841014515	1446841014517	OK	 
ACTION	Individual Registration Page 1	13	Hit Individual Registration Page 1	1446841014518	1446841014519	1446841014573	1446841014576	OK	 
ACTION	Find Participant or Team Page	25	Hit Find Participant or Team Page	1446841014458	1446841014458	1446841014540	1446841014585	OK	 
SCENARIO	Find Participant or Team Page	25	END	1446841014586
ACTION	Individual Registration Page 1	13	Hit Individual Registration Page 1	1446841014577	1446841014577	1446841014632	1446841014635	OK	 
ACTION	Company List Page	35	Hit Company List Page	1446841014495	1446841014495	1446841014897	1446841014938	OK	 
ACTION	Individual Registration Page 1	13	Hit Individual Registration Page 1	1446841014636	1446841014636	1446841014937	1446841015065	OK	 
SCENARIO	Individual Registration Page 1	13	END	1446841015067
ACTION	Company List Page	35	Hit Company List Page	1446841014939	1446841014939	1446841015325	1446841015367	OK	 
SCENARIO	Search for Participant or Team Page	46	START	1446841015683
SCENARIO	Find Participant or Team Page	26	START	1446841015683
SCENARIO	Join or Form a Team Page with TR Dropdown	56	START	1446841015683
SCENARIO	Individual Registration Page 1	16	START	1446841015683
SCENARIO	Company List Page	36	START	1446841015683
SCENARIO	Main Registration Page	6	START	1446841015683
ACTION	Company List Page	35	Hit Company List Page	1446841015370	1446841015370	1446841015766	1446841015809	OK	 
ACTION	Find Participant or Team Page	26	Hit Find Participant or Team Page	1446841015685	1446841015728	1446841015840	1446841015884	OK	 
ACTION	Main Registration Page	6	Hit Main Registration Page	1446841015685	1446841015728	1446841015852	1446841015895	OK	 
ACTION	Search for Participant or Team Page	46	Search for Participant or Team Page	1446841015688	1446841015734	1446841015863	1446841015905	OK	 
ACTION	Individual Registration Page 1	16	Hit Individual Registration Page 1	1446841015686	1446841015928	1446841015975	1446841015975	OK	 
ACTION	Main Registration Page	6	Hit Main Registration Page	1446841015898	1446841015898	1446841016031	1446841016032	OK	 
ACTION	Find Participant or Team Page	26	Hit Find Participant or Team Page	1446841015887	1446841015888	1446841016002	1446841016044	OK	 
ACTION	Search for Participant or Team Page	46	Search for Participant or Team Page	1446841015910	1446841015911	1446841016035	1446841016078	OK	 
ACTION	Main Registration Page	6	Hit Main Registration Page	1446841016035	1446841016036	1446841016135	1446841016136	OK	 
ACTION	Find Participant or Team Page	26	Hit Find Participant or Team Page	1446841016045	1446841016045	1446841016173	1446841016215	OK	 
ACTION	Main Registration Page	6	Hit Main Registration Page	1446841016138	1446841016138	1446841016223	1446841016224	OK	 
ACTION	Company List Page	36	Hit Company List Page	1446841015685	1446841015728	1446841016203	1446841016245	OK	 
ACTION	Search for Participant or Team Page	46	Search for Participant or Team Page	1446841016083	1446841016083	1446841016205	1446841016247	OK	 
ACTION	Main Registration Page	6	Hit Main Registration Page	1446841016225	1446841016225	1446841016313	1446841016315	OK	 
ACTION	Company List Page	35	Hit Company List Page	1446841015810	1446841015810	1446841016294	1446841016337	OK	 
ACTION	Find Participant or Team Page	26	Hit Find Participant or Team Page	1446841016216	1446841016216	1446841016308	1446841016354	OK	 
ACTION	Main Registration Page	6	Hit Main Registration Page	1446841016316	1446841016316	1446841016433	1446841016434	OK	 
ACTION	Search for Participant or Team Page	46	Search for Participant or Team Page	1446841016249	1446841016249	1446841016410	1446841016455	OK	 
ACTION	Find Participant or Team Page	26	Hit Find Participant or Team Page	1446841016356	1446841016356	1446841016468	1446841016510	OK	 
ACTION	Main Registration Page	6	Hit Main Registration Page	1446841016437	1446841016437	1446841016533	1446841016535	OK	 
ACTION	Search for Participant or Team Page	46	Search for Participant or Team Page	1446841016457	1446841016458	1446841016586	1446841016630	OK	 
ACTION	Main Registration Page	6	Hit Main Registration Page	1446841016536	1446841016536	1446841016660	1446841016661	OK	 
ACTION	Find Participant or Team Page	26	Hit Find Participant or Team Page	1446841016512	1446841016513	1446841016631	1446841016674	OK	 
ACTION	Find Participant or Team Page	26	Hit Find Participant or Team Page	1446841016676	1446841016676	1446841016768	1446841016810	OK	 
ACTION	Search for Participant or Team Page	46	Search for Participant or Team Page	1446841016633	1446841016634	1446841016773	1446841016816	OK	 
ACTION	Company List Page	36	Hit Company List Page	1446841016246	1446841016247	1446841016708	1446841016837	OK	 
ACTION	Company List Page	35	Hit Company List Page	1446841016338	1446841016338	1446841016847	1446841016889	OK	 
ACTION	Find Participant or Team Page	26	Hit Find Participant or Team Page	1446841016813	1446841016814	1446841016931	1446841016973	OK	 
ACTION	Search for Participant or Team Page	46	Search for Participant or Team Page	1446841016822	1446841016823	1446841016962	1446841017004	OK	 
ACTION	Main Registration Page	6	Hit Main Registration Page	1446841016663	1446841016663	1446841017022	1446841017064	OK	 
ACTION	Find Participant or Team Page	26	Hit Find Participant or Team Page	1446841016976	1446841016977	1446841017104	1446841017147	OK	 
ACTION	Main Registration Page	6	Hit Main Registration Page	1446841017067	1446841017068	1446841017175	1446841017176	OK	 
SCENARIO	Main Registration Page	6	END	1446841017178
ACTION	Search for Participant or Team Page	46	Search for Participant or Team Page	1446841017010	1446841017011	1446841017134	1446841017177	OK	 
ACTION	Find Participant or Team Page	26	Hit Find Participant or Team Page	1446841017150	1446841017150	1446841017265	1446841017306	OK	 
SCENARIO	Find Participant or Team Page	26	END	1446841017306
ACTION	Search for Participant or Team Page	46	Search for Participant or Team Page	1446841017181	1446841017182	1446841017310	1446841017355	OK	 
ACTION	Company List Page	36	Hit Company List Page	1446841016840	1446841016841	1446841017350	1446841017434	OK	 
ACTION	Company List Page	35	Hit Company List Page	1446841016892	1446841016893	1446841017409	1446841017452	OK	 
SCENARIO	Company List Page	35	END	1446841017453
ACTION	Search for Participant or Team Page	46	Search for Participant or Team Page	1446841017357	1446841017357	1446841017464	1446841017506	OK	 
SCENARIO	Search for Participant or Team Page	46	END	1446841017508
ACTION	Company List Page	36	Hit Company List Page	1446841017435	1446841017436	1446841017889	1446841017931	OK	 
ACTION	Company List Page	36	Hit Company List Page	1446841017934	1446841017935	1446841018483	1446841018527	OK	 
ACTION	Join or Form a Team Page with TR Dropdown	54	Hit Join or Form a Team Page with TR Dropdown	1446841008983	1446841009226	1446841018518	1446841018562	OK	 
SCENARIO	Individual Registration Page 1	17	START	1446841018982
SCENARIO	Join or Form a Team Page with TR Dropdown	57	START	1446841018982
SCENARIO	Main Registration Page	7	START	1446841018982
SCENARIO	Search for Participant or Team Page	47	START	1446841018982
SCENARIO	Find Participant or Team Page	27	START	1446841018982
SCENARIO	Company List Page	37	START	1446841018983
ACTION	Individual Registration Page 1	14	Hit Individual Registration Page 1 Redirect 1	1446841009271	1446841009273	1446841018963	1446841019007	OK	 
ACTION	Company List Page	36	Hit Company List Page	1446841018530	1446841018531	1446841018972	1446841019013	OK	 
ACTION	Individual Registration Page 1	14	Hit Individual Registration Page 1	1446841019007	1446841019008	1446841019064	1446841019109	OK	 
ACTION	Find Participant or Team Page	27	Hit Find Participant or Team Page	1446841018985	1446841019028	1446841019125	1446841019167	OK	 
ACTION	Main Registration Page	7	Hit Main Registration Page	1446841018984	1446841019028	1446841019142	1446841019184	OK	 
ACTION	Individual Registration Page 1	14	Hit Individual Registration Page 1	1446841019110	1446841019111	1446841019171	1446841019216	OK	 
ACTION	Search for Participant or Team Page	47	Search for Participant or Team Page	1446841018987	1446841019030	1446841019176	1446841019218	OK	 
ACTION	Individual Registration Page 1	17	Hit Individual Registration Page 1	1446841018984	1446841019215	1446841019263	1446841019263	OK	 
ACTION	Individual Registration Page 1	14	Hit Individual Registration Page 1	1446841019218	1446841019219	1446841019280	1446841019284	OK	 
ACTION	Main Registration Page	7	Hit Main Registration Page	1446841019186	1446841019187	1446841019295	1446841019297	OK	 
ACTION	Individual Registration Page 1	14	Hit Individual Registration Page 1	1446841019286	1446841019287	1446841019345	1446841019348	OK	 
ACTION	Search for Participant or Team Page	47	Search for Participant or Team Page	1446841019222	1446841019223	1446841019314	1446841019357	OK	 
ACTION	Find Participant or Team Page	27	Hit Find Participant or Team Page	1446841019170	1446841019171	1446841019321	1446841019363	OK	 
ACTION	Main Registration Page	7	Hit Main Registration Page	1446841019299	1446841019299	1446841019397	1446841019398	OK	 
ACTION	Join or Form a Team Page with TR Dropdown	52	Hit Join or Form a Team Page with TR Dropdown	1446841009847	1446841009849	1446841019359	1446841019405	OK	 
ACTION	Individual Registration Page 1	14	Hit Individual Registration Page 1	1446841019351	1446841019352	1446841019410	1446841019413	OK	 
ACTION	Individual Registration Page 1	14	Hit Individual Registration Page 1	1446841019414	1446841019414	1446841019471	1446841019474	OK	 
ACTION	Search for Participant or Team Page	47	Search for Participant or Team Page	1446841019359	1446841019360	1446841019477	1446841019521	OK	 
ACTION	Main Registration Page	7	Hit Main Registration Page	1446841019400	1446841019400	1446841019525	1446841019526	OK	 
ACTION	Find Participant or Team Page	27	Hit Find Participant or Team Page	1446841019364	1446841019364	1446841019488	1446841019531	OK	 
ACTION	Individual Registration Page 1	14	Hit Individual Registration Page 1	1446841019475	1446841019476	1446841019533	1446841019537	OK	 
ACTION	Individual Registration Page 1	14	Hit Individual Registration Page 1	1446841019539	1446841019540	1446841019595	1446841019599	OK	 
ACTION	Company List Page	37	Hit Company List Page	1446841018986	1446841019029	1446841019575	1446841019619	OK	 
ACTION	Main Registration Page	7	Hit Main Registration Page	1446841019527	1446841019528	1446841019628	1446841019629	OK	 
ACTION	Find Participant or Team Page	27	Hit Find Participant or Team Page	1446841019531	1446841019531	1446841019614	1446841019655	OK	 
ACTION	Individual Registration Page 1	14	Hit Individual Registration Page 1	1446841019602	1446841019603	1446841019659	1446841019662	OK	 
SCENARIO	Individual Registration Page 1	14	END	1446841019662
ACTION	Company List Page	36	Hit Company List Page	1446841019014	1446841019014	1446841019630	1446841019673	OK	 
ACTION	Search for Participant or Team Page	47	Search for Participant or Team Page	1446841019523	1446841019523	1446841019634	1446841019678	OK	 
ACTION	Main Registration Page	7	Hit Main Registration Page	1446841019630	1446841019631	1446841019724	1446841019725	OK	 
ACTION	Search for Participant or Team Page	47	Search for Participant or Team Page	1446841019681	1446841019682	1446841019779	1446841019821	OK	 
ACTION	Find Participant or Team Page	27	Hit Find Participant or Team Page	1446841019656	1446841019657	1446841019781	1446841019823	OK	 
ACTION	Main Registration Page	7	Hit Main Registration Page	1446841019727	1446841019728	1446841019830	1446841019831	OK	 
ACTION	Main Registration Page	7	Hit Main Registration Page	1446841019833	1446841019834	1446841019938	1446841019939	OK	 
ACTION	Find Participant or Team Page	27	Hit Find Participant or Team Page	1446841019825	1446841019825	1446841019933	1446841019975	OK	 
ACTION	Search for Participant or Team Page	47	Search for Participant or Team Page	1446841019825	1446841019825	1446841019958	1446841020001	OK	 
ACTION	Main Registration Page	7	Hit Main Registration Page	1446841019941	1446841019941	1446841020050	1446841020052	OK	 
ACTION	Find Participant or Team Page	27	Hit Find Participant or Team Page	1446841019978	1446841019978	1446841020074	1446841020135	OK	 
ACTION	Search for Participant or Team Page	47	Search for Participant or Team Page	1446841020006	1446841020007	1446841020117	1446841020161	OK	 
ACTION	Main Registration Page	7	Hit Main Registration Page	1446841020054	1446841020055	1446841020160	1446841020162	OK	 
SCENARIO	Main Registration Page	7	END	1446841020163
ACTION	Company List Page	36	Hit Company List Page	1446841019675	1446841019675	1446841020135	1446841020181	OK	 
ACTION	Company List Page	37	Hit Company List Page	1446841019622	1446841019623	1446841020212	1446841020255	OK	 
ACTION	Find Participant or Team Page	27	Hit Find Participant or Team Page	1446841020136	1446841020136	1446841020222	1446841020263	OK	 
ACTION	Search for Participant or Team Page	47	Search for Participant or Team Page	1446841020167	1446841020168	1446841020258	1446841020300	OK	 
ACTION	Find Participant or Team Page	27	Hit Find Participant or Team Page	1446841020266	1446841020266	1446841020391	1446841020433	OK	 
ACTION	Search for Participant or Team Page	47	Search for Participant or Team Page	1446841020304	1446841020305	1446841020415	1446841020458	OK	 
ACTION	Find Participant or Team Page	27	Hit Find Participant or Team Page	1446841020435	1446841020435	1446841020534	1446841020577	OK	 
SCENARIO	Find Participant or Team Page	27	END	1446841020578
ACTION	Search for Participant or Team Page	47	Search for Participant or Team Page	1446841020462	1446841020463	1446841020597	1446841020639	OK	 
SCENARIO	Search for Participant or Team Page	47	END	1446841020640
ACTION	Company List Page	36	Hit Company List Page	1446841020183	1446841020184	1446841020683	1446841020729	OK	 
ACTION	Company List Page	37	Hit Company List Page	1446841020258	1446841020258	1446841020820	1446841020862	OK	 
ACTION	Company List Page	36	Hit Company List Page	1446841020731	1446841020731	1446841021351	1446841021394	OK	 
SCENARIO	Company List Page	36	END	1446841021394
ACTION	Company List Page	37	Hit Company List Page	1446841020864	1446841020865	1446841021409	1446841021453	OK	 
ACTION	Company List Page	37	Hit Company List Page	1446841021454	1446841021454	1446841021993	1446841022036	OK	 
SCENARIO	Search for Participant or Team Page	48	START	1446841022283
SCENARIO	Company List Page	38	START	1446841022283
SCENARIO	Main Registration Page	8	START	1446841022283
SCENARIO	Join or Form a Team Page with TR Dropdown	58	START	1446841022283
SCENARIO	Find Participant or Team Page	28	START	1446841022283
SCENARIO	Individual Registration Page 1	18	START	1446841022283
ACTION	Find Participant or Team Page	28	Hit Find Participant or Team Page	1446841022283	1446841022328	1446841022436	1446841022478	OK	 
ACTION	Search for Participant or Team Page	48	Search for Participant or Team Page	1446841022287	1446841022332	1446841022452	1446841022497	OK	 
ACTION	Main Registration Page	8	Hit Main Registration Page	1446841022284	1446841022327	1446841022454	1446841022497	OK	 
ACTION	Individual Registration Page 1	18	Hit Individual Registration Page 1	1446841022286	1446841022515	1446841022566	1446841022566	OK	 
ACTION	Main Registration Page	8	Hit Main Registration Page	1446841022498	1446841022499	1446841022619	1446841022620	OK	 
ACTION	Company List Page	37	Hit Company List Page	1446841022037	1446841022038	1446841022588	1446841022633	OK	 
ACTION	Find Participant or Team Page	28	Hit Find Participant or Team Page	1446841022480	1446841022481	1446841022613	1446841022655	OK	 
ACTION	Search for Participant or Team Page	48	Search for Participant or Team Page	1446841022499	1446841022500	1446841022672	1446841022714	OK	 
ACTION	Main Registration Page	8	Hit Main Registration Page	1446841022621	1446841022621	1446841022777	1446841022779	OK	 
ACTION	Find Participant or Team Page	28	Hit Find Participant or Team Page	1446841022656	1446841022657	1446841022779	1446841022828	OK	 
ACTION	Main Registration Page	8	Hit Main Registration Page	1446841022780	1446841022780	1446841022906	1446841022908	OK	 
ACTION	Search for Participant or Team Page	48	Search for Participant or Team Page	1446841022716	1446841022716	1446841022865	1446841022909	OK	 
ACTION	Find Participant or Team Page	28	Hit Find Participant or Team Page	1446841022829	1446841022830	1446841022925	1446841022968	OK	 
ACTION	Main Registration Page	8	Hit Main Registration Page	1446841022909	1446841022909	1446841023003	1446841023005	OK	 
ACTION	Company List Page	38	Hit Company List Page	1446841022284	1446841022327	1446841023006	1446841023051	OK	 
ACTION	Search for Participant or Team Page	48	Search for Participant or Team Page	1446841022911	1446841022911	1446841023031	1446841023075	OK	 
ACTION	Main Registration Page	8	Hit Main Registration Page	1446841023005	1446841023006	1446841023123	1446841023124	OK	 
ACTION	Find Participant or Team Page	28	Hit Find Participant or Team Page	1446841022969	1446841022969	1446841023120	1446841023162	OK	 
ACTION	Main Registration Page	8	Hit Main Registration Page	1446841023125	1446841023125	1446841023228	1446841023230	OK	 
ACTION	Company List Page	37	Hit Company List Page	1446841022634	1446841022634	1446841023253	1446841023297	OK	 
ACTION	Find Participant or Team Page	28	Hit Find Participant or Team Page	1446841023163	1446841023163	1446841023257	1446841023301	OK	 
ACTION	Main Registration Page	8	Hit Main Registration Page	1446841023232	1446841023233	1446841023367	1446841023369	OK	 
ACTION	Find Participant or Team Page	28	Hit Find Participant or Team Page	1446841023302	1446841023303	1446841023417	1446841023464	OK	 
ACTION	Main Registration Page	8	Hit Main Registration Page	1446841023370	1446841023371	1446841023480	1446841023481	OK	 
ACTION	Search for Participant or Team Page	48	Search for Participant or Team Page	1446841023077	1446841023077	1446841023424	1446841023557	OK	 
ACTION	Main Registration Page	8	Hit Main Registration Page	1446841023483	1446841023483	1446841023600	1446841023601	OK	 
SCENARIO	Main Registration Page	8	END	1446841023602
ACTION	Find Participant or Team Page	28	Hit Find Participant or Team Page	1446841023466	1446841023466	1446841023598	1446841023641	OK	 
ACTION	Search for Participant or Team Page	48	Search for Participant or Team Page	1446841023563	1446841023564	1446841023673	1446841023718	OK	 
ACTION	Individual Registration Page 1	15	Hit Individual Registration Page 1 Redirect 1	1446841012575	1446841012576	1446841023757	1446841023846	OK	 
ACTION	Find Participant or Team Page	28	Hit Find Participant or Team Page	1446841023642	1446841023642	1446841023806	1446841023848	OK	 
ACTION	Company List Page	38	Hit Company List Page	1446841023052	1446841023053	1446841023812	1446841023854	OK	 
ACTION	Search for Participant or Team Page	48	Search for Participant or Team Page	1446841023720	1446841023720	1446841023859	1446841023901	OK	 
ACTION	Find Participant or Team Page	28	Hit Find Participant or Team Page	1446841023849	1446841023849	1446841023935	1446841023937	OK	 
SCENARIO	Find Participant or Team Page	28	END	1446841023937
ACTION	Individual Registration Page 1	15	Hit Individual Registration Page 1	1446841023847	1446841023847	1446841023903	1446841023948	OK	 
ACTION	Company List Page	37	Hit Company List Page	1446841023300	1446841023301	1446841023976	1446841024018	OK	 
ACTION	Individual Registration Page 1	15	Hit Individual Registration Page 1	1446841023949	1446841023950	1446841024004	1446841024050	OK	 
ACTION	Search for Participant or Team Page	48	Search for Participant or Team Page	1446841023903	1446841023903	1446841024036	1446841024082	OK	 
ACTION	Individual Registration Page 1	15	Hit Individual Registration Page 1	1446841024052	1446841024054	1446841024113	1446841024117	OK	 
ACTION	Individual Registration Page 1	15	Hit Individual Registration Page 1	1446841024119	1446841024119	1446841024180	1446841024184	OK	 
ACTION	Individual Registration Page 1	15	Hit Individual Registration Page 1	1446841024187	1446841024188	1446841024254	1446841024258	OK	 
ACTION	Search for Participant or Team Page	48	Search for Participant or Team Page	1446841024086	1446841024086	1446841024221	1446841024268	OK	 
ACTION	Individual Registration Page 1	15	Hit Individual Registration Page 1	1446841024260	1446841024261	1446841024325	1446841024329	OK	 
ACTION	Individual Registration Page 1	15	Hit Individual Registration Page 1	1446841024332	1446841024332	1446841024387	1446841024391	OK	 
ACTION	Search for Participant or Team Page	48	Search for Participant or Team Page	1446841024270	1446841024270	1446841024361	1446841024407	OK	 
SCENARIO	Search for Participant or Team Page	48	END	1446841024407
ACTION	Individual Registration Page 1	15	Hit Individual Registration Page 1	1446841024392	1446841024393	1446841024449	1446841024452	OK	 
ACTION	Company List Page	38	Hit Company List Page	1446841023855	1446841023855	1446841024446	1446841024489	OK	 
ACTION	Individual Registration Page 1	15	Hit Individual Registration Page 1	1446841024453	1446841024453	1446841024519	1446841024522	OK	 
SCENARIO	Individual Registration Page 1	15	END	1446841024523
ACTION	Join or Form a Team Page with TR Dropdown	51	Hit Join or Form a Team Page with TR Dropdown	1446841013886	1446841013886	1446841024490	1446841024539	OK	 
ACTION	Company List Page	37	Hit Company List Page	1446841024019	1446841024019	1446841024569	1446841024617	OK	 
ACTION	Join or Form a Team Page with TR Dropdown	55	Hit Join or Form a Team Page with TR Dropdown	1446841012285	1446841012518	1446841024830	1446841024883	OK	 
ACTION	Company List Page	38	Hit Company List Page	1446841024491	1446841024491	1446841024973	1446841025014	OK	 
ACTION	Company List Page	37	Hit Company List Page	1446841024620	1446841024620	1446841025214	1446841025258	OK	 
SCENARIO	Company List Page	37	END	1446841025259
ACTION	Company List Page	38	Hit Company List Page	1446841025017	1446841025017	1446841025622	1446841025666	OK	 
SCENARIO	Join or Form a Team Page with TR Dropdown	59	START	1446841025683
SCENARIO	Find Participant or Team Page	29	START	1446841025683
SCENARIO	Company List Page	39	START	1446841025683
SCENARIO	Search for Participant or Team Page	49	START	1446841025683
SCENARIO	Individual Registration Page 1	19	START	1446841025683
SCENARIO	Main Registration Page	9	START	1446841025683
ACTION	Search for Participant or Team Page	49	Search for Participant or Team Page	1446841025688	1446841025733	1446841025832	1446841025879	OK	 
ACTION	Find Participant or Team Page	29	Hit Find Participant or Team Page	1446841025684	1446841025731	1446841025841	1446841025888	OK	 
ACTION	Main Registration Page	9	Hit Main Registration Page	1446841025685	1446841025731	1446841025850	1446841025899	OK	 
ACTION	Individual Registration Page 1	19	Hit Individual Registration Page 1	1446841025685	1446841025926	1446841025975	1446841025975	OK	 
ACTION	Search for Participant or Team Page	49	Search for Participant or Team Page	1446841025881	1446841025881	1446841026004	1446841026047	OK	 
ACTION	Main Registration Page	9	Hit Main Registration Page	1446841025900	1446841025901	1446841026064	1446841026065	OK	 
ACTION	Join or Form a Team Page with TR Dropdown	53	Hit Join or Form a Team Page with TR Dropdown	1446841014250	1446841014251	1446841025490	1446841026095	OK	 
ACTION	Find Participant or Team Page	29	Hit Find Participant or Team Page	1446841025900	1446841025900	1446841026081	1446841026125	OK	 
ACTION	Main Registration Page	9	Hit Main Registration Page	1446841026067	1446841026068	1446841026175	1446841026177	OK	 
ACTION	Search for Participant or Team Page	49	Search for Participant or Team Page	1446841026049	1446841026049	1446841026155	1446841026202	OK	 
ACTION	Find Participant or Team Page	29	Hit Find Participant or Team Page	1446841026128	1446841026129	1446841026244	1446841026288	OK	 
ACTION	Company List Page	39	Hit Company List Page	1446841025684	1446841025731	1446841026290	1446841026333	OK	 
ACTION	Main Registration Page	9	Hit Main Registration Page	1446841026179	1446841026180	1446841026352	1446841026354	OK	 
ACTION	Search for Participant or Team Page	49	Search for Participant or Team Page	1446841026206	1446841026207	1446841026313	1446841026358	OK	 
ACTION	Main Registration Page	9	Hit Main Registration Page	1446841026354	1446841026355	1446841026462	1446841026464	OK	 
ACTION	Company List Page	38	Hit Company List Page	1446841025669	1446841025670	1446841026491	1446841026538	OK	 
ACTION	Find Participant or Team Page	29	Hit Find Participant or Team Page	1446841026289	1446841026289	1446841026496	1446841026542	OK	 
ACTION	Main Registration Page	9	Hit Main Registration Page	1446841026465	1446841026465	1446841026570	1446841026571	OK	 
ACTION	Search for Participant or Team Page	49	Search for Participant or Team Page	1446841026360	1446841026360	1446841026492	1446841026870	OK	 
ACTION	Find Participant or Team Page	29	Hit Find Participant or Team Page	1446841026545	1446841026545	1446841026656	1446841027036	OK	 
ACTION	Main Registration Page	9	Hit Main Registration Page	1446841026574	1446841026574	1446841026691	1446841027067	OK	 
ACTION	Company List Page	39	Hit Company List Page	1446841026334	1446841026334	1446841027105	1446841027150	OK	 
ACTION	Search for Participant or Team Page	49	Search for Participant or Team Page	1446841026875	1446841026876	1446841027039	1446841027209	OK	 
ACTION	Find Participant or Team Page	29	Hit Find Participant or Team Page	1446841027039	1446841027040	1446841027149	1446841027281	OK	 
ACTION	Main Registration Page	9	Hit Main Registration Page	1446841027069	1446841027070	1446841027175	1446841027307	OK	 
ACTION	Company List Page	38	Hit Company List Page	1446841026541	1446841026541	1446841027306	1446841027351	OK	 
ACTION	Search for Participant or Team Page	49	Search for Participant or Team Page	1446841027214	1446841027215	1446841027337	1446841027386	OK	 
ACTION	Find Participant or Team Page	29	Hit Find Participant or Team Page	1446841027283	1446841027283	1446841027423	1446841027471	OK	 
ACTION	Main Registration Page	9	Hit Main Registration Page	1446841027310	1446841027311	1446841027423	1446841027472	OK	 
ACTION	Find Participant or Team Page	29	Hit Find Participant or Team Page	1446841027474	1446841027475	1446841027589	1446841027632	OK	 
ACTION	Main Registration Page	9	Hit Main Registration Page	1446841027474	1446841027475	1446841027591	1446841027637	OK	 
SCENARIO	Main Registration Page	9	END	1446841027638
ACTION	Find Participant or Team Page	29	Hit Find Participant or Team Page	1446841027634	1446841027634	1446841027783	1446841027827	OK	 
ACTION	Company List Page	39	Hit Company List Page	1446841027153	1446841027153	1446841027889	1446841027934	OK	 
ACTION	Find Participant or Team Page	29	Hit Find Participant or Team Page	1446841027830	1446841027831	1446841027934	1446841027981	OK	 
SCENARIO	Find Participant or Team Page	29	END	1446841027981
ACTION	Search for Participant or Team Page	49	Search for Participant or Team Page	1446841027391	1446841027392	1446841027498	1446841028190	OK	 
ACTION	Company List Page	38	Hit Company List Page	1446841027354	1446841027355	1446841028159	1446841028205	OK	 
ACTION	Join or Form a Team Page with TR Dropdown	56	Hit Join or Form a Team Page with TR Dropdown	1446841015685	1446841015926	1446841028156	1446841028205	OK	 
ACTION	Search for Participant or Team Page	49	Search for Participant or Team Page	1446841028191	1446841028192	1446841028314	1446841028499	OK	 
ACTION	Individual Registration Page 1	16	Hit Individual Registration Page 1 Redirect 1	1446841015976	1446841015978	1446841028541	1446841028589	OK	 
ACTION	Company List Page	39	Hit Company List Page	1446841027935	1446841027935	1446841028597	1446841028645	OK	 
ACTION	Individual Registration Page 1	16	Hit Individual Registration Page 1	1446841028589	1446841028590	1446841028667	1446841028714	OK	 
ACTION	Search for Participant or Team Page	49	Search for Participant or Team Page	1446841028500	1446841028500	1446841028619	1446841028758	OK	 
SCENARIO	Search for Participant or Team Page	49	END	1446841028758
ACTION	Individual Registration Page 1	16	Hit Individual Registration Page 1	1446841028715	1446841028715	1446841028774	1446841028823	OK	 
ACTION	Company List Page	38	Hit Company List Page	1446841028205	1446841028206	1446841028835	1446841028880	OK	 
ACTION	Individual Registration Page 1	16	Hit Individual Registration Page 1	1446841028824	1446841028824	1446841028882	1446841028885	OK	 
SCENARIO	Main Registration Page	10	START	1446841028982
SCENARIO	Individual Registration Page 1	20	START	1446841028982
SCENARIO	Find Participant or Team Page	30	START	1446841028982
SCENARIO	Join or Form a Team Page with TR Dropdown	60	START	1446841028982
SCENARIO	Company List Page	40	START	1446841028982
SCENARIO	Search for Participant or Team Page	50	START	1446841028982
ACTION	Find Participant or Team Page	30	Hit Find Participant or Team Page	1446841028983	1446841029028	1446841029155	1446841029201	OK	 
ACTION	Search for Participant or Team Page	50	Search for Participant or Team Page	1446841028983	1446841029030	1446841029160	1446841029205	OK	 
ACTION	Main Registration Page	10	Hit Main Registration Page	1446841028983	1446841029028	1446841029173	1446841029217	OK	 
ACTION	Individual Registration Page 1	20	Hit Individual Registration Page 1	1446841028983	1446841029221	1446841029270	1446841029271	OK	 
ACTION	Company List Page	39	Hit Company List Page	1446841028646	1446841028646	1446841029245	1446841029291	OK	 
ACTION	Individual Registration Page 1	16	Hit Individual Registration Page 1	1446841028886	1446841028887	1446841029193	1446841029323	OK	 
ACTION	Main Registration Page	10	Hit Main Registration Page	1446841029218	1446841029218	1446841029328	1446841029374	OK	 
ACTION	Search for Participant or Team Page	50	Search for Participant or Team Page	1446841029206	1446841029207	1446841029330	1446841029378	OK	 
ACTION	Find Participant or Team Page	30	Hit Find Participant or Team Page	1446841029202	1446841029202	1446841029364	1446841029408	OK	 
ACTION	Individual Registration Page 1	16	Hit Individual Registration Page 1	1446841029324	1446841029324	1446841029382	1446841029428	OK	 
ACTION	Individual Registration Page 1	16	Hit Individual Registration Page 1	1446841029429	1446841029429	1446841029499	1446841029545	OK	 
ACTION	Search for Participant or Team Page	50	Search for Participant or Team Page	1446841029379	1446841029380	1446841029529	1446841029574	OK	 
ACTION	Find Participant or Team Page	30	Hit Find Participant or Team Page	1446841029409	1446841029410	1446841029530	1446841029576	OK	 
ACTION	Main Registration Page	10	Hit Main Registration Page	1446841029375	1446841029375	1446841029538	1446841029582	OK	 
ACTION	Company List Page	38	Hit Company List Page	1446841028881	1446841028881	1446841029600	1446841029645	OK	 
SCENARIO	Company List Page	38	END	1446841029646
ACTION	Individual Registration Page 1	16	Hit Individual Registration Page 1	1446841029545	1446841029546	1446841029607	1446841029652	OK	 
ACTION	Main Registration Page	10	Hit Main Registration Page	1446841029583	1446841029583	1446841029690	1446841029692	OK	 
ACTION	Find Participant or Team Page	30	Hit Find Participant or Team Page	1446841029576	1446841029576	1446841029701	1446841029747	OK	 
ACTION	Individual Registration Page 1	16	Hit Individual Registration Page 1	1446841029655	1446841029656	1446841029710	1446841029757	OK	 
ACTION	Search for Participant or Team Page	50	Search for Participant or Team Page	1446841029575	1446841029575	1446841029721	1446841029767	OK	 
ACTION	Company List Page	40	Hit Company List Page	1446841028983	1446841029029	1446841029749	1446841029793	OK	 
ACTION	Main Registration Page	10	Hit Main Registration Page	1446841029693	1446841029693	1446841029798	1446841029799	OK	 
ACTION	Individual Registration Page 1	16	Hit Individual Registration Page 1	1446841029759	1446841029760	1446841029818	1446841029866	OK	 
SCENARIO	Individual Registration Page 1	16	END	1446841029868
ACTION	Main Registration Page	10	Hit Main Registration Page	1446841029801	1446841029801	1446841029933	1446841029934	OK	 
ACTION	Search for Participant or Team Page	50	Search for Participant or Team Page	1446841029772	1446841029772	1446841029922	1446841029965	OK	 
ACTION	Find Participant or Team Page	30	Hit Find Participant or Team Page	1446841029749	1446841029750	1446841030013	1446841030062	OK	 
ACTION	Main Registration Page	10	Hit Main Registration Page	1446841029937	1446841029937	1446841030091	1446841030092	OK	 
ACTION	Search for Participant or Team Page	50	Search for Participant or Team Page	1446841029970	1446841029971	1446841030095	1446841030139	OK	 
ACTION	Company List Page	39	Hit Company List Page	1446841029292	1446841029292	1446841030118	1446841030165	OK	 
ACTION	Find Participant or Team Page	30	Hit Find Participant or Team Page	1446841030064	1446841030065	1446841030176	1446841030221	OK	 
ACTION	Main Registration Page	10	Hit Main Registration Page	1446841030094	1446841030095	1446841030225	1446841030226	OK	 
ACTION	Search for Participant or Team Page	50	Search for Participant or Team Page	1446841030144	1446841030145	1446841030271	1446841030319	OK	 
ACTION	Main Registration Page	10	Hit Main Registration Page	1446841030228	1446841030229	1446841030332	1446841030334	OK	 
ACTION	Find Participant or Team Page	30	Hit Find Participant or Team Page	1446841030223	1446841030224	1446841030339	1446841030387	OK	 
ACTION	Main Registration Page	10	Hit Main Registration Page	1446841030336	1446841030336	1446841030431	1446841030432	OK	 
SCENARIO	Main Registration Page	10	END	1446841030433
ACTION	Search for Participant or Team Page	50	Search for Participant or Team Page	1446841030324	1446841030325	1446841030439	1446841030482	OK	 
ACTION	Company List Page	40	Hit Company List Page	1446841029796	1446841029796	1446841030503	1446841030550	OK	 
ACTION	Search for Participant or Team Page	50	Search for Participant or Team Page	1446841030483	1446841030483	1446841030601	1446841030645	OK	 
ACTION	Find Participant or Team Page	30	Hit Find Participant or Team Page	1446841030388	1446841030388	1446841030752	1446841030800	OK	 
ACTION	Find Participant or Team Page	30	Hit Find Participant or Team Page	1446841030803	1446841030803	1446841030916	1446841030961	OK	 
ACTION	Company List Page	39	Hit Company List Page	1446841030167	1446841030168	1446841030972	1446841031018	OK	 
ACTION	Search for Participant or Team Page	50	Search for Participant or Team Page	1446841030649	1446841030649	1446841030755	1446841031123	OK	 
SCENARIO	Search for Participant or Team Page	50	END	1446841031126
ACTION	Find Participant or Team Page	30	Hit Find Participant or Team Page	1446841030964	1446841030964	1446841031094	1446841031137	OK	 
SCENARIO	Find Participant or Team Page	30	END	1446841031137
ACTION	Company List Page	40	Hit Company List Page	1446841030552	1446841030553	1446841031209	1446841031253	OK	 
ACTION	Company List Page	39	Hit Company List Page	1446841031021	1446841031022	1446841031745	1446841031794	OK	 
ACTION	Company List Page	40	Hit Company List Page	1446841031256	1446841031257	1446841032042	1446841032084	OK	 
ACTION	Join or Form a Team Page with TR Dropdown	54	Hit Join or Form a Team Page with TR Dropdown	1446841018564	1446841018565	1446841032293	1446841032341	OK	 
ACTION	Company List Page	39	Hit Company List Page	1446841031795	1446841031796	1446841032449	1446841032496	OK	 
ACTION	Join or Form a Team Page with TR Dropdown	52	Hit Join or Form a Team Page with TR Dropdown	1446841019406	1446841019407	1446841032900	1446841032949	OK	 
ACTION	Join or Form a Team Page with TR Dropdown	57	Hit Join or Form a Team Page with TR Dropdown	1446841018985	1446841019215	1446841032934	1446841032980	OK	 
ACTION	Company List Page	40	Hit Company List Page	1446841032087	1446841032087	1446841032714	1446841033003	OK	 
ACTION	Company List Page	39	Hit Company List Page	1446841032498	1446841032499	1446841033146	1446841033193	OK	 
SCENARIO	Company List Page	39	END	1446841033194
ACTION	Individual Registration Page 1	17	Hit Individual Registration Page 1 Redirect 1	1446841019264	1446841019266	1446841033475	1446841033522	OK	 
ACTION	Individual Registration Page 1	17	Hit Individual Registration Page 1	1446841033525	1446841033526	1446841033596	1446841033641	OK	 
ACTION	Individual Registration Page 1	17	Hit Individual Registration Page 1	1446841033644	1446841033645	1446841033699	1446841033745	OK	 
ACTION	Individual Registration Page 1	17	Hit Individual Registration Page 1	1446841033747	1446841033748	1446841033804	1446841033808	OK	 
ACTION	Individual Registration Page 1	17	Hit Individual Registration Page 1	1446841033811	1446841033812	1446841033873	1446841033877	OK	 
ACTION	Company List Page	40	Hit Company List Page	1446841033006	1446841033006	1446841033842	1446841033884	OK	 
ACTION	Individual Registration Page 1	17	Hit Individual Registration Page 1	1446841033879	1446841033880	1446841033943	1446841033946	OK	 
ACTION	Individual Registration Page 1	17	Hit Individual Registration Page 1	1446841033948	1446841033948	1446841034019	1446841034023	OK	 
ACTION	Individual Registration Page 1	17	Hit Individual Registration Page 1	1446841034025	1446841034026	1446841034082	1446841034086	OK	 
ACTION	Individual Registration Page 1	17	Hit Individual Registration Page 1	1446841034089	1446841034090	1446841034405	1446841034450	OK	 
ACTION	Company List Page	40	Hit Company List Page	1446841033886	1446841033886	1446841034492	1446841034537	OK	 
ACTION	Individual Registration Page 1	17	Hit Individual Registration Page 1	1446841034452	1446841034453	1446841034509	1446841034557	OK	 
SCENARIO	Individual Registration Page 1	17	END	1446841034558
ACTION	Company List Page	40	Hit Company List Page	1446841034538	1446841034539	1446841035133	1446841035179	OK	 
ACTION	Company List Page	40	Hit Company List Page	1446841035182	1446841035182	1446841035775	1446841035817	OK	 
ACTION	Company List Page	40	Hit Company List Page	1446841035820	1446841035821	1446841036411	1446841036458	OK	 
SCENARIO	Company List Page	40	END	1446841036460
ACTION	Individual Registration Page 1	18	Hit Individual Registration Page 1 Redirect 1	1446841022567	1446841022567	1446841037043	1446841037092	OK	 
ACTION	Individual Registration Page 1	18	Hit Individual Registration Page 1	1446841037095	1446841037096	1446841037155	1446841037203	OK	 
ACTION	Individual Registration Page 1	18	Hit Individual Registration Page 1	1446841037206	1446841037207	1446841037264	1446841037311	OK	 
ACTION	Individual Registration Page 1	18	Hit Individual Registration Page 1	1446841037314	1446841037314	1446841037373	1446841037377	OK	 
ACTION	Individual Registration Page 1	18	Hit Individual Registration Page 1	1446841037378	1446841037378	1446841037439	1446841037444	OK	 
ACTION	Individual Registration Page 1	18	Hit Individual Registration Page 1	1446841037446	1446841037447	1446841037507	1446841037511	OK	 
ACTION	Join or Form a Team Page with TR Dropdown	58	Hit Join or Form a Team Page with TR Dropdown	1446841022283	1446841022515	1446841037804	1446841037852	OK	 
ACTION	Individual Registration Page 1	18	Hit Individual Registration Page 1	1446841037514	1446841037515	1446841037576	1446841037962	OK	 
ACTION	Individual Registration Page 1	18	Hit Individual Registration Page 1	1446841037964	1446841037965	1446841038528	1446841038698	OK	 
ACTION	Individual Registration Page 1	18	Hit Individual Registration Page 1	1446841038700	1446841038701	1446841038757	1446841038803	OK	 
ACTION	Individual Registration Page 1	18	Hit Individual Registration Page 1	1446841038805	1446841038806	1446841038861	1446841038908	OK	 
SCENARIO	Individual Registration Page 1	18	END	1446841038909
ACTION	Join or Form a Team Page with TR Dropdown	51	Hit Join or Form a Team Page with TR Dropdown	1446841024542	1446841024543	1446841039602	1446841039647	OK	 
ACTION	Individual Registration Page 1	19	Hit Individual Registration Page 1 Redirect 1	1446841025976	1446841025976	1446841040174	1446841040225	OK	 
ACTION	Individual Registration Page 1	19	Hit Individual Registration Page 1	1446841040227	1446841040227	1446841040283	1446841040329	OK	 
ACTION	Join or Form a Team Page with TR Dropdown	55	Hit Join or Form a Team Page with TR Dropdown	1446841024885	1446841024885	1446841040358	1446841040404	OK	 
ACTION	Individual Registration Page 1	19	Hit Individual Registration Page 1	1446841040332	1446841040333	1446841040391	1446841040436	OK	 
ACTION	Individual Registration Page 1	19	Hit Individual Registration Page 1	1446841040437	1446841040437	1446841040494	1446841040497	OK	 
ACTION	Individual Registration Page 1	19	Hit Individual Registration Page 1	1446841040498	1446841040498	1446841040556	1446841040560	OK	 
ACTION	Individual Registration Page 1	19	Hit Individual Registration Page 1	1446841040562	1446841040563	1446841040619	1446841040622	OK	 
ACTION	Individual Registration Page 1	19	Hit Individual Registration Page 1	1446841040624	1446841040624	1446841040680	1446841040683	OK	 
ACTION	Join or Form a Team Page with TR Dropdown	53	Hit Join or Form a Team Page with TR Dropdown	1446841026097	1446841026098	1446841040575	1446841040709	OK	 
ACTION	Individual Registration Page 1	19	Hit Individual Registration Page 1	1446841040686	1446841040687	1446841040747	1446841040749	OK	 
ACTION	Join or Form a Team Page with TR Dropdown	59	Hit Join or Form a Team Page with TR Dropdown	1446841025686	1446841025926	1446841040349	1446841040902	OK	 
ACTION	Individual Registration Page 1	19	Hit Individual Registration Page 1	1446841040750	1446841040751	1446841041059	1446841041196	OK	 
ACTION	Individual Registration Page 1	19	Hit Individual Registration Page 1	1446841041198	1446841041199	1446841041256	1446841041304	OK	 
SCENARIO	Individual Registration Page 1	19	END	1446841041305
ACTION	Join or Form a Team Page with TR Dropdown	56	Hit Join or Form a Team Page with TR Dropdown	1446841028206	1446841028206	1446841042076	1446841042126	OK	 
ACTION	Join or Form a Team Page with TR Dropdown	60	Hit Join or Form a Team Page with TR Dropdown	1446841028983	1446841029219	1446841042301	1446841042355	OK	 
ACTION	Individual Registration Page 1	20	Hit Individual Registration Page 1 Redirect 1	1446841029271	1446841029271	1446841042921	1446841042969	OK	 
ACTION	Individual Registration Page 1	20	Hit Individual Registration Page 1	1446841042972	1446841042972	1446841043034	1446841043082	OK	 
ACTION	Individual Registration Page 1	20	Hit Individual Registration Page 1	1446841043084	1446841043085	1446841043149	1446841043194	OK	 
ACTION	Individual Registration Page 1	20	Hit Individual Registration Page 1	1446841043197	1446841043198	1446841043257	1446841043301	OK	 
ACTION	Individual Registration Page 1	20	Hit Individual Registration Page 1	1446841043304	1446841043305	1446841043365	1446841043368	OK	 
ACTION	Individual Registration Page 1	20	Hit Individual Registration Page 1	1446841043371	1446841043372	1446841043429	1446841043433	OK	 
ACTION	Individual Registration Page 1	20	Hit Individual Registration Page 1	1446841043435	1446841043436	1446841043495	1446841043498	OK	 
ACTION	Individual Registration Page 1	20	Hit Individual Registration Page 1	1446841043501	1446841043502	1446841043557	1446841043560	OK	 
ACTION	Individual Registration Page 1	20	Hit Individual Registration Page 1	1446841043563	1446841043564	1446841043621	1446841043624	OK	 
ACTION	Individual Registration Page 1	20	Hit Individual Registration Page 1	1446841043626	1446841043627	1446841043684	1446841043687	OK	 
SCENARIO	Individual Registration Page 1	20	END	1446841043688
ACTION	Join or Form a Team Page with TR Dropdown	52	Hit Join or Form a Team Page with TR Dropdown	1446841032951	1446841032951	1446841044852	1446841044900	OK	 
ACTION	Join or Form a Team Page with TR Dropdown	54	Hit Join or Form a Team Page with TR Dropdown	1446841032342	1446841032342	1446841045099	1446841045145	OK	 
ACTION	Join or Form a Team Page with TR Dropdown	57	Hit Join or Form a Team Page with TR Dropdown	1446841032982	1446841032984	1446841045331	1446841045803	OK	 
ACTION	Join or Form a Team Page with TR Dropdown	58	Hit Join or Form a Team Page with TR Dropdown	1446841037855	1446841037856	1446841048752	1446841048798	OK	 
ACTION	Join or Form a Team Page with TR Dropdown	51	Hit Join or Form a Team Page with TR Dropdown	1446841039649	1446841039649	1446841050045	1446841050091	OK	 
ACTION	Join or Form a Team Page with TR Dropdown	53	Hit Join or Form a Team Page with TR Dropdown	1446841040712	1446841040713	1446841050866	1446841050956	OK	 
ACTION	Join or Form a Team Page with TR Dropdown	59	Hit Join or Form a Team Page with TR Dropdown	1446841040905	1446841040906	1446841051173	1446841051400	OK	 
ACTION	Join or Form a Team Page with TR Dropdown	55	Hit Join or Form a Team Page with TR Dropdown	1446841040405	1446841040405	1446841051917	1446841051962	OK	 
ACTION	Join or Form a Team Page with TR Dropdown	60	Hit Join or Form a Team Page with TR Dropdown	1446841042358	1446841042359	1446841052897	1446841052950	OK	 
ACTION	Join or Form a Team Page with TR Dropdown	56	Hit Join or Form a Team Page with TR Dropdown	1446841042128	1446841042130	1446841052523	1446841052992	OK	 
ACTION	Join or Form a Team Page with TR Dropdown	54	Hit Join or Form a Team Page with TR Dropdown	1446841045147	1446841045148	1446841055292	1446841055339	OK	 
ACTION	Join or Form a Team Page with TR Dropdown	52	Hit Join or Form a Team Page with TR Dropdown	1446841044902	1446841044903	1446841055322	1446841055368	OK	 
ACTION	Join or Form a Team Page with TR Dropdown	57	Hit Join or Form a Team Page with TR Dropdown	1446841045805	1446841045806	1446841055777	1446841055897	OK	 
ACTION	Join or Form a Team Page with TR Dropdown	58	Hit Join or Form a Team Page with TR Dropdown	1446841048801	1446841048802	1446841058674	1446841058720	OK	 
ACTION	Join or Form a Team Page with TR Dropdown	51	Hit Join or Form a Team Page with TR Dropdown	1446841050094	1446841050095	1446841059959	1446841060005	OK	 
ACTION	Join or Form a Team Page with TR Dropdown	53	Hit Join or Form a Team Page with TR Dropdown	1446841050958	1446841050959	1446841061235	1446841061364	OK	 
ACTION	Join or Form a Team Page with TR Dropdown	59	Hit Join or Form a Team Page with TR Dropdown	1446841051403	1446841051404	1446841061365	1446841061458	OK	 
ACTION	Join or Form a Team Page with TR Dropdown	56	Hit Join or Form a Team Page with TR Dropdown	1446841052995	1446841052996	1446841062875	1446841063000	OK	 
ACTION	Join or Form a Team Page with TR Dropdown	55	Hit Join or Form a Team Page with TR Dropdown	1446841051963	1446841051964	1446841063141	1446841063187	OK	 
ACTION	Join or Form a Team Page with TR Dropdown	60	Hit Join or Form a Team Page with TR Dropdown	1446841052952	1446841052952	1446841063194	1446841063241	OK	 
ACTION	Join or Form a Team Page with TR Dropdown	54	Hit Join or Form a Team Page with TR Dropdown	1446841055342	1446841055343	1446841065318	1446841065363	OK	 
ACTION	Join or Form a Team Page with TR Dropdown	52	Hit Join or Form a Team Page with TR Dropdown	1446841055369	1446841055369	1446841065492	1446841065539	OK	 
ACTION	Join or Form a Team Page with TR Dropdown	57	Hit Join or Form a Team Page with TR Dropdown	1446841055900	1446841055901	1446841065874	1446841065921	OK	 
ACTION	Join or Form a Team Page with TR Dropdown	58	Hit Join or Form a Team Page with TR Dropdown	1446841058723	1446841058724	1446841069208	1446841069253	OK	 
ACTION	Join or Form a Team Page with TR Dropdown	51	Hit Join or Form a Team Page with TR Dropdown	1446841060008	1446841060008	1446841069988	1446841070035	OK	 
ACTION	Join or Form a Team Page with TR Dropdown	53	Hit Join or Form a Team Page with TR Dropdown	1446841061367	1446841061368	1446841071396	1446841071523	OK	 
ACTION	Join or Form a Team Page with TR Dropdown	59	Hit Join or Form a Team Page with TR Dropdown	1446841061460	1446841061461	1446841071732	1446841071782	OK	 
ACTION	Join or Form a Team Page with TR Dropdown	56	Hit Join or Form a Team Page with TR Dropdown	1446841063001	1446841063001	1446841072966	1446841073012	OK	 
ACTION	Join or Form a Team Page with TR Dropdown	60	Hit Join or Form a Team Page with TR Dropdown	1446841063244	1446841063245	1446841073048	1446841073094	OK	 
ACTION	Join or Form a Team Page with TR Dropdown	55	Hit Join or Form a Team Page with TR Dropdown	1446841063190	1446841063191	1446841074611	1446841074656	OK	 
ACTION	Join or Form a Team Page with TR Dropdown	52	Hit Join or Form a Team Page with TR Dropdown	1446841065542	1446841065543	1446841075474	1446841075518	OK	 
ACTION	Join or Form a Team Page with TR Dropdown	54	Hit Join or Form a Team Page with TR Dropdown	1446841065365	1446841065366	1446841075791	1446841075836	OK	 
ACTION	Join or Form a Team Page with TR Dropdown	57	Hit Join or Form a Team Page with TR Dropdown	1446841065924	1446841065925	1446841075805	1446841075853	OK	 
ACTION	Join or Form a Team Page with TR Dropdown	58	Hit Join or Form a Team Page with TR Dropdown	1446841069254	1446841069254	1446841079670	1446841079719	OK	 
ACTION	Join or Form a Team Page with TR Dropdown	51	Hit Join or Form a Team Page with TR Dropdown	1446841070037	1446841070038	1446841079874	1446841079921	OK	 
ACTION	Join or Form a Team Page with TR Dropdown	53	Hit Join or Form a Team Page with TR Dropdown	1446841071526	1446841071527	1446841081506	1446841081594	OK	 
ACTION	Join or Form a Team Page with TR Dropdown	59	Hit Join or Form a Team Page with TR Dropdown	1446841071785	1446841071786	1446841082046	1446841082093	OK	 
ACTION	Join or Form a Team Page with TR Dropdown	56	Hit Join or Form a Team Page with TR Dropdown	1446841073014	1446841073015	1446841083152	1446841083197	OK	 
ACTION	Join or Form a Team Page with TR Dropdown	60	Hit Join or Form a Team Page with TR Dropdown	1446841073096	1446841073097	1446841083173	1446841083222	OK	 
ACTION	Join or Form a Team Page with TR Dropdown	57	Hit Join or Form a Team Page with TR Dropdown	1446841075856	1446841075857	1446841085859	1446841085905	OK	 
ACTION	Join or Form a Team Page with TR Dropdown	54	Hit Join or Form a Team Page with TR Dropdown	1446841075838	1446841075838	1446841085949	1446841085995	OK	 
ACTION	Join or Form a Team Page with TR Dropdown	52	Hit Join or Form a Team Page with TR Dropdown	1446841075521	1446841075522	1446841085719	1446841086123	OK	 
ACTION	Join or Form a Team Page with TR Dropdown	55	Hit Join or Form a Team Page with TR Dropdown	1446841074659	1446841074660	1446841086137	1446841086183	OK	 
ACTION	Join or Form a Team Page with TR Dropdown	58	Hit Join or Form a Team Page with TR Dropdown	1446841079721	1446841079722	1446841089925	1446841090298	OK	 
ACTION	Join or Form a Team Page with TR Dropdown	51	Hit Join or Form a Team Page with TR Dropdown	1446841079923	1446841079924	1446841090342	1446841090388	OK	 
ACTION	Join or Form a Team Page with TR Dropdown	53	Hit Join or Form a Team Page with TR Dropdown	1446841081596	1446841081597	1446841092061	1446841092107	OK	 
ACTION	Join or Form a Team Page with TR Dropdown	59	Hit Join or Form a Team Page with TR Dropdown	1446841082094	1446841082095	1446841092417	1446841092462	OK	 
ACTION	Join or Form a Team Page with TR Dropdown	56	Hit Join or Form a Team Page with TR Dropdown	1446841083199	1446841083200	1446841093659	1446841093706	OK	 
ACTION	Join or Form a Team Page with TR Dropdown	60	Hit Join or Form a Team Page with TR Dropdown	1446841083224	1446841083225	1446841093792	1446841094258	OK	 
ACTION	Join or Form a Team Page with TR Dropdown	52	Hit Join or Form a Team Page with TR Dropdown	1446841086125	1446841086127	1446841096075	1446841096120	OK	 
ACTION	Join or Form a Team Page with TR Dropdown	57	Hit Join or Form a Team Page with TR Dropdown	1446841085906	1446841085907	1446841096090	1446841096135	OK	 
ACTION	Join or Form a Team Page with TR Dropdown	54	Hit Join or Form a Team Page with TR Dropdown	1446841085998	1446841085999	1446841096343	1446841096393	OK	 
ACTION	Join or Form a Team Page with TR Dropdown	55	Hit Join or Form a Team Page with TR Dropdown	1446841086186	1446841086187	1446841098228	1446841098274	OK	 
ACTION	Join or Form a Team Page with TR Dropdown	58	Hit Join or Form a Team Page with TR Dropdown	1446841090299	1446841090300	1446841100290	1446841100337	OK	 
ACTION	Join or Form a Team Page with TR Dropdown	51	Hit Join or Form a Team Page with TR Dropdown	1446841090390	1446841090390	1446841100399	1446841100444	OK	 
SCENARIO	Join or Form a Team Page with TR Dropdown	51	END	1446841100445
ACTION	Join or Form a Team Page with TR Dropdown	53	Hit Join or Form a Team Page with TR Dropdown	1446841092108	1446841092108	1446841101961	1446841102008	OK	 
ACTION	Join or Form a Team Page with TR Dropdown	59	Hit Join or Form a Team Page with TR Dropdown	1446841092463	1446841092464	1446841102273	1446841102320	OK	 
ACTION	Join or Form a Team Page with TR Dropdown	56	Hit Join or Form a Team Page with TR Dropdown	1446841093707	1446841093707	1446841103485	1446841103533	OK	 
ACTION	Join or Form a Team Page with TR Dropdown	60	Hit Join or Form a Team Page with TR Dropdown	1446841094260	1446841094261	1446841104148	1446841104270	OK	 
ACTION	Join or Form a Team Page with TR Dropdown	52	Hit Join or Form a Team Page with TR Dropdown	1446841096122	1446841096123	1446841105643	1446841105688	OK	 
SCENARIO	Join or Form a Team Page with TR Dropdown	52	END	1446841105690
ACTION	Join or Form a Team Page with TR Dropdown	57	Hit Join or Form a Team Page with TR Dropdown	1446841096137	1446841096138	1446841105817	1446841105861	OK	 
ACTION	Join or Form a Team Page with TR Dropdown	54	Hit Join or Form a Team Page with TR Dropdown	1446841096395	1446841096396	1446841105968	1446841106013	OK	 
ACTION	Join or Form a Team Page with TR Dropdown	55	Hit Join or Form a Team Page with TR Dropdown	1446841098277	1446841098278	1446841108743	1446841108788	OK	 
ACTION	Join or Form a Team Page with TR Dropdown	58	Hit Join or Form a Team Page with TR Dropdown	1446841100339	1446841100339	1446841109317	1446841109365	OK	 
ACTION	Join or Form a Team Page with TR Dropdown	53	Hit Join or Form a Team Page with TR Dropdown	1446841102009	1446841102010	1446841111029	1446841111074	OK	 
SCENARIO	Join or Form a Team Page with TR Dropdown	53	END	1446841111075
ACTION	Join or Form a Team Page with TR Dropdown	59	Hit Join or Form a Team Page with TR Dropdown	1446841102321	1446841102322	1446841111224	1446841111270	OK	 
ACTION	Join or Form a Team Page with TR Dropdown	56	Hit Join or Form a Team Page with TR Dropdown	1446841103535	1446841103535	1446841111935	1446841111979	OK	 
ACTION	Join or Form a Team Page with TR Dropdown	60	Hit Join or Form a Team Page with TR Dropdown	1446841104272	1446841104272	1446841112580	1446841112633	OK	 
ACTION	Join or Form a Team Page with TR Dropdown	57	Hit Join or Form a Team Page with TR Dropdown	1446841105863	1446841105864	1446841113891	1446841113935	OK	 
ACTION	Join or Form a Team Page with TR Dropdown	54	Hit Join or Form a Team Page with TR Dropdown	1446841106016	1446841106016	1446841114116	1446841114163	OK	 
SCENARIO	Join or Form a Team Page with TR Dropdown	54	END	1446841114164
ACTION	Join or Form a Team Page with TR Dropdown	58	Hit Join or Form a Team Page with TR Dropdown	1446841109366	1446841109367	1446841116973	1446841117020	OK	 
ACTION	Join or Form a Team Page with TR Dropdown	55	Hit Join or Form a Team Page with TR Dropdown	1446841108790	1446841108791	1446841117496	1446841117541	OK	 
ACTION	Join or Form a Team Page with TR Dropdown	59	Hit Join or Form a Team Page with TR Dropdown	1446841111271	1446841111272	1446841118701	1446841118749	OK	 
ACTION	Join or Form a Team Page with TR Dropdown	56	Hit Join or Form a Team Page with TR Dropdown	1446841111981	1446841111981	1446841119292	1446841119338	OK	 
SCENARIO	Join or Form a Team Page with TR Dropdown	56	END	1446841119339
ACTION	Join or Form a Team Page with TR Dropdown	60	Hit Join or Form a Team Page with TR Dropdown	1446841112636	1446841112637	1446841119915	1446841119962	OK	 
ACTION	Join or Form a Team Page with TR Dropdown	57	Hit Join or Form a Team Page with TR Dropdown	1446841113936	1446841113937	1446841121055	1446841121100	OK	 
SCENARIO	Join or Form a Team Page with TR Dropdown	57	END	1446841121101
ACTION	Join or Form a Team Page with TR Dropdown	58	Hit Join or Form a Team Page with TR Dropdown	1446841117022	1446841117023	1446841123701	1446841123747	OK	 
SCENARIO	Join or Form a Team Page with TR Dropdown	58	END	1446841123747
ACTION	Join or Form a Team Page with TR Dropdown	55	Hit Join or Form a Team Page with TR Dropdown	1446841117542	1446841117542	1446841124763	1446841124808	OK	 
SCENARIO	Join or Form a Team Page with TR Dropdown	55	END	1446841124809
ACTION	Join or Form a Team Page with TR Dropdown	59	Hit Join or Form a Team Page with TR Dropdown	1446841118751	1446841118751	1446841125078	1446841125125	OK	 
SCENARIO	Join or Form a Team Page with TR Dropdown	59	END	1446841125126
ACTION	Join or Form a Team Page with TR Dropdown	60	Hit Join or Form a Team Page with TR Dropdown	1446841119964	1446841119965	1446841125947	1446841125995	OK	 
SCENARIO	Join or Form a Team Page with TR Dropdown	60	END	1446841125996
