RUN	20151106141108	basicexamplesimulation	basicexamplesimulation
SCENARIO	Join or Form a Team Page with TR Dropdown	51	START	1446840669385
SCENARIO	Company List Page	31	START	1446840669385
SCENARIO	Individual Registration Page 1	11	START	1446840669385
SCENARIO	Find Participant or Team Page	21	START	1446840669385
SCENARIO	Search for Participant or Team Page	41	START	1446840669385
SCENARIO	Main Registration Page	1	START	1446840669385
ACTION	Search for Participant or Team Page	41	Search for Participant or Team Page	1446840669411	1446840669472	1446840669557	1446840669611	OK	 
ACTION	Find Participant or Team Page	21	Hit Find Participant or Team Page	1446840669404	1446840669492	1446840669585	1446840669662	OK	 
ACTION	Search for Participant or Team Page	41	Search for Participant or Team Page	1446840669631	1446840669632	1446840669718	1446840669774	OK	 
ACTION	Find Participant or Team Page	21	Hit Find Participant or Team Page	1446840669663	1446840669663	1446840669755	1446840669837	OK	 
ACTION	Main Registration Page	1	Hit Main Registration Page	1446840669403	1446840669470	1446840669807	1446840669857	OK	 
ACTION	Individual Registration Page 1	11	Hit Individual Registration Page 1	1446840669403	1446840669837	1446840669890	1446840669890	OK	 
ACTION	Search for Participant or Team Page	41	Search for Participant or Team Page	1446840669777	1446840669778	1446840669866	1446840669920	OK	 
ACTION	Search for Participant or Team Page	41	Search for Participant or Team Page	1446840669922	1446840669923	1446840670021	1446840670031	OK	 
ACTION	Main Registration Page	1	Hit Main Registration Page	1446840669858	1446840669858	1446840670024	1446840670033	OK	 
ACTION	Find Participant or Team Page	21	Hit Find Participant or Team Page	1446840669838	1446840669838	1446840669981	1446840670035	OK	 
ACTION	Main Registration Page	1	Hit Main Registration Page	1446840670034	1446840670034	1446840670115	1446840670123	OK	 
ACTION	Search for Participant or Team Page	41	Search for Participant or Team Page	1446840670034	1446840670034	1446840670153	1446840670164	OK	 
ACTION	Company List Page	31	Hit Company List Page	1446840669403	1446840669469	1446840670157	1446840670207	OK	 
ACTION	Main Registration Page	1	Hit Main Registration Page	1446840670124	1446840670125	1446840670204	1446840670211	OK	 
ACTION	Search for Participant or Team Page	41	Search for Participant or Team Page	1446840670166	1446840670167	1446840670260	1446840670270	OK	 
ACTION	Main Registration Page	1	Hit Main Registration Page	1446840670212	1446840670212	1446840670289	1446840670295	OK	 
ACTION	Search for Participant or Team Page	41	Search for Participant or Team Page	1446840670273	1446840670273	1446840670359	1446840670370	OK	 
ACTION	Main Registration Page	1	Hit Main Registration Page	1446840670297	1446840670297	1446840670381	1446840670389	OK	 
ACTION	Main Registration Page	1	Hit Main Registration Page	1446840670390	1446840670391	1446840670480	1446840670487	OK	 
ACTION	Main Registration Page	1	Hit Main Registration Page	1446840670488	1446840670489	1446840670564	1446840670571	OK	 
ACTION	Company List Page	31	Hit Company List Page	1446840670208	1446840670209	1446840670604	1446840670609	OK	 
ACTION	Main Registration Page	1	Hit Main Registration Page	1446840670572	1446840670573	1446840670649	1446840670656	OK	 
ACTION	Find Participant or Team Page	21	Hit Find Participant or Team Page	1446840670036	1446840670037	1446840670442	1446840670670	OK	 
ACTION	Main Registration Page	1	Hit Main Registration Page	1446840670657	1446840670657	1446840670733	1446840670741	OK	 
SCENARIO	Main Registration Page	1	END	1446840670742
ACTION	Company List Page	31	Hit Company List Page	1446840670610	1446840670610	1446840670869	1446840670876	OK	 
ACTION	Find Participant or Team Page	21	Hit Find Participant or Team Page	1446840670670	1446840670671	1446840670757	1446840670891	OK	 
ACTION	Search for Participant or Team Page	41	Search for Participant or Team Page	1446840670374	1446840670374	1446840670479	1446840671041	OK	 
ACTION	Find Participant or Team Page	21	Hit Find Participant or Team Page	1446840670891	1446840670892	1446840671119	1446840671179	OK	 
ACTION	Find Participant or Team Page	21	Hit Find Participant or Team Page	1446840671180	1446840671180	1446840671267	1446840671325	OK	 
ACTION	Search for Participant or Team Page	41	Search for Participant or Team Page	1446840671043	1446840671044	1446840671180	1446840671404	OK	 
ACTION	Find Participant or Team Page	21	Hit Find Participant or Team Page	1446840671327	1446840671327	1446840671410	1446840671465	OK	 
ACTION	Search for Participant or Team Page	41	Search for Participant or Team Page	1446840671407	1446840671408	1446840671490	1446840671550	OK	 
SCENARIO	Search for Participant or Team Page	41	END	1446840671551
ACTION	Find Participant or Team Page	21	Hit Find Participant or Team Page	1446840671466	1446840671467	1446840671550	1446840671611	OK	 
ACTION	Find Participant or Team Page	21	Hit Find Participant or Team Page	1446840671613	1446840671613	1446840671690	1446840671744	OK	 
SCENARIO	Find Participant or Team Page	21	END	1446840671744
ACTION	Company List Page	31	Hit Company List Page	1446840670877	1446840670877	1446840672010	1446840672186	OK	 
ACTION	Company List Page	31	Hit Company List Page	1446840672190	1446840672191	1446840672453	1446840672548	OK	 
SCENARIO	Join or Form a Team Page with TR Dropdown	52	START	1446840672783
SCENARIO	Company List Page	32	START	1446840672783
SCENARIO	Main Registration Page	2	START	1446840672783
SCENARIO	Find Participant or Team Page	22	START	1446840672783
SCENARIO	Search for Participant or Team Page	42	START	1446840672783
SCENARIO	Individual Registration Page 1	12	START	1446840672783
ACTION	Company List Page	31	Hit Company List Page	1446840672551	1446840672553	1446840672820	1446840672872	OK	 
ACTION	Main Registration Page	2	Hit Main Registration Page	1446840672786	1446840672831	1446840672924	1446840672976	OK	 
ACTION	Search for Participant or Team Page	42	Search for Participant or Team Page	1446840672791	1446840672841	1446840672935	1446840672996	OK	 
ACTION	Main Registration Page	2	Hit Main Registration Page	1446840672977	1446840672978	1446840673055	1446840673062	OK	 
ACTION	Individual Registration Page 1	12	Hit Individual Registration Page 1	1446840672790	1446840673059	1446840673115	1446840673115	OK	 
ACTION	Search for Participant or Team Page	42	Search for Participant or Team Page	1446840672999	1446840672999	1446840673081	1446840673140	OK	 
ACTION	Company List Page	32	Hit Company List Page	1446840672785	1446840672831	1446840673100	1446840673149	OK	 
ACTION	Main Registration Page	2	Hit Main Registration Page	1446840673066	1446840673068	1446840673143	1446840673150	OK	 
ACTION	Main Registration Page	2	Hit Main Registration Page	1446840673153	1446840673153	1446840673248	1446840673255	OK	 
ACTION	Company List Page	31	Hit Company List Page	1446840672873	1446840672874	1446840673233	1446840673283	OK	 
ACTION	Search for Participant or Team Page	42	Search for Participant or Team Page	1446840673147	1446840673148	1446840673237	1446840673288	OK	 
ACTION	Main Registration Page	2	Hit Main Registration Page	1446840673258	1446840673259	1446840673345	1446840673352	OK	 
ACTION	Search for Participant or Team Page	42	Search for Participant or Team Page	1446840673293	1446840673294	1446840673374	1446840673385	OK	 
ACTION	Find Participant or Team Page	22	Hit Find Participant or Team Page	1446840672785	1446840672830	1446840672920	1446840673438	OK	 
ACTION	Main Registration Page	2	Hit Main Registration Page	1446840673355	1446840673355	1446840673443	1446840673450	OK	 
ACTION	Search for Participant or Team Page	42	Search for Participant or Team Page	1446840673388	1446840673389	1446840673478	1446840673490	OK	 
ACTION	Main Registration Page	2	Hit Main Registration Page	1446840673453	1446840673453	1446840673542	1446840673549	OK	 
ACTION	Search for Participant or Team Page	42	Search for Participant or Team Page	1446840673493	1446840673494	1446840673582	1446840673593	OK	 
ACTION	Main Registration Page	2	Hit Main Registration Page	1446840673550	1446840673551	1446840673643	1446840673649	OK	 
ACTION	Find Participant or Team Page	22	Hit Find Participant or Team Page	1446840673441	1446840673443	1446840673537	1446840673665	OK	 
ACTION	Search for Participant or Team Page	42	Search for Participant or Team Page	1446840673597	1446840673597	1446840673684	1446840673696	OK	 
ACTION	Company List Page	31	Hit Company List Page	1446840673286	1446840673288	1446840673662	1446840673715	OK	 
ACTION	Main Registration Page	2	Hit Main Registration Page	1446840673650	1446840673651	1446840673737	1446840673743	OK	 
ACTION	Find Participant or Team Page	22	Hit Find Participant or Team Page	1446840673668	1446840673669	1446840673751	1446840673808	OK	 
ACTION	Company List Page	32	Hit Company List Page	1446840673151	1446840673153	1446840673760	1446840673817	OK	 
ACTION	Find Participant or Team Page	22	Hit Find Participant or Team Page	1446840673811	1446840673812	1446840673903	1446840673957	OK	 
ACTION	Company List Page	31	Hit Company List Page	1446840673717	1446840673717	1446840673983	1446840673988	OK	 
ACTION	Find Participant or Team Page	22	Hit Find Participant or Team Page	1446840673959	1446840673960	1446840674043	1446840674138	OK	 
ACTION	Search for Participant or Team Page	42	Search for Participant or Team Page	1446840673699	1446840673700	1446840674047	1446840674268	OK	 
ACTION	Main Registration Page	2	Hit Main Registration Page	1446840673745	1446840673745	1446840674094	1446840674270	OK	 
SCENARIO	Main Registration Page	2	END	1446840674272
ACTION	Company List Page	31	Hit Company List Page	1446840673991	1446840673993	1446840674258	1446840674306	OK	 
SCENARIO	Company List Page	31	END	1446840674308
ACTION	Find Participant or Team Page	22	Hit Find Participant or Team Page	1446840674141	1446840674142	1446840674226	1446840674320	OK	 
ACTION	Find Participant or Team Page	22	Hit Find Participant or Team Page	1446840674323	1446840674324	1446840674404	1446840674463	OK	 
ACTION	Company List Page	32	Hit Company List Page	1446840673818	1446840673819	1446840674566	1446840674616	OK	 
ACTION	Find Participant or Team Page	22	Hit Find Participant or Team Page	1446840674464	1446840674465	1446840674547	1446840674688	OK	 
ACTION	Company List Page	32	Hit Company List Page	1446840674619	1446840674620	1446840674882	1446840674888	OK	 
ACTION	Search for Participant or Team Page	42	Search for Participant or Team Page	1446840674274	1446840674275	1446840674362	1446840674890	OK	 
ACTION	Find Participant or Team Page	22	Hit Find Participant or Team Page	1446840674689	1446840674689	1446840674771	1446840674900	OK	 
ACTION	Find Participant or Team Page	22	Hit Find Participant or Team Page	1446840674901	1446840674901	1446840674980	1446840675079	OK	 
SCENARIO	Find Participant or Team Page	22	END	1446840675080
ACTION	Search for Participant or Team Page	42	Search for Participant or Team Page	1446840674891	1446840674892	1446840674984	1446840675127	OK	 
SCENARIO	Search for Participant or Team Page	42	END	1446840675129
ACTION	Company List Page	32	Hit Company List Page	1446840674889	1446840674890	1446840675239	1446840675288	OK	 
ACTION	Company List Page	32	Hit Company List Page	1446840675291	1446840675292	1446840675609	1446840675657	OK	 
ACTION	Company List Page	32	Hit Company List Page	1446840675660	1446840675661	1446840676020	1446840676068	OK	 
SCENARIO	Search for Participant or Team Page	43	START	1446840676084
SCENARIO	Main Registration Page	3	START	1446840676084
SCENARIO	Company List Page	33	START	1446840676084
SCENARIO	Individual Registration Page 1	13	START	1446840676084
SCENARIO	Find Participant or Team Page	23	START	1446840676084
SCENARIO	Join or Form a Team Page with TR Dropdown	53	START	1446840676085
ACTION	Find Participant or Team Page	23	Hit Find Participant or Team Page	1446840676086	1446840676132	1446840676222	1446840676279	OK	 
ACTION	Search for Participant or Team Page	43	Search for Participant or Team Page	1446840676091	1446840676135	1446840676238	1446840676294	OK	 
ACTION	Find Participant or Team Page	23	Hit Find Participant or Team Page	1446840676280	1446840676280	1446840676373	1446840676435	OK	 
ACTION	Search for Participant or Team Page	43	Search for Participant or Team Page	1446840676296	1446840676296	1446840676400	1446840676457	OK	 
ACTION	Company List Page	32	Hit Company List Page	1446840676071	1446840676072	1446840676419	1446840676471	OK	 
ACTION	Join or Form a Team Page with TR Dropdown	51	Hit Join or Form a Team Page with TR Dropdown	1446840669403	1446840669791	1446840676473	1446840676529	OK	 
ACTION	Find Participant or Team Page	23	Hit Find Participant or Team Page	1446840676436	1446840676436	1446840676522	1446840676587	OK	 
ACTION	Company List Page	33	Hit Company List Page	1446840676086	1446840676132	1446840676537	1446840676587	OK	 
ACTION	Search for Participant or Team Page	43	Search for Participant or Team Page	1446840676459	1446840676459	1446840676552	1446840676610	OK	 
ACTION	Individual Registration Page 1	13	Hit Individual Registration Page 1	1446840676087	1446840676569	1446840676618	1446840676618	OK	 
ACTION	Find Participant or Team Page	23	Hit Find Participant or Team Page	1446840676588	1446840676588	1446840676690	1446840676700	OK	 
ACTION	Search for Participant or Team Page	43	Search for Participant or Team Page	1446840676612	1446840676612	1446840676703	1446840676714	OK	 
ACTION	Find Participant or Team Page	23	Hit Find Participant or Team Page	1446840676703	1446840676704	1446840676802	1446840676813	OK	 
ACTION	Search for Participant or Team Page	43	Search for Participant or Team Page	1446840676719	1446840676719	1446840676819	1446840676829	OK	 
ACTION	Search for Participant or Team Page	43	Search for Participant or Team Page	1446840676831	1446840676832	1446840676924	1446840676935	OK	 
ACTION	Find Participant or Team Page	23	Hit Find Participant or Team Page	1446840676816	1446840676816	1446840676941	1446840676952	OK	 
ACTION	Company List Page	32	Hit Company List Page	1446840676472	1446840676472	1446840676890	1446840676956	OK	 
ACTION	Main Registration Page	3	Hit Main Registration Page	1446840676086	1446840676132	1446840676224	1446840677027	OK	 
ACTION	Company List Page	33	Hit Company List Page	1446840676588	1446840676588	1446840676997	1446840677051	OK	 
ACTION	Find Participant or Team Page	23	Hit Find Participant or Team Page	1446840676953	1446840676953	1446840677071	1446840677082	OK	 
ACTION	Find Participant or Team Page	23	Hit Find Participant or Team Page	1446840677084	1446840677084	1446840677170	1446840677185	OK	 
ACTION	Main Registration Page	3	Hit Main Registration Page	1446840677028	1446840677029	1446840677117	1446840677258	OK	 
ACTION	Find Participant or Team Page	23	Hit Find Participant or Team Page	1446840677187	1446840677188	1446840677277	1446840677288	OK	 
ACTION	Find Participant or Team Page	23	Hit Find Participant or Team Page	1446840677289	1446840677289	1446840677374	1446840677384	OK	 
SCENARIO	Find Participant or Team Page	23	END	1446840677385
ACTION	Company List Page	32	Hit Company List Page	1446840676957	1446840676957	1446840677337	1446840677387	OK	 
SCENARIO	Company List Page	32	END	1446840677387
ACTION	Main Registration Page	3	Hit Main Registration Page	1446840677261	1446840677262	1446840677352	1446840677445	OK	 
ACTION	Company List Page	33	Hit Company List Page	1446840677052	1446840677052	1446840677413	1446840677461	OK	 
ACTION	Search for Participant or Team Page	43	Search for Participant or Team Page	1446840676937	1446840676937	1446840677325	1446840677542	OK	 
ACTION	Individual Registration Page 1	11	Hit Individual Registration Page 1 Redirect 1	1446840669892	1446840669892	1446840677370	1446840677590	OK	 
ACTION	Main Registration Page	3	Hit Main Registration Page	1446840677448	1446840677449	1446840677540	1446840677631	OK	 
ACTION	Individual Registration Page 1	11	Hit Individual Registration Page 1	1446840677594	1446840677595	1446840677662	1446840677761	OK	 
ACTION	Search for Participant or Team Page	43	Search for Participant or Team Page	1446840677546	1446840677547	1446840677640	1446840677775	OK	 
ACTION	Main Registration Page	3	Hit Main Registration Page	1446840677634	1446840677635	1446840677725	1446840677778	OK	 
ACTION	Company List Page	33	Hit Company List Page	1446840677463	1446840677464	1446840677804	1446840677854	OK	 
ACTION	Individual Registration Page 1	11	Hit Individual Registration Page 1	1446840677764	1446840677765	1446840677832	1446840677922	OK	 
ACTION	Search for Participant or Team Page	43	Search for Participant or Team Page	1446840677779	1446840677779	1446840677871	1446840677923	OK	 
ACTION	Main Registration Page	3	Hit Main Registration Page	1446840677779	1446840677780	1446840677873	1446840677924	OK	 
ACTION	Main Registration Page	3	Hit Main Registration Page	1446840677929	1446840677929	1446840678013	1446840678065	OK	 
ACTION	Individual Registration Page 1	11	Hit Individual Registration Page 1	1446840677925	1446840677926	1446840677982	1446840678072	OK	 
ACTION	Search for Participant or Team Page	43	Search for Participant or Team Page	1446840677929	1446840677929	1446840678023	1446840678080	OK	 
SCENARIO	Search for Participant or Team Page	43	END	1446840678080
ACTION	Main Registration Page	3	Hit Main Registration Page	1446840678065	1446840678066	1446840678147	1446840678197	OK	 
ACTION	Individual Registration Page 1	11	Hit Individual Registration Page 1	1446840678073	1446840678074	1446840678134	1446840678222	OK	 
ACTION	Company List Page	33	Hit Company List Page	1446840677857	1446840677858	1446840678210	1446840678258	OK	 
ACTION	Main Registration Page	3	Hit Main Registration Page	1446840678200	1446840678201	1446840678286	1446840678340	OK	 
ACTION	Individual Registration Page 1	11	Hit Individual Registration Page 1	1446840678225	1446840678226	1446840678285	1446840678375	OK	 
ACTION	Main Registration Page	3	Hit Main Registration Page	1446840678341	1446840678342	1446840678418	1446840678471	OK	 
SCENARIO	Main Registration Page	3	END	1446840678473
ACTION	Individual Registration Page 1	11	Hit Individual Registration Page 1	1446840678378	1446840678380	1446840678441	1446840678491	OK	 
ACTION	Individual Registration Page 1	11	Hit Individual Registration Page 1	1446840678493	1446840678493	1446840678551	1446840678599	OK	 
ACTION	Company List Page	33	Hit Company List Page	1446840678261	1446840678262	1446840678644	1446840678691	OK	 
ACTION	Individual Registration Page 1	11	Hit Individual Registration Page 1	1446840678601	1446840678602	1446840678657	1446840678703	OK	 
ACTION	Individual Registration Page 1	11	Hit Individual Registration Page 1	1446840678707	1446840678708	1446840678765	1446840678812	OK	 
SCENARIO	Individual Registration Page 1	11	END	1446840678814
SCENARIO	Individual Registration Page 1	14	START	1446840679383
SCENARIO	Search for Participant or Team Page	44	START	1446840679383
SCENARIO	Company List Page	34	START	1446840679384
SCENARIO	Join or Form a Team Page with TR Dropdown	54	START	1446840679384
SCENARIO	Find Participant or Team Page	24	START	1446840679384
SCENARIO	Main Registration Page	4	START	1446840679384
ACTION	Find Participant or Team Page	24	Hit Find Participant or Team Page	1446840679386	1446840679432	1446840679525	1446840679581	OK	 
ACTION	Main Registration Page	4	Hit Main Registration Page	1446840679386	1446840679432	1446840679530	1446840679585	OK	 
ACTION	Search for Participant or Team Page	44	Search for Participant or Team Page	1446840679390	1446840679435	1446840679533	1446840679588	OK	 
ACTION	Main Registration Page	4	Hit Main Registration Page	1446840679586	1446840679586	1446840679686	1446840679693	OK	 
ACTION	Find Participant or Team Page	24	Hit Find Participant or Team Page	1446840679582	1446840679583	1446840679674	1446840679729	OK	 
ACTION	Individual Registration Page 1	14	Hit Individual Registration Page 1	1446840679386	1446840679673	1446840679738	1446840679738	OK	 
ACTION	Search for Participant or Team Page	44	Search for Participant or Team Page	1446840679592	1446840679593	1446840679704	1446840679759	OK	 
ACTION	Main Registration Page	4	Hit Main Registration Page	1446840679694	1446840679694	1446840679794	1446840679802	OK	 
ACTION	Company List Page	33	Hit Company List Page	1446840678695	1446840678695	1446840679333	1446840679806	OK	 
ACTION	Company List Page	34	Hit Company List Page	1446840679386	1446840679429	1446840679842	1446840679891	OK	 
ACTION	Main Registration Page	4	Hit Main Registration Page	1446840679803	1446840679803	1446840679888	1446840679896	OK	 
ACTION	Find Participant or Team Page	24	Hit Find Participant or Team Page	1446840679729	1446840679730	1446840679824	1446840679912	OK	 
ACTION	Search for Participant or Team Page	44	Search for Participant or Team Page	1446840679761	1446840679761	1446840679868	1446840679921	OK	 
ACTION	Main Registration Page	4	Hit Main Registration Page	1446840679897	1446840679897	1446840679985	1446840679991	OK	 
ACTION	Search for Participant or Team Page	44	Search for Participant or Team Page	1446840679923	1446840679923	1446840680041	1446840680051	OK	 
ACTION	Find Participant or Team Page	24	Hit Find Participant or Team Page	1446840679913	1446840679913	1446840680015	1446840680067	OK	 
ACTION	Main Registration Page	4	Hit Main Registration Page	1446840679994	1446840679995	1446840680102	1446840680109	OK	 
ACTION	Find Participant or Team Page	24	Hit Find Participant or Team Page	1446840680069	1446840680070	1446840680178	1446840680188	OK	 
ACTION	Search for Participant or Team Page	44	Search for Participant or Team Page	1446840680058	1446840680059	1446840680186	1446840680195	OK	 
ACTION	Main Registration Page	4	Hit Main Registration Page	1446840680111	1446840680112	1446840680207	1446840680214	OK	 
ACTION	Find Participant or Team Page	24	Hit Find Participant or Team Page	1446840680191	1446840680191	1446840680283	1446840680293	OK	 
ACTION	Search for Participant or Team Page	44	Search for Participant or Team Page	1446840680199	1446840680200	1446840680312	1446840680323	OK	 
ACTION	Main Registration Page	4	Hit Main Registration Page	1446840680217	1446840680218	1446840680317	1446840680323	OK	 
ACTION	Find Participant or Team Page	24	Hit Find Participant or Team Page	1446840680294	1446840680295	1446840680379	1446840680388	OK	 
ACTION	Search for Participant or Team Page	44	Search for Participant or Team Page	1446840680327	1446840680328	1446840680420	1446840680430	OK	 
ACTION	Main Registration Page	4	Hit Main Registration Page	1446840680325	1446840680326	1446840680425	1446840680432	OK	 
ACTION	Company List Page	33	Hit Company List Page	1446840679807	1446840679807	1446840680302	1446840680432	OK	 
ACTION	Find Participant or Team Page	24	Hit Find Participant or Team Page	1446840680390	1446840680390	1446840680473	1446840680482	OK	 
ACTION	Main Registration Page	4	Hit Main Registration Page	1446840680434	1446840680434	1446840680546	1446840680553	OK	 
SCENARIO	Main Registration Page	4	END	1446840680554
ACTION	Search for Participant or Team Page	44	Search for Participant or Team Page	1446840680434	1446840680434	1446840680544	1446840680555	OK	 
ACTION	Find Participant or Team Page	24	Hit Find Participant or Team Page	1446840680484	1446840680485	1446840680564	1446840680574	OK	 
ACTION	Company List Page	34	Hit Company List Page	1446840679892	1446840679892	1446840680429	1446840680641	OK	 
ACTION	Find Participant or Team Page	24	Hit Find Participant or Team Page	1446840680575	1446840680575	1446840680686	1446840680697	OK	 
SCENARIO	Find Participant or Team Page	24	END	1446840680698
ACTION	Search for Participant or Team Page	44	Search for Participant or Team Page	1446840680556	1446840680557	1446840680704	1446840680714	OK	 
ACTION	Join or Form a Team Page with TR Dropdown	52	Hit Join or Form a Team Page with TR Dropdown	1446840672786	1446840673056	1446840680678	1446840680724	OK	 
ACTION	Company List Page	33	Hit Company List Page	1446840680434	1446840680434	1446840680855	1446840680948	OK	 
ACTION	Individual Registration Page 1	12	Hit Individual Registration Page 1 Redirect 1	1446840673117	1446840673120	1446840680981	1446840681026	OK	 
ACTION	Individual Registration Page 1	12	Hit Individual Registration Page 1	1446840681029	1446840681030	1446840681085	1446840681129	OK	 
ACTION	Company List Page	34	Hit Company List Page	1446840680642	1446840680642	1446840681146	1446840681194	OK	 
ACTION	Individual Registration Page 1	12	Hit Individual Registration Page 1	1446840681130	1446840681130	1446840681188	1446840681232	OK	 
ACTION	Search for Participant or Team Page	44	Search for Participant or Team Page	1446840680718	1446840680719	1446840680861	1446840681311	OK	 
SCENARIO	Search for Participant or Team Page	44	END	1446840681312
ACTION	Individual Registration Page 1	12	Hit Individual Registration Page 1	1446840681233	1446840681234	1446840681298	1446840681342	OK	 
ACTION	Individual Registration Page 1	12	Hit Individual Registration Page 1	1446840681343	1446840681343	1446840681401	1446840681406	OK	 
ACTION	Company List Page	33	Hit Company List Page	1446840680950	1446840680950	1446840681323	1446840681407	OK	 
SCENARIO	Company List Page	33	END	1446840681408
ACTION	Individual Registration Page 1	12	Hit Individual Registration Page 1	1446840681408	1446840681409	1446840681473	1446840681478	OK	 
ACTION	Individual Registration Page 1	12	Hit Individual Registration Page 1	1446840681480	1446840681481	1446840681538	1446840681542	OK	 
ACTION	Company List Page	34	Hit Company List Page	1446840681195	1446840681195	1446840681555	1446840681605	OK	 
ACTION	Individual Registration Page 1	12	Hit Individual Registration Page 1	1446840681544	1446840681545	1446840681599	1446840681645	OK	 
ACTION	Individual Registration Page 1	12	Hit Individual Registration Page 1	1446840681647	1446840681648	1446840681708	1446840681711	OK	 
ACTION	Individual Registration Page 1	12	Hit Individual Registration Page 1	1446840681713	1446840681714	1446840681772	1446840681775	OK	 
SCENARIO	Individual Registration Page 1	12	END	1446840681777
ACTION	Company List Page	34	Hit Company List Page	1446840681607	1446840681607	1446840681983	1446840682030	OK	 
ACTION	Company List Page	34	Hit Company List Page	1446840682033	1446840682034	1446840682409	1446840682458	OK	 
SCENARIO	Company List Page	35	START	1446840682783
SCENARIO	Search for Participant or Team Page	45	START	1446840682783
SCENARIO	Find Participant or Team Page	25	START	1446840682783
SCENARIO	Individual Registration Page 1	15	START	1446840682783
SCENARIO	Join or Form a Team Page with TR Dropdown	55	START	1446840682783
SCENARIO	Main Registration Page	5	START	1446840682783
ACTION	Company List Page	34	Hit Company List Page	1446840682461	1446840682462	1446840682851	1446840682906	OK	 
ACTION	Main Registration Page	5	Hit Main Registration Page	1446840682785	1446840682829	1446840682927	1446840682978	OK	 
ACTION	Search for Participant or Team Page	45	Search for Participant or Team Page	1446840682789	1446840682831	1446840682926	1446840682980	OK	 
ACTION	Individual Registration Page 1	15	Hit Individual Registration Page 1	1446840682785	1446840683009	1446840683068	1446840683068	OK	 
ACTION	Main Registration Page	5	Hit Main Registration Page	1446840682979	1446840682979	1446840683076	1446840683084	OK	 
ACTION	Find Participant or Team Page	25	Hit Find Participant or Team Page	1446840682785	1446840682903	1446840683041	1446840683121	OK	 
ACTION	Search for Participant or Team Page	45	Search for Participant or Team Page	1446840682982	1446840682982	1446840683085	1446840683143	OK	 
ACTION	Main Registration Page	5	Hit Main Registration Page	1446840683085	1446840683085	1446840683201	1446840683208	OK	 
ACTION	Search for Participant or Team Page	45	Search for Participant or Team Page	1446840683144	1446840683145	1446840683232	1446840683288	OK	 
ACTION	Main Registration Page	5	Hit Main Registration Page	1446840683211	1446840683212	1446840683320	1446840683327	OK	 
ACTION	Find Participant or Team Page	25	Hit Find Participant or Team Page	1446840683122	1446840683123	1446840683277	1446840683356	OK	 
ACTION	Company List Page	35	Hit Company List Page	1446840682786	1446840682832	1446840683337	1446840683388	OK	 
ACTION	Search for Participant or Team Page	45	Search for Participant or Team Page	1446840683294	1446840683295	1446840683389	1446840683399	OK	 
ACTION	Company List Page	34	Hit Company List Page	1446840682907	1446840682907	1446840683355	1446840683407	OK	 
ACTION	Find Participant or Team Page	25	Hit Find Participant or Team Page	1446840683357	1446840683358	1446840683471	1446840683526	OK	 
ACTION	Search for Participant or Team Page	45	Search for Participant or Team Page	1446840683404	1446840683404	1446840683540	1446840683551	OK	 
ACTION	Find Participant or Team Page	25	Hit Find Participant or Team Page	1446840683528	1446840683528	1446840683628	1446840683638	OK	 
ACTION	Search for Participant or Team Page	45	Search for Participant or Team Page	1446840683556	1446840683557	1446840683660	1446840683671	OK	 
ACTION	Find Participant or Team Page	25	Hit Find Participant or Team Page	1446840683639	1446840683640	1446840683738	1446840683749	OK	 
ACTION	Search for Participant or Team Page	45	Search for Participant or Team Page	1446840683673	1446840683673	1446840683772	1446840683782	OK	 
ACTION	Find Participant or Team Page	25	Hit Find Participant or Team Page	1446840683749	1446840683750	1446840683862	1446840683872	OK	 
ACTION	Main Registration Page	5	Hit Main Registration Page	1446840683330	1446840683330	1446840683711	1446840683880	OK	 
ACTION	Search for Participant or Team Page	45	Search for Participant or Team Page	1446840683784	1446840683784	1446840683875	1446840683885	OK	 
ACTION	Company List Page	35	Hit Company List Page	1446840683392	1446840683394	1446840683909	1446840683959	OK	 
ACTION	Company List Page	34	Hit Company List Page	1446840683409	1446840683409	1446840683920	1446840683967	OK	 
ACTION	Find Participant or Team Page	25	Hit Find Participant or Team Page	1446840683873	1446840683874	1446840683978	1446840683989	OK	 
ACTION	Search for Participant or Team Page	45	Search for Participant or Team Page	1446840683886	1446840683886	1446840683995	1446840684006	OK	 
ACTION	Main Registration Page	5	Hit Main Registration Page	1446840683881	1446840683882	1446840683982	1446840684070	OK	 
ACTION	Find Participant or Team Page	25	Hit Find Participant or Team Page	1446840683990	1446840683990	1446840684100	1446840684110	OK	 
ACTION	Search for Participant or Team Page	45	Search for Participant or Team Page	1446840684008	1446840684008	1446840684111	1446840684123	OK	 
SCENARIO	Search for Participant or Team Page	45	END	1446840684123
ACTION	Find Participant or Team Page	25	Hit Find Participant or Team Page	1446840684111	1446840684111	1446840684200	1446840684211	OK	 
ACTION	Main Registration Page	5	Hit Main Registration Page	1446840684070	1446840684071	1446840684177	1446840684226	OK	 
ACTION	Find Participant or Team Page	25	Hit Find Participant or Team Page	1446840684212	1446840684212	1446840684311	1446840684321	OK	 
SCENARIO	Find Participant or Team Page	25	END	1446840684322
ACTION	Main Registration Page	5	Hit Main Registration Page	1446840684227	1446840684227	1446840684317	1446840684324	OK	 
ACTION	Company List Page	34	Hit Company List Page	1446840683968	1446840683969	1446840684460	1446840684507	OK	 
SCENARIO	Company List Page	34	END	1446840684509
ACTION	Company List Page	35	Hit Company List Page	1446840683960	1446840683960	1446840684464	1446840684512	OK	 
ACTION	Main Registration Page	5	Hit Main Registration Page	1446840684325	1446840684326	1446840684409	1446840684840	OK	 
ACTION	Join or Form a Team Page with TR Dropdown	53	Hit Join or Form a Team Page with TR Dropdown	1446840676087	1446840676333	1446840684959	1446840685004	OK	 
ACTION	Company List Page	35	Hit Company List Page	1446840684515	1446840684515	1446840684975	1446840685023	OK	 
ACTION	Main Registration Page	5	Hit Main Registration Page	1446840684841	1446840684842	1446840684947	1446840685036	OK	 
SCENARIO	Main Registration Page	5	END	1446840685037
ACTION	Individual Registration Page 1	13	Hit Individual Registration Page 1 Redirect 1	1446840676618	1446840676619	1446840685100	1446840685146	OK	 
ACTION	Join or Form a Team Page with TR Dropdown	51	Hit Join or Form a Team Page with TR Dropdown	1446840676530	1446840676531	1446840685172	1446840685220	OK	 
ACTION	Individual Registration Page 1	13	Hit Individual Registration Page 1	1446840685148	1446840685149	1446840685218	1446840685292	OK	 
ACTION	Individual Registration Page 1	13	Hit Individual Registration Page 1	1446840685295	1446840685296	1446840685363	1446840685410	OK	 
ACTION	Individual Registration Page 1	13	Hit Individual Registration Page 1	1446840685413	1446840685414	1446840685471	1446840685515	OK	 
ACTION	Company List Page	35	Hit Company List Page	1446840685024	1446840685025	1446840685459	1446840685549	OK	 
ACTION	Individual Registration Page 1	13	Hit Individual Registration Page 1	1446840685519	1446840685520	1446840685582	1446840685586	OK	 
ACTION	Individual Registration Page 1	13	Hit Individual Registration Page 1	1446840685589	1446840685589	1446840685650	1446840685654	OK	 
ACTION	Individual Registration Page 1	13	Hit Individual Registration Page 1	1446840685657	1446840685657	1446840685725	1446840685729	OK	 
ACTION	Individual Registration Page 1	13	Hit Individual Registration Page 1	1446840685730	1446840685730	1446840685814	1446840685818	OK	 
ACTION	Individual Registration Page 1	13	Hit Individual Registration Page 1	1446840685821	1446840685822	1446840685904	1446840685908	OK	 
ACTION	Individual Registration Page 1	13	Hit Individual Registration Page 1	1446840685909	1446840685910	1446840685975	1446840685979	OK	 
SCENARIO	Individual Registration Page 1	13	END	1446840685981
ACTION	Company List Page	35	Hit Company List Page	1446840685552	1446840685553	1446840685990	1446840686037	OK	 
SCENARIO	Main Registration Page	6	START	1446840686084
SCENARIO	Find Participant or Team Page	26	START	1446840686084
SCENARIO	Search for Participant or Team Page	46	START	1446840686084
SCENARIO	Join or Form a Team Page with TR Dropdown	56	START	1446840686084
SCENARIO	Company List Page	36	START	1446840686084
SCENARIO	Individual Registration Page 1	16	START	1446840686084
ACTION	Main Registration Page	6	Hit Main Registration Page	1446840686087	1446840686130	1446840686247	1446840686296	OK	 
ACTION	Find Participant or Team Page	26	Hit Find Participant or Team Page	1446840686086	1446840686170	1446840686267	1446840686329	OK	 
ACTION	Search for Participant or Team Page	46	Search for Participant or Team Page	1446840686089	1446840686130	1446840686307	1446840686361	OK	 
ACTION	Main Registration Page	6	Hit Main Registration Page	1446840686297	1446840686298	1446840686407	1446840686415	OK	 
ACTION	Individual Registration Page 1	16	Hit Individual Registration Page 1	1446840686087	1446840686381	1446840686456	1446840686456	OK	 
ACTION	Find Participant or Team Page	26	Hit Find Participant or Team Page	1446840686330	1446840686331	1446840686446	1446840686528	OK	 
ACTION	Main Registration Page	6	Hit Main Registration Page	1446840686416	1446840686416	1446840686536	1446840686544	OK	 
ACTION	Search for Participant or Team Page	46	Search for Participant or Team Page	1446840686363	1446840686363	1446840686493	1446840686556	OK	 
ACTION	Company List Page	35	Hit Company List Page	1446840686040	1446840686041	1446840686529	1446840686578	OK	 
ACTION	Main Registration Page	6	Hit Main Registration Page	1446840686544	1446840686545	1446840686630	1446840686637	OK	 
ACTION	Company List Page	36	Hit Company List Page	1446840686086	1446840686130	1446840686619	1446840686667	OK	 
ACTION	Find Participant or Team Page	26	Hit Find Participant or Team Page	1446840686529	1446840686529	1446840686658	1446840686734	OK	 
ACTION	Search for Participant or Team Page	46	Search for Participant or Team Page	1446840686557	1446840686557	1446840686697	1446840686756	OK	 
ACTION	Main Registration Page	6	Hit Main Registration Page	1446840686638	1446840686638	1446840686750	1446840686758	OK	 
ACTION	Find Participant or Team Page	26	Hit Find Participant or Team Page	1446840686735	1446840686735	1446840686846	1446840686855	OK	 
ACTION	Main Registration Page	6	Hit Main Registration Page	1446840686760	1446840686761	1446840686866	1446840686873	OK	 
ACTION	Search for Participant or Team Page	46	Search for Participant or Team Page	1446840686760	1446840686761	1446840686870	1446840686881	OK	 
ACTION	Find Participant or Team Page	26	Hit Find Participant or Team Page	1446840686857	1446840686857	1446840686990	1446840687000	OK	 
ACTION	Search for Participant or Team Page	46	Search for Participant or Team Page	1446840686887	1446840686888	1446840686999	1446840687009	OK	 
ACTION	Main Registration Page	6	Hit Main Registration Page	1446840686876	1446840686877	1446840687006	1446840687014	OK	 
ACTION	Company List Page	35	Hit Company List Page	1446840686579	1446840686579	1446840687044	1446840687092	OK	 
ACTION	Main Registration Page	6	Hit Main Registration Page	1446840687015	1446840687015	1446840687119	1446840687127	OK	 
ACTION	Search for Participant or Team Page	46	Search for Participant or Team Page	1446840687011	1446840687012	1446840687134	1446840687145	OK	 
ACTION	Find Participant or Team Page	26	Hit Find Participant or Team Page	1446840687003	1446840687004	1446840687150	1446840687160	OK	 
ACTION	Search for Participant or Team Page	46	Search for Participant or Team Page	1446840687148	1446840687148	1446840687246	1446840687257	OK	 
ACTION	Main Registration Page	6	Hit Main Registration Page	1446840687129	1446840687129	1446840687286	1446840687294	OK	 
ACTION	Find Participant or Team Page	26	Hit Find Participant or Team Page	1446840687161	1446840687162	1446840687285	1446840687295	OK	 
ACTION	Company List Page	36	Hit Company List Page	1446840686669	1446840686669	1446840687348	1446840687396	OK	 
ACTION	Search for Participant or Team Page	46	Search for Participant or Team Page	1446840687260	1446840687260	1446840687394	1446840687404	OK	 
ACTION	Find Participant or Team Page	26	Hit Find Participant or Team Page	1446840687296	1446840687296	1446840687437	1446840687446	OK	 
ACTION	Main Registration Page	6	Hit Main Registration Page	1446840687295	1446840687296	1446840687501	1446840687508	OK	 
SCENARIO	Main Registration Page	6	END	1446840687508
ACTION	Search for Participant or Team Page	46	Search for Participant or Team Page	1446840687408	1446840687409	1446840687528	1446840687539	OK	 
ACTION	Search for Participant or Team Page	46	Search for Participant or Team Page	1446840687541	1446840687541	1446840687719	1446840687729	OK	 
SCENARIO	Search for Participant or Team Page	46	END	1446840687730
ACTION	Company List Page	35	Hit Company List Page	1446840687094	1446840687094	1446840687784	1446840687831	OK	 
ACTION	Company List Page	36	Hit Company List Page	1446840687398	1446840687398	1446840687949	1446840687996	OK	 
ACTION	Find Participant or Team Page	26	Hit Find Participant or Team Page	1446840687448	1446840687448	1446840687842	1446840688057	OK	 
ACTION	Company List Page	35	Hit Company List Page	1446840687834	1446840687835	1446840688269	1446840688321	OK	 
SCENARIO	Company List Page	35	END	1446840688323
ACTION	Find Participant or Team Page	26	Hit Find Participant or Team Page	1446840688060	1446840688060	1446840688167	1446840688331	OK	 
SCENARIO	Find Participant or Team Page	26	END	1446840688332
ACTION	Company List Page	36	Hit Company List Page	1446840687998	1446840687999	1446840688487	1446840688538	OK	 
ACTION	Company List Page	36	Hit Company List Page	1446840688541	1446840688542	1446840688993	1446840689044	OK	 
SCENARIO	Search for Participant or Team Page	47	START	1446840689384
SCENARIO	Join or Form a Team Page with TR Dropdown	57	START	1446840689384
SCENARIO	Main Registration Page	7	START	1446840689384
SCENARIO	Individual Registration Page 1	17	START	1446840689384
SCENARIO	Find Participant or Team Page	27	START	1446840689384
SCENARIO	Company List Page	37	START	1446840689384
ACTION	Individual Registration Page 1	14	Hit Individual Registration Page 1 Redirect 1	1446840679738	1446840679739	1446840689401	1446840689448	OK	 
ACTION	Individual Registration Page 1	14	Hit Individual Registration Page 1	1446840689448	1446840689449	1446840689507	1446840689552	OK	 
ACTION	Company List Page	36	Hit Company List Page	1446840689047	1446840689047	1446840689513	1446840689560	OK	 
ACTION	Find Participant or Team Page	27	Hit Find Participant or Team Page	1446840689386	1446840689430	1446840689540	1446840689593	OK	 
ACTION	Search for Participant or Team Page	47	Search for Participant or Team Page	1446840689389	1446840689431	1446840689541	1446840689595	OK	 
ACTION	Main Registration Page	7	Hit Main Registration Page	1446840689386	1446840689430	1446840689545	1446840689595	OK	 
ACTION	Individual Registration Page 1	14	Hit Individual Registration Page 1	1446840689553	1446840689554	1446840689613	1446840689657	OK	 
ACTION	Individual Registration Page 1	17	Hit Individual Registration Page 1	1446840689386	1446840689611	1446840689660	1446840689661	OK	 
ACTION	Main Registration Page	7	Hit Main Registration Page	1446840689596	1446840689596	1446840689697	1446840689705	OK	 
ACTION	Individual Registration Page 1	14	Hit Individual Registration Page 1	1446840689658	1446840689658	1446840689722	1446840689767	OK	 
ACTION	Join or Form a Team Page with TR Dropdown	54	Hit Join or Form a Team Page with TR Dropdown	1446840679386	1446840679673	1446840689724	1446840689770	OK	 
ACTION	Find Participant or Team Page	27	Hit Find Participant or Team Page	1446840689594	1446840689595	1446840689728	1446840689781	OK	 
ACTION	Search for Participant or Team Page	47	Search for Participant or Team Page	1446840689597	1446840689597	1446840689740	1446840689793	OK	 
ACTION	Main Registration Page	7	Hit Main Registration Page	1446840689708	1446840689709	1446840689820	1446840689827	OK	 
ACTION	Individual Registration Page 1	14	Hit Individual Registration Page 1	1446840689770	1446840689771	1446840689831	1446840689834	OK	 
ACTION	Individual Registration Page 1	14	Hit Individual Registration Page 1	1446840689836	1446840689836	1446840689901	1446840689905	OK	 
ACTION	Main Registration Page	7	Hit Main Registration Page	1446840689830	1446840689830	1446840689935	1446840689943	OK	 
ACTION	Find Participant or Team Page	27	Hit Find Participant or Team Page	1446840689782	1446840689783	1446840689891	1446840689943	OK	 
ACTION	Search for Participant or Team Page	47	Search for Participant or Team Page	1446840689799	1446840689800	1446840689896	1446840689949	OK	 
ACTION	Company List Page	37	Hit Company List Page	1446840689387	1446840689430	1446840689907	1446840689954	OK	 
ACTION	Individual Registration Page 1	14	Hit Individual Registration Page 1	1446840689907	1446840689907	1446840689962	1446840689965	OK	 
ACTION	Individual Registration Page 1	14	Hit Individual Registration Page 1	1446840689967	1446840689968	1446840690024	1446840690029	OK	 
ACTION	Search for Participant or Team Page	47	Search for Participant or Team Page	1446840689951	1446840689952	1446840690065	1446840690123	OK	 
ACTION	Find Participant or Team Page	27	Hit Find Participant or Team Page	1446840689945	1446840689945	1446840690080	1446840690132	OK	 
ACTION	Join or Form a Team Page with TR Dropdown	52	Hit Join or Form a Team Page with TR Dropdown	1446840680726	1446840680727	1446840690247	1446840690292	OK	 
ACTION	Company List Page	36	Hit Company List Page	1446840689561	1446840689561	1446840690254	1446840690301	OK	 
ACTION	Find Participant or Team Page	27	Hit Find Participant or Team Page	1446840690134	1446840690134	1446840690249	1446840690302	OK	 
ACTION	Search for Participant or Team Page	47	Search for Participant or Team Page	1446840690128	1446840690129	1446840690250	1446840690308	OK	 
ACTION	Individual Registration Page 1	14	Hit Individual Registration Page 1	1446840690032	1446840690033	1446840690357	1446840690402	OK	 
ACTION	Find Participant or Team Page	27	Hit Find Participant or Team Page	1446840690303	1446840690303	1446840690402	1446840690454	OK	 
ACTION	Main Registration Page	7	Hit Main Registration Page	1446840689945	1446840689945	1446840690295	1446840690465	OK	 
ACTION	Search for Participant or Team Page	47	Search for Participant or Team Page	1446840690313	1446840690314	1446840690440	1446840690503	OK	 
ACTION	Individual Registration Page 1	14	Hit Individual Registration Page 1	1446840690405	1446840690406	1446840690468	1446840690513	OK	 
SCENARIO	Individual Registration Page 1	14	END	1446840690514
ACTION	Company List Page	37	Hit Company List Page	1446840689956	1446840689956	1446840690495	1446840690548	OK	 
ACTION	Find Participant or Team Page	27	Hit Find Participant or Team Page	1446840690456	1446840690457	1446840690562	1446840690614	OK	 
ACTION	Main Registration Page	7	Hit Main Registration Page	1446840690468	1446840690469	1446840690575	1446840690664	OK	 
ACTION	Search for Participant or Team Page	47	Search for Participant or Team Page	1446840690508	1446840690509	1446840690668	1446840690734	OK	 
ACTION	Main Registration Page	7	Hit Main Registration Page	1446840690665	1446840690665	1446840690751	1446840690800	OK	 
ACTION	Find Participant or Team Page	27	Hit Find Participant or Team Page	1446840690617	1446840690618	1446840690778	1446840690833	OK	 
ACTION	Company List Page	36	Hit Company List Page	1446840690302	1446840690302	1446840690822	1446840690869	OK	 
ACTION	Find Participant or Team Page	27	Hit Find Participant or Team Page	1446840690835	1446840690836	1446840690954	1446840691006	OK	 
ACTION	Find Participant or Team Page	27	Hit Find Participant or Team Page	1446840691009	1446840691010	1446840691102	1446840691154	OK	 
SCENARIO	Find Participant or Team Page	27	END	1446840691156
ACTION	Company List Page	37	Hit Company List Page	1446840690551	1446840690552	1446840691129	1446840691184	OK	 
ACTION	Search for Participant or Team Page	47	Search for Participant or Team Page	1446840690736	1446840690736	1446840690853	1446840691255	OK	 
ACTION	Main Registration Page	7	Hit Main Registration Page	1446840690801	1446840690802	1446840691152	1446840691373	OK	 
ACTION	Search for Participant or Team Page	47	Search for Participant or Team Page	1446840691261	1446840691262	1446840691375	1446840691500	OK	 
ACTION	Company List Page	36	Hit Company List Page	1446840690872	1446840690872	1446840691454	1446840691501	OK	 
ACTION	Main Registration Page	7	Hit Main Registration Page	1446840691376	1446840691376	1446840691476	1446840691611	OK	 
ACTION	Search for Participant or Team Page	47	Search for Participant or Team Page	1446840691501	1446840691502	1446840691602	1446840691654	OK	 
SCENARIO	Search for Participant or Team Page	47	END	1446840691654
ACTION	Company List Page	37	Hit Company List Page	1446840691187	1446840691187	1446840691744	1446840691792	OK	 
ACTION	Main Registration Page	7	Hit Main Registration Page	1446840691611	1446840691612	1446840691731	1446840691822	OK	 
SCENARIO	Main Registration Page	7	END	1446840691822
ACTION	Company List Page	36	Hit Company List Page	1446840691502	1446840691502	1446840692047	1446840692100	OK	 
SCENARIO	Company List Page	36	END	1446840692101
ACTION	Company List Page	37	Hit Company List Page	1446840691793	1446840691793	1446840692403	1446840692452	OK	 
SCENARIO	Main Registration Page	8	START	1446840692784
SCENARIO	Join or Form a Team Page with TR Dropdown	58	START	1446840692784
SCENARIO	Company List Page	38	START	1446840692784
SCENARIO	Search for Participant or Team Page	48	START	1446840692784
SCENARIO	Find Participant or Team Page	28	START	1446840692784
SCENARIO	Individual Registration Page 1	18	START	1446840692784
ACTION	Main Registration Page	8	Hit Main Registration Page	1446840692786	1446840692832	1446840692947	1446840692998	OK	 
ACTION	Search for Participant or Team Page	48	Search for Participant or Team Page	1446840692789	1446840692833	1446840692951	1446840693004	OK	 
ACTION	Find Participant or Team Page	28	Hit Find Participant or Team Page	1446840692786	1446840692832	1446840692959	1446840693014	OK	 
ACTION	Company List Page	37	Hit Company List Page	1446840692455	1446840692456	1446840692981	1446840693029	OK	 
ACTION	Individual Registration Page 1	18	Hit Individual Registration Page 1	1446840692786	1446840693019	1446840693074	1446840693074	OK	 
ACTION	Main Registration Page	8	Hit Main Registration Page	1446840693001	1446840693002	1446840693089	1446840693139	OK	 
ACTION	Find Participant or Team Page	28	Hit Find Participant or Team Page	1446840693015	1446840693015	1446840693118	1446840693171	OK	 
ACTION	Search for Participant or Team Page	48	Search for Participant or Team Page	1446840693009	1446840693010	1446840693119	1446840693173	OK	 
ACTION	Main Registration Page	8	Hit Main Registration Page	1446840693142	1446840693142	1446840693243	1446840693292	OK	 
ACTION	Find Participant or Team Page	28	Hit Find Participant or Team Page	1446840693174	1446840693175	1446840693307	1446840693362	OK	 
ACTION	Main Registration Page	8	Hit Main Registration Page	1446840693293	1446840693293	1446840693394	1446840693443	OK	 
ACTION	Main Registration Page	8	Hit Main Registration Page	1446840693444	1446840693444	1446840693543	1446840693551	OK	 
ACTION	Company List Page	38	Hit Company List Page	1446840692786	1446840692931	1446840693513	1446840693561	OK	 
ACTION	Find Participant or Team Page	28	Hit Find Participant or Team Page	1446840693364	1446840693365	1446840693515	1446840693570	OK	 
ACTION	Main Registration Page	8	Hit Main Registration Page	1446840693553	1446840693553	1446840693654	1446840693661	OK	 
ACTION	Company List Page	37	Hit Company List Page	1446840693031	1446840693031	1446840693650	1446840693704	OK	 
ACTION	Search for Participant or Team Page	48	Search for Participant or Team Page	1446840693179	1446840693180	1446840693305	1446840693735	OK	 
ACTION	Main Registration Page	8	Hit Main Registration Page	1446840693662	1446840693663	1446840693812	1446840693818	OK	 
ACTION	Find Participant or Team Page	28	Hit Find Participant or Team Page	1446840693572	1446840693572	1446840693829	1446840693882	OK	 
ACTION	Main Registration Page	8	Hit Main Registration Page	1446840693820	1446840693820	1446840694026	1446840694033	OK	 
ACTION	Main Registration Page	8	Hit Main Registration Page	1446840694036	1446840694036	1446840694157	1446840694164	OK	 
ACTION	Company List Page	38	Hit Company List Page	1446840693564	1446840693565	1446840694143	1446840694222	OK	 
ACTION	Find Participant or Team Page	28	Hit Find Participant or Team Page	1446840693885	1446840693886	1446840694171	1446840694224	OK	 
ACTION	Search for Participant or Team Page	48	Search for Participant or Team Page	1446840693740	1446840693741	1446840694101	1446840694226	OK	 
ACTION	Main Registration Page	8	Hit Main Registration Page	1446840694166	1446840694167	1446840694293	1446840694300	OK	 
SCENARIO	Main Registration Page	8	END	1446840694301
ACTION	Find Participant or Team Page	28	Hit Find Participant or Team Page	1446840694226	1446840694226	1446840694308	1446840694362	OK	 
ACTION	Search for Participant or Team Page	48	Search for Participant or Team Page	1446840694230	1446840694231	1446840694350	1446840694439	OK	 
ACTION	Find Participant or Team Page	28	Hit Find Participant or Team Page	1446840694363	1446840694363	1446840694457	1446840694511	OK	 
ACTION	Search for Participant or Team Page	48	Search for Participant or Team Page	1446840694441	1446840694441	1446840694542	1446840694593	OK	 
ACTION	Find Participant or Team Page	28	Hit Find Participant or Team Page	1446840694513	1446840694514	1446840694621	1446840694675	OK	 
ACTION	Individual Registration Page 1	15	Hit Individual Registration Page 1 Redirect 1	1446840683068	1446840683069	1446840694653	1446840694698	OK	 
ACTION	Search for Participant or Team Page	48	Search for Participant or Team Page	1446840694599	1446840694599	1446840694689	1446840694741	OK	 
ACTION	Company List Page	37	Hit Company List Page	1446840693707	1446840693707	1446840694708	1446840694756	OK	 
ACTION	Individual Registration Page 1	15	Hit Individual Registration Page 1	1446840694699	1446840694700	1446840694757	1446840694801	OK	 
ACTION	Find Participant or Team Page	28	Hit Find Participant or Team Page	1446840694676	1446840694676	1446840694788	1446840694842	OK	 
SCENARIO	Find Participant or Team Page	28	END	1446840694843
ACTION	Join or Form a Team Page with TR Dropdown	55	Hit Join or Form a Team Page with TR Dropdown	1446840682785	1446840683012	1446840694768	1446840694868	OK	 
ACTION	Individual Registration Page 1	15	Hit Individual Registration Page 1	1446840694802	1446840694802	1446840694857	1446840694902	OK	 
ACTION	Search for Participant or Team Page	48	Search for Participant or Team Page	1446840694743	1446840694743	1446840694880	1446840694931	OK	 
ACTION	Individual Registration Page 1	15	Hit Individual Registration Page 1	1446840694903	1446840694904	1446840694960	1446840695006	OK	 
ACTION	Company List Page	38	Hit Company List Page	1446840694224	1446840694225	1446840694916	1446840695013	OK	 
ACTION	Individual Registration Page 1	15	Hit Individual Registration Page 1	1446840695007	1446840695008	1446840695076	1446840695081	OK	 
ACTION	Individual Registration Page 1	15	Hit Individual Registration Page 1	1446840695083	1446840695084	1446840695142	1446840695146	OK	 
ACTION	Individual Registration Page 1	15	Hit Individual Registration Page 1	1446840695149	1446840695150	1446840695222	1446840695226	OK	 
ACTION	Company List Page	37	Hit Company List Page	1446840694757	1446840694757	1446840695355	1446840695410	OK	 
ACTION	Individual Registration Page 1	15	Hit Individual Registration Page 1	1446840695229	1446840695230	1446840695289	1446840695790	OK	 
ACTION	Company List Page	38	Hit Company List Page	1446840695015	1446840695015	1446840695743	1446840695847	OK	 
ACTION	Search for Participant or Team Page	48	Search for Participant or Team Page	1446840694938	1446840694939	1446840695078	1446840695895	OK	 
ACTION	Individual Registration Page 1	15	Hit Individual Registration Page 1	1446840695793	1446840695794	1446840695851	1446840695995	OK	 
SCENARIO	Individual Registration Page 1	19	START	1446840696083
SCENARIO	Search for Participant or Team Page	49	START	1446840696083
SCENARIO	Company List Page	39	START	1446840696083
SCENARIO	Main Registration Page	9	START	1446840696083
SCENARIO	Find Participant or Team Page	29	START	1446840696083
SCENARIO	Join or Form a Team Page with TR Dropdown	59	START	1446840696083
ACTION	Company List Page	37	Hit Company List Page	1446840695413	1446840695413	1446840696035	1446840696101	OK	 
SCENARIO	Company List Page	37	END	1446840696102
ACTION	Individual Registration Page 1	15	Hit Individual Registration Page 1	1446840695996	1446840695996	1446840696055	1446840696104	OK	 
SCENARIO	Individual Registration Page 1	15	END	1446840696104
ACTION	Search for Participant or Team Page	48	Search for Participant or Team Page	1446840695900	1446840695901	1446840696011	1446840696187	OK	 
SCENARIO	Search for Participant or Team Page	48	END	1446840696188
ACTION	Main Registration Page	9	Hit Main Registration Page	1446840696084	1446840696125	1446840696230	1446840696278	OK	 
ACTION	Search for Participant or Team Page	49	Search for Participant or Team Page	1446840696084	1446840696131	1446840696255	1446840696308	OK	 
ACTION	Individual Registration Page 1	19	Hit Individual Registration Page 1	1446840696084	1446840696341	1446840696391	1446840696391	OK	 
ACTION	Main Registration Page	9	Hit Main Registration Page	1446840696279	1446840696279	1446840696424	1446840696432	OK	 
ACTION	Search for Participant or Team Page	49	Search for Participant or Team Page	1446840696309	1446840696310	1446840696419	1446840696472	OK	 
ACTION	Find Participant or Team Page	29	Hit Find Participant or Team Page	1446840696084	1446840696219	1446840696441	1446840696583	OK	 
ACTION	Company List Page	38	Hit Company List Page	1446840695850	1446840695851	1446840696455	1446840696585	OK	 
ACTION	Main Registration Page	9	Hit Main Registration Page	1446840696433	1446840696433	1446840696601	1446840696608	OK	 
ACTION	Search for Participant or Team Page	49	Search for Participant or Team Page	1446840696477	1446840696478	1446840696616	1446840696670	OK	 
ACTION	Main Registration Page	9	Hit Main Registration Page	1446840696610	1446840696611	1446840696733	1446840696740	OK	 
ACTION	Find Participant or Team Page	29	Hit Find Participant or Team Page	1446840696586	1446840696586	1446840696723	1446840696782	OK	 
ACTION	Main Registration Page	9	Hit Main Registration Page	1446840696742	1446840696742	1446840696849	1446840696856	OK	 
ACTION	Company List Page	39	Hit Company List Page	1446840696084	1446840696131	1446840696847	1446840696880	OK	 
ACTION	Search for Participant or Team Page	49	Search for Participant or Team Page	1446840696675	1446840696676	1446840696824	1446840696883	OK	 
ACTION	Main Registration Page	9	Hit Main Registration Page	1446840696857	1446840696857	1446840696969	1446840696977	OK	 
ACTION	Find Participant or Team Page	29	Hit Find Participant or Team Page	1446840696786	1446840696787	1446840696945	1446840697006	OK	 
ACTION	Search for Participant or Team Page	49	Search for Participant or Team Page	1446840696884	1446840696884	1446840696993	1446840697046	OK	 
ACTION	Main Registration Page	9	Hit Main Registration Page	1446840696977	1446840696978	1446840697150	1446840697158	OK	 
ACTION	Find Participant or Team Page	29	Hit Find Participant or Team Page	1446840697007	1446840697007	1446840697138	1446840697193	OK	 
ACTION	Search for Participant or Team Page	49	Search for Participant or Team Page	1446840697047	1446840697048	1446840697174	1446840697228	OK	 
ACTION	Main Registration Page	9	Hit Main Registration Page	1446840697159	1446840697159	1446840697274	1446840697281	OK	 
ACTION	Find Participant or Team Page	29	Hit Find Participant or Team Page	1446840697194	1446840697194	1446840697294	1446840697346	OK	 
ACTION	Company List Page	38	Hit Company List Page	1446840696587	1446840696588	1446840697288	1446840697349	OK	 
ACTION	Join or Form a Team Page with TR Dropdown	53	Hit Join or Form a Team Page with TR Dropdown	1446840685008	1446840685009	1446840697332	1446840697379	OK	 
ACTION	Main Registration Page	9	Hit Main Registration Page	1446840697282	1446840697282	1446840697385	1446840697393	OK	 
ACTION	Search for Participant or Team Page	49	Search for Participant or Team Page	1446840697229	1446840697230	1446840697346	1446840697400	OK	 
ACTION	Company List Page	39	Hit Company List Page	1446840696881	1446840696881	1446840697434	1446840697482	OK	 
ACTION	Main Registration Page	9	Hit Main Registration Page	1446840697395	1446840697395	1446840697515	1446840697524	OK	 
SCENARIO	Main Registration Page	9	END	1446840697525
ACTION	Find Participant or Team Page	29	Hit Find Participant or Team Page	1446840697347	1446840697347	1446840697499	1446840697551	OK	 
ACTION	Search for Participant or Team Page	49	Search for Participant or Team Page	1446840697404	1446840697405	1446840697513	1446840697568	OK	 
ACTION	Find Participant or Team Page	29	Hit Find Participant or Team Page	1446840697554	1446840697555	1446840697658	1446840697711	OK	 
ACTION	Search for Participant or Team Page	49	Search for Participant or Team Page	1446840697573	1446840697573	1446840697695	1446840697750	OK	 
ACTION	Find Participant or Team Page	29	Hit Find Participant or Team Page	1446840697713	1446840697714	1446840697805	1446840697859	OK	 
ACTION	Search for Participant or Team Page	49	Search for Participant or Team Page	1446840697755	1446840697756	1446840697890	1446840697942	OK	 
SCENARIO	Search for Participant or Team Page	49	END	1446840697943
ACTION	Find Participant or Team Page	29	Hit Find Participant or Team Page	1446840697861	1446840697862	1446840697976	1446840698030	OK	 
ACTION	Company List Page	38	Hit Company List Page	1446840697349	1446840697350	1446840697993	1446840698065	OK	 
ACTION	Company List Page	39	Hit Company List Page	1446840697485	1446840697485	1446840698216	1446840698264	OK	 
ACTION	Join or Form a Team Page with TR Dropdown	51	Hit Join or Form a Team Page with TR Dropdown	1446840685223	1446840685224	1446840698346	1446840698555	OK	 
ACTION	Find Participant or Team Page	29	Hit Find Participant or Team Page	1446840698033	1446840698033	1446840698403	1446840698618	OK	 
SCENARIO	Find Participant or Team Page	29	END	1446840698619
ACTION	Company List Page	38	Hit Company List Page	1446840698068	1446840698069	1446840698635	1446840698683	OK	 
ACTION	Company List Page	39	Hit Company List Page	1446840698266	1446840698267	1446840699081	1446840699129	OK	 
SCENARIO	Main Registration Page	10	START	1446840699384
SCENARIO	Search for Participant or Team Page	50	START	1446840699384
SCENARIO	Company List Page	40	START	1446840699384
SCENARIO	Find Participant or Team Page	30	START	1446840699384
SCENARIO	Individual Registration Page 1	20	START	1446840699384
SCENARIO	Join or Form a Team Page with TR Dropdown	60	START	1446840699384
ACTION	Individual Registration Page 1	16	Hit Individual Registration Page 1 Redirect 1	1446840686456	1446840686457	1446840699386	1446840699432	OK	 
ACTION	Company List Page	38	Hit Company List Page	1446840698686	1446840698687	1446840699400	1446840699449	OK	 
ACTION	Individual Registration Page 1	16	Hit Individual Registration Page 1	1446840699434	1446840699434	1446840699490	1446840699534	OK	 
ACTION	Find Participant or Team Page	30	Hit Find Participant or Team Page	1446840699385	1446840699430	1446840699566	1446840699620	OK	 
ACTION	Main Registration Page	10	Hit Main Registration Page	1446840699386	1446840699430	1446840699573	1446840699634	OK	 
ACTION	Search for Participant or Team Page	50	Search for Participant or Team Page	1446840699389	1446840699432	1446840699583	1446840699640	OK	 
ACTION	Individual Registration Page 1	16	Hit Individual Registration Page 1	1446840699535	1446840699535	1446840699593	1446840699641	OK	 
ACTION	Individual Registration Page 1	20	Hit Individual Registration Page 1	1446840699386	1446840699621	1446840699727	1446840699727	OK	 
ACTION	Individual Registration Page 1	16	Hit Individual Registration Page 1	1446840699641	1446840699642	1446840699729	1446840699781	OK	 
ACTION	Find Participant or Team Page	30	Hit Find Participant or Team Page	1446840699621	1446840699621	1446840699747	1446840699801	OK	 
ACTION	Search for Participant or Team Page	50	Search for Participant or Team Page	1446840699641	1446840699642	1446840699764	1446840699820	OK	 
ACTION	Company List Page	39	Hit Company List Page	1446840699131	1446840699132	1446840699788	1446840699837	OK	 
ACTION	Individual Registration Page 1	16	Hit Individual Registration Page 1	1446840699782	1446840699782	1446840699840	1446840699843	OK	 
ACTION	Individual Registration Page 1	16	Hit Individual Registration Page 1	1446840699845	1446840699846	1446840699903	1446840699906	OK	 
ACTION	Individual Registration Page 1	16	Hit Individual Registration Page 1	1446840699906	1446840699907	1446840699962	1446840699965	OK	 
ACTION	Search for Participant or Team Page	50	Search for Participant or Team Page	1446840699825	1446840699826	1446840699931	1446840699984	OK	 
ACTION	Individual Registration Page 1	16	Hit Individual Registration Page 1	1446840699966	1446840699966	1446840700023	1446840700026	OK	 
ACTION	Individual Registration Page 1	16	Hit Individual Registration Page 1	1446840700027	1446840700027	1446840700087	1446840700090	OK	 
ACTION	Main Registration Page	10	Hit Main Registration Page	1446840699635	1446840699635	1446840699759	1446840700107	OK	 
ACTION	Individual Registration Page 1	16	Hit Individual Registration Page 1	1446840700090	1446840700091	1446840700145	1446840700148	OK	 
SCENARIO	Individual Registration Page 1	16	END	1446840700149
ACTION	Search for Participant or Team Page	50	Search for Participant or Team Page	1446840699985	1446840699985	1446840700108	1446840700173	OK	 
ACTION	Company List Page	40	Hit Company List Page	1446840699385	1446840699434	1446840700209	1446840700256	OK	 
ACTION	Join or Form a Team Page with TR Dropdown	56	Hit Join or Form a Team Page with TR Dropdown	1446840686086	1446840686310	1446840700245	1446840700290	OK	 
ACTION	Company List Page	38	Hit Company List Page	1446840699451	1446840699452	1446840700269	1446840700322	OK	 
SCENARIO	Company List Page	38	END	1446840700322
ACTION	Search for Participant or Team Page	50	Search for Participant or Team Page	1446840700174	1446840700175	1446840700304	1446840700359	OK	 
ACTION	Main Registration Page	10	Hit Main Registration Page	1446840700108	1446840700108	1446840700230	1446840700359	OK	 
ACTION	Find Participant or Team Page	30	Hit Find Participant or Team Page	1446840699802	1446840699802	1446840700255	1446840700527	OK	 
ACTION	Main Registration Page	10	Hit Main Registration Page	1446840700360	1446840700360	1446840700488	1446840700540	OK	 
ACTION	Search for Participant or Team Page	50	Search for Participant or Team Page	1446840700360	1446840700360	1446840700499	1446840700572	OK	 
ACTION	Search for Participant or Team Page	50	Search for Participant or Team Page	1446840700574	1446840700574	1446840700758	1446840700828	OK	 
ACTION	Company List Page	39	Hit Company List Page	1446840699839	1446840699840	1446840700681	1446840700848	OK	 
ACTION	Main Registration Page	10	Hit Main Registration Page	1446840700540	1446840700541	1446840700788	1446840700851	OK	 
ACTION	Find Participant or Team Page	30	Hit Find Participant or Team Page	1446840700528	1446840700528	1446840700719	1446840700887	OK	 
ACTION	Search for Participant or Team Page	50	Search for Participant or Team Page	1446840700829	1446840700829	1446840700975	1446840701028	OK	 
ACTION	Company List Page	40	Hit Company List Page	1446840700257	1446840700257	1446840701002	1446840701050	OK	 
ACTION	Main Registration Page	10	Hit Main Registration Page	1446840700852	1446840700852	1446840700993	1446840701055	OK	 
ACTION	Find Participant or Team Page	30	Hit Find Participant or Team Page	1446840700887	1446840700888	1446840701011	1446840701104	OK	 
ACTION	Search for Participant or Team Page	50	Search for Participant or Team Page	1446840701032	1446840701033	1446840701173	1446840701226	OK	 
ACTION	Main Registration Page	10	Hit Main Registration Page	1446840701057	1446840701058	1446840701179	1446840701277	OK	 
ACTION	Find Participant or Team Page	30	Hit Find Participant or Team Page	1446840701107	1446840701107	1446840701225	1446840701320	OK	 
ACTION	Search for Participant or Team Page	50	Search for Participant or Team Page	1446840701231	1446840701232	1446840701367	1446840701420	OK	 
SCENARIO	Search for Participant or Team Page	50	END	1446840701422
ACTION	Main Registration Page	10	Hit Main Registration Page	1446840701279	1446840701280	1446840701433	1446840701484	OK	 
ACTION	Company List Page	39	Hit Company List Page	1446840700848	1446840700849	1446840701438	1446840701486	OK	 
ACTION	Find Participant or Team Page	30	Hit Find Participant or Team Page	1446840701323	1446840701323	1446840701441	1446840701539	OK	 
ACTION	Main Registration Page	10	Hit Main Registration Page	1446840701486	1446840701486	1446840701614	1446840701676	OK	 
ACTION	Company List Page	40	Hit Company List Page	1446840701053	1446840701053	1446840701850	1446840701898	OK	 
ACTION	Main Registration Page	10	Hit Main Registration Page	1446840701678	1446840701679	1446840701838	1446840701913	OK	 
SCENARIO	Main Registration Page	10	END	1446840701914
ACTION	Find Participant or Team Page	30	Hit Find Participant or Team Page	1446840701541	1446840701541	1446840701909	1446840702004	OK	 
ACTION	Find Participant or Team Page	30	Hit Find Participant or Team Page	1446840702006	1446840702007	1446840702155	1446840702251	OK	 
ACTION	Company List Page	39	Hit Company List Page	1446840701487	1446840701488	1446840702269	1446840702317	OK	 
ACTION	Find Participant or Team Page	30	Hit Find Participant or Team Page	1446840702253	1446840702254	1446840702404	1446840702488	OK	 
SCENARIO	Find Participant or Team Page	30	END	1446840702489
ACTION	Company List Page	40	Hit Company List Page	1446840701900	1446840701901	1446840702619	1446840702668	OK	 
ACTION	Company List Page	39	Hit Company List Page	1446840702319	1446840702320	1446840702868	1446840702915	OK	 
ACTION	Company List Page	40	Hit Company List Page	1446840702671	1446840702671	1446840703331	1446840703379	OK	 
ACTION	Company List Page	39	Hit Company List Page	1446840702918	1446840702919	1446840703500	1446840703547	OK	 
SCENARIO	Company List Page	39	END	1446840703549
ACTION	Company List Page	40	Hit Company List Page	1446840703382	1446840703383	1446840703959	1446840704008	OK	 
ACTION	Company List Page	40	Hit Company List Page	1446840704010	1446840704011	1446840704600	1446840704648	OK	 
ACTION	Join or Form a Team Page with TR Dropdown	57	Hit Join or Form a Team Page with TR Dropdown	1446840689386	1446840689611	1446840704742	1446840704788	OK	 
ACTION	Join or Form a Team Page with TR Dropdown	54	Hit Join or Form a Team Page with TR Dropdown	1446840689773	1446840689774	1446840704870	1446840704915	OK	 
ACTION	Join or Form a Team Page with TR Dropdown	52	Hit Join or Form a Team Page with TR Dropdown	1446840690293	1446840690293	1446840705105	1446840705160	OK	 
ACTION	Company List Page	40	Hit Company List Page	1446840704650	1446840704651	1446840705327	1446840705375	OK	 
ACTION	Individual Registration Page 1	17	Hit Individual Registration Page 1 Redirect 1	1446840689662	1446840689663	1446840705710	1446840705756	OK	 
ACTION	Individual Registration Page 1	17	Hit Individual Registration Page 1	1446840705758	1446840705759	1446840705843	1446840705888	OK	 
ACTION	Individual Registration Page 1	17	Hit Individual Registration Page 1	1446840705890	1446840705890	1446840705949	1446840705994	OK	 
ACTION	Company List Page	40	Hit Company List Page	1446840705376	1446840705377	1446840706022	1446840706070	OK	 
ACTION	Individual Registration Page 1	17	Hit Individual Registration Page 1	1446840705996	1446840705997	1446840706057	1446840706102	OK	 
ACTION	Individual Registration Page 1	17	Hit Individual Registration Page 1	1446840706104	1446840706105	1446840706163	1446840706207	OK	 
ACTION	Individual Registration Page 1	17	Hit Individual Registration Page 1	1446840706209	1446840706210	1446840706265	1446840706309	OK	 
ACTION	Individual Registration Page 1	17	Hit Individual Registration Page 1	1446840706311	1446840706312	1446840706374	1446840706420	OK	 
ACTION	Individual Registration Page 1	17	Hit Individual Registration Page 1	1446840706422	1446840706423	1446840706481	1446840706526	OK	 
ACTION	Individual Registration Page 1	17	Hit Individual Registration Page 1	1446840706528	1446840706528	1446840706590	1446840706634	OK	 
ACTION	Individual Registration Page 1	17	Hit Individual Registration Page 1	1446840706636	1446840706636	1446840706705	1446840706753	OK	 
SCENARIO	Individual Registration Page 1	17	END	1446840706754
ACTION	Company List Page	40	Hit Company List Page	1446840706071	1446840706072	1446840706809	1446840706857	OK	 
SCENARIO	Company List Page	40	END	1446840706857
ACTION	Individual Registration Page 1	18	Hit Individual Registration Page 1 Redirect 1	1446840693075	1446840693077	1446840708218	1446840708306	OK	 
ACTION	Individual Registration Page 1	18	Hit Individual Registration Page 1	1446840708308	1446840708309	1446840708376	1446840708444	OK	 
ACTION	Individual Registration Page 1	18	Hit Individual Registration Page 1	1446840708447	1446840708448	1446840708518	1446840708570	OK	 
ACTION	Individual Registration Page 1	18	Hit Individual Registration Page 1	1446840708572	1446840708573	1446840708637	1446840708691	OK	 
ACTION	Individual Registration Page 1	18	Hit Individual Registration Page 1	1446840708694	1446840708695	1446840708769	1446840708817	OK	 
ACTION	Individual Registration Page 1	18	Hit Individual Registration Page 1	1446840708819	1446840708820	1446840708882	1446840708932	OK	 
ACTION	Individual Registration Page 1	18	Hit Individual Registration Page 1	1446840708934	1446840708935	1446840708991	1446840709037	OK	 
ACTION	Individual Registration Page 1	18	Hit Individual Registration Page 1	1446840709038	1446840709039	1446840709096	1446840709141	OK	 
ACTION	Individual Registration Page 1	18	Hit Individual Registration Page 1	1446840709144	1446840709145	1446840709203	1446840709250	OK	 
ACTION	Individual Registration Page 1	18	Hit Individual Registration Page 1	1446840709252	1446840709253	1446840709314	1446840709362	OK	 
SCENARIO	Individual Registration Page 1	18	END	1446840709363
ACTION	Join or Form a Team Page with TR Dropdown	58	Hit Join or Form a Team Page with TR Dropdown	1446840692788	1446840693540	1446840709351	1446840709501	OK	 
ACTION	Join or Form a Team Page with TR Dropdown	55	Hit Join or Form a Team Page with TR Dropdown	1446840694871	1446840694872	1446840709799	1446840709900	OK	 
ACTION	Individual Registration Page 1	19	Hit Individual Registration Page 1 Redirect 1	1446840696392	1446840696392	1446840710960	1446840711006	OK	 
ACTION	Individual Registration Page 1	19	Hit Individual Registration Page 1	1446840711008	1446840711009	1446840711072	1446840711122	OK	 
ACTION	Individual Registration Page 1	19	Hit Individual Registration Page 1	1446840711125	1446840711126	1446840711186	1446840711244	OK	 
ACTION	Individual Registration Page 1	19	Hit Individual Registration Page 1	1446840711245	1446840711246	1446840711326	1446840711378	OK	 
ACTION	Individual Registration Page 1	19	Hit Individual Registration Page 1	1446840711379	1446840711379	1446840711436	1446840711485	OK	 
ACTION	Individual Registration Page 1	19	Hit Individual Registration Page 1	1446840711486	1446840711487	1446840711547	1446840711592	OK	 
ACTION	Individual Registration Page 1	19	Hit Individual Registration Page 1	1446840711593	1446840711594	1446840711652	1446840711698	OK	 
ACTION	Join or Form a Team Page with TR Dropdown	59	Hit Join or Form a Team Page with TR Dropdown	1446840696084	1446840696311	1446840711705	1446840711749	OK	 
ACTION	Individual Registration Page 1	19	Hit Individual Registration Page 1	1446840711701	1446840711702	1446840711760	1446840711805	OK	 
ACTION	Individual Registration Page 1	19	Hit Individual Registration Page 1	1446840711807	1446840711807	1446840711862	1446840711906	OK	 
ACTION	Join or Form a Team Page with TR Dropdown	53	Hit Join or Form a Team Page with TR Dropdown	1446840697381	1446840697382	1446840711945	1446840711991	OK	 
ACTION	Individual Registration Page 1	19	Hit Individual Registration Page 1	1446840711907	1446840711908	1446840711962	1446840712008	OK	 
SCENARIO	Individual Registration Page 1	19	END	1446840712009
ACTION	Join or Form a Team Page with TR Dropdown	51	Hit Join or Form a Team Page with TR Dropdown	1446840698555	1446840698556	1446840713016	1446840713103	OK	 
ACTION	Join or Form a Team Page with TR Dropdown	60	Hit Join or Form a Team Page with TR Dropdown	1446840699387	1446840699621	1446840713817	1446840713862	OK	 
ACTION	Join or Form a Team Page with TR Dropdown	56	Hit Join or Form a Team Page with TR Dropdown	1446840700291	1446840700291	1446840713817	1446840713869	OK	 
ACTION	Individual Registration Page 1	20	Hit Individual Registration Page 1 Redirect 1	1446840699728	1446840699728	1446840713977	1446840714022	OK	 
ACTION	Individual Registration Page 1	20	Hit Individual Registration Page 1	1446840714025	1446840714026	1446840714086	1446840714130	OK	 
ACTION	Individual Registration Page 1	20	Hit Individual Registration Page 1	1446840714132	1446840714133	1446840714200	1446840714247	OK	 
ACTION	Individual Registration Page 1	20	Hit Individual Registration Page 1	1446840714250	1446840714251	1446840714307	1446840714311	OK	 
ACTION	Individual Registration Page 1	20	Hit Individual Registration Page 1	1446840714313	1446840714314	1446840714373	1446840714376	OK	 
ACTION	Individual Registration Page 1	20	Hit Individual Registration Page 1	1446840714379	1446840714380	1446840714434	1446840714438	OK	 
ACTION	Individual Registration Page 1	20	Hit Individual Registration Page 1	1446840714441	1446840714442	1446840714503	1446840714506	OK	 
ACTION	Individual Registration Page 1	20	Hit Individual Registration Page 1	1446840714509	1446840714510	1446840714564	1446840714610	OK	 
ACTION	Individual Registration Page 1	20	Hit Individual Registration Page 1	1446840714612	1446840714613	1446840714678	1446840714681	OK	 
ACTION	Individual Registration Page 1	20	Hit Individual Registration Page 1	1446840714684	1446840714685	1446840714740	1446840714744	OK	 
SCENARIO	Individual Registration Page 1	20	END	1446840714745
ACTION	Join or Form a Team Page with TR Dropdown	54	Hit Join or Form a Team Page with TR Dropdown	1446840704918	1446840704919	1446840716405	1446840716451	OK	 
ACTION	Join or Form a Team Page with TR Dropdown	57	Hit Join or Form a Team Page with TR Dropdown	1446840704791	1446840704792	1446840717033	1446840717077	OK	 
ACTION	Join or Form a Team Page with TR Dropdown	52	Hit Join or Form a Team Page with TR Dropdown	1446840705162	1446840705163	1446840717479	1446840717533	OK	 
ACTION	Join or Form a Team Page with TR Dropdown	58	Hit Join or Form a Team Page with TR Dropdown	1446840709504	1446840709505	1446840720534	1446840720581	OK	 
ACTION	Join or Form a Team Page with TR Dropdown	55	Hit Join or Form a Team Page with TR Dropdown	1446840709902	1446840709903	1446840720599	1446840720655	OK	 
ACTION	Join or Form a Team Page with TR Dropdown	59	Hit Join or Form a Team Page with TR Dropdown	1446840711751	1446840711752	1446840722466	1446840722516	OK	 
ACTION	Join or Form a Team Page with TR Dropdown	53	Hit Join or Form a Team Page with TR Dropdown	1446840711993	1446840711994	1446840722657	1446840722707	OK	 
ACTION	Join or Form a Team Page with TR Dropdown	51	Hit Join or Form a Team Page with TR Dropdown	1446840713105	1446840713106	1446840723872	1446840723960	OK	 
ACTION	Join or Form a Team Page with TR Dropdown	56	Hit Join or Form a Team Page with TR Dropdown	1446840713871	1446840713871	1446840724141	1446840724187	OK	 
ACTION	Join or Form a Team Page with TR Dropdown	60	Hit Join or Form a Team Page with TR Dropdown	1446840713864	1446840713865	1446840724636	1446840724686	OK	 
ACTION	Join or Form a Team Page with TR Dropdown	54	Hit Join or Form a Team Page with TR Dropdown	1446840716452	1446840716453	1446840727203	1446840727249	OK	 
ACTION	Join or Form a Team Page with TR Dropdown	57	Hit Join or Form a Team Page with TR Dropdown	1446840717079	1446840717080	1446840727621	1446840727675	OK	 
ACTION	Join or Form a Team Page with TR Dropdown	52	Hit Join or Form a Team Page with TR Dropdown	1446840717535	1446840717535	1446840728174	1446840728221	OK	 
ACTION	Join or Form a Team Page with TR Dropdown	55	Hit Join or Form a Team Page with TR Dropdown	1446840720657	1446840720657	1446840730952	1446840731003	OK	 
ACTION	Join or Form a Team Page with TR Dropdown	58	Hit Join or Form a Team Page with TR Dropdown	1446840720583	1446840720584	1446840732073	1446840732369	OK	 
ACTION	Join or Form a Team Page with TR Dropdown	59	Hit Join or Form a Team Page with TR Dropdown	1446840722519	1446840722520	1446840733038	1446840733085	OK	 
ACTION	Join or Form a Team Page with TR Dropdown	53	Hit Join or Form a Team Page with TR Dropdown	1446840722709	1446840722710	1446840732880	1446840733104	OK	 
ACTION	Join or Form a Team Page with TR Dropdown	51	Hit Join or Form a Team Page with TR Dropdown	1446840723962	1446840723963	1446840734338	1446840734384	OK	 
ACTION	Join or Form a Team Page with TR Dropdown	56	Hit Join or Form a Team Page with TR Dropdown	1446840724189	1446840724190	1446840734773	1446840734832	OK	 
ACTION	Join or Form a Team Page with TR Dropdown	60	Hit Join or Form a Team Page with TR Dropdown	1446840724688	1446840724689	1446840734844	1446840734893	OK	 
ACTION	Join or Form a Team Page with TR Dropdown	54	Hit Join or Form a Team Page with TR Dropdown	1446840727251	1446840727252	1446840737444	1446840737499	OK	 
ACTION	Join or Form a Team Page with TR Dropdown	52	Hit Join or Form a Team Page with TR Dropdown	1446840728222	1446840728223	1446840738302	1446840738348	OK	 
ACTION	Join or Form a Team Page with TR Dropdown	57	Hit Join or Form a Team Page with TR Dropdown	1446840727677	1446840727678	1446840738082	1446840738548	OK	 
ACTION	Join or Form a Team Page with TR Dropdown	55	Hit Join or Form a Team Page with TR Dropdown	1446840731006	1446840731007	1446840741350	1446840741420	OK	 
ACTION	Join or Form a Team Page with TR Dropdown	58	Hit Join or Form a Team Page with TR Dropdown	1446840732372	1446840732373	1446840743581	1446840743755	OK	 
ACTION	Join or Form a Team Page with TR Dropdown	59	Hit Join or Form a Team Page with TR Dropdown	1446840733087	1446840733088	1446840744311	1446840744357	OK	 
ACTION	Join or Form a Team Page with TR Dropdown	53	Hit Join or Form a Team Page with TR Dropdown	1446840733105	1446840733105	1446840744014	1446840744538	OK	 
ACTION	Join or Form a Team Page with TR Dropdown	51	Hit Join or Form a Team Page with TR Dropdown	1446840734387	1446840734388	1446840745087	1446840745132	OK	 
ACTION	Join or Form a Team Page with TR Dropdown	60	Hit Join or Form a Team Page with TR Dropdown	1446840734895	1446840734896	1446840746445	1446840746497	OK	 
ACTION	Join or Form a Team Page with TR Dropdown	56	Hit Join or Form a Team Page with TR Dropdown	1446840734834	1446840734835	1446840746617	1446840746661	OK	 
ACTION	Join or Form a Team Page with TR Dropdown	52	Hit Join or Form a Team Page with TR Dropdown	1446840738350	1446840738351	1446840750491	1446840750541	OK	 
ACTION	Join or Form a Team Page with TR Dropdown	57	Hit Join or Form a Team Page with TR Dropdown	1446840738551	1446840738552	1446840750588	1446840750712	OK	 
ACTION	Join or Form a Team Page with TR Dropdown	54	Hit Join or Form a Team Page with TR Dropdown	1446840737500	1446840737500	1446840750606	1446840750744	OK	 
ACTION	Join or Form a Team Page with TR Dropdown	55	Hit Join or Form a Team Page with TR Dropdown	1446840741422	1446840741423	1446840753341	1446840753401	OK	 
ACTION	Join or Form a Team Page with TR Dropdown	58	Hit Join or Form a Team Page with TR Dropdown	1446840743757	1446840743758	1446840755278	1446840755707	OK	 
ACTION	Join or Form a Team Page with TR Dropdown	59	Hit Join or Form a Team Page with TR Dropdown	1446840744359	1446840744360	1446840755751	1446840755798	OK	 
ACTION	Join or Form a Team Page with TR Dropdown	51	Hit Join or Form a Team Page with TR Dropdown	1446840745133	1446840745134	1446840756251	1446840756309	OK	 
ACTION	Join or Form a Team Page with TR Dropdown	53	Hit Join or Form a Team Page with TR Dropdown	1446840744539	1446840744540	1446840756289	1446840756381	OK	 
ACTION	Join or Form a Team Page with TR Dropdown	60	Hit Join or Form a Team Page with TR Dropdown	1446840746498	1446840746498	1446840757600	1446840757646	OK	 
ACTION	Join or Form a Team Page with TR Dropdown	56	Hit Join or Form a Team Page with TR Dropdown	1446840746663	1446840746664	1446840757650	1446840757695	OK	 
ACTION	Join or Form a Team Page with TR Dropdown	52	Hit Join or Form a Team Page with TR Dropdown	1446840750543	1446840750544	1446840760829	1446840760879	OK	 
ACTION	Join or Form a Team Page with TR Dropdown	57	Hit Join or Form a Team Page with TR Dropdown	1446840750713	1446840750714	1446840761283	1446840761335	OK	 
ACTION	Join or Form a Team Page with TR Dropdown	54	Hit Join or Form a Team Page with TR Dropdown	1446840750745	1446840750746	1446840761484	1446840761695	OK	 
ACTION	Join or Form a Team Page with TR Dropdown	55	Hit Join or Form a Team Page with TR Dropdown	1446840753403	1446840753404	1446840763849	1446840763897	OK	 
ACTION	Join or Form a Team Page with TR Dropdown	58	Hit Join or Form a Team Page with TR Dropdown	1446840755710	1446840755711	1446840766048	1446840766225	OK	 
ACTION	Join or Form a Team Page with TR Dropdown	59	Hit Join or Form a Team Page with TR Dropdown	1446840755800	1446840755800	1446840766344	1446840766389	OK	 
ACTION	Join or Form a Team Page with TR Dropdown	51	Hit Join or Form a Team Page with TR Dropdown	1446840756311	1446840756311	1446840766579	1446840766627	OK	 
ACTION	Join or Form a Team Page with TR Dropdown	53	Hit Join or Form a Team Page with TR Dropdown	1446840756384	1446840756385	1446840766804	1446840766852	OK	 
ACTION	Join or Form a Team Page with TR Dropdown	60	Hit Join or Form a Team Page with TR Dropdown	1446840757648	1446840757649	1446840768102	1446840768176	OK	 
ACTION	Join or Form a Team Page with TR Dropdown	56	Hit Join or Form a Team Page with TR Dropdown	1446840757698	1446840757699	1446840768175	1446840768225	OK	 
ACTION	Join or Form a Team Page with TR Dropdown	52	Hit Join or Form a Team Page with TR Dropdown	1446840760882	1446840760882	1446840771224	1446840771271	OK	 
ACTION	Join or Form a Team Page with TR Dropdown	57	Hit Join or Form a Team Page with TR Dropdown	1446840761338	1446840761339	1446840771476	1446840771530	OK	 
ACTION	Join or Form a Team Page with TR Dropdown	54	Hit Join or Form a Team Page with TR Dropdown	1446840761697	1446840761698	1446840772004	1446840772133	OK	 
ACTION	Join or Form a Team Page with TR Dropdown	55	Hit Join or Form a Team Page with TR Dropdown	1446840763900	1446840763901	1446840774439	1446840774484	OK	 
ACTION	Join or Form a Team Page with TR Dropdown	58	Hit Join or Form a Team Page with TR Dropdown	1446840766228	1446840766229	1446840776621	1446840776708	OK	 
ACTION	Join or Form a Team Page with TR Dropdown	51	Hit Join or Form a Team Page with TR Dropdown	1446840766629	1446840766630	1446840776857	1446840776913	OK	 
SCENARIO	Join or Form a Team Page with TR Dropdown	51	END	1446840776915
ACTION	Join or Form a Team Page with TR Dropdown	59	Hit Join or Form a Team Page with TR Dropdown	1446840766391	1446840766392	1446840777251	1446840777313	OK	 
ACTION	Join or Form a Team Page with TR Dropdown	53	Hit Join or Form a Team Page with TR Dropdown	1446840766855	1446840766856	1446840777327	1446840777373	OK	 
ACTION	Join or Form a Team Page with TR Dropdown	56	Hit Join or Form a Team Page with TR Dropdown	1446840768228	1446840768229	1446840778642	1446840778687	OK	 
ACTION	Join or Form a Team Page with TR Dropdown	60	Hit Join or Form a Team Page with TR Dropdown	1446840768178	1446840768179	1446840778669	1446840778726	OK	 
ACTION	Join or Form a Team Page with TR Dropdown	57	Hit Join or Form a Team Page with TR Dropdown	1446840771531	1446840771531	1446840781203	1446840781248	OK	 
ACTION	Join or Form a Team Page with TR Dropdown	52	Hit Join or Form a Team Page with TR Dropdown	1446840771272	1446840771273	1446840781431	1446840781476	OK	 
SCENARIO	Join or Form a Team Page with TR Dropdown	52	END	1446840781477
ACTION	Join or Form a Team Page with TR Dropdown	54	Hit Join or Form a Team Page with TR Dropdown	1446840772134	1446840772135	1446840781963	1446840782108	OK	 
ACTION	Join or Form a Team Page with TR Dropdown	55	Hit Join or Form a Team Page with TR Dropdown	1446840774485	1446840774486	1446840783802	1446840783848	OK	 
ACTION	Join or Form a Team Page with TR Dropdown	58	Hit Join or Form a Team Page with TR Dropdown	1446840776711	1446840776712	1446840785817	1446840785862	OK	 
ACTION	Join or Form a Team Page with TR Dropdown	59	Hit Join or Form a Team Page with TR Dropdown	1446840777315	1446840777316	1446840786225	1446840786285	OK	 
ACTION	Join or Form a Team Page with TR Dropdown	53	Hit Join or Form a Team Page with TR Dropdown	1446840777374	1446840777375	1446840786253	1446840786298	OK	 
SCENARIO	Join or Form a Team Page with TR Dropdown	53	END	1446840786299
ACTION	Join or Form a Team Page with TR Dropdown	60	Hit Join or Form a Team Page with TR Dropdown	1446840778729	1446840778730	1446840787441	1446840787489	OK	 
ACTION	Join or Form a Team Page with TR Dropdown	56	Hit Join or Form a Team Page with TR Dropdown	1446840778689	1446840778690	1446840787683	1446840787732	OK	 
ACTION	Join or Form a Team Page with TR Dropdown	57	Hit Join or Form a Team Page with TR Dropdown	1446840781250	1446840781251	1446840789453	1446840789497	OK	 
ACTION	Join or Form a Team Page with TR Dropdown	54	Hit Join or Form a Team Page with TR Dropdown	1446840782110	1446840782111	1446840790799	1446840790928	OK	 
SCENARIO	Join or Form a Team Page with TR Dropdown	54	END	1446840790929
ACTION	Join or Form a Team Page with TR Dropdown	55	Hit Join or Form a Team Page with TR Dropdown	1446840783851	1446840783852	1446840792107	1446840792153	OK	 
SCENARIO	Join or Form a Team Page with TR Dropdown	55	END	1446840792155
ACTION	Join or Form a Team Page with TR Dropdown	58	Hit Join or Form a Team Page with TR Dropdown	1446840785864	1446840785865	1446840793900	1446840793945	OK	 
ACTION	Join or Form a Team Page with TR Dropdown	59	Hit Join or Form a Team Page with TR Dropdown	1446840786287	1446840786289	1446840794279	1446840794390	OK	 
ACTION	Join or Form a Team Page with TR Dropdown	60	Hit Join or Form a Team Page with TR Dropdown	1446840787491	1446840787492	1446840795119	1446840795165	OK	 
ACTION	Join or Form a Team Page with TR Dropdown	56	Hit Join or Form a Team Page with TR Dropdown	1446840787733	1446840787734	1446840795261	1446840795370	OK	 
SCENARIO	Join or Form a Team Page with TR Dropdown	56	END	1446840795372
ACTION	Join or Form a Team Page with TR Dropdown	57	Hit Join or Form a Team Page with TR Dropdown	1446840789499	1446840789500	1446840796926	1446840796973	OK	 
SCENARIO	Join or Form a Team Page with TR Dropdown	57	END	1446840796973
ACTION	Join or Form a Team Page with TR Dropdown	58	Hit Join or Form a Team Page with TR Dropdown	1446840793947	1446840793947	1446840800482	1446840800526	OK	 
SCENARIO	Join or Form a Team Page with TR Dropdown	58	END	1446840800528
ACTION	Join or Form a Team Page with TR Dropdown	59	Hit Join or Form a Team Page with TR Dropdown	1446840794392	1446840794393	1446840800843	1446840800902	OK	 
SCENARIO	Join or Form a Team Page with TR Dropdown	59	END	1446840800903
ACTION	Join or Form a Team Page with TR Dropdown	60	Hit Join or Form a Team Page with TR Dropdown	1446840795167	1446840795168	1446840801405	1446840801450	OK	 
SCENARIO	Join or Form a Team Page with TR Dropdown	60	END	1446840801451
