RUN	20151103151705	basicexamplesimulation	basicexamplesimulation
SCENARIO	Get User Details	1	START	1446585426040
ACTION	Get User Details	1	Hit Registration Page with TR Dropdown	1446585426456	1446585426878	1446585426929	1446585426930	OK	 
ACTION	Get User Details	1	Hit Registration Page with TR Dropdown Redirect 1	1446585426939	1446585426940	1446585427052	1446585427103	OK	 
SCENARIO	Get User Details	1	END	1446585427125
SCENARIO	Get User Details	2	START	1446585429339
ACTION	Get User Details	2	Hit Registration Page with TR Dropdown	1446585429340	1446585429580	1446585429631	1446585429631	OK	 
ACTION	Get User Details	2	Hit Registration Page with TR Dropdown Redirect 1	1446585429631	1446585429632	1446585429702	1446585429749	OK	 
SCENARIO	Get User Details	2	END	1446585429749
SCENARIO	Get User Details	3	START	1446585432740
ACTION	Get User Details	3	Hit Registration Page with TR Dropdown	1446585432742	1446585433163	1446585433218	1446585433218	OK	 
ACTION	Get User Details	3	Hit Registration Page with TR Dropdown Redirect 1	1446585433220	1446585433224	1446585433295	1446585433341	OK	 
SCENARIO	Get User Details	3	END	1446585433342
SCENARIO	Get User Details	4	START	1446585436040
ACTION	Get User Details	4	Hit Registration Page with TR Dropdown	1446585436042	1446585436291	1446585436342	1446585436342	OK	 
ACTION	Get User Details	4	Hit Registration Page with TR Dropdown Redirect 1	1446585436342	1446585436344	1446585436411	1446585439228	OK	 
SCENARIO	Get User Details	4	END	1446585439229
SCENARIO	Get User Details	5	START	1446585439340
ACTION	Get User Details	5	Hit Registration Page with TR Dropdown	1446585439341	1446585439579	1446585439631	1446585439631	OK	 
ACTION	Get User Details	5	Hit Registration Page with TR Dropdown Redirect 1	1446585439633	1446585439637	1446585440378	1446585440423	OK	 
SCENARIO	Get User Details	5	END	1446585440424
SCENARIO	Get User Details	6	START	1446585442740
ACTION	Get User Details	6	Hit Registration Page with TR Dropdown	1446585442742	1446585443006	1446585443055	1446585443055	OK	 
ACTION	Get User Details	6	Hit Registration Page with TR Dropdown Redirect 1	1446585443055	1446585443056	1446585443120	1446585443166	OK	 
SCENARIO	Get User Details	6	END	1446585443167
SCENARIO	Get User Details	7	START	1446585446040
ACTION	Get User Details	7	Hit Registration Page with TR Dropdown	1446585446042	1446585446283	1446585446332	1446585446332	OK	 
ACTION	Get User Details	7	Hit Registration Page with TR Dropdown Redirect 1	1446585446334	1446585446337	1446585446397	1446585446442	OK	 
SCENARIO	Get User Details	7	END	1446585446443
SCENARIO	Get User Details	8	START	1446585449339
ACTION	Get User Details	8	Hit Registration Page with TR Dropdown	1446585449341	1446585449587	1446585449637	1446585449637	OK	 
ACTION	Get User Details	8	Hit Registration Page with TR Dropdown Redirect 1	1446585449639	1446585449643	1446585449710	1446585449756	OK	 
SCENARIO	Get User Details	8	END	1446585449758
SCENARIO	Get User Details	9	START	1446585452740
ACTION	Get User Details	9	Hit Registration Page with TR Dropdown	1446585452742	1446585453183	1446585453234	1446585453234	OK	 
ACTION	Get User Details	9	Hit Registration Page with TR Dropdown Redirect 1	1446585453236	1446585453241	1446585453308	1446585453358	OK	 
SCENARIO	Get User Details	9	END	1446585453359
SCENARIO	Get User Details	10	START	1446585456039
ACTION	Get User Details	10	Hit Registration Page with TR Dropdown	1446585456041	1446585456288	1446585456339	1446585456339	OK	 
ACTION	Get User Details	10	Hit Registration Page with TR Dropdown Redirect 1	1446585456341	1446585456344	1446585456409	1446585456456	OK	 
SCENARIO	Get User Details	10	END	1446585456458
